<testsuites id="" name="" tests="11" failures="0" skipped="0" errors="0" time="144.21851">
<testsuite name="accessibility.spec.ts" timestamp="2025-11-09T11:27:48.906Z" hostname="firefox" tests="3" failures="0" skipped="0" time="44.412" errors="0">
<testcase name="Accessibility Smoke › Homepage passes axe core checks" classname="accessibility.spec.ts" time="18.377">
</testcase>
<testcase name="Accessibility Smoke › Booking page passes axe core checks" classname="accessibility.spec.ts" time="15.175">
</testcase>
<testcase name="Accessibility Smoke › Contact page passes axe core checks" classname="accessibility.spec.ts" time="10.86">
</testcase>
</testsuite>
<testsuite name="booking-flow.spec.ts" timestamp="2025-11-09T11:27:48.906Z" hostname="firefox" tests="3" failures="0" skipped="0" time="24.833" errors="0">
<testcase name="Booking &amp; Ordering Smoke Tests › rooms page surfaces available room cards" classname="booking-flow.spec.ts" time="11.072">
</testcase>
<testcase name="Booking &amp; Ordering Smoke Tests › booking page exposes search form controls" classname="booking-flow.spec.ts" time="4.841">
</testcase>
<testcase name="Booking &amp; Ordering Smoke Tests › restaurant ordering filters render with accessible state" classname="booking-flow.spec.ts" time="8.92">
</testcase>
</testsuite>
<testsuite name="guest-booking.spec.ts" timestamp="2025-11-09T11:27:48.906Z" hostname="firefox" tests="3" failures="0" skipped="0" time="20.88" errors="0">
<testcase name="Guest Journeys › allows navigation from the homepage to rooms and booking pages" classname="guest-booking.spec.ts" time="7.823">
</testcase>
<testcase name="Guest Journeys › submits the contact form successfully" classname="guest-booking.spec.ts" time="6.529">
</testcase>
<testcase name="Guest Journeys › mobile navigation menu toggles correctly" classname="guest-booking.spec.ts" time="6.528">
</testcase>
</testsuite>
<testsuite name="user-journey.spec.ts" timestamp="2025-11-09T11:27:48.906Z" hostname="firefox" tests="2" failures="0" skipped="0" time="22.434" errors="0">
<testcase name="Authenticated Journeys › admin dashboard renders with analytics summary" classname="user-journey.spec.ts" time="11.4">
</testcase>
<testcase name="Authenticated Journeys › my bookings page lists bookings for authenticated users" classname="user-journey.spec.ts" time="11.034">
</testcase>
</testsuite>
</testsuites>