<testsuites id="" name="" tests="35" failures="28" skipped="0" errors="0" time="627.355096">
<testsuite name="accessibility.spec.ts" timestamp="2025-10-28T21:16:54.206Z" hostname="chromium" tests="7" failures="4" skipped="0" time="211.407" errors="0">
<testcase name="Accessibility Tests › Homepage should be accessible" classname="accessibility.spec.ts" time="56.812">
<failure message="accessibility.spec.ts:5:7 Homepage should be accessible" type="FAILURE">
<![CDATA[  [chromium] › accessibility.spec.ts:5:7 › Accessibility Tests › Homepage should be accessible ─────

    Test timeout of 30000ms exceeded.

    Error: frame.evaluate: Test timeout of 30000ms exceeded.

       7 |     
       8 |     // Check for basic accessibility issues
    >  9 |     const accessibilityScanResults = await new AxeBuilder({ page }).analyze();
         |                                      ^
      10 |     
      11 |     expect(accessibilityScanResults.violations).toEqual([]);
      12 |   });
        at AxeBuilder.runPartialRecursive (/Users/asithalakmal/Documents/web/SmartHotel/node_modules/@axe-core/playwright/dist/index.js:318:34)
        at AxeBuilder.analyze (/Users/asithalakmal/Documents/web/SmartHotel/node_modules/@axe-core/playwright/dist/index.js:245:28)
        at /Users/asithalakmal/Documents/web/SmartHotel/tests/e2e/accessibility.spec.ts:9:38

    attachment #1: video (video/webm) ──────────────────────────────────────────────────────────────
    ../../test-results/accessibility-Accessibilit-1c1c4-mepage-should-be-accessible-chromium/video.webm
    ────────────────────────────────────────────────────────────────────────────────────────────────

    Error Context: ../../test-results/accessibility-Accessibilit-1c1c4-mepage-should-be-accessible-chromium/error-context.md
]]>
</failure>
<system-out>
<![CDATA[
[[ATTACHMENT|accessibility-Accessibilit-1c1c4-mepage-should-be-accessible-chromium/video.webm]]

[[ATTACHMENT|accessibility-Accessibilit-1c1c4-mepage-should-be-accessible-chromium/error-context.md]]
]]>
</system-out>
</testcase>
<testcase name="Accessibility Tests › Booking page should be accessible" classname="accessibility.spec.ts" time="55.162">
<failure message="accessibility.spec.ts:14:7 Booking page should be accessible" type="FAILURE">
<![CDATA[  [chromium] › accessibility.spec.ts:14:7 › Accessibility Tests › Booking page should be accessible 

    Test timeout of 30000ms exceeded.

    Error: page.evaluate: Target page, context or browser has been closed
     Please check out https://github.com/dequelabs/axe-core-npm/blob/develop/packages/playwright/error-handling.md

      15 |     await page.goto('/booking');
      16 |     
    > 17 |     const accessibilityScanResults = await new AxeBuilder({ page }).analyze();
         |                                      ^
      18 |     
      19 |     expect(accessibilityScanResults.violations).toEqual([]);
      20 |   });
        at AxeBuilder.analyze (/Users/asithalakmal/Documents/web/SmartHotel/node_modules/@axe-core/playwright/dist/index.js:253:13)
        at /Users/asithalakmal/Documents/web/SmartHotel/tests/e2e/accessibility.spec.ts:17:38

    attachment #1: screenshot (image/png) ──────────────────────────────────────────────────────────
    ../../test-results/accessibility-Accessibilit-fc392-g-page-should-be-accessible-chromium/test-failed-1.png
    ────────────────────────────────────────────────────────────────────────────────────────────────

    attachment #2: video (video/webm) ──────────────────────────────────────────────────────────────
    ../../test-results/accessibility-Accessibilit-fc392-g-page-should-be-accessible-chromium/video-1.webm
    ────────────────────────────────────────────────────────────────────────────────────────────────

    attachment #3: video (video/webm) ──────────────────────────────────────────────────────────────
    ../../test-results/accessibility-Accessibilit-fc392-g-page-should-be-accessible-chromium/video.webm
    ────────────────────────────────────────────────────────────────────────────────────────────────

    Error Context: ../../test-results/accessibility-Accessibilit-fc392-g-page-should-be-accessible-chromium/error-context.md
]]>
</failure>
<system-out>
<![CDATA[
[[ATTACHMENT|accessibility-Accessibilit-fc392-g-page-should-be-accessible-chromium/test-failed-1.png]]

[[ATTACHMENT|accessibility-Accessibilit-fc392-g-page-should-be-accessible-chromium/video-1.webm]]

[[ATTACHMENT|accessibility-Accessibilit-fc392-g-page-should-be-accessible-chromium/video.webm]]

[[ATTACHMENT|accessibility-Accessibilit-fc392-g-page-should-be-accessible-chromium/error-context.md]]
]]>
</system-out>
</testcase>
<testcase name="Accessibility Tests › Contact page should be accessible" classname="accessibility.spec.ts" time="36.06">
<failure message="accessibility.spec.ts:22:7 Contact page should be accessible" type="FAILURE">
<![CDATA[  [chromium] › accessibility.spec.ts:22:7 › Accessibility Tests › Contact page should be accessible 

    Test timeout of 30000ms exceeded.

    Error: browserContext.newPage: Test timeout of 30000ms exceeded.
     Please check out https://github.com/dequelabs/axe-core-npm/blob/develop/packages/playwright/error-handling.md

      23 |     await page.goto('/contact');
      24 |     
    > 25 |     const accessibilityScanResults = await new AxeBuilder({ page }).analyze();
         |                                      ^
      26 |     
      27 |     expect(accessibilityScanResults.violations).toEqual([]);
      28 |   });
        at AxeBuilder.analyze (/Users/asithalakmal/Documents/web/SmartHotel/node_modules/@axe-core/playwright/dist/index.js:253:13)
        at /Users/asithalakmal/Documents/web/SmartHotel/tests/e2e/accessibility.spec.ts:25:38

    attachment #1: screenshot (image/png) ──────────────────────────────────────────────────────────
    ../../test-results/accessibility-Accessibilit-b4625-t-page-should-be-accessible-chromium/test-failed-1.png
    ────────────────────────────────────────────────────────────────────────────────────────────────

    attachment #2: video (video/webm) ──────────────────────────────────────────────────────────────
    ../../test-results/accessibility-Accessibilit-b4625-t-page-should-be-accessible-chromium/video.webm
    ────────────────────────────────────────────────────────────────────────────────────────────────

    Error Context: ../../test-results/accessibility-Accessibilit-b4625-t-page-should-be-accessible-chromium/error-context.md
]]>
</failure>
<system-out>
<![CDATA[
[[ATTACHMENT|accessibility-Accessibilit-b4625-t-page-should-be-accessible-chromium/test-failed-1.png]]

[[ATTACHMENT|accessibility-Accessibilit-b4625-t-page-should-be-accessible-chromium/video.webm]]

[[ATTACHMENT|accessibility-Accessibilit-b4625-t-page-should-be-accessible-chromium/error-context.md]]
]]>
</system-out>
</testcase>
<testcase name="Accessibility Tests › Navigation should be keyboard accessible" classname="accessibility.spec.ts" time="32.952">
</testcase>
<testcase name="Accessibility Tests › Forms should have proper labels" classname="accessibility.spec.ts" time="7.126">
</testcase>
<testcase name="Accessibility Tests › Images should have alt text" classname="accessibility.spec.ts" time="8.074">
</testcase>
<testcase name="Accessibility Tests › Color contrast should meet WCAG standards" classname="accessibility.spec.ts" time="15.221">
<failure message="accessibility.spec.ts:67:7 Color contrast should meet WCAG standards" type="FAILURE">
<![CDATA[  [chromium] › accessibility.spec.ts:67:7 › Accessibility Tests › Color contrast should meet WCAG standards 

    Error: expect(received).toEqual(expected) // deep equality

    - Expected  -   1
    + Received  + 800

    - Array []
    + Array [
    +   Object {
    +     "description": "Ensure the contrast between foreground and background colors meets WCAG 2 AA minimum contrast ratio thresholds",
    +     "help": "Elements must meet minimum color contrast ratio thresholds",
    +     "helpUrl": "https://dequeuniversity.com/rules/axe/4.10/color-contrast?application=playwright",
    +     "id": "color-contrast",
    +     "impact": "serious",
    +     "nodes": Array [
    +       Object {
    +         "all": Array [],
    +         "any": Array [
    +           Object {
    +             "data": Object {
    +               "bgColor": "#d97706",
    +               "contrastRatio": 3.18,
    +               "expectedContrastRatio": "4.5:1",
    +               "fgColor": "#ffffff",
    +               "fontSize": "10.5pt (14px)",
    +               "fontWeight": "normal",
    +               "messageKey": null,
    +             },
    +             "id": "color-contrast",
    +             "impact": "serious",
    +             "message": "Element has insufficient color contrast of 3.18 (foreground color: #ffffff, background color: #d97706, font size: 10.5pt (14px), font weight: normal). Expected contrast ratio of 4.5:1",
    +             "relatedNodes": Array [
    +               Object {
    +                 "html": "<div class=\"bg-amber-600 text-white py-2\">",
    +                 "target": Array [
    +                   "body > .py-2.bg-amber-600.text-white",
    +                 ],
    +               },
    +             ],
    +           },
    +         ],
    +         "failureSummary": "Fix any of the following:
    +   Element has insufficient color contrast of 3.18 (foreground color: #ffffff, background color: #d97706, font size: 10.5pt (14px), font weight: normal). Expected contrast ratio of 4.5:1",
    +         "html": "<span>+1 (212) 555-0123</span>",
    +         "impact": "serious",
    +         "none": Array [],
    +         "target": Array [
    +           ".gap-2.items-center.flex:nth-child(1) > span",
    +         ],
    +       },
    +       Object {
    +         "all": Array [],
    +         "any": Array [
    +           Object {
    +             "data": Object {
    +               "bgColor": "#d97706",
    +               "contrastRatio": 3.18,
    +               "expectedContrastRatio": "4.5:1",
    +               "fgColor": "#ffffff",
    +               "fontSize": "10.5pt (14px)",
    +               "fontWeight": "normal",
    +               "messageKey": null,
    +             },
    +             "id": "color-contrast",
    +             "impact": "serious",
    +             "message": "Element has insufficient color contrast of 3.18 (foreground color: #ffffff, background color: #d97706, font size: 10.5pt (14px), font weight: normal). Expected contrast ratio of 4.5:1",
    +             "relatedNodes": Array [
    +               Object {
    +                 "html": "<div class=\"bg-amber-600 text-white py-2\">",
    +                 "target": Array [
    +                   "body > .py-2.bg-amber-600.text-white",
    +                 ],
    +               },
    +             ],
    +           },
    +         ],
    +         "failureSummary": "Fix any of the following:
    +   Element has insufficient color contrast of 3.18 (foreground color: #ffffff, background color: #d97706, font size: 10.5pt (14px), font weight: normal). Expected contrast ratio of 4.5:1",
    +         "html": "<span>reservations@grandpalacehotel.com</span>",
    +         "impact": "serious",
    +         "none": Array [],
    +         "target": Array [
    +           ".sm\\:mb-0 > .gap-2.items-center.flex:nth-child(2) > span",
    +         ],
    +       },
    +       Object {
    +         "all": Array [],
    +         "any": Array [
    +           Object {
    +             "data": Object {
    +               "bgColor": "#d97706",
    +               "contrastRatio": 3.18,
    +               "expectedContrastRatio": "4.5:1",
    +               "fgColor": "#ffffff",
    +               "fontSize": "10.5pt (14px)",
    +               "fontWeight": "normal",
    +               "messageKey": null,
    +             },
    +             "id": "color-contrast",
    +             "impact": "serious",
    +             "message": "Element has insufficient color contrast of 3.18 (foreground color: #ffffff, background color: #d97706, font size: 10.5pt (14px), font weight: normal). Expected contrast ratio of 4.5:1",
    +             "relatedNodes": Array [
    +               Object {
    +                 "html": "<div class=\"bg-amber-600 text-white py-2\">",
    +                 "target": Array [
    +                   "body > .py-2.bg-amber-600.text-white",
    +                 ],
    +               },
    +             ],
    +           },
    +         ],
    +         "failureSummary": "Fix any of the following:
    +   Element has insufficient color contrast of 3.18 (foreground color: #ffffff, background color: #d97706, font size: 10.5pt (14px), font weight: normal). Expected contrast ratio of 4.5:1",
    +         "html": "<span>1235 Park Avenue, New York, NY 10029</span>",
    +         "impact": "serious",
    +         "none": Array [],
    +         "target": Array [
    +           ".sm\\:flex-row.flex-col.justify-between > .gap-2.items-center.flex > span",
    +         ],
    +       },
    +       Object {
    +         "all": Array [],
    +         "any": Array [
    +           Object {
    +             "data": Object {
    +               "bgColor": "#d97706",
    +               "contrastRatio": 3.18,
    +               "expectedContrastRatio": "4.5:1",
    +               "fgColor": "#ffffff",
    +               "fontSize": "12.0pt (16px)",
    +               "fontWeight": "normal",
    +               "messageKey": null,
    +             },
    +             "id": "color-contrast",
    +             "impact": "serious",
    +             "message": "Element has insufficient color contrast of 3.18 (foreground color: #ffffff, background color: #d97706, font size: 12.0pt (16px), font weight: normal). Expected contrast ratio of 4.5:1",
    +             "relatedNodes": Array [
    +               Object {
    +                 "html": "<a class=\"bg-amber-600 hover:bg-amber-700 text-white px-6 py-2 rounded-lg font-medium transition-colors\" href=\"/booking\">Book Now</a>",
    +                 "target": Array [
    +                   ".px-6",
    +                 ],
    +               },
    +             ],
    +           },
    +         ],
    +         "failureSummary": "Fix any of the following:
    +   Element has insufficient color contrast of 3.18 (foreground color: #ffffff, background color: #d97706, font size: 12.0pt (16px), font weight: normal). Expected contrast ratio of 4.5:1",
    +         "html": "<a class=\"bg-amber-600 hover:bg-amber-700 text-white px-6 py-2 rounded-lg font-medium transition-colors\" href=\"/booking\">Book Now</a>",
    +         "impact": "serious",
    +         "none": Array [],
    +         "target": Array [
    +           ".px-6",
    +         ],
    +       },
    +       Object {
    +         "all": Array [],
    +         "any": Array [
    +           Object {
    +             "data": Object {
    +               "bgColor": "#d97706",
    +               "contrastRatio": 3.18,
    +               "expectedContrastRatio": "4.5:1",
    +               "fgColor": "#ffffff",
    +               "fontSize": "13.5pt (18px)",
    +               "fontWeight": "normal",
    +               "messageKey": null,
    +             },
    +             "id": "color-contrast",
    +             "impact": "serious",
    +             "message": "Element has insufficient color contrast of 3.18 (foreground color: #ffffff, background color: #d97706, font size: 13.5pt (18px), font weight: normal). Expected contrast ratio of 4.5:1",
    +             "relatedNodes": Array [
    +               Object {
    +                 "html": "<button class=\"inline-flex items-center justify-center transition-colors focus-visible:outline-none focus-visible:ring-2 focus-visible:ring-ring focus-visible:ring-offset-2 disabled:opacity-50 disabled:pointer-events-none ring-offset-background h-11 rounded-md bg-amber-600 hover:bg-amber-700 text-white px-8 py-4 text-lg font-semibold\">",
    +                 "target": Array [
    +                   "a[href$=\"booking\"] > .h-11.focus-visible\\:outline-none.focus-visible\\:ring-2",
    +                 ],
    +               },
    +             ],
    +           },
    +         ],
    +         "failureSummary": "Fix any of the following:
    +   Element has insufficient color contrast of 3.18 (foreground color: #ffffff, background color: #d97706, font size: 13.5pt (18px), font weight: normal). Expected contrast ratio of 4.5:1",
    +         "html": "<button class=\"inline-flex items-center justify-center transition-colors focus-visible:outline-none focus-visible:ring-2 focus-visible:ring-ring focus-visible:ring-offset-2 disabled:opacity-50 disabled:pointer-events-none ring-offset-background h-11 rounded-md bg-amber-600 hover:bg-amber-700 text-white px-8 py-4 text-lg font-semibold\">",
    +         "impact": "serious",
    +         "none": Array [],
    +         "target": Array [
    +           "a[href$=\"booking\"] > .h-11.focus-visible\\:outline-none.focus-visible\\:ring-2",
    +         ],
    +       },
    +       Object {
    +         "all": Array [],
    +         "any": Array [
    +           Object {
    +             "data": Object {
    +               "bgColor": "#d97706",
    +               "contrastRatio": 3.18,
    +               "expectedContrastRatio": "4.5:1",
    +               "fgColor": "#ffffff",
    +               "fontSize": "12.0pt (16px)",
    +               "fontWeight": "normal",
    +               "messageKey": null,
    +             },
    +             "id": "color-contrast",
    +             "impact": "serious",
    +             "message": "Element has insufficient color contrast of 3.18 (foreground color: #ffffff, background color: #d97706, font size: 12.0pt (16px), font weight: normal). Expected contrast ratio of 4.5:1",
    +             "relatedNodes": Array [
    +               Object {
    +                 "html": "<a class=\"inline-flex items-center gap-2 bg-amber-600 hover:bg-amber-700 text-white px-8 py-4 rounded-lg font-medium transition-colors\" href=\"/rooms\">",
    +                 "target": Array [
    +                   ".inline-flex.gap-2[href$=\"rooms\"]",
    +                 ],
    +               },
    +             ],
    +           },
    +         ],
    +         "failureSummary": "Fix any of the following:
    +   Element has insufficient color contrast of 3.18 (foreground color: #ffffff, background color: #d97706, font size: 12.0pt (16px), font weight: normal). Expected contrast ratio of 4.5:1",
    +         "html": "<a class=\"inline-flex items-center gap-2 bg-amber-600 hover:bg-amber-700 text-white px-8 py-4 rounded-lg font-medium transition-colors\" href=\"/rooms\">",
    +         "impact": "serious",
    +         "none": Array [],
    +         "target": Array [
    +           ".inline-flex.gap-2[href$=\"rooms\"]",
    +         ],
    +       },
    +       Object {
    +         "all": Array [],
    +         "any": Array [
    +           Object {
    +             "data": Object {
    +               "bgColor": "#d97706",
    +               "contrastRatio": 3.18,
    +               "expectedContrastRatio": "4.5:1",
    +               "fgColor": "#ffffff",
    +               "fontSize": "12.0pt (16px)",
    +               "fontWeight": "normal",
    +               "messageKey": null,
    +             },
    +             "id": "color-contrast",
    +             "impact": "serious",
    +             "message": "Element has insufficient color contrast of 3.18 (foreground color: #ffffff, background color: #d97706, font size: 12.0pt (16px), font weight: normal). Expected contrast ratio of 4.5:1",
    +             "relatedNodes": Array [
    +               Object {
    +                 "html": "<a class=\"inline-flex items-center gap-2 bg-amber-600 hover:bg-amber-700 text-white px-8 py-4 rounded-lg font-medium transition-colors\" href=\"/order\">",
    +                 "target": Array [
    +                   ".inline-flex.gap-2[href$=\"order\"]",
    +                 ],
    +               },
    +             ],
    +           },
    +         ],
    +         "failureSummary": "Fix any of the following:
    +   Element has insufficient color contrast of 3.18 (foreground color: #ffffff, background color: #d97706, font size: 12.0pt (16px), font weight: normal). Expected contrast ratio of 4.5:1",
    +         "html": "<a class=\"inline-flex items-center gap-2 bg-amber-600 hover:bg-amber-700 text-white px-8 py-4 rounded-lg font-medium transition-colors\" href=\"/order\">",
    +         "impact": "serious",
    +         "none": Array [],
    +         "target": Array [
    +           ".inline-flex.gap-2[href$=\"order\"]",
    +         ],
    +       },
    +       Object {
    +         "all": Array [],
    +         "any": Array [
    +           Object {
    +             "data": Object {
    +               "bgColor": "#ffffff",
    +               "contrastRatio": 3.18,
    +               "expectedContrastRatio": "4.5:1",
    +               "fgColor": "#d97706",
    +               "fontSize": "12.0pt (16px)",
    +               "fontWeight": "normal",
    +               "messageKey": null,
    +             },
    +             "id": "color-contrast",
    +             "impact": "serious",
    +             "message": "Element has insufficient color contrast of 3.18 (foreground color: #d97706, background color: #ffffff, font size: 12.0pt (16px), font weight: normal). Expected contrast ratio of 4.5:1",
    +             "relatedNodes": Array [
    +               Object {
    +                 "html": "<a class=\"bg-white text-amber-600 hover:bg-gray-100 px-8 py-4 rounded-lg font-medium transition-colors\" href=\"/booking\">Book Now</a>",
    +                 "target": Array [
    +                   ".hover\\:bg-gray-100",
    +                 ],
    +               },
    +             ],
    +           },
    +         ],
    +         "failureSummary": "Fix any of the following:
    +   Element has insufficient color contrast of 3.18 (foreground color: #d97706, background color: #ffffff, font size: 12.0pt (16px), font weight: normal). Expected contrast ratio of 4.5:1",
    +         "html": "<a class=\"bg-white text-amber-600 hover:bg-gray-100 px-8 py-4 rounded-lg font-medium transition-colors\" href=\"/booking\">Book Now</a>",
    +         "impact": "serious",
    +         "none": Array [],
    +         "target": Array [
    +           ".hover\\:bg-gray-100",
    +         ],
    +       },
    +     ],
    +     "tags": Array [
    +       "cat.color",
    +       "wcag2aa",
    +       "wcag143",
    +       "TTv5",
    +       "TT13.c",
    +       "EN-301-549",
    +       "EN-9.1.4.3",
    +       "ACT",
    +     ],
    +   },
    +   Object {
    +     "description": "Ensure every form element has a label",
    +     "help": "Form elements must have labels",
    +     "helpUrl": "https://dequeuniversity.com/rules/axe/4.10/label?application=playwright",
    +     "id": "label",
    +     "impact": "critical",
    +     "nodes": Array [
    +       Object {
    +         "all": Array [],
    +         "any": Array [
    +           Object {
    +             "data": null,
    +             "id": "implicit-label",
    +             "impact": "critical",
    +             "message": "Element does not have an implicit (wrapped) <label>",
    +             "relatedNodes": Array [],
    +           },
    +           Object {
    +             "data": null,
    +             "id": "explicit-label",
    +             "impact": "critical",
    +             "message": "Element does not have an explicit <label>",
    +             "relatedNodes": Array [],
    +           },
    +           Object {
    +             "data": null,
    +             "id": "aria-label",
    +             "impact": "critical",
    +             "message": "aria-label attribute does not exist or is empty",
    +             "relatedNodes": Array [],
    +           },
    +           Object {
    +             "data": null,
    +             "id": "aria-labelledby",
    +             "impact": "critical",
    +             "message": "aria-labelledby attribute does not exist, references elements that do not exist or references elements that are empty",
    +             "relatedNodes": Array [],
    +           },
    +           Object {
    +             "data": Object {
    +               "messageKey": "noAttr",
    +             },
    +             "id": "non-empty-title",
    +             "impact": "critical",
    +             "message": "Element has no title attribute",
    +             "relatedNodes": Array [],
    +           },
    +           Object {
    +             "data": Object {
    +               "messageKey": "noAttr",
    +             },
    +             "id": "non-empty-placeholder",
    +             "impact": "critical",
    +             "message": "Element has no placeholder attribute",
    +             "relatedNodes": Array [],
    +           },
    +           Object {
    +             "data": null,
    +             "id": "presentational-role",
    +             "impact": "critical",
    +             "message": "Element's default semantics were not overridden with role=\"none\" or role=\"presentation\"",
    +             "relatedNodes": Array [],
    +           },
    +         ],
    +         "failureSummary": "Fix any of the following:
    +   Element does not have an implicit (wrapped) <label>
    +   Element does not have an explicit <label>
    +   aria-label attribute does not exist or is empty
    +   aria-labelledby attribute does not exist, references elements that do not exist or references elements that are empty
    +   Element has no title attribute
    +   Element has no placeholder attribute
    +   Element's default semantics were not overridden with role=\"none\" or role=\"presentation\"",
    +         "html": "<input type=\"date\" class=\"w-full px-4 py-3 border border-gray-300 rounded-lg focus:ring-2 focus:ring-amber-500 focus:border-transparent\" value=\"\">",
    +         "impact": "critical",
    +         "none": Array [],
    +         "target": Array [
    +           "div:nth-child(1) > input",
    +         ],
    +       },
    +       Object {
    +         "all": Array [],
    +         "any": Array [
    +           Object {
    +             "data": null,
    +             "id": "implicit-label",
    +             "impact": "critical",
    +             "message": "Element does not have an implicit (wrapped) <label>",
    +             "relatedNodes": Array [],
    +           },
    +           Object {
    +             "data": null,
    +             "id": "explicit-label",
    +             "impact": "critical",
    +             "message": "Element does not have an explicit <label>",
    +             "relatedNodes": Array [],
    +           },
    +           Object {
    +             "data": null,
    +             "id": "aria-label",
    +             "impact": "critical",
    +             "message": "aria-label attribute does not exist or is empty",
    +             "relatedNodes": Array [],
    +           },
    +           Object {
    +             "data": null,
    +             "id": "aria-labelledby",
    +             "impact": "critical",
    +             "message": "aria-labelledby attribute does not exist, references elements that do not exist or references elements that are empty",
    +             "relatedNodes": Array [],
    +           },
    +           Object {
    +             "data": Object {
    +               "messageKey": "noAttr",
    +             },
    +             "id": "non-empty-title",
    +             "impact": "critical",
    +             "message": "Element has no title attribute",
    +             "relatedNodes": Array [],
    +           },
    +           Object {
    +             "data": Object {
    +               "messageKey": "noAttr",
    +             },
    +             "id": "non-empty-placeholder",
    +             "impact": "critical",
    +             "message": "Element has no placeholder attribute",
    +             "relatedNodes": Array [],
    +           },
    +           Object {
    +             "data": null,
    +             "id": "presentational-role",
    +             "impact": "critical",
    +             "message": "Element's default semantics were not overridden with role=\"none\" or role=\"presentation\"",
    +             "relatedNodes": Array [],
    +           },
    +         ],
    +         "failureSummary": "Fix any of the following:
    +   Element does not have an implicit (wrapped) <label>
    +   Element does not have an explicit <label>
    +   aria-label attribute does not exist or is empty
    +   aria-labelledby attribute does not exist, references elements that do not exist or references elements that are empty
    +   Element has no title attribute
    +   Element has no placeholder attribute
    +   Element's default semantics were not overridden with role=\"none\" or role=\"presentation\"",
    +         "html": "<input type=\"date\" class=\"w-full px-4 py-3 border border-gray-300 rounded-lg focus:ring-2 focus:ring-amber-500 focus:border-transparent\" value=\"\">",
    +         "impact": "critical",
    +         "none": Array [],
    +         "target": Array [
    +           "div:nth-child(2) > input",
    +         ],
    +       },
    +     ],
    +     "tags": Array [
    +       "cat.forms",
    +       "wcag2a",
    +       "wcag412",
    +       "section508",
    +       "section508.22.n",
    +       "TTv5",
    +       "TT5.c",
    +       "EN-301-549",
    +       "EN-9.4.1.2",
    +       "ACT",
    +     ],
    +   },
    +   Object {
    +     "description": "Ensure links have discernible text",
    +     "help": "Links must have discernible text",
    +     "helpUrl": "https://dequeuniversity.com/rules/axe/4.10/link-name?application=playwright",
    +     "id": "link-name",
    +     "impact": "serious",
    +     "nodes": Array [
    +       Object {
    +         "all": Array [],
    +         "any": Array [
    +           Object {
    +             "data": null,
    +             "id": "has-visible-text",
    +             "impact": "serious",
    +             "message": "Element does not have text that is visible to screen readers",
    +             "relatedNodes": Array [],
    +           },
    +           Object {
    +             "data": null,
    +             "id": "aria-label",
    +             "impact": "serious",
    +             "message": "aria-label attribute does not exist or is empty",
    +             "relatedNodes": Array [],
    +           },
    +           Object {
    +             "data": null,
    +             "id": "aria-labelledby",
    +             "impact": "serious",
    +             "message": "aria-labelledby attribute does not exist, references elements that do not exist or references elements that are empty",
    +             "relatedNodes": Array [],
    +           },
    +           Object {
    +             "data": Object {
    +               "messageKey": "noAttr",
    +             },
    +             "id": "non-empty-title",
    +             "impact": "serious",
    +             "message": "Element has no title attribute",
    +             "relatedNodes": Array [],
    +           },
    +         ],
    +         "failureSummary": "Fix all of the following:
    +   Element is in tab order and does not have accessible text
    +
    + Fix any of the following:
    +   Element does not have text that is visible to screen readers
    +   aria-label attribute does not exist or is empty
    +   aria-labelledby attribute does not exist, references elements that do not exist or references elements that are empty
    +   Element has no title attribute",
    +         "html": "<a href=\"#\" class=\"text-gray-400 hover:text-white transition-colors\">",
    +         "impact": "serious",
    +         "none": Array [
    +           Object {
    +             "data": null,
    +             "id": "focusable-no-name",
    +             "impact": "serious",
    +             "message": "Element is in tab order and does not have accessible text",
    +             "relatedNodes": Array [],
    +           },
    +         ],
    +         "target": Array [
    +           ".hover\\:text-white[href=\"#\"]:nth-child(1)",
    +         ],
    +       },
    +       Object {
    +         "all": Array [],
    +         "any": Array [
    +           Object {
    +             "data": null,
    +             "id": "has-visible-text",
    +             "impact": "serious",
    +             "message": "Element does not have text that is visible to screen readers",
    +             "relatedNodes": Array [],
    +           },
    +           Object {
    +             "data": null,
    +             "id": "aria-label",
    +             "impact": "serious",
    +             "message": "aria-label attribute does not exist or is empty",
    +             "relatedNodes": Array [],
    +           },
    +           Object {
    +             "data": null,
    +             "id": "aria-labelledby",
    +             "impact": "serious",
    +             "message": "aria-labelledby attribute does not exist, references elements that do not exist or references elements that are empty",
    +             "relatedNodes": Array [],
    +           },
    +           Object {
    +             "data": Object {
    +               "messageKey": "noAttr",
    +             },
    +             "id": "non-empty-title",
    +             "impact": "serious",
    +             "message": "Element has no title attribute",
    +             "relatedNodes": Array [],
    +           },
    +         ],
    +         "failureSummary": "Fix all of the following:
    +   Element is in tab order and does not have accessible text
    +
    + Fix any of the following:
    +   Element does not have text that is visible to screen readers
    +   aria-label attribute does not exist or is empty
    +   aria-labelledby attribute does not exist, references elements that do not exist or references elements that are empty
    +   Element has no title attribute",
    +         "html": "<a href=\"#\" class=\"text-gray-400 hover:text-white transition-colors\">",
    +         "impact": "serious",
    +         "none": Array [
    +           Object {
    +             "data": null,
    +             "id": "focusable-no-name",
    +             "impact": "serious",
    +             "message": "Element is in tab order and does not have accessible text",
    +             "relatedNodes": Array [],
    +           },
    +         ],
    +         "target": Array [
    +           ".hover\\:text-white[href=\"#\"]:nth-child(2)",
    +         ],
    +       },
    +       Object {
    +         "all": Array [],
    +         "any": Array [
    +           Object {
    +             "data": null,
    +             "id": "has-visible-text",
    +             "impact": "serious",
    +             "message": "Element does not have text that is visible to screen readers",
    +             "relatedNodes": Array [],
    +           },
    +           Object {
    +             "data": null,
    +             "id": "aria-label",
    +             "impact": "serious",
    +             "message": "aria-label attribute does not exist or is empty",
    +             "relatedNodes": Array [],
    +           },
    +           Object {
    +             "data": null,
    +             "id": "aria-labelledby",
    +             "impact": "serious",
    +             "message": "aria-labelledby attribute does not exist, references elements that do not exist or references elements that are empty",
    +             "relatedNodes": Array [],
    +           },
    +           Object {
    +             "data": Object {
    +               "messageKey": "noAttr",
    +             },
    +             "id": "non-empty-title",
    +             "impact": "serious",
    +             "message": "Element has no title attribute",
    +             "relatedNodes": Array [],
    +           },
    +         ],
    +         "failureSummary": "Fix all of the following:
    +   Element is in tab order and does not have accessible text
    +
    + Fix any of the following:
    +   Element does not have text that is visible to screen readers
    +   aria-label attribute does not exist or is empty
    +   aria-labelledby attribute does not exist, references elements that do not exist or references elements that are empty
    +   Element has no title attribute",
    +         "html": "<a href=\"#\" class=\"text-gray-400 hover:text-white transition-colors\">",
    +         "impact": "serious",
    +         "none": Array [
    +           Object {
    +             "data": null,
    +             "id": "focusable-no-name",
    +             "impact": "serious",
    +             "message": "Element is in tab order and does not have accessible text",
    +             "relatedNodes": Array [],
    +           },
    +         ],
    +         "target": Array [
    +           ".hover\\:text-white[href=\"#\"]:nth-child(3)",
    +         ],
    +       },
    +       Object {
    +         "all": Array [],
    +         "any": Array [
    +           Object {
    +             "data": null,
    +             "id": "has-visible-text",
    +             "impact": "serious",
    +             "message": "Element does not have text that is visible to screen readers",
    +             "relatedNodes": Array [],
    +           },
    +           Object {
    +             "data": null,
    +             "id": "aria-label",
    +             "impact": "serious",
    +             "message": "aria-label attribute does not exist or is empty",
    +             "relatedNodes": Array [],
    +           },
    +           Object {
    +             "data": null,
    +             "id": "aria-labelledby",
    +             "impact": "serious",
    +             "message": "aria-labelledby attribute does not exist, references elements that do not exist or references elements that are empty",
    +             "relatedNodes": Array [],
    +           },
    +           Object {
    +             "data": Object {
    +               "messageKey": "noAttr",
    +             },
    +             "id": "non-empty-title",
    +             "impact": "serious",
    +             "message": "Element has no title attribute",
    +             "relatedNodes": Array [],
    +           },
    +         ],
    +         "failureSummary": "Fix all of the following:
    +   Element is in tab order and does not have accessible text
    +
    + Fix any of the following:
    +   Element does not have text that is visible to screen readers
    +   aria-label attribute does not exist or is empty
    +   aria-labelledby attribute does not exist, references elements that do not exist or references elements that are empty
    +   Element has no title attribute",
    +         "html": "<a href=\"#\" class=\"text-gray-400 hover:text-white transition-colors\">",
    +         "impact": "serious",
    +         "none": Array [
    +           Object {
    +             "data": null,
    +             "id": "focusable-no-name",
    +             "impact": "serious",
    +             "message": "Element is in tab order and does not have accessible text",
    +             "relatedNodes": Array [],
    +           },
    +         ],
    +         "target": Array [
    +           ".hover\\:text-white[href=\"#\"]:nth-child(4)",
    +         ],
    +       },
    +     ],
    +     "tags": Array [
    +       "cat.name-role-value",
    +       "wcag2a",
    +       "wcag244",
    +       "wcag412",
    +       "section508",
    +       "section508.22.a",
    +       "TTv5",
    +       "TT6.a",
    +       "EN-301-549",
    +       "EN-9.2.4.4",
    +       "EN-9.4.1.2",
    +       "ACT",
    +     ],
    +   },
    +   Object {
    +     "description": "Ensure select element has an accessible name",
    +     "help": "Select element must have an accessible name",
    +     "helpUrl": "https://dequeuniversity.com/rules/axe/4.10/select-name?application=playwright",
    +     "id": "select-name",
    +     "impact": "critical",
    +     "nodes": Array [
    +       Object {
    +         "all": Array [],
    +         "any": Array [
    +           Object {
    +             "data": null,
    +             "id": "implicit-label",
    +             "impact": "critical",
    +             "message": "Element does not have an implicit (wrapped) <label>",
    +             "relatedNodes": Array [],
    +           },
    +           Object {
    +             "data": null,
    +             "id": "explicit-label",
    +             "impact": "critical",
    +             "message": "Element does not have an explicit <label>",
    +             "relatedNodes": Array [],
    +           },
    +           Object {
    +             "data": null,
    +             "id": "aria-label",
    +             "impact": "critical",
    +             "message": "aria-label attribute does not exist or is empty",
    +             "relatedNodes": Array [],
    +           },
    +           Object {
    +             "data": null,
    +             "id": "aria-labelledby",
    +             "impact": "critical",
    +             "message": "aria-labelledby attribute does not exist, references elements that do not exist or references elements that are empty",
    +             "relatedNodes": Array [],
    +           },
    +           Object {
    +             "data": Object {
    +               "messageKey": "noAttr",
    +             },
    +             "id": "non-empty-title",
    +             "impact": "critical",
    +             "message": "Element has no title attribute",
    +             "relatedNodes": Array [],
    +           },
    +           Object {
    +             "data": null,
    +             "id": "presentational-role",
    +             "impact": "critical",
    +             "message": "Element's default semantics were not overridden with role=\"none\" or role=\"presentation\"",
    +             "relatedNodes": Array [],
    +           },
    +         ],
    +         "failureSummary": "Fix any of the following:
    +   Element does not have an implicit (wrapped) <label>
    +   Element does not have an explicit <label>
    +   aria-label attribute does not exist or is empty
    +   aria-labelledby attribute does not exist, references elements that do not exist or references elements that are empty
    +   Element has no title attribute
    +   Element's default semantics were not overridden with role=\"none\" or role=\"presentation\"",
    +         "html": "<select class=\"w-full px-4 py-3 border border-gray-300 rounded-lg focus:ring-2 focus:ring-amber-500 focus:border-transparent\">",
    +         "impact": "critical",
    +         "none": Array [],
    +         "target": Array [
    +           "select",
    +         ],
    +       },
    +     ],
    +     "tags": Array [
    +       "cat.forms",
    +       "wcag2a",
    +       "wcag412",
    +       "section508",
    +       "section508.22.n",
    +       "TTv5",
    +       "TT5.c",
    +       "EN-301-549",
    +       "EN-9.4.1.2",
    +       "ACT",
    +     ],
    +   },
    + ]

      72 |       .analyze();
      73 |     
    > 74 |     expect(accessibilityScanResults.violations).toEqual([]);
         |                                                 ^
      75 |   });
      76 | });
      77 |
        at /Users/asithalakmal/Documents/web/SmartHotel/tests/e2e/accessibility.spec.ts:74:49

    attachment #1: screenshot (image/png) ──────────────────────────────────────────────────────────
    ../../test-results/accessibility-Accessibilit-b1c7e--should-meet-WCAG-standards-chromium/test-failed-1.png
    ────────────────────────────────────────────────────────────────────────────────────────────────

    attachment #2: video (video/webm) ──────────────────────────────────────────────────────────────
    ../../test-results/accessibility-Accessibilit-b1c7e--should-meet-WCAG-standards-chromium/video-1.webm
    ────────────────────────────────────────────────────────────────────────────────────────────────

    attachment #3: video (video/webm) ──────────────────────────────────────────────────────────────
    ../../test-results/accessibility-Accessibilit-b1c7e--should-meet-WCAG-standards-chromium/video.webm
    ────────────────────────────────────────────────────────────────────────────────────────────────

    Error Context: ../../test-results/accessibility-Accessibilit-b1c7e--should-meet-WCAG-standards-chromium/error-context.md
]]>
</failure>
<system-out>
<![CDATA[
[[ATTACHMENT|accessibility-Accessibilit-b1c7e--should-meet-WCAG-standards-chromium/test-failed-1.png]]

[[ATTACHMENT|accessibility-Accessibilit-b1c7e--should-meet-WCAG-standards-chromium/video-1.webm]]

[[ATTACHMENT|accessibility-Accessibilit-b1c7e--should-meet-WCAG-standards-chromium/video.webm]]

[[ATTACHMENT|accessibility-Accessibilit-b1c7e--should-meet-WCAG-standards-chromium/error-context.md]]
]]>
</system-out>
</testcase>
</testsuite>
<testsuite name="accessibility.spec.ts" timestamp="2025-10-28T21:16:54.206Z" hostname="firefox" tests="7" failures="6" skipped="0" time="306.417" errors="0">
<testcase name="Accessibility Tests › Homepage should be accessible" classname="accessibility.spec.ts" time="49.204">
<failure message="accessibility.spec.ts:5:7 Homepage should be accessible" type="FAILURE">
<![CDATA[  [firefox] › accessibility.spec.ts:5:7 › Accessibility Tests › Homepage should be accessible ──────

    Test timeout of 30000ms exceeded.

    Error: frame.evaluate: Test timeout of 30000ms exceeded.

       7 |     
       8 |     // Check for basic accessibility issues
    >  9 |     const accessibilityScanResults = await new AxeBuilder({ page }).analyze();
         |                                      ^
      10 |     
      11 |     expect(accessibilityScanResults.violations).toEqual([]);
      12 |   });
        at AxeBuilder.runPartialRecursive (/Users/asithalakmal/Documents/web/SmartHotel/node_modules/@axe-core/playwright/dist/index.js:318:34)
        at AxeBuilder.analyze (/Users/asithalakmal/Documents/web/SmartHotel/node_modules/@axe-core/playwright/dist/index.js:245:28)
        at /Users/asithalakmal/Documents/web/SmartHotel/tests/e2e/accessibility.spec.ts:9:38

    attachment #1: video (video/webm) ──────────────────────────────────────────────────────────────
    ../../test-results/accessibility-Accessibilit-1c1c4-mepage-should-be-accessible-firefox/video.webm
    ────────────────────────────────────────────────────────────────────────────────────────────────
]]>
</failure>
<system-out>
<![CDATA[
[[ATTACHMENT|accessibility-Accessibilit-1c1c4-mepage-should-be-accessible-firefox/video.webm]]
]]>
</system-out>
</testcase>
<testcase name="Accessibility Tests › Booking page should be accessible" classname="accessibility.spec.ts" time="46.21">
<failure message="accessibility.spec.ts:14:7 Booking page should be accessible" type="FAILURE">
<![CDATA[  [firefox] › accessibility.spec.ts:14:7 › Accessibility Tests › Booking page should be accessible ─

    Test timeout of 30000ms exceeded.

    Error: browserContext.newPage: Test timeout of 30000ms exceeded.
     Please check out https://github.com/dequelabs/axe-core-npm/blob/develop/packages/playwright/error-handling.md

      15 |     await page.goto('/booking');
      16 |     
    > 17 |     const accessibilityScanResults = await new AxeBuilder({ page }).analyze();
         |                                      ^
      18 |     
      19 |     expect(accessibilityScanResults.violations).toEqual([]);
      20 |   });
        at AxeBuilder.analyze (/Users/asithalakmal/Documents/web/SmartHotel/node_modules/@axe-core/playwright/dist/index.js:253:13)
        at /Users/asithalakmal/Documents/web/SmartHotel/tests/e2e/accessibility.spec.ts:17:38

    attachment #1: video (video/webm) ──────────────────────────────────────────────────────────────
    ../../test-results/accessibility-Accessibilit-fc392-g-page-should-be-accessible-firefox/video.webm
    ────────────────────────────────────────────────────────────────────────────────────────────────

    Error Context: ../../test-results/accessibility-Accessibilit-fc392-g-page-should-be-accessible-firefox/error-context.md
]]>
</failure>
<system-out>
<![CDATA[
[[ATTACHMENT|accessibility-Accessibilit-fc392-g-page-should-be-accessible-firefox/video.webm]]

[[ATTACHMENT|accessibility-Accessibilit-fc392-g-page-should-be-accessible-firefox/error-context.md]]
]]>
</system-out>
</testcase>
<testcase name="Accessibility Tests › Contact page should be accessible" classname="accessibility.spec.ts" time="47.503">
<failure message="accessibility.spec.ts:22:7 Contact page should be accessible" type="FAILURE">
<![CDATA[  [firefox] › accessibility.spec.ts:22:7 › Accessibility Tests › Contact page should be accessible ─

    Test timeout of 30000ms exceeded.

    Error: frame.evaluate: Test timeout of 30000ms exceeded.

      23 |     await page.goto('/contact');
      24 |     
    > 25 |     const accessibilityScanResults = await new AxeBuilder({ page }).analyze();
         |                                      ^
      26 |     
      27 |     expect(accessibilityScanResults.violations).toEqual([]);
      28 |   });
        at AxeBuilder.runPartialRecursive (/Users/asithalakmal/Documents/web/SmartHotel/node_modules/@axe-core/playwright/dist/index.js:318:34)
        at AxeBuilder.analyze (/Users/asithalakmal/Documents/web/SmartHotel/node_modules/@axe-core/playwright/dist/index.js:245:28)
        at /Users/asithalakmal/Documents/web/SmartHotel/tests/e2e/accessibility.spec.ts:25:38

    attachment #1: video (video/webm) ──────────────────────────────────────────────────────────────
    ../../test-results/accessibility-Accessibilit-b4625-t-page-should-be-accessible-firefox/video.webm
    ────────────────────────────────────────────────────────────────────────────────────────────────
]]>
</failure>
<system-out>
<![CDATA[
[[ATTACHMENT|accessibility-Accessibilit-b4625-t-page-should-be-accessible-firefox/video.webm]]
]]>
</system-out>
</testcase>
<testcase name="Accessibility Tests › Navigation should be keyboard accessible" classname="accessibility.spec.ts" time="47.384">
<failure message="accessibility.spec.ts:30:7 Navigation should be keyboard accessible" type="FAILURE">
<![CDATA[  [firefox] › accessibility.spec.ts:30:7 › Accessibility Tests › Navigation should be keyboard accessible 

    Test timeout of 30000ms exceeded.

    Error: keyboard.press: Test timeout of 30000ms exceeded.

      33 |     // Test keyboard navigation
      34 |     await page.keyboard.press('Tab');
    > 35 |     await page.keyboard.press('Tab');
         |                         ^
      36 |     await page.keyboard.press('Tab');
      37 |     
      38 |     // Check if focus is visible
        at /Users/asithalakmal/Documents/web/SmartHotel/tests/e2e/accessibility.spec.ts:35:25

    attachment #1: video (video/webm) ──────────────────────────────────────────────────────────────
    ../../test-results/accessibility-Accessibilit-c18c4-ould-be-keyboard-accessible-firefox/video.webm
    ────────────────────────────────────────────────────────────────────────────────────────────────
]]>
</failure>
<system-out>
<![CDATA[
[[ATTACHMENT|accessibility-Accessibilit-c18c4-ould-be-keyboard-accessible-firefox/video.webm]]
]]>
</system-out>
</testcase>
<testcase name="Accessibility Tests › Forms should have proper labels" classname="accessibility.spec.ts" time="38.602">
<failure message="accessibility.spec.ts:43:7 Forms should have proper labels" type="FAILURE">
<![CDATA[  [firefox] › accessibility.spec.ts:43:7 › Accessibility Tests › Forms should have proper labels ───

    Test timeout of 30000ms exceeded.

    attachment #1: screenshot (image/png) ──────────────────────────────────────────────────────────
    ../../test-results/accessibility-Accessibilit-cb578-s-should-have-proper-labels-firefox/test-failed-1.png
    ────────────────────────────────────────────────────────────────────────────────────────────────

    attachment #2: video (video/webm) ──────────────────────────────────────────────────────────────
    ../../test-results/accessibility-Accessibilit-cb578-s-should-have-proper-labels-firefox/video.webm
    ────────────────────────────────────────────────────────────────────────────────────────────────

    Error Context: ../../test-results/accessibility-Accessibilit-cb578-s-should-have-proper-labels-firefox/error-context.md
]]>
</failure>
<system-out>
<![CDATA[
[[ATTACHMENT|accessibility-Accessibilit-cb578-s-should-have-proper-labels-firefox/test-failed-1.png]]

[[ATTACHMENT|accessibility-Accessibilit-cb578-s-should-have-proper-labels-firefox/video.webm]]

[[ATTACHMENT|accessibility-Accessibilit-cb578-s-should-have-proper-labels-firefox/error-context.md]]
]]>
</system-out>
</testcase>
<testcase name="Accessibility Tests › Images should have alt text" classname="accessibility.spec.ts" time="41.079">
</testcase>
<testcase name="Accessibility Tests › Color contrast should meet WCAG standards" classname="accessibility.spec.ts" time="36.435">
<failure message="accessibility.spec.ts:67:7 Color contrast should meet WCAG standards" type="FAILURE">
<![CDATA[  [firefox] › accessibility.spec.ts:67:7 › Accessibility Tests › Color contrast should meet WCAG standards 

    Test timeout of 30000ms exceeded.

    Error: expect(received).toEqual(expected) // deep equality

    - Expected  -   1
    + Received  + 800

    - Array []
    + Array [
    +   Object {
    +     "description": "Ensure the contrast between foreground and background colors meets WCAG 2 AA minimum contrast ratio thresholds",
    +     "help": "Elements must meet minimum color contrast ratio thresholds",
    +     "helpUrl": "https://dequeuniversity.com/rules/axe/4.10/color-contrast?application=playwright",
    +     "id": "color-contrast",
    +     "impact": "serious",
    +     "nodes": Array [
    +       Object {
    +         "all": Array [],
    +         "any": Array [
    +           Object {
    +             "data": Object {
    +               "bgColor": "#d97706",
    +               "contrastRatio": 3.18,
    +               "expectedContrastRatio": "4.5:1",
    +               "fgColor": "#ffffff",
    +               "fontSize": "10.5pt (14px)",
    +               "fontWeight": "normal",
    +               "messageKey": null,
    +             },
    +             "id": "color-contrast",
    +             "impact": "serious",
    +             "message": "Element has insufficient color contrast of 3.18 (foreground color: #ffffff, background color: #d97706, font size: 10.5pt (14px), font weight: normal). Expected contrast ratio of 4.5:1",
    +             "relatedNodes": Array [
    +               Object {
    +                 "html": "<div class=\"bg-amber-600 text-white py-2\">",
    +                 "target": Array [
    +                   "body > .py-2.bg-amber-600.text-white",
    +                 ],
    +               },
    +             ],
    +           },
    +         ],
    +         "failureSummary": "Fix any of the following:
    +   Element has insufficient color contrast of 3.18 (foreground color: #ffffff, background color: #d97706, font size: 10.5pt (14px), font weight: normal). Expected contrast ratio of 4.5:1",
    +         "html": "<span>+1 (212) 555-0123</span>",
    +         "impact": "serious",
    +         "none": Array [],
    +         "target": Array [
    +           ".gap-2.items-center.flex:nth-child(1) > span",
    +         ],
    +       },
    +       Object {
    +         "all": Array [],
    +         "any": Array [
    +           Object {
    +             "data": Object {
    +               "bgColor": "#d97706",
    +               "contrastRatio": 3.18,
    +               "expectedContrastRatio": "4.5:1",
    +               "fgColor": "#ffffff",
    +               "fontSize": "10.5pt (14px)",
    +               "fontWeight": "normal",
    +               "messageKey": null,
    +             },
    +             "id": "color-contrast",
    +             "impact": "serious",
    +             "message": "Element has insufficient color contrast of 3.18 (foreground color: #ffffff, background color: #d97706, font size: 10.5pt (14px), font weight: normal). Expected contrast ratio of 4.5:1",
    +             "relatedNodes": Array [
    +               Object {
    +                 "html": "<div class=\"bg-amber-600 text-white py-2\">",
    +                 "target": Array [
    +                   "body > .py-2.bg-amber-600.text-white",
    +                 ],
    +               },
    +             ],
    +           },
    +         ],
    +         "failureSummary": "Fix any of the following:
    +   Element has insufficient color contrast of 3.18 (foreground color: #ffffff, background color: #d97706, font size: 10.5pt (14px), font weight: normal). Expected contrast ratio of 4.5:1",
    +         "html": "<span>reservations@grandpalacehotel.com</span>",
    +         "impact": "serious",
    +         "none": Array [],
    +         "target": Array [
    +           ".sm\\:mb-0 > .gap-2.items-center.flex:nth-child(2) > span",
    +         ],
    +       },
    +       Object {
    +         "all": Array [],
    +         "any": Array [
    +           Object {
    +             "data": Object {
    +               "bgColor": "#d97706",
    +               "contrastRatio": 3.18,
    +               "expectedContrastRatio": "4.5:1",
    +               "fgColor": "#ffffff",
    +               "fontSize": "10.5pt (14px)",
    +               "fontWeight": "normal",
    +               "messageKey": null,
    +             },
    +             "id": "color-contrast",
    +             "impact": "serious",
    +             "message": "Element has insufficient color contrast of 3.18 (foreground color: #ffffff, background color: #d97706, font size: 10.5pt (14px), font weight: normal). Expected contrast ratio of 4.5:1",
    +             "relatedNodes": Array [
    +               Object {
    +                 "html": "<div class=\"bg-amber-600 text-white py-2\">",
    +                 "target": Array [
    +                   "body > .py-2.bg-amber-600.text-white",
    +                 ],
    +               },
    +             ],
    +           },
    +         ],
    +         "failureSummary": "Fix any of the following:
    +   Element has insufficient color contrast of 3.18 (foreground color: #ffffff, background color: #d97706, font size: 10.5pt (14px), font weight: normal). Expected contrast ratio of 4.5:1",
    +         "html": "<span>1235 Park Avenue, New York, NY 10029</span>",
    +         "impact": "serious",
    +         "none": Array [],
    +         "target": Array [
    +           ".sm\\:flex-row.flex-col.justify-between > .gap-2.items-center.flex > span",
    +         ],
    +       },
    +       Object {
    +         "all": Array [],
    +         "any": Array [
    +           Object {
    +             "data": Object {
    +               "bgColor": "#d97706",
    +               "contrastRatio": 3.18,
    +               "expectedContrastRatio": "4.5:1",
    +               "fgColor": "#ffffff",
    +               "fontSize": "12.0pt (16px)",
    +               "fontWeight": "normal",
    +               "messageKey": null,
    +             },
    +             "id": "color-contrast",
    +             "impact": "serious",
    +             "message": "Element has insufficient color contrast of 3.18 (foreground color: #ffffff, background color: #d97706, font size: 12.0pt (16px), font weight: normal). Expected contrast ratio of 4.5:1",
    +             "relatedNodes": Array [
    +               Object {
    +                 "html": "<a class=\"bg-amber-600 hover:bg-amber-700 text-white px-6 py-2 rounded-lg font-medium transition-colors\" href=\"/booking\">Book Now</a>",
    +                 "target": Array [
    +                   ".px-6",
    +                 ],
    +               },
    +             ],
    +           },
    +         ],
    +         "failureSummary": "Fix any of the following:
    +   Element has insufficient color contrast of 3.18 (foreground color: #ffffff, background color: #d97706, font size: 12.0pt (16px), font weight: normal). Expected contrast ratio of 4.5:1",
    +         "html": "<a class=\"bg-amber-600 hover:bg-amber-700 text-white px-6 py-2 rounded-lg font-medium transition-colors\" href=\"/booking\">Book Now</a>",
    +         "impact": "serious",
    +         "none": Array [],
    +         "target": Array [
    +           ".px-6",
    +         ],
    +       },
    +       Object {
    +         "all": Array [],
    +         "any": Array [
    +           Object {
    +             "data": Object {
    +               "bgColor": "#d97706",
    +               "contrastRatio": 3.18,
    +               "expectedContrastRatio": "4.5:1",
    +               "fgColor": "#ffffff",
    +               "fontSize": "13.5pt (18px)",
    +               "fontWeight": "normal",
    +               "messageKey": null,
    +             },
    +             "id": "color-contrast",
    +             "impact": "serious",
    +             "message": "Element has insufficient color contrast of 3.18 (foreground color: #ffffff, background color: #d97706, font size: 13.5pt (18px), font weight: normal). Expected contrast ratio of 4.5:1",
    +             "relatedNodes": Array [
    +               Object {
    +                 "html": "<button class=\"inline-flex items-center justify-center transition-colors focus-visible:outline-none focus-visible:ring-2 focus-visible:ring-ring focus-visible:ring-offset-2 disabled:opacity-50 disabled:pointer-events-none ring-offset-background h-11 rounded-md bg-amber-600 hover:bg-amber-700 text-white px-8 py-4 text-lg font-semibold\">",
    +                 "target": Array [
    +                   "a[href$=\"booking\"] > .h-11.focus-visible\\:outline-none.focus-visible\\:ring-2",
    +                 ],
    +               },
    +             ],
    +           },
    +         ],
    +         "failureSummary": "Fix any of the following:
    +   Element has insufficient color contrast of 3.18 (foreground color: #ffffff, background color: #d97706, font size: 13.5pt (18px), font weight: normal). Expected contrast ratio of 4.5:1",
    +         "html": "<button class=\"inline-flex items-center justify-center transition-colors focus-visible:outline-none focus-visible:ring-2 focus-visible:ring-ring focus-visible:ring-offset-2 disabled:opacity-50 disabled:pointer-events-none ring-offset-background h-11 rounded-md bg-amber-600 hover:bg-amber-700 text-white px-8 py-4 text-lg font-semibold\">",
    +         "impact": "serious",
    +         "none": Array [],
    +         "target": Array [
    +           "a[href$=\"booking\"] > .h-11.focus-visible\\:outline-none.focus-visible\\:ring-2",
    +         ],
    +       },
    +       Object {
    +         "all": Array [],
    +         "any": Array [
    +           Object {
    +             "data": Object {
    +               "bgColor": "#d97706",
    +               "contrastRatio": 3.18,
    +               "expectedContrastRatio": "4.5:1",
    +               "fgColor": "#ffffff",
    +               "fontSize": "12.0pt (16px)",
    +               "fontWeight": "normal",
    +               "messageKey": null,
    +             },
    +             "id": "color-contrast",
    +             "impact": "serious",
    +             "message": "Element has insufficient color contrast of 3.18 (foreground color: #ffffff, background color: #d97706, font size: 12.0pt (16px), font weight: normal). Expected contrast ratio of 4.5:1",
    +             "relatedNodes": Array [
    +               Object {
    +                 "html": "<a class=\"inline-flex items-center gap-2 bg-amber-600 hover:bg-amber-700 text-white px-8 py-4 rounded-lg font-medium transition-colors\" href=\"/rooms\">",
    +                 "target": Array [
    +                   ".inline-flex.gap-2[href$=\"rooms\"]",
    +                 ],
    +               },
    +             ],
    +           },
    +         ],
    +         "failureSummary": "Fix any of the following:
    +   Element has insufficient color contrast of 3.18 (foreground color: #ffffff, background color: #d97706, font size: 12.0pt (16px), font weight: normal). Expected contrast ratio of 4.5:1",
    +         "html": "<a class=\"inline-flex items-center gap-2 bg-amber-600 hover:bg-amber-700 text-white px-8 py-4 rounded-lg font-medium transition-colors\" href=\"/rooms\">",
    +         "impact": "serious",
    +         "none": Array [],
    +         "target": Array [
    +           ".inline-flex.gap-2[href$=\"rooms\"]",
    +         ],
    +       },
    +       Object {
    +         "all": Array [],
    +         "any": Array [
    +           Object {
    +             "data": Object {
    +               "bgColor": "#d97706",
    +               "contrastRatio": 3.18,
    +               "expectedContrastRatio": "4.5:1",
    +               "fgColor": "#ffffff",
    +               "fontSize": "12.0pt (16px)",
    +               "fontWeight": "normal",
    +               "messageKey": null,
    +             },
    +             "id": "color-contrast",
    +             "impact": "serious",
    +             "message": "Element has insufficient color contrast of 3.18 (foreground color: #ffffff, background color: #d97706, font size: 12.0pt (16px), font weight: normal). Expected contrast ratio of 4.5:1",
    +             "relatedNodes": Array [
    +               Object {
    +                 "html": "<a class=\"inline-flex items-center gap-2 bg-amber-600 hover:bg-amber-700 text-white px-8 py-4 rounded-lg font-medium transition-colors\" href=\"/order\">",
    +                 "target": Array [
    +                   ".inline-flex.gap-2[href$=\"order\"]",
    +                 ],
    +               },
    +             ],
    +           },
    +         ],
    +         "failureSummary": "Fix any of the following:
    +   Element has insufficient color contrast of 3.18 (foreground color: #ffffff, background color: #d97706, font size: 12.0pt (16px), font weight: normal). Expected contrast ratio of 4.5:1",
    +         "html": "<a class=\"inline-flex items-center gap-2 bg-amber-600 hover:bg-amber-700 text-white px-8 py-4 rounded-lg font-medium transition-colors\" href=\"/order\">",
    +         "impact": "serious",
    +         "none": Array [],
    +         "target": Array [
    +           ".inline-flex.gap-2[href$=\"order\"]",
    +         ],
    +       },
    +       Object {
    +         "all": Array [],
    +         "any": Array [
    +           Object {
    +             "data": Object {
    +               "bgColor": "#ffffff",
    +               "contrastRatio": 3.18,
    +               "expectedContrastRatio": "4.5:1",
    +               "fgColor": "#d97706",
    +               "fontSize": "12.0pt (16px)",
    +               "fontWeight": "normal",
    +               "messageKey": null,
    +             },
    +             "id": "color-contrast",
    +             "impact": "serious",
    +             "message": "Element has insufficient color contrast of 3.18 (foreground color: #d97706, background color: #ffffff, font size: 12.0pt (16px), font weight: normal). Expected contrast ratio of 4.5:1",
    +             "relatedNodes": Array [
    +               Object {
    +                 "html": "<a class=\"bg-white text-amber-600 hover:bg-gray-100 px-8 py-4 rounded-lg font-medium transition-colors\" href=\"/booking\">Book Now</a>",
    +                 "target": Array [
    +                   ".hover\\:bg-gray-100",
    +                 ],
    +               },
    +             ],
    +           },
    +         ],
    +         "failureSummary": "Fix any of the following:
    +   Element has insufficient color contrast of 3.18 (foreground color: #d97706, background color: #ffffff, font size: 12.0pt (16px), font weight: normal). Expected contrast ratio of 4.5:1",
    +         "html": "<a class=\"bg-white text-amber-600 hover:bg-gray-100 px-8 py-4 rounded-lg font-medium transition-colors\" href=\"/booking\">Book Now</a>",
    +         "impact": "serious",
    +         "none": Array [],
    +         "target": Array [
    +           ".hover\\:bg-gray-100",
    +         ],
    +       },
    +     ],
    +     "tags": Array [
    +       "cat.color",
    +       "wcag2aa",
    +       "wcag143",
    +       "TTv5",
    +       "TT13.c",
    +       "EN-301-549",
    +       "EN-9.1.4.3",
    +       "ACT",
    +     ],
    +   },
    +   Object {
    +     "description": "Ensure every form element has a label",
    +     "help": "Form elements must have labels",
    +     "helpUrl": "https://dequeuniversity.com/rules/axe/4.10/label?application=playwright",
    +     "id": "label",
    +     "impact": "critical",
    +     "nodes": Array [
    +       Object {
    +         "all": Array [],
    +         "any": Array [
    +           Object {
    +             "data": null,
    +             "id": "implicit-label",
    +             "impact": "critical",
    +             "message": "Element does not have an implicit (wrapped) <label>",
    +             "relatedNodes": Array [],
    +           },
    +           Object {
    +             "data": null,
    +             "id": "explicit-label",
    +             "impact": "critical",
    +             "message": "Element does not have an explicit <label>",
    +             "relatedNodes": Array [],
    +           },
    +           Object {
    +             "data": null,
    +             "id": "aria-label",
    +             "impact": "critical",
    +             "message": "aria-label attribute does not exist or is empty",
    +             "relatedNodes": Array [],
    +           },
    +           Object {
    +             "data": null,
    +             "id": "aria-labelledby",
    +             "impact": "critical",
    +             "message": "aria-labelledby attribute does not exist, references elements that do not exist or references elements that are empty",
    +             "relatedNodes": Array [],
    +           },
    +           Object {
    +             "data": Object {
    +               "messageKey": "noAttr",
    +             },
    +             "id": "non-empty-title",
    +             "impact": "critical",
    +             "message": "Element has no title attribute",
    +             "relatedNodes": Array [],
    +           },
    +           Object {
    +             "data": Object {
    +               "messageKey": "noAttr",
    +             },
    +             "id": "non-empty-placeholder",
    +             "impact": "critical",
    +             "message": "Element has no placeholder attribute",
    +             "relatedNodes": Array [],
    +           },
    +           Object {
    +             "data": null,
    +             "id": "presentational-role",
    +             "impact": "critical",
    +             "message": "Element's default semantics were not overridden with role=\"none\" or role=\"presentation\"",
    +             "relatedNodes": Array [],
    +           },
    +         ],
    +         "failureSummary": "Fix any of the following:
    +   Element does not have an implicit (wrapped) <label>
    +   Element does not have an explicit <label>
    +   aria-label attribute does not exist or is empty
    +   aria-labelledby attribute does not exist, references elements that do not exist or references elements that are empty
    +   Element has no title attribute
    +   Element has no placeholder attribute
    +   Element's default semantics were not overridden with role=\"none\" or role=\"presentation\"",
    +         "html": "<input type=\"date\" class=\"w-full px-4 py-3 border border-gray-300 rounded-lg focus:ring-2 focus:ring-amber-500 focus:border-transparent\" value=\"\">",
    +         "impact": "critical",
    +         "none": Array [],
    +         "target": Array [
    +           "div:nth-child(1) > input",
    +         ],
    +       },
    +       Object {
    +         "all": Array [],
    +         "any": Array [
    +           Object {
    +             "data": null,
    +             "id": "implicit-label",
    +             "impact": "critical",
    +             "message": "Element does not have an implicit (wrapped) <label>",
    +             "relatedNodes": Array [],
    +           },
    +           Object {
    +             "data": null,
    +             "id": "explicit-label",
    +             "impact": "critical",
    +             "message": "Element does not have an explicit <label>",
    +             "relatedNodes": Array [],
    +           },
    +           Object {
    +             "data": null,
    +             "id": "aria-label",
    +             "impact": "critical",
    +             "message": "aria-label attribute does not exist or is empty",
    +             "relatedNodes": Array [],
    +           },
    +           Object {
    +             "data": null,
    +             "id": "aria-labelledby",
    +             "impact": "critical",
    +             "message": "aria-labelledby attribute does not exist, references elements that do not exist or references elements that are empty",
    +             "relatedNodes": Array [],
    +           },
    +           Object {
    +             "data": Object {
    +               "messageKey": "noAttr",
    +             },
    +             "id": "non-empty-title",
    +             "impact": "critical",
    +             "message": "Element has no title attribute",
    +             "relatedNodes": Array [],
    +           },
    +           Object {
    +             "data": Object {
    +               "messageKey": "noAttr",
    +             },
    +             "id": "non-empty-placeholder",
    +             "impact": "critical",
    +             "message": "Element has no placeholder attribute",
    +             "relatedNodes": Array [],
    +           },
    +           Object {
    +             "data": null,
    +             "id": "presentational-role",
    +             "impact": "critical",
    +             "message": "Element's default semantics were not overridden with role=\"none\" or role=\"presentation\"",
    +             "relatedNodes": Array [],
    +           },
    +         ],
    +         "failureSummary": "Fix any of the following:
    +   Element does not have an implicit (wrapped) <label>
    +   Element does not have an explicit <label>
    +   aria-label attribute does not exist or is empty
    +   aria-labelledby attribute does not exist, references elements that do not exist or references elements that are empty
    +   Element has no title attribute
    +   Element has no placeholder attribute
    +   Element's default semantics were not overridden with role=\"none\" or role=\"presentation\"",
    +         "html": "<input type=\"date\" class=\"w-full px-4 py-3 border border-gray-300 rounded-lg focus:ring-2 focus:ring-amber-500 focus:border-transparent\" value=\"\">",
    +         "impact": "critical",
    +         "none": Array [],
    +         "target": Array [
    +           "div:nth-child(2) > input",
    +         ],
    +       },
    +     ],
    +     "tags": Array [
    +       "cat.forms",
    +       "wcag2a",
    +       "wcag412",
    +       "section508",
    +       "section508.22.n",
    +       "TTv5",
    +       "TT5.c",
    +       "EN-301-549",
    +       "EN-9.4.1.2",
    +       "ACT",
    +     ],
    +   },
    +   Object {
    +     "description": "Ensure links have discernible text",
    +     "help": "Links must have discernible text",
    +     "helpUrl": "https://dequeuniversity.com/rules/axe/4.10/link-name?application=playwright",
    +     "id": "link-name",
    +     "impact": "serious",
    +     "nodes": Array [
    +       Object {
    +         "all": Array [],
    +         "any": Array [
    +           Object {
    +             "data": null,
    +             "id": "has-visible-text",
    +             "impact": "serious",
    +             "message": "Element does not have text that is visible to screen readers",
    +             "relatedNodes": Array [],
    +           },
    +           Object {
    +             "data": null,
    +             "id": "aria-label",
    +             "impact": "serious",
    +             "message": "aria-label attribute does not exist or is empty",
    +             "relatedNodes": Array [],
    +           },
    +           Object {
    +             "data": null,
    +             "id": "aria-labelledby",
    +             "impact": "serious",
    +             "message": "aria-labelledby attribute does not exist, references elements that do not exist or references elements that are empty",
    +             "relatedNodes": Array [],
    +           },
    +           Object {
    +             "data": Object {
    +               "messageKey": "noAttr",
    +             },
    +             "id": "non-empty-title",
    +             "impact": "serious",
    +             "message": "Element has no title attribute",
    +             "relatedNodes": Array [],
    +           },
    +         ],
    +         "failureSummary": "Fix all of the following:
    +   Element is in tab order and does not have accessible text
    +
    + Fix any of the following:
    +   Element does not have text that is visible to screen readers
    +   aria-label attribute does not exist or is empty
    +   aria-labelledby attribute does not exist, references elements that do not exist or references elements that are empty
    +   Element has no title attribute",
    +         "html": "<a href=\"#\" class=\"text-gray-400 hover:text-white transition-colors\">",
    +         "impact": "serious",
    +         "none": Array [
    +           Object {
    +             "data": null,
    +             "id": "focusable-no-name",
    +             "impact": "serious",
    +             "message": "Element is in tab order and does not have accessible text",
    +             "relatedNodes": Array [],
    +           },
    +         ],
    +         "target": Array [
    +           ".hover\\:text-white[href=\"#\"]:nth-child(1)",
    +         ],
    +       },
    +       Object {
    +         "all": Array [],
    +         "any": Array [
    +           Object {
    +             "data": null,
    +             "id": "has-visible-text",
    +             "impact": "serious",
    +             "message": "Element does not have text that is visible to screen readers",
    +             "relatedNodes": Array [],
    +           },
    +           Object {
    +             "data": null,
    +             "id": "aria-label",
    +             "impact": "serious",
    +             "message": "aria-label attribute does not exist or is empty",
    +             "relatedNodes": Array [],
    +           },
    +           Object {
    +             "data": null,
    +             "id": "aria-labelledby",
    +             "impact": "serious",
[...]
    +         "html": "<input type=\"date\" class=\"w-full px-4 py-3 border border-gray-300 rounded-lg focus:ring-2 focus:ring-amber-500 focus:border-transparent\" value=\"\">",
    +         "impact": "critical",
    +         "none": Array [],
    +         "target": Array [
    +           "div:nth-child(2) > input",
    +         ],
    +       },
    +     ],
    +     "tags": Array [
    +       "cat.forms",
    +       "wcag2a",
    +       "wcag412",
    +       "section508",
    +       "section508.22.n",
    +       "TTv5",
    +       "TT5.c",
    +       "EN-301-549",
    +       "EN-9.4.1.2",
    +       "ACT",
    +     ],
    +   },
    +   Object {
    +     "description": "Ensure links have discernible text",
    +     "help": "Links must have discernible text",
    +     "helpUrl": "https://dequeuniversity.com/rules/axe/4.10/link-name?application=playwright",
    +     "id": "link-name",
    +     "impact": "serious",
    +     "nodes": Array [
    +       Object {
    +         "all": Array [],
    +         "any": Array [
    +           Object {
    +             "data": null,
    +             "id": "has-visible-text",
    +             "impact": "serious",
    +             "message": "Element does not have text that is visible to screen readers",
    +             "relatedNodes": Array [],
    +           },
    +           Object {
    +             "data": null,
    +             "id": "aria-label",
    +             "impact": "serious",
    +             "message": "aria-label attribute does not exist or is empty",
    +             "relatedNodes": Array [],
    +           },
    +           Object {
    +             "data": null,
    +             "id": "aria-labelledby",
    +             "impact": "serious",
    +             "message": "aria-labelledby attribute does not exist, references elements that do not exist or references elements that are empty",
    +             "relatedNodes": Array [],
    +           },
    +           Object {
    +             "data": Object {
    +               "messageKey": "noAttr",
    +             },
    +             "id": "non-empty-title",
    +             "impact": "serious",
    +             "message": "Element has no title attribute",
    +             "relatedNodes": Array [],
    +           },
    +         ],
    +         "failureSummary": "Fix all of the following:
    +   Element is in tab order and does not have accessible text
    +
    + Fix any of the following:
    +   Element does not have text that is visible to screen readers
    +   aria-label attribute does not exist or is empty
    +   aria-labelledby attribute does not exist, references elements that do not exist or references elements that are empty
    +   Element has no title attribute",
    +         "html": "<a href=\"#\" class=\"text-gray-400 hover:text-white transition-colors\">",
    +         "impact": "serious",
    +         "none": Array [
    +           Object {
    +             "data": null,
    +             "id": "focusable-no-name",
    +             "impact": "serious",
    +             "message": "Element is in tab order and does not have accessible text",
    +             "relatedNodes": Array [],
    +           },
    +         ],
    +         "target": Array [
    +           ".hover\\:text-white[href=\"#\"]:nth-child(1)",
    +         ],
    +       },
    +       Object {
    +         "all": Array [],
    +         "any": Array [
    +           Object {
    +             "data": null,
    +             "id": "has-visible-text",
    +             "impact": "serious",
    +             "message": "Element does not have text that is visible to screen readers",
    +             "relatedNodes": Array [],
    +           },
    +           Object {
    +             "data": null,
    +             "id": "aria-label",
    +             "impact": "serious",
    +             "message": "aria-label attribute does not exist or is empty",
    +             "relatedNodes": Array [],
    +           },
    +           Object {
    +             "data": null,
    +             "id": "aria-labelledby",
    +             "impact": "serious",
    +             "message": "aria-labelledby attribute does not exist, references elements that do not exist or references elements that are empty",
    +             "relatedNodes": Array [],
    +           },
    +           Object {
    +             "data": Object {
    +               "messageKey": "noAttr",
    +             },
    +             "id": "non-empty-title",
    +             "impact": "serious",
    +             "message": "Element has no title attribute",
    +             "relatedNodes": Array [],
    +           },
    +         ],
    +         "failureSummary": "Fix all of the following:
    +   Element is in tab order and does not have accessible text
    +
    + Fix any of the following:
    +   Element does not have text that is visible to screen readers
    +   aria-label attribute does not exist or is empty
    +   aria-labelledby attribute does not exist, references elements that do not exist or references elements that are empty
    +   Element has no title attribute",
    +         "html": "<a href=\"#\" class=\"text-gray-400 hover:text-white transition-colors\">",
    +         "impact": "serious",
    +         "none": Array [
    +           Object {
    +             "data": null,
    +             "id": "focusable-no-name",
    +             "impact": "serious",
    +             "message": "Element is in tab order and does not have accessible text",
    +             "relatedNodes": Array [],
    +           },
    +         ],
    +         "target": Array [
    +           ".hover\\:text-white[href=\"#\"]:nth-child(2)",
    +         ],
    +       },
    +       Object {
    +         "all": Array [],
    +         "any": Array [
    +           Object {
    +             "data": null,
    +             "id": "has-visible-text",
    +             "impact": "serious",
    +             "message": "Element does not have text that is visible to screen readers",
    +             "relatedNodes": Array [],
    +           },
    +           Object {
    +             "data": null,
    +             "id": "aria-label",
    +             "impact": "serious",
    +             "message": "aria-label attribute does not exist or is empty",
    +             "relatedNodes": Array [],
    +           },
    +           Object {
    +             "data": null,
    +             "id": "aria-labelledby",
    +             "impact": "serious",
    +             "message": "aria-labelledby attribute does not exist, references elements that do not exist or references elements that are empty",
    +             "relatedNodes": Array [],
    +           },
    +           Object {
    +             "data": Object {
    +               "messageKey": "noAttr",
    +             },
    +             "id": "non-empty-title",
    +             "impact": "serious",
    +             "message": "Element has no title attribute",
    +             "relatedNodes": Array [],
    +           },
    +         ],
    +         "failureSummary": "Fix all of the following:
    +   Element is in tab order and does not have accessible text
    +
    + Fix any of the following:
    +   Element does not have text that is visible to screen readers
    +   aria-label attribute does not exist or is empty
    +   aria-labelledby attribute does not exist, references elements that do not exist or references elements that are empty
    +   Element has no title attribute",
    +         "html": "<a href=\"#\" class=\"text-gray-400 hover:text-white transition-colors\">",
    +         "impact": "serious",
    +         "none": Array [
    +           Object {
    +             "data": null,
    +             "id": "focusable-no-name",
    +             "impact": "serious",
    +             "message": "Element is in tab order and does not have accessible text",
    +             "relatedNodes": Array [],
    +           },
    +         ],
    +         "target": Array [
    +           ".hover\\:text-white[href=\"#\"]:nth-child(3)",
    +         ],
    +       },
    +       Object {
    +         "all": Array [],
    +         "any": Array [
    +           Object {
    +             "data": null,
    +             "id": "has-visible-text",
    +             "impact": "serious",
    +             "message": "Element does not have text that is visible to screen readers",
    +             "relatedNodes": Array [],
    +           },
    +           Object {
    +             "data": null,
    +             "id": "aria-label",
    +             "impact": "serious",
    +             "message": "aria-label attribute does not exist or is empty",
    +             "relatedNodes": Array [],
    +           },
    +           Object {
    +             "data": null,
    +             "id": "aria-labelledby",
    +             "impact": "serious",
    +             "message": "aria-labelledby attribute does not exist, references elements that do not exist or references elements that are empty",
    +             "relatedNodes": Array [],
    +           },
    +           Object {
    +             "data": Object {
    +               "messageKey": "noAttr",
    +             },
    +             "id": "non-empty-title",
    +             "impact": "serious",
    +             "message": "Element has no title attribute",
    +             "relatedNodes": Array [],
    +           },
    +         ],
    +         "failureSummary": "Fix all of the following:
    +   Element is in tab order and does not have accessible text
    +
    + Fix any of the following:
    +   Element does not have text that is visible to screen readers
    +   aria-label attribute does not exist or is empty
    +   aria-labelledby attribute does not exist, references elements that do not exist or references elements that are empty
    +   Element has no title attribute",
    +         "html": "<a href=\"#\" class=\"text-gray-400 hover:text-white transition-colors\">",
    +         "impact": "serious",
    +         "none": Array [
    +           Object {
    +             "data": null,
    +             "id": "focusable-no-name",
    +             "impact": "serious",
    +             "message": "Element is in tab order and does not have accessible text",
    +             "relatedNodes": Array [],
    +           },
    +         ],
    +         "target": Array [
    +           ".hover\\:text-white[href=\"#\"]:nth-child(4)",
    +         ],
    +       },
    +     ],
    +     "tags": Array [
    +       "cat.name-role-value",
    +       "wcag2a",
    +       "wcag244",
    +       "wcag412",
    +       "section508",
    +       "section508.22.a",
    +       "TTv5",
    +       "TT6.a",
    +       "EN-301-549",
    +       "EN-9.2.4.4",
    +       "EN-9.4.1.2",
    +       "ACT",
    +     ],
    +   },
    +   Object {
    +     "description": "Ensure select element has an accessible name",
    +     "help": "Select element must have an accessible name",
    +     "helpUrl": "https://dequeuniversity.com/rules/axe/4.10/select-name?application=playwright",
    +     "id": "select-name",
    +     "impact": "critical",
    +     "nodes": Array [
    +       Object {
    +         "all": Array [],
    +         "any": Array [
    +           Object {
    +             "data": null,
    +             "id": "implicit-label",
    +             "impact": "critical",
    +             "message": "Element does not have an implicit (wrapped) <label>",
    +             "relatedNodes": Array [],
    +           },
    +           Object {
    +             "data": null,
    +             "id": "explicit-label",
    +             "impact": "critical",
    +             "message": "Element does not have an explicit <label>",
    +             "relatedNodes": Array [],
    +           },
    +           Object {
    +             "data": null,
    +             "id": "aria-label",
    +             "impact": "critical",
    +             "message": "aria-label attribute does not exist or is empty",
    +             "relatedNodes": Array [],
    +           },
    +           Object {
    +             "data": null,
    +             "id": "aria-labelledby",
    +             "impact": "critical",
    +             "message": "aria-labelledby attribute does not exist, references elements that do not exist or references elements that are empty",
    +             "relatedNodes": Array [],
    +           },
    +           Object {
    +             "data": Object {
    +               "messageKey": "noAttr",
    +             },
    +             "id": "non-empty-title",
    +             "impact": "critical",
    +             "message": "Element has no title attribute",
    +             "relatedNodes": Array [],
    +           },
    +           Object {
    +             "data": null,
    +             "id": "presentational-role",
    +             "impact": "critical",
    +             "message": "Element's default semantics were not overridden with role=\"none\" or role=\"presentation\"",
    +             "relatedNodes": Array [],
    +           },
    +         ],
    +         "failureSummary": "Fix any of the following:
    +   Element does not have an implicit (wrapped) <label>
    +   Element does not have an explicit <label>
    +   aria-label attribute does not exist or is empty
    +   aria-labelledby attribute does not exist, references elements that do not exist or references elements that are empty
    +   Element has no title attribute
    +   Element's default semantics were not overridden with role=\"none\" or role=\"presentation\"",
    +         "html": "<select class=\"w-full px-4 py-3 border border-gray-300 rounded-lg focus:ring-2 focus:ring-amber-500 focus:border-transparent\">",
    +         "impact": "critical",
    +         "none": Array [],
    +         "target": Array [
    +           "select",
    +         ],
    +       },
    +     ],
    +     "tags": Array [
    +       "cat.forms",
    +       "wcag2a",
    +       "wcag412",
    +       "section508",
    +       "section508.22.n",
    +       "TTv5",
    +       "TT5.c",
    +       "EN-301-549",
    +       "EN-9.4.1.2",
    +       "ACT",
    +     ],
    +   },
    + ]

      72 |       .analyze();
      73 |     
    > 74 |     expect(accessibilityScanResults.violations).toEqual([]);
         |                                                 ^
      75 |   });
      76 | });
      77 |
        at /Users/asithalakmal/Documents/web/SmartHotel/tests/e2e/accessibility.spec.ts:74:49

    attachment #1: screenshot (image/png) ──────────────────────────────────────────────────────────
    ../../test-results/accessibility-Accessibilit-b1c7e--should-meet-WCAG-standards-Mobile-Chrome/test-failed-1.png
    ────────────────────────────────────────────────────────────────────────────────────────────────

    attachment #2: video (video/webm) ──────────────────────────────────────────────────────────────
    ../../test-results/accessibility-Accessibilit-b1c7e--should-meet-WCAG-standards-Mobile-Chrome/video-1.webm
    ────────────────────────────────────────────────────────────────────────────────────────────────

    attachment #3: video (video/webm) ──────────────────────────────────────────────────────────────
    ../../test-results/accessibility-Accessibilit-b1c7e--should-meet-WCAG-standards-Mobile-Chrome/video.webm
    ────────────────────────────────────────────────────────────────────────────────────────────────

    Error Context: ../../test-results/accessibility-Accessibilit-b1c7e--should-meet-WCAG-standards-Mobile-Chrome/error-context.md
]]>
</failure>
<system-out>
<![CDATA[
[[ATTACHMENT|accessibility-Accessibilit-b1c7e--should-meet-WCAG-standards-Mobile-Chrome/test-failed-1.png]]

[[ATTACHMENT|accessibility-Accessibilit-b1c7e--should-meet-WCAG-standards-Mobile-Chrome/video-1.webm]]

[[ATTACHMENT|accessibility-Accessibilit-b1c7e--should-meet-WCAG-standards-Mobile-Chrome/video.webm]]

[[ATTACHMENT|accessibility-Accessibilit-b1c7e--should-meet-WCAG-standards-Mobile-Chrome/error-context.md]]
]]>
</system-out>
</testcase>
</testsuite>
<testsuite name="accessibility.spec.ts" timestamp="2025-10-28T21:16:54.206Z" hostname="Mobile Safari" tests="7" failures="7" skipped="0" time="5.149" errors="0">
<testcase name="Accessibility Tests › Homepage should be accessible" classname="accessibility.spec.ts" time="0.972">
<failure message="accessibility.spec.ts:5:7 Homepage should be accessible" type="FAILURE">
<![CDATA[  [Mobile Safari] › accessibility.spec.ts:5:7 › Accessibility Tests › Homepage should be accessible 

    Error: browserContext.newPage: Protocol error (Emulation.setOrientationOverride): 'Emulation.setOrientationOverride' was not found
]]>
</failure>
</testcase>
<testcase name="Accessibility Tests › Booking page should be accessible" classname="accessibility.spec.ts" time="0.816">
<failure message="accessibility.spec.ts:14:7 Booking page should be accessible" type="FAILURE">
<![CDATA[  [Mobile Safari] › accessibility.spec.ts:14:7 › Accessibility Tests › Booking page should be accessible 

    Error: browserContext.newPage: Protocol error (Emulation.setOrientationOverride): 'Emulation.setOrientationOverride' was not found
]]>
</failure>
</testcase>
<testcase name="Accessibility Tests › Contact page should be accessible" classname="accessibility.spec.ts" time="0.702">
<failure message="accessibility.spec.ts:22:7 Contact page should be accessible" type="FAILURE">
<![CDATA[  [Mobile Safari] › accessibility.spec.ts:22:7 › Accessibility Tests › Contact page should be accessible 

    Error: browserContext.newPage: Protocol error (Emulation.setOrientationOverride): 'Emulation.setOrientationOverride' was not found
]]>
</failure>
</testcase>
<testcase name="Accessibility Tests › Navigation should be keyboard accessible" classname="accessibility.spec.ts" time="0.604">
<failure message="accessibility.spec.ts:30:7 Navigation should be keyboard accessible" type="FAILURE">
<![CDATA[  [Mobile Safari] › accessibility.spec.ts:30:7 › Accessibility Tests › Navigation should be keyboard accessible 

    Error: browserContext.newPage: Protocol error (Emulation.setOrientationOverride): 'Emulation.setOrientationOverride' was not found
]]>
</failure>
</testcase>
<testcase name="Accessibility Tests › Forms should have proper labels" classname="accessibility.spec.ts" time="0.711">
<failure message="accessibility.spec.ts:43:7 Forms should have proper labels" type="FAILURE">
<![CDATA[  [Mobile Safari] › accessibility.spec.ts:43:7 › Accessibility Tests › Forms should have proper labels 

    Error: browserContext.newPage: Protocol error (Emulation.setOrientationOverride): 'Emulation.setOrientationOverride' was not found
]]>
</failure>
</testcase>
<testcase name="Accessibility Tests › Images should have alt text" classname="accessibility.spec.ts" time="0.572">
<failure message="accessibility.spec.ts:57:7 Images should have alt text" type="FAILURE">
<![CDATA[  [Mobile Safari] › accessibility.spec.ts:57:7 › Accessibility Tests › Images should have alt text ─

    Error: browserContext.newPage: Protocol error (Emulation.setOrientationOverride): 'Emulation.setOrientationOverride' was not found
]]>
</failure>
</testcase>
<testcase name="Accessibility Tests › Color contrast should meet WCAG standards" classname="accessibility.spec.ts" time="0.772">
<failure message="accessibility.spec.ts:67:7 Color contrast should meet WCAG standards" type="FAILURE">
<![CDATA[  [Mobile Safari] › accessibility.spec.ts:67:7 › Accessibility Tests › Color contrast should meet WCAG standards 

    Error: browserContext.newPage: Protocol error (Emulation.setOrientationOverride): 'Emulation.setOrientationOverride' was not found
]]>
</failure>
</testcase>
</testsuite>
</testsuites>