{"/Users/asithalakmal/Documents/web/SmartHotel/app/layout.tsx": {"path":"/Users/asithalakmal/Documents/web/SmartHotel/app/layout.tsx","statementMap":{"0":{"start":{"line":100,"column":24},"end":{"line":100,"column":35}},"1":{"start":{"line":11,"column":13},"end":{"line":11,"column":23}},"2":{"start":{"line":15,"column":13},"end":{"line":15,"column":34}},"3":{"start":{"line":2,"column":22},"end":{"line":2,"column":null}},"4":{"start":{"line":3,"column":7},"end":{"line":3,"column":null}},"5":{"start":{"line":4,"column":24},"end":{"line":4,"column":null}},"6":{"start":{"line":5,"column":49},"end":{"line":5,"column":null}},"7":{"start":{"line":6,"column":30},"end":{"line":6,"column":null}},"8":{"start":{"line":7,"column":32},"end":{"line":7,"column":null}},"9":{"start":{"line":8,"column":29},"end":{"line":8,"column":null}},"10":{"start":{"line":11,"column":23},"end":{"line":11,"column":null}},"11":{"start":{"line":13,"column":14},"end":{"line":13,"column":null}},"12":{"start":{"line":15,"column":34},"end":{"line":89,"column":null}},"13":{"start":{"line":91,"column":20},"end":{"line":98,"column":null}}},"fnMap":{"0":{"name":"RootLayout","decl":{"start":{"line":100,"column":24},"end":{"line":100,"column":35}},"loc":{"start":{"line":104,"column":1},"end":{"line":156,"column":null}}}},"branchMap":{},"s":{"0":0,"1":0,"2":0,"3":0,"4":0,"5":0,"6":0,"7":0,"8":0,"9":0,"10":0,"11":0,"12":0,"13":0},"f":{"0":0},"b":{}}
,"/Users/asithalakmal/Documents/web/SmartHotel/app/page.tsx": {"path":"/Users/asithalakmal/Documents/web/SmartHotel/app/page.tsx","statementMap":{"0":{"start":{"line":13,"column":24},"end":{"line":13,"column":null}},"1":{"start":{"line":11,"column":13},"end":{"line":11,"column":23}},"2":{"start":{"line":1,"column":18},"end":{"line":1,"column":null}},"3":{"start":{"line":2,"column":17},"end":{"line":2,"column":null}},"4":{"start":{"line":3,"column":77},"end":{"line":3,"column":null}},"5":{"start":{"line":4,"column":23},"end":{"line":4,"column":null}},"6":{"start":{"line":5,"column":21},"end":{"line":5,"column":null}},"7":{"start":{"line":6,"column":22},"end":{"line":6,"column":null}},"8":{"start":{"line":7,"column":25},"end":{"line":7,"column":null}},"9":{"start":{"line":8,"column":24},"end":{"line":8,"column":null}},"10":{"start":{"line":11,"column":23},"end":{"line":11,"column":null}},"11":{"start":{"line":105,"column":14},"end":{"line":105,"column":34}},"12":{"start":{"line":152,"column":14},"end":{"line":152,"column":38}},"13":{"start":{"line":182,"column":22},"end":{"line":210,"column":null}},"14":{"start":{"line":212,"column":18},"end":{"line":233,"column":null}}},"fnMap":{"0":{"name":"HomePage","decl":{"start":{"line":13,"column":24},"end":{"line":13,"column":null}},"loc":{"start":{"line":13,"column":24},"end":{"line":180,"column":null}}},"1":{"name":"(anonymous_5)","decl":{"start":{"line":104,"column":31},"end":{"line":104,"column":32}},"loc":{"start":{"line":105,"column":14},"end":{"line":105,"column":34}}},"2":{"name":"(anonymous_6)","decl":{"start":{"line":151,"column":27},"end":{"line":151,"column":28}},"loc":{"start":{"line":152,"column":14},"end":{"line":152,"column":38}}}},"branchMap":{},"s":{"0":0,"1":0,"2":0,"3":0,"4":0,"5":0,"6":0,"7":0,"8":0,"9":0,"10":0,"11":0,"12":0,"13":0,"14":0},"f":{"0":0,"1":0,"2":0},"b":{}}
,"/Users/asithalakmal/Documents/web/SmartHotel/app/admin/layout.tsx": {"path":"/Users/asithalakmal/Documents/web/SmartHotel/app/admin/layout.tsx","statementMap":{"0":{"start":{"line":57,"column":24},"end":{"line":57,"column":36}},"1":{"start":{"line":3,"column":25},"end":{"line":3,"column":null}},"2":{"start":{"line":4,"column":17},"end":{"line":4,"column":null}},"3":{"start":{"line":5,"column":28},"end":{"line":5,"column":null}},"4":{"start":{"line":6,"column":36},"end":{"line":6,"column":null}},"5":{"start":{"line":29,"column":7},"end":{"line":29,"column":null}},"6":{"start":{"line":30,"column":23},"end":{"line":30,"column":null}},"7":{"start":{"line":31,"column":19},"end":{"line":31,"column":null}},"8":{"start":{"line":32,"column":27},"end":{"line":32,"column":null}},"9":{"start":{"line":33,"column":18},"end":{"line":33,"column":null}},"10":{"start":{"line":35,"column":19},"end":{"line":55,"column":null}},"11":{"start":{"line":62,"column":40},"end":{"line":62,"column":null}},"12":{"start":{"line":63,"column":50},"end":{"line":63,"column":null}},"13":{"start":{"line":64,"column":19},"end":{"line":64,"column":null}},"14":{"start":{"line":65,"column":28},"end":{"line":65,"column":null}},"15":{"start":{"line":67,"column":23},"end":{"line":74,"column":null}},"16":{"start":{"line":68,"column":4},"end":{"line":73,"column":null}},"17":{"start":{"line":69,"column":6},"end":{"line":69,"column":null}},"18":{"start":{"line":70,"column":6},"end":{"line":70,"column":null}},"19":{"start":{"line":72,"column":6},"end":{"line":72,"column":null}},"20":{"start":{"line":77,"column":29},"end":{"line":78,"column":null}},"21":{"start":{"line":78,"column":4},"end":{"line":78,"column":null}},"22":{"start":{"line":86,"column":80},"end":{"line":86,"column":null}},"23":{"start":{"line":96,"column":29},"end":{"line":96,"column":null}},"24":{"start":{"line":103,"column":31},"end":{"line":103,"column":53}},"25":{"start":{"line":104,"column":14},"end":{"line":106,"column":null}},"26":{"start":{"line":114,"column":33},"end":{"line":114,"column":null}},"27":{"start":{"line":149,"column":29},"end":{"line":149,"column":null}},"28":{"start":{"line":157,"column":31},"end":{"line":157,"column":53}},"29":{"start":{"line":158,"column":14},"end":{"line":160,"column":null}},"30":{"start":{"line":201,"column":27},"end":{"line":201,"column":null}}},"fnMap":{"0":{"name":"AdminLayout","decl":{"start":{"line":57,"column":24},"end":{"line":57,"column":36}},"loc":{"start":{"line":61,"column":1},"end":{"line":235,"column":null}}},"1":{"name":"(anonymous_3)","decl":{"start":{"line":67,"column":23},"end":{"line":67,"column":null}},"loc":{"start":{"line":67,"column":23},"end":{"line":74,"column":null}}},"2":{"name":"(anonymous_4)","decl":{"start":{"line":77,"column":47},"end":{"line":77,"column":null}},"loc":{"start":{"line":78,"column":4},"end":{"line":78,"column":null}}},"3":{"name":"(anonymous_5)","decl":{"start":{"line":86,"column":74},"end":{"line":86,"column":80}},"loc":{"start":{"line":86,"column":80},"end":{"line":86,"column":null}}},"4":{"name":"(anonymous_6)","decl":{"start":{"line":96,"column":23},"end":{"line":96,"column":29}},"loc":{"start":{"line":96,"column":29},"end":{"line":96,"column":null}}},"5":{"name":"(anonymous_7)","decl":{"start":{"line":102,"column":36},"end":{"line":102,"column":37}},"loc":{"start":{"line":102,"column":37},"end":{"line":120,"column":null}}},"6":{"name":"(anonymous_8)","decl":{"start":{"line":114,"column":27},"end":{"line":114,"column":33}},"loc":{"start":{"line":114,"column":33},"end":{"line":114,"column":null}}},"7":{"name":"(anonymous_9)","decl":{"start":{"line":149,"column":23},"end":{"line":149,"column":29}},"loc":{"start":{"line":149,"column":29},"end":{"line":149,"column":null}}},"8":{"name":"(anonymous_10)","decl":{"start":{"line":156,"column":36},"end":{"line":156,"column":37}},"loc":{"start":{"line":156,"column":37},"end":{"line":174,"column":null}}},"9":{"name":"(anonymous_11)","decl":{"start":{"line":201,"column":21},"end":{"line":201,"column":27}},"loc":{"start":{"line":201,"column":27},"end":{"line":201,"column":null}}}},"branchMap":{"0":{"loc":{"start":{"line":78,"column":4},"end":{"line":78,"column":null}},"type":"binary-expr","locations":[{"start":{"line":78,"column":4},"end":{"line":78,"column":27}},{"start":{"line":78,"column":27},"end":{"line":78,"column":null}}]},"1":{"loc":{"start":{"line":85,"column":54},"end":{"line":85,"column":88}},"type":"cond-expr","locations":[{"start":{"line":85,"column":68},"end":{"line":85,"column":78}},{"start":{"line":85,"column":78},"end":{"line":85,"column":88}}]},"2":{"loc":{"start":{"line":110,"column":20},"end":{"line":112,"column":null}},"type":"cond-expr","locations":[{"start":{"line":111,"column":24},"end":{"line":111,"column":null}},{"start":{"line":112,"column":24},"end":{"line":112,"column":null}}]},"3":{"loc":{"start":{"line":138,"column":8},"end":{"line":138,"column":null}},"type":"cond-expr","locations":[{"start":{"line":138,"column":27},"end":{"line":138,"column":39}},{"start":{"line":138,"column":39},"end":{"line":138,"column":null}}]},"4":{"loc":{"start":{"line":144,"column":15},"end":{"line":144,"column":36}},"type":"binary-expr","locations":[{"start":{"line":144,"column":15},"end":{"line":144,"column":36}}]},"5":{"loc":{"start":{"line":152,"column":34},"end":{"line":152,"column":74}},"type":"cond-expr","locations":[{"start":{"line":152,"column":34},"end":{"line":152,"column":74}}]},"6":{"loc":{"start":{"line":164,"column":20},"end":{"line":166,"column":null}},"type":"cond-expr","locations":[{"start":{"line":165,"column":24},"end":{"line":165,"column":null}},{"start":{"line":166,"column":24},"end":{"line":166,"column":null}}]},"7":{"loc":{"start":{"line":168,"column":25},"end":{"line":168,"column":null}},"type":"cond-expr","locations":[{"start":{"line":168,"column":44},"end":{"line":168,"column":53}},{"start":{"line":168,"column":56},"end":{"line":168,"column":null}}]},"8":{"loc":{"start":{"line":170,"column":54},"end":{"line":170,"column":null}},"type":"cond-expr","locations":[{"start":{"line":170,"column":73},"end":{"line":170,"column":85}},{"start":{"line":170,"column":85},"end":{"line":170,"column":null}}]},"9":{"loc":{"start":{"line":171,"column":19},"end":{"line":171,"column":49}},"type":"binary-expr","locations":[{"start":{"line":171,"column":19},"end":{"line":171,"column":40}},{"start":{"line":171,"column":40},"end":{"line":171,"column":49}}]},"10":{"loc":{"start":{"line":181,"column":16},"end":{"line":181,"column":null}},"type":"binary-expr","locations":[{"start":{"line":181,"column":16},"end":{"line":181,"column":36}},{"start":{"line":181,"column":36},"end":{"line":181,"column":null}}]},"11":{"loc":{"start":{"line":184,"column":21},"end":{"line":184,"column":null}},"type":"cond-expr","locations":[{"start":{"line":184,"column":40},"end":{"line":184,"column":51}},{"start":{"line":184,"column":51},"end":{"line":184,"column":null}}]},"12":{"loc":{"start":{"line":186,"column":47},"end":{"line":186,"column":null}},"type":"cond-expr","locations":[{"start":{"line":186,"column":66},"end":{"line":186,"column":78}},{"start":{"line":186,"column":78},"end":{"line":186,"column":null}}]},"13":{"loc":{"start":{"line":187,"column":15},"end":{"line":187,"column":null}},"type":"binary-expr","locations":[{"start":{"line":187,"column":15},"end":{"line":187,"column":36}},{"start":{"line":187,"column":36},"end":{"line":187,"column":null}}]},"14":{"loc":{"start":{"line":194,"column":56},"end":{"line":194,"column":null}},"type":"cond-expr","locations":[{"start":{"line":194,"column":75},"end":{"line":194,"column":88}},{"start":{"line":194,"column":88},"end":{"line":194,"column":null}}]},"15":{"loc":{"start":{"line":213,"column":21},"end":{"line":213,"column":null}},"type":"binary-expr","locations":[{"start":{"line":213,"column":21},"end":{"line":213,"column":55}},{"start":{"line":213,"column":55},"end":{"line":213,"column":null}}]},"16":{"loc":{"start":{"line":217,"column":57},"end":{"line":217,"column":null}},"type":"binary-expr","locations":[{"start":{"line":217,"column":57},"end":{"line":217,"column":80}},{"start":{"line":217,"column":80},"end":{"line":217,"column":null}}]}},"s":{"0":0,"1":0,"2":0,"3":0,"4":0,"5":0,"6":0,"7":0,"8":0,"9":0,"10":0,"11":0,"12":0,"13":0,"14":0,"15":0,"16":0,"17":0,"18":0,"19":0,"20":0,"21":0,"22":0,"23":0,"24":0,"25":0,"26":0,"27":0,"28":0,"29":0,"30":0},"f":{"0":0,"1":0,"2":0,"3":0,"4":0,"5":0,"6":0,"7":0,"8":0,"9":0},"b":{"0":[0,0],"1":[0,0],"2":[0,0],"3":[0,0],"4":[0],"5":[0],"6":[0,0],"7":[0,0],"8":[0,0],"9":[0,0],"10":[0,0],"11":[0,0],"12":[0,0],"13":[0,0],"14":[0,0],"15":[0,0],"16":[0,0]}}
,"/Users/asithalakmal/Documents/web/SmartHotel/app/admin/page.tsx": {"path":"/Users/asithalakmal/Documents/web/SmartHotel/app/admin/page.tsx","statementMap":{"0":{"start":{"line":25,"column":24},"end":{"line":25,"column":null}},"1":{"start":{"line":4,"column":13},"end":{"line":4,"column":23}},"2":{"start":{"line":6,"column":25},"end":{"line":6,"column":null}},"3":{"start":{"line":19,"column":7},"end":{"line":19,"column":null}},"4":{"start":{"line":20,"column":57},"end":{"line":20,"column":null}},"5":{"start":{"line":21,"column":23},"end":{"line":21,"column":null}},"6":{"start":{"line":22,"column":22},"end":{"line":22,"column":null}},"7":{"start":{"line":23,"column":106},"end":{"line":23,"column":null}},"8":{"start":{"line":4,"column":23},"end":{"line":4,"column":null}},"9":{"start":{"line":26,"column":36},"end":{"line":26,"column":null}},"10":{"start":{"line":39,"column":29},"end":{"line":39,"column":null}},"11":{"start":{"line":160,"column":16},"end":{"line":160,"column":38}},"12":{"start":{"line":268,"column":20},"end":{"line":276,"column":null}},"13":{"start":{"line":278,"column":22},"end":{"line":283,"column":null}},"14":{"start":{"line":285,"column":23},"end":{"line":322,"column":null}}},"fnMap":{"0":{"name":"AdminDashboard","decl":{"start":{"line":25,"column":24},"end":{"line":25,"column":null}},"loc":{"start":{"line":25,"column":24},"end":{"line":266,"column":null}}},"1":{"name":"(anonymous_4)","decl":{"start":{"line":39,"column":22},"end":{"line":39,"column":23}},"loc":{"start":{"line":39,"column":29},"end":{"line":39,"column":null}}},"2":{"name":"(anonymous_5)","decl":{"start":{"line":159,"column":34},"end":{"line":159,"column":35}},"loc":{"start":{"line":160,"column":16},"end":{"line":160,"column":38}}}},"branchMap":{"0":{"loc":{"start":{"line":173,"column":36},"end":{"line":173,"column":null}},"type":"cond-expr","locations":[{"start":{"line":173,"column":69},"end":{"line":173,"column":81}},{"start":{"line":173,"column":81},"end":{"line":173,"column":null}}]}},"s":{"0":0,"1":0,"2":0,"3":0,"4":0,"5":0,"6":0,"7":0,"8":0,"9":0,"10":0,"11":0,"12":0,"13":0,"14":0},"f":{"0":0,"1":0,"2":0},"b":{"0":[0,0]}}
,"/Users/asithalakmal/Documents/web/SmartHotel/app/admin/analytics/page.tsx": {"path":"/Users/asithalakmal/Documents/web/SmartHotel/app/admin/analytics/page.tsx","statementMap":{"0":{"start":{"line":85,"column":24},"end":{"line":85,"column":null}},"1":{"start":{"line":3,"column":36},"end":{"line":3,"column":null}},"2":{"start":{"line":4,"column":27},"end":{"line":4,"column":null}},"3":{"start":{"line":15,"column":7},"end":{"line":15,"column":null}},"4":{"start":{"line":16,"column":23},"end":{"line":16,"column":null}},"5":{"start":{"line":17,"column":57},"end":{"line":17,"column":null}},"6":{"start":{"line":18,"column":22},"end":{"line":18,"column":null}},"7":{"start":{"line":32,"column":7},"end":{"line":32,"column":null}},"8":{"start":{"line":33,"column":104},"end":{"line":33,"column":null}},"9":{"start":{"line":34,"column":18},"end":{"line":34,"column":null}},"10":{"start":{"line":86,"column":28},"end":{"line":86,"column":null}},"11":{"start":{"line":87,"column":26},"end":{"line":87,"column":null}},"12":{"start":{"line":88,"column":32},"end":{"line":88,"column":null}},"13":{"start":{"line":89,"column":36},"end":{"line":89,"column":54}},"14":{"start":{"line":90,"column":38},"end":{"line":90,"column":null}},"15":{"start":{"line":92,"column":2},"end":{"line":94,"column":null}},"16":{"start":{"line":93,"column":4},"end":{"line":93,"column":null}},"17":{"start":{"line":96,"column":25},"end":{"line":113,"column":null}},"18":{"start":{"line":97,"column":4},"end":{"line":112,"column":null}},"19":{"start":{"line":98,"column":6},"end":{"line":98,"column":null}},"20":{"start":{"line":99,"column":23},"end":{"line":99,"column":null}},"21":{"start":{"line":101,"column":6},"end":{"line":106,"column":null}},"22":{"start":{"line":102,"column":30},"end":{"line":102,"column":null}},"23":{"start":{"line":103,"column":8},"end":{"line":103,"column":null}},"24":{"start":{"line":105,"column":8},"end":{"line":105,"column":null}},"25":{"start":{"line":108,"column":6},"end":{"line":108,"column":null}},"26":{"start":{"line":109,"column":6},"end":{"line":109,"column":null}},"27":{"start":{"line":111,"column":6},"end":{"line":111,"column":null}},"28":{"start":{"line":115,"column":23},"end":{"line":137,"column":null}},"29":{"start":{"line":116,"column":4},"end":{"line":136,"column":null}},"30":{"start":{"line":117,"column":23},"end":{"line":117,"column":null}},"31":{"start":{"line":119,"column":6},"end":{"line":132,"column":null}},"32":{"start":{"line":120,"column":21},"end":{"line":120,"column":null}},"33":{"start":{"line":121,"column":20},"end":{"line":121,"column":null}},"34":{"start":{"line":122,"column":18},"end":{"line":122,"column":null}},"35":{"start":{"line":123,"column":8},"end":{"line":123,"column":null}},"36":{"start":{"line":124,"column":8},"end":{"line":124,"column":null}},"37":{"start":{"line":125,"column":8},"end":{"line":125,"column":null}},"38":{"start":{"line":126,"column":8},"end":{"line":126,"column":null}},"39":{"start":{"line":127,"column":8},"end":{"line":127,"column":null}},"40":{"start":{"line":128,"column":8},"end":{"line":128,"column":null}},"41":{"start":{"line":129,"column":8},"end":{"line":129,"column":null}},"42":{"start":{"line":131,"column":8},"end":{"line":131,"column":null}},"43":{"start":{"line":134,"column":6},"end":{"line":134,"column":null}},"44":{"start":{"line":135,"column":6},"end":{"line":135,"column":null}},"45":{"start":{"line":139,"column":17},"end":{"line":139,"column":null}},"46":{"start":{"line":141,"column":2},"end":{"line":147,"column":null}},"47":{"start":{"line":149,"column":2},"end":{"line":165,"column":null}},"48":{"start":{"line":158,"column":33},"end":{"line":158,"column":null}},"49":{"start":{"line":158,"column":55},"end":{"line":158,"column":null}},"50":{"start":{"line":186,"column":35},"end":{"line":186,"column":null}},"51":{"start":{"line":194,"column":37},"end":{"line":194,"column":null}},"52":{"start":{"line":194,"column":59},"end":{"line":194,"column":null}},"53":{"start":{"line":199,"column":57},"end":{"line":199,"column":null}},"54":{"start":{"line":203,"column":57},"end":{"line":203,"column":null}},"55":{"start":{"line":279,"column":46},"end":{"line":279,"column":null}},"56":{"start":{"line":283,"column":47},"end":{"line":283,"column":null}},"57":{"start":{"line":284,"column":47},"end":{"line":284,"column":null}},"58":{"start":{"line":311,"column":55},"end":{"line":311,"column":83}},"59":{"start":{"line":317,"column":22},"end":{"line":317,"column":50}},"60":{"start":{"line":320,"column":54},"end":{"line":320,"column":null}},"61":{"start":{"line":346,"column":20},"end":{"line":346,"column":46}},"62":{"start":{"line":390,"column":59},"end":{"line":393,"column":null}}},"fnMap":{"0":{"name":"AnalyticsPage","decl":{"start":{"line":85,"column":24},"end":{"line":85,"column":null}},"loc":{"start":{"line":85,"column":24},"end":{"line":405,"column":null}}},"1":{"name":"(anonymous_3)","decl":{"start":{"line":92,"column":12},"end":{"line":92,"column":null}},"loc":{"start":{"line":92,"column":12},"end":{"line":94,"column":5}}},"2":{"name":"(anonymous_4)","decl":{"start":{"line":96,"column":25},"end":{"line":96,"column":null}},"loc":{"start":{"line":96,"column":25},"end":{"line":113,"column":null}}},"3":{"name":"(anonymous_5)","decl":{"start":{"line":115,"column":23},"end":{"line":115,"column":30}},"loc":{"start":{"line":115,"column":30},"end":{"line":137,"column":null}}},"4":{"name":"(anonymous_6)","decl":{"start":{"line":158,"column":27},"end":{"line":158,"column":33}},"loc":{"start":{"line":158,"column":33},"end":{"line":158,"column":null}}},"5":{"name":"(anonymous_7)","decl":{"start":{"line":158,"column":47},"end":{"line":158,"column":55}},"loc":{"start":{"line":158,"column":55},"end":{"line":158,"column":null}}},"6":{"name":"(anonymous_8)","decl":{"start":{"line":186,"column":28},"end":{"line":186,"column":29}},"loc":{"start":{"line":186,"column":35},"end":{"line":186,"column":null}}},"7":{"name":"(anonymous_9)","decl":{"start":{"line":194,"column":31},"end":{"line":194,"column":37}},"loc":{"start":{"line":194,"column":37},"end":{"line":194,"column":null}}},"8":{"name":"(anonymous_10)","decl":{"start":{"line":194,"column":51},"end":{"line":194,"column":59}},"loc":{"start":{"line":194,"column":59},"end":{"line":194,"column":null}}},"9":{"name":"(anonymous_11)","decl":{"start":{"line":199,"column":51},"end":{"line":199,"column":57}},"loc":{"start":{"line":199,"column":57},"end":{"line":199,"column":null}}},"10":{"name":"(anonymous_12)","decl":{"start":{"line":203,"column":51},"end":{"line":203,"column":57}},"loc":{"start":{"line":203,"column":57},"end":{"line":203,"column":null}}},"11":{"name":"(anonymous_13)","decl":{"start":{"line":279,"column":35},"end":{"line":279,"column":36}},"loc":{"start":{"line":279,"column":46},"end":{"line":279,"column":null}}},"12":{"name":"(anonymous_14)","decl":{"start":{"line":283,"column":36},"end":{"line":283,"column":37}},"loc":{"start":{"line":283,"column":47},"end":{"line":283,"column":null}}},"13":{"name":"(anonymous_15)","decl":{"start":{"line":284,"column":31},"end":{"line":284,"column":32}},"loc":{"start":{"line":284,"column":47},"end":{"line":284,"column":null}}},"14":{"name":"(anonymous_16)","decl":{"start":{"line":311,"column":27},"end":{"line":311,"column":28}},"loc":{"start":{"line":311,"column":55},"end":{"line":311,"column":83}}},"15":{"name":"(anonymous_17)","decl":{"start":{"line":316,"column":43},"end":{"line":316,"column":44}},"loc":{"start":{"line":317,"column":22},"end":{"line":317,"column":50}}},"16":{"name":"(anonymous_18)","decl":{"start":{"line":320,"column":38},"end":{"line":320,"column":39}},"loc":{"start":{"line":320,"column":54},"end":{"line":320,"column":null}}},"17":{"name":"(anonymous_19)","decl":{"start":{"line":345,"column":37},"end":{"line":345,"column":38}},"loc":{"start":{"line":346,"column":20},"end":{"line":346,"column":46}}},"18":{"name":"(anonymous_20)","decl":{"start":{"line":390,"column":29},"end":{"line":390,"column":30}},"loc":{"start":{"line":390,"column":59},"end":{"line":393,"column":null}}}},"branchMap":{"0":{"loc":{"start":{"line":101,"column":6},"end":{"line":106,"column":null}},"type":"if","locations":[{"start":{"line":101,"column":6},"end":{"line":106,"column":null}},{"start":{"line":104,"column":13},"end":{"line":106,"column":null}}]},"1":{"loc":{"start":{"line":119,"column":6},"end":{"line":132,"column":null}},"type":"if","locations":[{"start":{"line":119,"column":6},"end":{"line":132,"column":null}},{"start":{"line":130,"column":13},"end":{"line":132,"column":null}}]},"2":{"loc":{"start":{"line":124,"column":89},"end":{"line":124,"column":122}},"type":"cond-expr","locations":[{"start":{"line":124,"column":106},"end":{"line":124,"column":114}},{"start":{"line":124,"column":114},"end":{"line":124,"column":122}}]},"3":{"loc":{"start":{"line":141,"column":2},"end":{"line":147,"column":null}},"type":"if","locations":[{"start":{"line":141,"column":2},"end":{"line":147,"column":null}}]},"4":{"loc":{"start":{"line":149,"column":2},"end":{"line":165,"column":null}},"type":"if","locations":[{"start":{"line":149,"column":2},"end":{"line":165,"column":null}}]},"5":{"loc":{"start":{"line":235,"column":17},"end":{"line":235,"column":54}},"type":"cond-expr","locations":[{"start":{"line":235,"column":44},"end":{"line":235,"column":50}},{"start":{"line":235,"column":50},"end":{"line":235,"column":54}}]},"6":{"loc":{"start":{"line":391,"column":20},"end":{"line":391,"column":null}},"type":"cond-expr","locations":[{"start":{"line":391,"column":41},"end":{"line":391,"column":69}},{"start":{"line":391,"column":72},"end":{"line":391,"column":null}}]}},"s":{"0":0,"1":0,"2":0,"3":0,"4":0,"5":0,"6":0,"7":0,"8":0,"9":0,"10":0,"11":0,"12":0,"13":0,"14":0,"15":0,"16":0,"17":0,"18":0,"19":0,"20":0,"21":0,"22":0,"23":0,"24":0,"25":0,"26":0,"27":0,"28":0,"29":0,"30":0,"31":0,"32":0,"33":0,"34":0,"35":0,"36":0,"37":0,"38":0,"39":0,"40":0,"41":0,"42":0,"43":0,"44":0,"45":0,"46":0,"47":0,"48":0,"49":0,"50":0,"51":0,"52":0,"53":0,"54":0,"55":0,"56":0,"57":0,"58":0,"59":0,"60":0,"61":0,"62":0},"f":{"0":0,"1":0,"2":0,"3":0,"4":0,"5":0,"6":0,"7":0,"8":0,"9":0,"10":0,"11":0,"12":0,"13":0,"14":0,"15":0,"16":0,"17":0,"18":0},"b":{"0":[0,0],"1":[0,0],"2":[0,0],"3":[0],"4":[0],"5":[0,0],"6":[0,0]}}
,"/Users/asithalakmal/Documents/web/SmartHotel/app/admin/bookings/page.tsx": {"path":"/Users/asithalakmal/Documents/web/SmartHotel/app/admin/bookings/page.tsx","statementMap":{"0":{"start":{"line":34,"column":24},"end":{"line":34,"column":null}},"1":{"start":{"line":3,"column":36},"end":{"line":3,"column":null}},"2":{"start":{"line":4,"column":27},"end":{"line":4,"column":null}},"3":{"start":{"line":5,"column":78},"end":{"line":5,"column":null}},"4":{"start":{"line":6,"column":23},"end":{"line":6,"column":null}},"5":{"start":{"line":7,"column":57},"end":{"line":7,"column":null}},"6":{"start":{"line":8,"column":22},"end":{"line":8,"column":null}},"7":{"start":{"line":9,"column":23},"end":{"line":9,"column":null}},"8":{"start":{"line":10,"column":18},"end":{"line":10,"column":null}},"9":{"start":{"line":35,"column":34},"end":{"line":35,"column":null}},"10":{"start":{"line":36,"column":32},"end":{"line":36,"column":null}},"11":{"start":{"line":37,"column":38},"end":{"line":37,"column":null}},"12":{"start":{"line":38,"column":42},"end":{"line":38,"column":null}},"13":{"start":{"line":39,"column":56},"end":{"line":39,"column":null}},"14":{"start":{"line":40,"column":48},"end":{"line":40,"column":null}},"15":{"start":{"line":42,"column":28},"end":{"line":42,"column":null}},"16":{"start":{"line":44,"column":2},"end":{"line":46,"column":null}},"17":{"start":{"line":45,"column":4},"end":{"line":45,"column":null}},"18":{"start":{"line":48,"column":24},"end":{"line":62,"column":null}},"19":{"start":{"line":49,"column":4},"end":{"line":61,"column":null}},"20":{"start":{"line":50,"column":23},"end":{"line":50,"column":null}},"21":{"start":{"line":51,"column":6},"end":{"line":56,"column":null}},"22":{"start":{"line":52,"column":21},"end":{"line":52,"column":null}},"23":{"start":{"line":53,"column":8},"end":{"line":53,"column":null}},"24":{"start":{"line":55,"column":8},"end":{"line":55,"column":null}},"25":{"start":{"line":58,"column":6},"end":{"line":58,"column":null}},"26":{"start":{"line":60,"column":6},"end":{"line":60,"column":null}},"27":{"start":{"line":64,"column":29},"end":{"line":84,"column":null}},"28":{"start":{"line":65,"column":4},"end":{"line":83,"column":null}},"29":{"start":{"line":66,"column":23},"end":{"line":72,"column":null}},"30":{"start":{"line":74,"column":6},"end":{"line":80,"column":null}},"31":{"start":{"line":75,"column":8},"end":{"line":75,"column":null}},"32":{"start":{"line":76,"column":8},"end":{"line":76,"column":null}},"33":{"start":{"line":78,"column":22},"end":{"line":78,"column":null}},"34":{"start":{"line":79,"column":8},"end":{"line":79,"column":null}},"35":{"start":{"line":82,"column":6},"end":{"line":82,"column":null}},"36":{"start":{"line":86,"column":23},"end":{"line":104,"column":null}},"37":{"start":{"line":87,"column":4},"end":{"line":87,"column":null}},"38":{"start":{"line":87,"column":67},"end":{"line":87,"column":null}},"39":{"start":{"line":89,"column":4},"end":{"line":103,"column":null}},"40":{"start":{"line":90,"column":23},"end":{"line":92,"column":null}},"41":{"start":{"line":94,"column":6},"end":{"line":100,"column":null}},"42":{"start":{"line":95,"column":8},"end":{"line":95,"column":null}},"43":{"start":{"line":96,"column":8},"end":{"line":96,"column":null}},"44":{"start":{"line":98,"column":22},"end":{"line":98,"column":null}},"45":{"start":{"line":99,"column":8},"end":{"line":99,"column":null}},"46":{"start":{"line":102,"column":6},"end":{"line":102,"column":null}},"47":{"start":{"line":106,"column":25},"end":{"line":115,"column":null}},"48":{"start":{"line":107,"column":4},"end":{"line":114,"column":null}},"49":{"start":{"line":108,"column":22},"end":{"line":108,"column":null}},"50":{"start":{"line":109,"column":24},"end":{"line":109,"column":null}},"51":{"start":{"line":110,"column":25},"end":{"line":110,"column":null}},"52":{"start":{"line":111,"column":26},"end":{"line":111,"column":null}},"53":{"start":{"line":112,"column":24},"end":{"line":112,"column":null}},"54":{"start":{"line":113,"column":15},"end":{"line":113,"column":null}},"55":{"start":{"line":117,"column":32},"end":{"line":125,"column":null}},"56":{"start":{"line":118,"column":4},"end":{"line":124,"column":null}},"57":{"start":{"line":119,"column":22},"end":{"line":119,"column":null}},"58":{"start":{"line":120,"column":19},"end":{"line":120,"column":null}},"59":{"start":{"line":121,"column":21},"end":{"line":121,"column":null}},"60":{"start":{"line":122,"column":23},"end":{"line":122,"column":null}},"61":{"start":{"line":123,"column":15},"end":{"line":123,"column":null}},"62":{"start":{"line":127,"column":27},"end":{"line":134,"column":null}},"63":{"start":{"line":128,"column":26},"end":{"line":130,"column":null}},"64":{"start":{"line":131,"column":26},"end":{"line":131,"column":null}},"65":{"start":{"line":132,"column":33},"end":{"line":132,"column":null}},"66":{"start":{"line":133,"column":4},"end":{"line":133,"column":null}},"67":{"start":{"line":136,"column":2},"end":{"line":155,"column":null}},"68":{"start":{"line":144,"column":16},"end":{"line":144,"column":29}},"69":{"start":{"line":176,"column":37},"end":{"line":176,"column":null}},"70":{"start":{"line":185,"column":35},"end":{"line":185,"column":null}},"71":{"start":{"line":200,"column":35},"end":{"line":200,"column":null}},"72":{"start":{"line":214,"column":20},"end":{"line":214,"column":null}},"73":{"start":{"line":215,"column":20},"end":{"line":215,"column":null}},"74":{"start":{"line":216,"column":20},"end":{"line":216,"column":null}},"75":{"start":{"line":231,"column":12},"end":{"line":231,"column":35}},"76":{"start":{"line":302,"column":37},"end":{"line":302,"column":null}},"77":{"start":{"line":311,"column":39},"end":{"line":311,"column":null}},"78":{"start":{"line":320,"column":39},"end":{"line":320,"column":null}},"79":{"start":{"line":329,"column":39},"end":{"line":329,"column":null}},"80":{"start":{"line":338,"column":39},"end":{"line":338,"column":null}},"81":{"start":{"line":348,"column":39},"end":{"line":348,"column":null}},"82":{"start":{"line":376,"column":33},"end":{"line":376,"column":null}}},"fnMap":{"0":{"name":"BookingsPage","decl":{"start":{"line":34,"column":24},"end":{"line":34,"column":null}},"loc":{"start":{"line":34,"column":24},"end":{"line":431,"column":null}}},"1":{"name":"(anonymous_3)","decl":{"start":{"line":44,"column":12},"end":{"line":44,"column":null}},"loc":{"start":{"line":44,"column":12},"end":{"line":46,"column":5}}},"2":{"name":"(anonymous_4)","decl":{"start":{"line":48,"column":24},"end":{"line":48,"column":null}},"loc":{"start":{"line":48,"column":24},"end":{"line":62,"column":null}}},"3":{"name":"(anonymous_5)","decl":{"start":{"line":64,"column":29},"end":{"line":64,"column":36}},"loc":{"start":{"line":64,"column":55},"end":{"line":84,"column":null}}},"4":{"name":"(anonymous_6)","decl":{"start":{"line":86,"column":23},"end":{"line":86,"column":30}},"loc":{"start":{"line":86,"column":30},"end":{"line":104,"column":null}}},"5":{"name":"(anonymous_7)","decl":{"start":{"line":106,"column":25},"end":{"line":106,"column":26}},"loc":{"start":{"line":106,"column":26},"end":{"line":115,"column":null}}},"6":{"name":"(anonymous_8)","decl":{"start":{"line":117,"column":32},"end":{"line":117,"column":33}},"loc":{"start":{"line":117,"column":33},"end":{"line":125,"column":null}}},"7":{"name":"(anonymous_9)","decl":{"start":{"line":127,"column":43},"end":{"line":127,"column":null}},"loc":{"start":{"line":127,"column":43},"end":{"line":134,"column":null}}},"8":{"name":"(anonymous_10)","decl":{"start":{"line":143,"column":33},"end":{"line":143,"column":34}},"loc":{"start":{"line":144,"column":16},"end":{"line":144,"column":29}}},"9":{"name":"(anonymous_11)","decl":{"start":{"line":176,"column":30},"end":{"line":176,"column":31}},"loc":{"start":{"line":176,"column":37},"end":{"line":176,"column":null}}},"10":{"name":"(anonymous_12)","decl":{"start":{"line":185,"column":28},"end":{"line":185,"column":29}},"loc":{"start":{"line":185,"column":35},"end":{"line":185,"column":null}}},"11":{"name":"(anonymous_13)","decl":{"start":{"line":200,"column":28},"end":{"line":200,"column":29}},"loc":{"start":{"line":200,"column":35},"end":{"line":200,"column":null}}},"12":{"name":"(anonymous_14)","decl":{"start":{"line":213,"column":27},"end":{"line":213,"column":null}},"loc":{"start":{"line":213,"column":27},"end":{"line":217,"column":null}}},"13":{"name":"(anonymous_15)","decl":{"start":{"line":230,"column":32},"end":{"line":230,"column":33}},"loc":{"start":{"line":231,"column":12},"end":{"line":231,"column":35}}},"14":{"name":"(anonymous_16)","decl":{"start":{"line":302,"column":31},"end":{"line":302,"column":37}},"loc":{"start":{"line":302,"column":37},"end":{"line":302,"column":null}}},"15":{"name":"(anonymous_17)","decl":{"start":{"line":311,"column":33},"end":{"line":311,"column":39}},"loc":{"start":{"line":311,"column":39},"end":{"line":311,"column":null}}},"16":{"name":"(anonymous_18)","decl":{"start":{"line":320,"column":33},"end":{"line":320,"column":39}},"loc":{"start":{"line":320,"column":39},"end":{"line":320,"column":null}}},"17":{"name":"(anonymous_19)","decl":{"start":{"line":329,"column":33},"end":{"line":329,"column":39}},"loc":{"start":{"line":329,"column":39},"end":{"line":329,"column":null}}},"18":{"name":"(anonymous_20)","decl":{"start":{"line":338,"column":33},"end":{"line":338,"column":39}},"loc":{"start":{"line":338,"column":39},"end":{"line":338,"column":null}}},"19":{"name":"(anonymous_21)","decl":{"start":{"line":348,"column":33},"end":{"line":348,"column":39}},"loc":{"start":{"line":348,"column":39},"end":{"line":348,"column":null}}},"20":{"name":"(anonymous_22)","decl":{"start":{"line":376,"column":27},"end":{"line":376,"column":33}},"loc":{"start":{"line":376,"column":33},"end":{"line":376,"column":null}}}},"branchMap":{"0":{"loc":{"start":{"line":51,"column":6},"end":{"line":56,"column":null}},"type":"if","locations":[{"start":{"line":51,"column":6},"end":{"line":56,"column":null}},{"start":{"line":54,"column":13},"end":{"line":56,"column":null}}]},"1":{"loc":{"start":{"line":74,"column":6},"end":{"line":80,"column":null}},"type":"if","locations":[{"start":{"line":74,"column":6},"end":{"line":80,"column":null}},{"start":{"line":77,"column":13},"end":{"line":80,"column":null}}]},"2":{"loc":{"start":{"line":79,"column":20},"end":{"line":79,"column":null}},"type":"binary-expr","locations":[{"start":{"line":79,"column":20},"end":{"line":79,"column":31}},{"start":{"line":79,"column":35},"end":{"line":79,"column":null}}]},"3":{"loc":{"start":{"line":87,"column":4},"end":{"line":87,"column":null}},"type":"if","locations":[{"start":{"line":87,"column":4},"end":{"line":87,"column":null}}]},"4":{"loc":{"start":{"line":94,"column":6},"end":{"line":100,"column":null}},"type":"if","locations":[{"start":{"line":94,"column":6},"end":{"line":100,"column":null}},{"start":{"line":97,"column":13},"end":{"line":100,"column":null}}]},"5":{"loc":{"start":{"line":99,"column":20},"end":{"line":99,"column":null}},"type":"binary-expr","locations":[{"start":{"line":99,"column":20},"end":{"line":99,"column":31}},{"start":{"line":99,"column":35},"end":{"line":99,"column":null}}]},"6":{"loc":{"start":{"line":107,"column":4},"end":{"line":114,"column":null}},"type":"switch","locations":[{"start":{"line":108,"column":6},"end":{"line":108,"column":null}},{"start":{"line":109,"column":6},"end":{"line":109,"column":null}},{"start":{"line":110,"column":6},"end":{"line":110,"column":null}},{"start":{"line":111,"column":6},"end":{"line":111,"column":null}},{"start":{"line":112,"column":6},"end":{"line":112,"column":null}},{"start":{"line":113,"column":6},"end":{"line":113,"column":null}}]},"7":{"loc":{"start":{"line":118,"column":4},"end":{"line":124,"column":null}},"type":"switch","locations":[{"start":{"line":119,"column":6},"end":{"line":119,"column":null}},{"start":{"line":120,"column":6},"end":{"line":120,"column":null}},{"start":{"line":121,"column":6},"end":{"line":121,"column":null}},{"start":{"line":122,"column":6},"end":{"line":122,"column":null}},{"start":{"line":123,"column":6},"end":{"line":123,"column":null}}]},"8":{"loc":{"start":{"line":128,"column":26},"end":{"line":130,"column":null}},"type":"binary-expr","locations":[{"start":{"line":128,"column":26},"end":{"line":128,"column":null}},{"start":{"line":129,"column":25},"end":{"line":129,"column":null}},{"start":{"line":130,"column":25},"end":{"line":130,"column":null}}]},"9":{"loc":{"start":{"line":131,"column":26},"end":{"line":131,"column":null}},"type":"binary-expr","locations":[{"start":{"line":131,"column":26},"end":{"line":131,"column":52}},{"start":{"line":131,"column":52},"end":{"line":131,"column":null}}]},"10":{"loc":{"start":{"line":132,"column":33},"end":{"line":132,"column":null}},"type":"binary-expr","locations":[{"start":{"line":132,"column":33},"end":{"line":132,"column":66}},{"start":{"line":132,"column":66},"end":{"line":132,"column":null}}]},"11":{"loc":{"start":{"line":133,"column":11},"end":{"line":133,"column":null}},"type":"binary-expr","locations":[{"start":{"line":133,"column":11},"end":{"line":133,"column":28}},{"start":{"line":133,"column":28},"end":{"line":133,"column":45}},{"start":{"line":133,"column":45},"end":{"line":133,"column":null}}]},"12":{"loc":{"start":{"line":136,"column":2},"end":{"line":155,"column":null}},"type":"if","locations":[{"start":{"line":136,"column":2},"end":{"line":155,"column":null}}]},"13":{"loc":{"start":{"line":276,"column":46},"end":{"line":276,"column":null}},"type":"cond-expr","locations":[{"start":{"line":276,"column":69},"end":{"line":276,"column":79}},{"start":{"line":276,"column":79},"end":{"line":276,"column":null}}]},"14":{"loc":{"start":{"line":307,"column":21},"end":{"line":307,"column":null}},"type":"binary-expr","locations":[{"start":{"line":307,"column":21},"end":{"line":307,"column":null}}]},"15":{"loc":{"start":{"line":316,"column":21},"end":{"line":316,"column":null}},"type":"binary-expr","locations":[{"start":{"line":316,"column":21},"end":{"line":316,"column":null}}]},"16":{"loc":{"start":{"line":325,"column":21},"end":{"line":325,"column":null}},"type":"binary-expr","locations":[{"start":{"line":325,"column":21},"end":{"line":325,"column":null}}]},"17":{"loc":{"start":{"line":334,"column":21},"end":{"line":334,"column":null}},"type":"binary-expr","locations":[{"start":{"line":334,"column":21},"end":{"line":334,"column":null}}]},"18":{"loc":{"start":{"line":344,"column":21},"end":{"line":344,"column":null}},"type":"binary-expr","locations":[{"start":{"line":344,"column":21},"end":{"line":344,"column":null}}]},"19":{"loc":{"start":{"line":361,"column":9},"end":{"line":361,"column":null}},"type":"binary-expr","locations":[{"start":{"line":361,"column":9},"end":{"line":361,"column":null}}]},"20":{"loc":{"start":{"line":368,"column":9},"end":{"line":368,"column":null}},"type":"binary-expr","locations":[{"start":{"line":368,"column":9},"end":{"line":368,"column":null}}]},"21":{"loc":{"start":{"line":418,"column":17},"end":{"line":418,"column":48}},"type":"binary-expr","locations":[{"start":{"line":418,"column":17},"end":{"line":418,"column":48}}]}},"s":{"0":0,"1":0,"2":0,"3":0,"4":0,"5":0,"6":0,"7":0,"8":0,"9":0,"10":0,"11":0,"12":0,"13":0,"14":0,"15":0,"16":0,"17":0,"18":0,"19":0,"20":0,"21":0,"22":0,"23":0,"24":0,"25":0,"26":0,"27":0,"28":0,"29":0,"30":0,"31":0,"32":0,"33":0,"34":0,"35":0,"36":0,"37":0,"38":0,"39":0,"40":0,"41":0,"42":0,"43":0,"44":0,"45":0,"46":0,"47":0,"48":0,"49":0,"50":0,"51":0,"52":0,"53":0,"54":0,"55":0,"56":0,"57":0,"58":0,"59":0,"60":0,"61":0,"62":0,"63":0,"64":0,"65":0,"66":0,"67":0,"68":0,"69":0,"70":0,"71":0,"72":0,"73":0,"74":0,"75":0,"76":0,"77":0,"78":0,"79":0,"80":0,"81":0,"82":0},"f":{"0":0,"1":0,"2":0,"3":0,"4":0,"5":0,"6":0,"7":0,"8":0,"9":0,"10":0,"11":0,"12":0,"13":0,"14":0,"15":0,"16":0,"17":0,"18":0,"19":0,"20":0},"b":{"0":[0,0],"1":[0,0],"2":[0,0],"3":[0],"4":[0,0],"5":[0,0],"6":[0,0,0,0,0,0],"7":[0,0,0,0,0],"8":[0,0,0],"9":[0,0],"10":[0,0],"11":[0,0,0],"12":[0],"13":[0,0],"14":[0],"15":[0],"16":[0],"17":[0],"18":[0],"19":[0],"20":[0],"21":[0]}}
,"/Users/asithalakmal/Documents/web/SmartHotel/app/admin/calendar/page.tsx": {"path":"/Users/asithalakmal/Documents/web/SmartHotel/app/admin/calendar/page.tsx","statementMap":{"0":{"start":{"line":36,"column":24},"end":{"line":36,"column":null}},"1":{"start":{"line":3,"column":36},"end":{"line":3,"column":null}},"2":{"start":{"line":4,"column":27},"end":{"line":4,"column":null}},"3":{"start":{"line":5,"column":88},"end":{"line":5,"column":null}},"4":{"start":{"line":6,"column":23},"end":{"line":6,"column":null}},"5":{"start":{"line":7,"column":57},"end":{"line":7,"column":null}},"6":{"start":{"line":8,"column":22},"end":{"line":8,"column":null}},"7":{"start":{"line":9,"column":114},"end":{"line":9,"column":null}},"8":{"start":{"line":10,"column":18},"end":{"line":10,"column":null}},"9":{"start":{"line":37,"column":28},"end":{"line":37,"column":null}},"10":{"start":{"line":38,"column":40},"end":{"line":38,"column":null}},"11":{"start":{"line":39,"column":28},"end":{"line":39,"column":null}},"12":{"start":{"line":40,"column":34},"end":{"line":40,"column":null}},"13":{"start":{"line":41,"column":32},"end":{"line":41,"column":null}},"14":{"start":{"line":42,"column":42},"end":{"line":42,"column":null}},"15":{"start":{"line":43,"column":42},"end":{"line":43,"column":null}},"16":{"start":{"line":45,"column":2},"end":{"line":47,"column":null}},"17":{"start":{"line":46,"column":4},"end":{"line":46,"column":null}},"18":{"start":{"line":49,"column":20},"end":{"line":71,"column":null}},"19":{"start":{"line":50,"column":4},"end":{"line":70,"column":null}},"20":{"start":{"line":51,"column":48},"end":{"line":54,"column":null}},"21":{"start":{"line":56,"column":6},"end":{"line":59,"column":null}},"22":{"start":{"line":57,"column":26},"end":{"line":57,"column":null}},"23":{"start":{"line":58,"column":8},"end":{"line":58,"column":null}},"24":{"start":{"line":61,"column":6},"end":{"line":64,"column":null}},"25":{"start":{"line":62,"column":29},"end":{"line":62,"column":null}},"26":{"start":{"line":63,"column":8},"end":{"line":63,"column":null}},"27":{"start":{"line":66,"column":6},"end":{"line":66,"column":null}},"28":{"start":{"line":67,"column":6},"end":{"line":67,"column":null}},"29":{"start":{"line":69,"column":6},"end":{"line":69,"column":null}},"30":{"start":{"line":73,"column":25},"end":{"line":77,"column":null}},"31":{"start":{"line":74,"column":18},"end":{"line":74,"column":null}},"32":{"start":{"line":75,"column":16},"end":{"line":75,"column":null}},"33":{"start":{"line":76,"column":4},"end":{"line":76,"column":null}},"34":{"start":{"line":79,"column":36},"end":{"line":87,"column":null}},"35":{"start":{"line":80,"column":4},"end":{"line":86,"column":null}},"36":{"start":{"line":81,"column":22},"end":{"line":81,"column":null}},"37":{"start":{"line":82,"column":23},"end":{"line":82,"column":null}},"38":{"start":{"line":83,"column":6},"end":{"line":85,"column":null}},"39":{"start":{"line":89,"column":27},"end":{"line":103,"column":null}},"40":{"start":{"line":90,"column":4},"end":{"line":90,"column":null}},"41":{"start":{"line":90,"column":31},"end":{"line":90,"column":null}},"42":{"start":{"line":92,"column":26},"end":{"line":93,"column":null}},"43":{"start":{"line":93,"column":6},"end":{"line":93,"column":null}},"44":{"start":{"line":96,"column":4},"end":{"line":100,"column":null}},"45":{"start":{"line":97,"column":6},"end":{"line":97,"column":null}},"46":{"start":{"line":97,"column":49},"end":{"line":97,"column":null}},"47":{"start":{"line":98,"column":6},"end":{"line":98,"column":null}},"48":{"start":{"line":98,"column":48},"end":{"line":98,"column":null}},"49":{"start":{"line":99,"column":6},"end":{"line":99,"column":null}},"50":{"start":{"line":102,"column":4},"end":{"line":102,"column":null}},"51":{"start":{"line":105,"column":25},"end":{"line":113,"column":null}},"52":{"start":{"line":106,"column":4},"end":{"line":112,"column":null}},"53":{"start":{"line":107,"column":24},"end":{"line":107,"column":null}},"54":{"start":{"line":108,"column":23},"end":{"line":108,"column":null}},"55":{"start":{"line":109,"column":24},"end":{"line":109,"column":null}},"56":{"start":{"line":110,"column":22},"end":{"line":110,"column":null}},"57":{"start":{"line":111,"column":15},"end":{"line":111,"column":null}},"58":{"start":{"line":115,"column":24},"end":{"line":123,"column":null}},"59":{"start":{"line":116,"column":4},"end":{"line":122,"column":null}},"60":{"start":{"line":125,"column":24},"end":{"line":133,"column":null}},"61":{"start":{"line":126,"column":4},"end":{"line":132,"column":null}},"62":{"start":{"line":127,"column":24},"end":{"line":127,"column":null}},"63":{"start":{"line":128,"column":23},"end":{"line":128,"column":null}},"64":{"start":{"line":129,"column":24},"end":{"line":129,"column":null}},"65":{"start":{"line":130,"column":22},"end":{"line":130,"column":null}},"66":{"start":{"line":131,"column":15},"end":{"line":131,"column":null}},"67":{"start":{"line":135,"column":26},"end":{"line":137,"column":null}},"68":{"start":{"line":136,"column":4},"end":{"line":136,"column":null}},"69":{"start":{"line":139,"column":26},"end":{"line":141,"column":null}},"70":{"start":{"line":140,"column":4},"end":{"line":140,"column":null}},"71":{"start":{"line":143,"column":37},"end":{"line":151,"column":null}},"72":{"start":{"line":144,"column":4},"end":{"line":144,"column":null}},"73":{"start":{"line":144,"column":23},"end":{"line":144,"column":null}},"74":{"start":{"line":146,"column":4},"end":{"line":150,"column":null}},"75":{"start":{"line":147,"column":22},"end":{"line":147,"column":null}},"76":{"start":{"line":148,"column":23},"end":{"line":148,"column":null}},"77":{"start":{"line":149,"column":6},"end":{"line":149,"column":null}},"78":{"start":{"line":153,"column":37},"end":{"line":157,"column":null}},"79":{"start":{"line":154,"column":4},"end":{"line":154,"column":null}},"80":{"start":{"line":154,"column":23},"end":{"line":154,"column":null}},"81":{"start":{"line":156,"column":4},"end":{"line":156,"column":null}},"82":{"start":{"line":156,"column":38},"end":{"line":156,"column":null}},"83":{"start":{"line":159,"column":2},"end":{"line":165,"column":null}},"84":{"start":{"line":186,"column":31},"end":{"line":186,"column":null}},"85":{"start":{"line":198,"column":31},"end":{"line":198,"column":null}},"86":{"start":{"line":221,"column":26},"end":{"line":221,"column":54}},"87":{"start":{"line":230,"column":24},"end":{"line":230,"column":42}},"88":{"start":{"line":236,"column":48},"end":{"line":236,"column":null}},"89":{"start":{"line":237,"column":43},"end":{"line":237,"column":null}},"90":{"start":{"line":239,"column":28},"end":{"line":240,"column":58}},"91":{"start":{"line":243,"column":49},"end":{"line":243,"column":null}},"92":{"start":{"line":299,"column":22},"end":{"line":299,"column":44}},"93":{"start":{"line":331,"column":44},"end":{"line":331,"column":73}},"94":{"start":{"line":337,"column":44},"end":{"line":337,"column":72}},"95":{"start":{"line":343,"column":44},"end":{"line":343,"column":75}}},"fnMap":{"0":{"name":"CalendarPage","decl":{"start":{"line":36,"column":24},"end":{"line":36,"column":null}},"loc":{"start":{"line":36,"column":24},"end":{"line":354,"column":null}}},"1":{"name":"(anonymous_3)","decl":{"start":{"line":45,"column":12},"end":{"line":45,"column":null}},"loc":{"start":{"line":45,"column":12},"end":{"line":47,"column":5}}},"2":{"name":"(anonymous_4)","decl":{"start":{"line":49,"column":20},"end":{"line":49,"column":null}},"loc":{"start":{"line":49,"column":20},"end":{"line":71,"column":null}}},"3":{"name":"(anonymous_5)","decl":{"start":{"line":73,"column":25},"end":{"line":73,"column":null}},"loc":{"start":{"line":73,"column":25},"end":{"line":77,"column":null}}},"4":{"name":"(anonymous_6)","decl":{"start":{"line":79,"column":36},"end":{"line":79,"column":37}},"loc":{"start":{"line":79,"column":53},"end":{"line":87,"column":null}}},"5":{"name":"(anonymous_7)","decl":{"start":{"line":80,"column":27},"end":{"line":80,"column":null}},"loc":{"start":{"line":80,"column":27},"end":{"line":86,"column":null}}},"6":{"name":"(anonymous_8)","decl":{"start":{"line":89,"column":27},"end":{"line":89,"column":28}},"loc":{"start":{"line":89,"column":28},"end":{"line":103,"column":null}}},"7":{"name":"(anonymous_9)","decl":{"start":{"line":92,"column":40},"end":{"line":92,"column":null}},"loc":{"start":{"line":93,"column":6},"end":{"line":93,"column":null}}},"8":{"name":"(anonymous_10)","decl":{"start":{"line":105,"column":25},"end":{"line":105,"column":26}},"loc":{"start":{"line":105,"column":26},"end":{"line":113,"column":null}}},"9":{"name":"(anonymous_11)","decl":{"start":{"line":115,"column":24},"end":{"line":115,"column":25}},"loc":{"start":{"line":115,"column":25},"end":{"line":123,"column":null}}},"10":{"name":"(anonymous_12)","decl":{"start":{"line":125,"column":24},"end":{"line":125,"column":25}},"loc":{"start":{"line":125,"column":25},"end":{"line":133,"column":null}}},"11":{"name":"(anonymous_13)","decl":{"start":{"line":135,"column":26},"end":{"line":135,"column":27}},"loc":{"start":{"line":135,"column":27},"end":{"line":137,"column":null}}},"12":{"name":"(anonymous_14)","decl":{"start":{"line":139,"column":26},"end":{"line":139,"column":27}},"loc":{"start":{"line":139,"column":27},"end":{"line":141,"column":null}}},"13":{"name":"(anonymous_15)","decl":{"start":{"line":143,"column":37},"end":{"line":143,"column":null}},"loc":{"start":{"line":143,"column":37},"end":{"line":151,"column":null}}},"14":{"name":"(anonymous_16)","decl":{"start":{"line":146,"column":27},"end":{"line":146,"column":null}},"loc":{"start":{"line":146,"column":27},"end":{"line":150,"column":null}}},"15":{"name":"(anonymous_17)","decl":{"start":{"line":153,"column":37},"end":{"line":153,"column":null}},"loc":{"start":{"line":153,"column":37},"end":{"line":157,"column":null}}},"16":{"name":"(anonymous_18)","decl":{"start":{"line":156,"column":27},"end":{"line":156,"column":38}},"loc":{"start":{"line":156,"column":38},"end":{"line":156,"column":null}}},"17":{"name":"(anonymous_19)","decl":{"start":{"line":186,"column":25},"end":{"line":186,"column":31}},"loc":{"start":{"line":186,"column":31},"end":{"line":186,"column":null}}},"18":{"name":"(anonymous_20)","decl":{"start":{"line":198,"column":25},"end":{"line":198,"column":31}},"loc":{"start":{"line":198,"column":31},"end":{"line":198,"column":null}}},"19":{"name":"(anonymous_21)","decl":{"start":{"line":220,"column":46},"end":{"line":220,"column":47}},"loc":{"start":{"line":221,"column":26},"end":{"line":221,"column":54}}},"20":{"name":"(anonymous_22)","decl":{"start":{"line":229,"column":33},"end":{"line":229,"column":34}},"loc":{"start":{"line":230,"column":24},"end":{"line":230,"column":42}}},"21":{"name":"(anonymous_23)","decl":{"start":{"line":235,"column":48},"end":{"line":235,"column":49}},"loc":{"start":{"line":235,"column":49},"end":{"line":251,"column":null}}},"22":{"name":"(anonymous_24)","decl":{"start":{"line":243,"column":43},"end":{"line":243,"column":49}},"loc":{"start":{"line":243,"column":49},"end":{"line":243,"column":null}}},"23":{"name":"(anonymous_25)","decl":{"start":{"line":298,"column":54},"end":{"line":298,"column":55}},"loc":{"start":{"line":299,"column":22},"end":{"line":299,"column":44}}},"24":{"name":"(anonymous_26)","decl":{"start":{"line":331,"column":36},"end":{"line":331,"column":44}},"loc":{"start":{"line":331,"column":44},"end":{"line":331,"column":73}}},"25":{"name":"(anonymous_27)","decl":{"start":{"line":337,"column":36},"end":{"line":337,"column":44}},"loc":{"start":{"line":337,"column":44},"end":{"line":337,"column":72}}},"26":{"name":"(anonymous_28)","decl":{"start":{"line":343,"column":36},"end":{"line":343,"column":44}},"loc":{"start":{"line":343,"column":44},"end":{"line":343,"column":75}}}},"branchMap":{"0":{"loc":{"start":{"line":56,"column":6},"end":{"line":59,"column":null}},"type":"if","locations":[{"start":{"line":56,"column":6},"end":{"line":59,"column":null}}]},"1":{"loc":{"start":{"line":61,"column":6},"end":{"line":64,"column":null}},"type":"if","locations":[{"start":{"line":61,"column":6},"end":{"line":64,"column":null}}]},"2":{"loc":{"start":{"line":83,"column":13},"end":{"line":85,"column":null}},"type":"binary-expr","locations":[{"start":{"line":83,"column":13},"end":{"line":83,"column":null}},{"start":{"line":84,"column":13},"end":{"line":84,"column":null}},{"start":{"line":85,"column":13},"end":{"line":85,"column":null}}]},"3":{"loc":{"start":{"line":90,"column":4},"end":{"line":90,"column":null}},"type":"if","locations":[{"start":{"line":90,"column":4},"end":{"line":90,"column":null}}]},"4":{"loc":{"start":{"line":96,"column":4},"end":{"line":100,"column":null}},"type":"if","locations":[{"start":{"line":96,"column":4},"end":{"line":100,"column":null}}]},"5":{"loc":{"start":{"line":97,"column":6},"end":{"line":97,"column":null}},"type":"if","locations":[{"start":{"line":97,"column":6},"end":{"line":97,"column":null}}]},"6":{"loc":{"start":{"line":98,"column":6},"end":{"line":98,"column":null}},"type":"if","locations":[{"start":{"line":98,"column":6},"end":{"line":98,"column":null}}]},"7":{"loc":{"start":{"line":106,"column":4},"end":{"line":112,"column":null}},"type":"switch","locations":[{"start":{"line":107,"column":6},"end":{"line":107,"column":null}},{"start":{"line":108,"column":6},"end":{"line":108,"column":null}},{"start":{"line":109,"column":6},"end":{"line":109,"column":null}},{"start":{"line":110,"column":6},"end":{"line":110,"column":null}},{"start":{"line":111,"column":6},"end":{"line":111,"column":null}}]},"8":{"loc":{"start":{"line":126,"column":4},"end":{"line":132,"column":null}},"type":"switch","locations":[{"start":{"line":127,"column":6},"end":{"line":127,"column":null}},{"start":{"line":128,"column":6},"end":{"line":128,"column":null}},{"start":{"line":129,"column":6},"end":{"line":129,"column":null}},{"start":{"line":130,"column":6},"end":{"line":130,"column":null}},{"start":{"line":131,"column":6},"end":{"line":131,"column":null}}]},"9":{"loc":{"start":{"line":144,"column":4},"end":{"line":144,"column":null}},"type":"if","locations":[{"start":{"line":144,"column":4},"end":{"line":144,"column":null}}]},"10":{"loc":{"start":{"line":149,"column":13},"end":{"line":149,"column":null}},"type":"binary-expr","locations":[{"start":{"line":149,"column":13},"end":{"line":149,"column":40}},{"start":{"line":149,"column":40},"end":{"line":149,"column":null}}]},"11":{"loc":{"start":{"line":154,"column":4},"end":{"line":154,"column":null}},"type":"if","locations":[{"start":{"line":154,"column":4},"end":{"line":154,"column":null}}]},"12":{"loc":{"start":{"line":159,"column":2},"end":{"line":165,"column":null}},"type":"if","locations":[{"start":{"line":159,"column":2},"end":{"line":165,"column":null}}]},"13":{"loc":{"start":{"line":289,"column":13},"end":{"line":289,"column":null}},"type":"binary-expr","locations":[{"start":{"line":289,"column":13},"end":{"line":289,"column":null}}]},"14":{"loc":{"start":{"line":309,"column":21},"end":{"line":309,"column":null}},"type":"binary-expr","locations":[{"start":{"line":309,"column":21},"end":{"line":309,"column":null}}]}},"s":{"0":0,"1":0,"2":0,"3":0,"4":0,"5":0,"6":0,"7":0,"8":0,"9":0,"10":0,"11":0,"12":0,"13":0,"14":0,"15":0,"16":0,"17":0,"18":0,"19":0,"20":0,"21":0,"22":0,"23":0,"24":0,"25":0,"26":0,"27":0,"28":0,"29":0,"30":0,"31":0,"32":0,"33":0,"34":0,"35":0,"36":0,"37":0,"38":0,"39":0,"40":0,"41":0,"42":0,"43":0,"44":0,"45":0,"46":0,"47":0,"48":0,"49":0,"50":0,"51":0,"52":0,"53":0,"54":0,"55":0,"56":0,"57":0,"58":0,"59":0,"60":0,"61":0,"62":0,"63":0,"64":0,"65":0,"66":0,"67":0,"68":0,"69":0,"70":0,"71":0,"72":0,"73":0,"74":0,"75":0,"76":0,"77":0,"78":0,"79":0,"80":0,"81":0,"82":0,"83":0,"84":0,"85":0,"86":0,"87":0,"88":0,"89":0,"90":0,"91":0,"92":0,"93":0,"94":0,"95":0},"f":{"0":0,"1":0,"2":0,"3":0,"4":0,"5":0,"6":0,"7":0,"8":0,"9":0,"10":0,"11":0,"12":0,"13":0,"14":0,"15":0,"16":0,"17":0,"18":0,"19":0,"20":0,"21":0,"22":0,"23":0,"24":0,"25":0,"26":0},"b":{"0":[0],"1":[0],"2":[0,0,0],"3":[0],"4":[0],"5":[0],"6":[0],"7":[0,0,0,0,0],"8":[0,0,0,0,0],"9":[0],"10":[0,0],"11":[0],"12":[0],"13":[0],"14":[0]}}
,"/Users/asithalakmal/Documents/web/SmartHotel/app/admin/dashboard/checkin-checkout/page.tsx": {"path":"/Users/asithalakmal/Documents/web/SmartHotel/app/admin/dashboard/checkin-checkout/page.tsx","statementMap":{"0":{"start":{"line":38,"column":24},"end":{"line":38,"column":null}},"1":{"start":{"line":3,"column":36},"end":{"line":3,"column":null}},"2":{"start":{"line":4,"column":27},"end":{"line":4,"column":null}},"3":{"start":{"line":5,"column":103},"end":{"line":5,"column":null}},"4":{"start":{"line":6,"column":23},"end":{"line":6,"column":null}},"5":{"start":{"line":7,"column":57},"end":{"line":7,"column":null}},"6":{"start":{"line":8,"column":22},"end":{"line":8,"column":null}},"7":{"start":{"line":9,"column":75},"end":{"line":9,"column":null}},"8":{"start":{"line":10,"column":18},"end":{"line":10,"column":null}},"9":{"start":{"line":39,"column":28},"end":{"line":39,"column":null}},"10":{"start":{"line":40,"column":42},"end":{"line":40,"column":null}},"11":{"start":{"line":41,"column":34},"end":{"line":41,"column":null}},"12":{"start":{"line":42,"column":32},"end":{"line":42,"column":null}},"13":{"start":{"line":43,"column":52},"end":{"line":43,"column":null}},"14":{"start":{"line":45,"column":2},"end":{"line":47,"column":null}},"15":{"start":{"line":46,"column":4},"end":{"line":46,"column":null}},"16":{"start":{"line":49,"column":24},"end":{"line":69,"column":null}},"17":{"start":{"line":50,"column":4},"end":{"line":68,"column":null}},"18":{"start":{"line":51,"column":6},"end":{"line":51,"column":null}},"19":{"start":{"line":52,"column":24},"end":{"line":52,"column":null}},"20":{"start":{"line":53,"column":22},"end":{"line":53,"column":null}},"21":{"start":{"line":55,"column":23},"end":{"line":55,"column":null}},"22":{"start":{"line":57,"column":6},"end":{"line":62,"column":null}},"23":{"start":{"line":58,"column":21},"end":{"line":58,"column":null}},"24":{"start":{"line":59,"column":8},"end":{"line":59,"column":null}},"25":{"start":{"line":61,"column":8},"end":{"line":61,"column":null}},"26":{"start":{"line":64,"column":6},"end":{"line":64,"column":null}},"27":{"start":{"line":65,"column":6},"end":{"line":65,"column":null}},"28":{"start":{"line":67,"column":6},"end":{"line":67,"column":null}},"29":{"start":{"line":71,"column":29},"end":{"line":96,"column":null}},"30":{"start":{"line":72,"column":4},"end":{"line":95,"column":null}},"31":{"start":{"line":73,"column":6},"end":{"line":73,"column":null}},"32":{"start":{"line":75,"column":23},"end":{"line":81,"column":null}},"33":{"start":{"line":83,"column":6},"end":{"line":89,"column":null}},"34":{"start":{"line":84,"column":8},"end":{"line":84,"column":null}},"35":{"start":{"line":85,"column":8},"end":{"line":85,"column":24}},"36":{"start":{"line":87,"column":22},"end":{"line":87,"column":null}},"37":{"start":{"line":88,"column":8},"end":{"line":88,"column":null}},"38":{"start":{"line":91,"column":6},"end":{"line":91,"column":null}},"39":{"start":{"line":92,"column":6},"end":{"line":92,"column":null}},"40":{"start":{"line":94,"column":6},"end":{"line":94,"column":null}},"41":{"start":{"line":98,"column":22},"end":{"line":105,"column":null}},"42":{"start":{"line":99,"column":4},"end":{"line":104,"column":null}},"43":{"start":{"line":100,"column":22},"end":{"line":100,"column":null}},"44":{"start":{"line":101,"column":26},"end":{"line":101,"column":null}},"45":{"start":{"line":102,"column":30},"end":{"line":102,"column":null}},"46":{"start":{"line":103,"column":6},"end":{"line":103,"column":null}},"47":{"start":{"line":107,"column":23},"end":{"line":114,"column":null}},"48":{"start":{"line":108,"column":4},"end":{"line":113,"column":null}},"49":{"start":{"line":109,"column":23},"end":{"line":109,"column":null}},"50":{"start":{"line":110,"column":27},"end":{"line":110,"column":null}},"51":{"start":{"line":111,"column":30},"end":{"line":111,"column":null}},"52":{"start":{"line":112,"column":6},"end":{"line":112,"column":null}},"53":{"start":{"line":116,"column":27},"end":{"line":118,"column":null}},"54":{"start":{"line":117,"column":4},"end":{"line":117,"column":null}},"55":{"start":{"line":117,"column":38},"end":{"line":117,"column":null}},"56":{"start":{"line":120,"column":23},"end":{"line":125,"column":null}},"57":{"start":{"line":121,"column":4},"end":{"line":121,"column":null}},"58":{"start":{"line":121,"column":23},"end":{"line":121,"column":null}},"59":{"start":{"line":122,"column":4},"end":{"line":122,"column":null}},"60":{"start":{"line":122,"column":26},"end":{"line":122,"column":null}},"61":{"start":{"line":123,"column":4},"end":{"line":123,"column":null}},"62":{"start":{"line":123,"column":27},"end":{"line":123,"column":null}},"63":{"start":{"line":124,"column":4},"end":{"line":124,"column":null}},"64":{"start":{"line":127,"column":25},"end":{"line":141,"column":null}},"65":{"start":{"line":128,"column":25},"end":{"line":134,"column":null}},"66":{"start":{"line":143,"column":32},"end":{"line":156,"column":null}},"67":{"start":{"line":144,"column":25},"end":{"line":149,"column":null}},"68":{"start":{"line":158,"column":2},"end":{"line":164,"column":null}},"69":{"start":{"line":185,"column":31},"end":{"line":185,"column":null}},"70":{"start":{"line":202,"column":31},"end":{"line":202,"column":null}},"71":{"start":{"line":230,"column":22},"end":{"line":230,"column":44}},"72":{"start":{"line":278,"column":43},"end":{"line":278,"column":null}},"73":{"start":{"line":318,"column":22},"end":{"line":318,"column":44}},"74":{"start":{"line":361,"column":43},"end":{"line":361,"column":null}},"75":{"start":{"line":401,"column":22},"end":{"line":401,"column":44}},"76":{"start":{"line":448,"column":43},"end":{"line":448,"column":null}}},"fnMap":{"0":{"name":"CheckInCheckOutPage","decl":{"start":{"line":38,"column":24},"end":{"line":38,"column":null}},"loc":{"start":{"line":38,"column":24},"end":{"line":504,"column":null}}},"1":{"name":"(anonymous_3)","decl":{"start":{"line":45,"column":12},"end":{"line":45,"column":null}},"loc":{"start":{"line":45,"column":12},"end":{"line":47,"column":5}}},"2":{"name":"(anonymous_4)","decl":{"start":{"line":49,"column":24},"end":{"line":49,"column":null}},"loc":{"start":{"line":49,"column":24},"end":{"line":69,"column":null}}},"3":{"name":"(anonymous_5)","decl":{"start":{"line":71,"column":29},"end":{"line":71,"column":36}},"loc":{"start":{"line":71,"column":55},"end":{"line":96,"column":null}}},"4":{"name":"(anonymous_6)","decl":{"start":{"line":98,"column":22},"end":{"line":98,"column":null}},"loc":{"start":{"line":98,"column":22},"end":{"line":105,"column":null}}},"5":{"name":"(anonymous_7)","decl":{"start":{"line":99,"column":27},"end":{"line":99,"column":null}},"loc":{"start":{"line":99,"column":27},"end":{"line":104,"column":null}}},"6":{"name":"(anonymous_8)","decl":{"start":{"line":107,"column":23},"end":{"line":107,"column":null}},"loc":{"start":{"line":107,"column":23},"end":{"line":114,"column":null}}},"7":{"name":"(anonymous_9)","decl":{"start":{"line":108,"column":27},"end":{"line":108,"column":null}},"loc":{"start":{"line":108,"column":27},"end":{"line":113,"column":null}}},"8":{"name":"(anonymous_10)","decl":{"start":{"line":116,"column":27},"end":{"line":116,"column":null}},"loc":{"start":{"line":116,"column":27},"end":{"line":118,"column":null}}},"9":{"name":"(anonymous_11)","decl":{"start":{"line":117,"column":27},"end":{"line":117,"column":38}},"loc":{"start":{"line":117,"column":38},"end":{"line":117,"column":null}}},"10":{"name":"(anonymous_12)","decl":{"start":{"line":120,"column":23},"end":{"line":120,"column":24}},"loc":{"start":{"line":120,"column":24},"end":{"line":125,"column":null}}},"11":{"name":"(anonymous_13)","decl":{"start":{"line":127,"column":25},"end":{"line":127,"column":26}},"loc":{"start":{"line":127,"column":26},"end":{"line":141,"column":null}}},"12":{"name":"(anonymous_14)","decl":{"start":{"line":143,"column":32},"end":{"line":143,"column":33}},"loc":{"start":{"line":143,"column":33},"end":{"line":156,"column":null}}},"13":{"name":"(anonymous_15)","decl":{"start":{"line":185,"column":25},"end":{"line":185,"column":31}},"loc":{"start":{"line":185,"column":31},"end":{"line":185,"column":null}}},"14":{"name":"(anonymous_16)","decl":{"start":{"line":202,"column":25},"end":{"line":202,"column":31}},"loc":{"start":{"line":202,"column":31},"end":{"line":202,"column":null}}},"15":{"name":"(anonymous_17)","decl":{"start":{"line":229,"column":39},"end":{"line":229,"column":40}},"loc":{"start":{"line":230,"column":22},"end":{"line":230,"column":44}}},"16":{"name":"(anonymous_18)","decl":{"start":{"line":278,"column":37},"end":{"line":278,"column":43}},"loc":{"start":{"line":278,"column":43},"end":{"line":278,"column":null}}},"17":{"name":"(anonymous_19)","decl":{"start":{"line":317,"column":40},"end":{"line":317,"column":41}},"loc":{"start":{"line":318,"column":22},"end":{"line":318,"column":44}}},"18":{"name":"(anonymous_20)","decl":{"start":{"line":361,"column":37},"end":{"line":361,"column":43}},"loc":{"start":{"line":361,"column":43},"end":{"line":361,"column":null}}},"19":{"name":"(anonymous_21)","decl":{"start":{"line":400,"column":44},"end":{"line":400,"column":45}},"loc":{"start":{"line":401,"column":22},"end":{"line":401,"column":44}}},"20":{"name":"(anonymous_22)","decl":{"start":{"line":448,"column":37},"end":{"line":448,"column":43}},"loc":{"start":{"line":448,"column":43},"end":{"line":448,"column":null}}}},"branchMap":{"0":{"loc":{"start":{"line":57,"column":6},"end":{"line":62,"column":null}},"type":"if","locations":[{"start":{"line":57,"column":6},"end":{"line":62,"column":null}},{"start":{"line":60,"column":13},"end":{"line":62,"column":null}}]},"1":{"loc":{"start":{"line":83,"column":6},"end":{"line":89,"column":null}},"type":"if","locations":[{"start":{"line":83,"column":6},"end":{"line":89,"column":null}},{"start":{"line":86,"column":13},"end":{"line":89,"column":null}}]},"2":{"loc":{"start":{"line":88,"column":20},"end":{"line":88,"column":null}},"type":"binary-expr","locations":[{"start":{"line":88,"column":20},"end":{"line":88,"column":31}},{"start":{"line":88,"column":35},"end":{"line":88,"column":null}}]},"3":{"loc":{"start":{"line":103,"column":13},"end":{"line":103,"column":null}},"type":"binary-expr","locations":[{"start":{"line":103,"column":13},"end":{"line":103,"column":48}},{"start":{"line":103,"column":48},"end":{"line":103,"column":null}}]},"4":{"loc":{"start":{"line":112,"column":13},"end":{"line":112,"column":null}},"type":"binary-expr","locations":[{"start":{"line":112,"column":13},"end":{"line":112,"column":49}},{"start":{"line":112,"column":49},"end":{"line":112,"column":null}}]},"5":{"loc":{"start":{"line":121,"column":4},"end":{"line":121,"column":null}},"type":"if","locations":[{"start":{"line":121,"column":4},"end":{"line":121,"column":null}}]},"6":{"loc":{"start":{"line":122,"column":4},"end":{"line":122,"column":null}},"type":"if","locations":[{"start":{"line":122,"column":4},"end":{"line":122,"column":null}}]},"7":{"loc":{"start":{"line":123,"column":4},"end":{"line":123,"column":null}},"type":"if","locations":[{"start":{"line":123,"column":4},"end":{"line":123,"column":null}}]},"8":{"loc":{"start":{"line":137,"column":24},"end":{"line":137,"column":100}},"type":"binary-expr","locations":[{"start":{"line":137,"column":24},"end":{"line":137,"column":73}},{"start":{"line":137,"column":77},"end":{"line":137,"column":100}}]},"9":{"loc":{"start":{"line":152,"column":24},"end":{"line":152,"column":100}},"type":"binary-expr","locations":[{"start":{"line":152,"column":24},"end":{"line":152,"column":73}},{"start":{"line":152,"column":77},"end":{"line":152,"column":100}}]},"10":{"loc":{"start":{"line":158,"column":2},"end":{"line":164,"column":null}},"type":"if","locations":[{"start":{"line":158,"column":2},"end":{"line":164,"column":null}}]},"11":{"loc":{"start":{"line":223,"column":18},"end":{"line":228,"column":19}},"type":"cond-expr","locations":[{"start":{"line":223,"column":18},"end":{"line":228,"column":19}}]},"12":{"loc":{"start":{"line":246,"column":57},"end":{"line":246,"column":null}},"type":"cond-expr","locations":[{"start":{"line":246,"column":78},"end":{"line":246,"column":84}},{"start":{"line":246,"column":84},"end":{"line":246,"column":null}}]},"13":{"loc":{"start":{"line":252,"column":27},"end":{"line":252,"column":45}},"type":"binary-expr","locations":[{"start":{"line":252,"column":27},"end":{"line":252,"column":45}}]},"14":{"loc":{"start":{"line":260,"column":25},"end":{"line":260,"column":48}},"type":"binary-expr","locations":[{"start":{"line":260,"column":25},"end":{"line":260,"column":48}}]},"15":{"loc":{"start":{"line":266,"column":25},"end":{"line":266,"column":40}},"type":"binary-expr","locations":[{"start":{"line":266,"column":25},"end":{"line":266,"column":40}}]},"16":{"loc":{"start":{"line":283,"column":30},"end":{"line":285,"column":null}},"type":"cond-expr","locations":[{"start":{"line":283,"column":30},"end":{"line":285,"column":null}}]},"17":{"loc":{"start":{"line":311,"column":18},"end":{"line":316,"column":19}},"type":"cond-expr","locations":[{"start":{"line":311,"column":18},"end":{"line":316,"column":19}}]},"18":{"loc":{"start":{"line":334,"column":57},"end":{"line":334,"column":null}},"type":"cond-expr","locations":[{"start":{"line":334,"column":78},"end":{"line":334,"column":84}},{"start":{"line":334,"column":84},"end":{"line":334,"column":null}}]},"19":{"loc":{"start":{"line":340,"column":27},"end":{"line":340,"column":45}},"type":"binary-expr","locations":[{"start":{"line":340,"column":27},"end":{"line":340,"column":45}}]},"20":{"loc":{"start":{"line":348,"column":25},"end":{"line":348,"column":40}},"type":"binary-expr","locations":[{"start":{"line":348,"column":25},"end":{"line":348,"column":40}}]},"21":{"loc":{"start":{"line":366,"column":30},"end":{"line":368,"column":null}},"type":"cond-expr","locations":[{"start":{"line":366,"column":30},"end":{"line":368,"column":null}}]},"22":{"loc":{"start":{"line":394,"column":18},"end":{"line":399,"column":19}},"type":"cond-expr","locations":[{"start":{"line":394,"column":18},"end":{"line":399,"column":19}}]},"23":{"loc":{"start":{"line":417,"column":57},"end":{"line":417,"column":null}},"type":"cond-expr","locations":[{"start":{"line":417,"column":78},"end":{"line":417,"column":84}},{"start":{"line":417,"column":84},"end":{"line":417,"column":null}}]},"24":{"loc":{"start":{"line":423,"column":27},"end":{"line":423,"column":45}},"type":"binary-expr","locations":[{"start":{"line":423,"column":27},"end":{"line":423,"column":45}}]},"25":{"loc":{"start":{"line":435,"column":25},"end":{"line":435,"column":40}},"type":"binary-expr","locations":[{"start":{"line":435,"column":25},"end":{"line":435,"column":40}}]},"26":{"loc":{"start":{"line":453,"column":30},"end":{"line":455,"column":null}},"type":"cond-expr","locations":[{"start":{"line":453,"column":30},"end":{"line":455,"column":null}}]}},"s":{"0":0,"1":0,"2":0,"3":0,"4":0,"5":0,"6":0,"7":0,"8":0,"9":0,"10":0,"11":0,"12":0,"13":0,"14":0,"15":0,"16":0,"17":0,"18":0,"19":0,"20":0,"21":0,"22":0,"23":0,"24":0,"25":0,"26":0,"27":0,"28":0,"29":0,"30":0,"31":0,"32":0,"33":0,"34":0,"35":0,"36":0,"37":0,"38":0,"39":0,"40":0,"41":0,"42":0,"43":0,"44":0,"45":0,"46":0,"47":0,"48":0,"49":0,"50":0,"51":0,"52":0,"53":0,"54":0,"55":0,"56":0,"57":0,"58":0,"59":0,"60":0,"61":0,"62":0,"63":0,"64":0,"65":0,"66":0,"67":0,"68":0,"69":0,"70":0,"71":0,"72":0,"73":0,"74":0,"75":0,"76":0},"f":{"0":0,"1":0,"2":0,"3":0,"4":0,"5":0,"6":0,"7":0,"8":0,"9":0,"10":0,"11":0,"12":0,"13":0,"14":0,"15":0,"16":0,"17":0,"18":0,"19":0,"20":0},"b":{"0":[0,0],"1":[0,0],"2":[0,0],"3":[0,0],"4":[0,0],"5":[0],"6":[0],"7":[0],"8":[0,0],"9":[0,0],"10":[0],"11":[0],"12":[0,0],"13":[0],"14":[0],"15":[0],"16":[0],"17":[0],"18":[0,0],"19":[0],"20":[0],"21":[0],"22":[0],"23":[0,0],"24":[0],"25":[0],"26":[0]}}
,"/Users/asithalakmal/Documents/web/SmartHotel/app/admin/hotels/page.tsx": {"path":"/Users/asithalakmal/Documents/web/SmartHotel/app/admin/hotels/page.tsx","statementMap":{"0":{"start":{"line":28,"column":24},"end":{"line":28,"column":null}},"1":{"start":{"line":3,"column":36},"end":{"line":3,"column":null}},"2":{"start":{"line":4,"column":27},"end":{"line":4,"column":null}},"3":{"start":{"line":5,"column":89},"end":{"line":5,"column":null}},"4":{"start":{"line":6,"column":23},"end":{"line":6,"column":null}},"5":{"start":{"line":7,"column":57},"end":{"line":7,"column":null}},"6":{"start":{"line":8,"column":22},"end":{"line":8,"column":null}},"7":{"start":{"line":9,"column":18},"end":{"line":9,"column":null}},"8":{"start":{"line":29,"column":30},"end":{"line":29,"column":null}},"9":{"start":{"line":30,"column":32},"end":{"line":30,"column":null}},"10":{"start":{"line":31,"column":48},"end":{"line":31,"column":null}},"11":{"start":{"line":32,"column":42},"end":{"line":32,"column":null}},"12":{"start":{"line":33,"column":34},"end":{"line":42,"column":null}},"13":{"start":{"line":44,"column":28},"end":{"line":44,"column":null}},"14":{"start":{"line":46,"column":2},"end":{"line":48,"column":null}},"15":{"start":{"line":47,"column":4},"end":{"line":47,"column":null}},"16":{"start":{"line":50,"column":22},"end":{"line":109,"column":null}},"17":{"start":{"line":51,"column":4},"end":{"line":108,"column":null}},"18":{"start":{"line":53,"column":34},"end":{"line":102,"column":null}},"19":{"start":{"line":103,"column":6},"end":{"line":103,"column":null}},"20":{"start":{"line":105,"column":6},"end":{"line":105,"column":null}},"21":{"start":{"line":107,"column":6},"end":{"line":107,"column":null}},"22":{"start":{"line":111,"column":23},"end":{"line":128,"column":null}},"23":{"start":{"line":112,"column":4},"end":{"line":112,"column":null}},"24":{"start":{"line":114,"column":4},"end":{"line":127,"column":null}},"25":{"start":{"line":116,"column":6},"end":{"line":120,"column":null}},"26":{"start":{"line":117,"column":8},"end":{"line":117,"column":null}},"27":{"start":{"line":119,"column":8},"end":{"line":119,"column":null}},"28":{"start":{"line":121,"column":6},"end":{"line":121,"column":null}},"29":{"start":{"line":122,"column":6},"end":{"line":122,"column":null}},"30":{"start":{"line":123,"column":6},"end":{"line":123,"column":null}},"31":{"start":{"line":124,"column":6},"end":{"line":124,"column":null}},"32":{"start":{"line":126,"column":6},"end":{"line":126,"column":null}},"33":{"start":{"line":130,"column":23},"end":{"line":140,"column":null}},"34":{"start":{"line":131,"column":4},"end":{"line":131,"column":null}},"35":{"start":{"line":131,"column":65},"end":{"line":131,"column":null}},"36":{"start":{"line":133,"column":4},"end":{"line":139,"column":null}},"37":{"start":{"line":135,"column":6},"end":{"line":135,"column":null}},"38":{"start":{"line":136,"column":6},"end":{"line":136,"column":null}},"39":{"start":{"line":138,"column":6},"end":{"line":138,"column":null}},"40":{"start":{"line":142,"column":20},"end":{"line":153,"column":null}},"41":{"start":{"line":143,"column":4},"end":{"line":152,"column":null}},"42":{"start":{"line":155,"column":21},"end":{"line":168,"column":null}},"43":{"start":{"line":156,"column":4},"end":{"line":156,"column":null}},"44":{"start":{"line":157,"column":4},"end":{"line":166,"column":null}},"45":{"start":{"line":167,"column":4},"end":{"line":167,"column":null}},"46":{"start":{"line":170,"column":2},"end":{"line":189,"column":null}},"47":{"start":{"line":178,"column":16},"end":{"line":178,"column":29}},"48":{"start":{"line":196,"column":33},"end":{"line":196,"column":59}},"49":{"start":{"line":221,"column":83},"end":{"line":221,"column":105}},"50":{"start":{"line":232,"column":83},"end":{"line":232,"column":108}},"51":{"start":{"line":243,"column":76},"end":{"line":243,"column":90}},"52":{"start":{"line":253,"column":12},"end":{"line":253,"column":33}},"53":{"start":{"line":313,"column":35},"end":{"line":313,"column":null}},"54":{"start":{"line":322,"column":35},"end":{"line":322,"column":null}},"55":{"start":{"line":347,"column":39},"end":{"line":347,"column":null}},"56":{"start":{"line":357,"column":39},"end":{"line":357,"column":null}},"57":{"start":{"line":370,"column":39},"end":{"line":370,"column":null}},"58":{"start":{"line":380,"column":39},"end":{"line":380,"column":null}},"59":{"start":{"line":391,"column":37},"end":{"line":391,"column":null}},"60":{"start":{"line":403,"column":39},"end":{"line":403,"column":null}},"61":{"start":{"line":413,"column":39},"end":{"line":413,"column":null}},"62":{"start":{"line":424,"column":37},"end":{"line":424,"column":null}},"63":{"start":{"line":438,"column":22},"end":{"line":438,"column":null}},"64":{"start":{"line":439,"column":22},"end":{"line":439,"column":null}},"65":{"start":{"line":440,"column":22},"end":{"line":440,"column":null}}},"fnMap":{"0":{"name":"HotelsPage","decl":{"start":{"line":28,"column":24},"end":{"line":28,"column":null}},"loc":{"start":{"line":28,"column":24},"end":{"line":453,"column":null}}},"1":{"name":"(anonymous_3)","decl":{"start":{"line":46,"column":12},"end":{"line":46,"column":null}},"loc":{"start":{"line":46,"column":12},"end":{"line":48,"column":5}}},"2":{"name":"(anonymous_4)","decl":{"start":{"line":50,"column":22},"end":{"line":50,"column":null}},"loc":{"start":{"line":50,"column":22},"end":{"line":109,"column":null}}},"3":{"name":"(anonymous_5)","decl":{"start":{"line":111,"column":23},"end":{"line":111,"column":30}},"loc":{"start":{"line":111,"column":30},"end":{"line":128,"column":null}}},"4":{"name":"(anonymous_6)","decl":{"start":{"line":130,"column":23},"end":{"line":130,"column":30}},"loc":{"start":{"line":130,"column":30},"end":{"line":140,"column":null}}},"5":{"name":"(anonymous_7)","decl":{"start":{"line":142,"column":20},"end":{"line":142,"column":null}},"loc":{"start":{"line":142,"column":20},"end":{"line":153,"column":null}}},"6":{"name":"(anonymous_8)","decl":{"start":{"line":155,"column":21},"end":{"line":155,"column":22}},"loc":{"start":{"line":155,"column":22},"end":{"line":168,"column":null}}},"7":{"name":"(anonymous_9)","decl":{"start":{"line":177,"column":33},"end":{"line":177,"column":34}},"loc":{"start":{"line":178,"column":16},"end":{"line":178,"column":29}}},"8":{"name":"(anonymous_10)","decl":{"start":{"line":196,"column":27},"end":{"line":196,"column":33}},"loc":{"start":{"line":196,"column":33},"end":{"line":196,"column":59}}},"9":{"name":"(anonymous_11)","decl":{"start":{"line":221,"column":67},"end":{"line":221,"column":68}},"loc":{"start":{"line":221,"column":83},"end":{"line":221,"column":105}}},"10":{"name":"(anonymous_12)","decl":{"start":{"line":232,"column":67},"end":{"line":232,"column":68}},"loc":{"start":{"line":232,"column":83},"end":{"line":232,"column":108}}},"11":{"name":"(anonymous_13)","decl":{"start":{"line":243,"column":67},"end":{"line":243,"column":76}},"loc":{"start":{"line":243,"column":76},"end":{"line":243,"column":90}}},"12":{"name":"(anonymous_14)","decl":{"start":{"line":252,"column":22},"end":{"line":252,"column":23}},"loc":{"start":{"line":253,"column":12},"end":{"line":253,"column":33}}},"13":{"name":"(anonymous_15)","decl":{"start":{"line":313,"column":29},"end":{"line":313,"column":35}},"loc":{"start":{"line":313,"column":35},"end":{"line":313,"column":null}}},"14":{"name":"(anonymous_16)","decl":{"start":{"line":322,"column":29},"end":{"line":322,"column":35}},"loc":{"start":{"line":322,"column":35},"end":{"line":322,"column":null}}},"15":{"name":"(
[...]
,"53":{"start":{"line":169,"column":2},"end":{"line":181,"column":null}},"54":{"start":{"line":171,"column":6},"end":{"line":171,"column":null}},"55":{"start":{"line":172,"column":6},"end":{"line":172,"column":null}},"56":{"start":{"line":174,"column":6},"end":{"line":174,"column":null}},"57":{"start":{"line":175,"column":6},"end":{"line":175,"column":null}},"58":{"start":{"line":177,"column":6},"end":{"line":177,"column":null}},"59":{"start":{"line":178,"column":6},"end":{"line":178,"column":null}},"60":{"start":{"line":180,"column":6},"end":{"line":180,"column":null}},"61":{"start":{"line":183,"column":2},"end":{"line":183,"column":null}},"62":{"start":{"line":189,"column":20},"end":{"line":189,"column":null}},"63":{"start":{"line":190,"column":25},"end":{"line":190,"column":null}},"64":{"start":{"line":192,"column":23},"end":{"line":202,"column":null}},"65":{"start":{"line":204,"column":2},"end":{"line":213,"column":null}}},"fnMap":{"0":{"name":"(anonymous_8)","decl":{"start":{"line":25,"column":2},"end":{"line":25,"column":14}},"loc":{"start":{"line":25,"column":47},"end":{"line":25,"column":null}}},"1":{"name":"(anonymous_9)","decl":{"start":{"line":27,"column":2},"end":{"line":27,"column":12}},"loc":{"start":{"line":27,"column":49},"end":{"line":90,"column":null}}},"2":{"name":"(anonymous_10)","decl":{"start":{"line":92,"column":2},"end":{"line":92,"column":15}},"loc":{"start":{"line":92,"column":43},"end":{"line":96,"column":null}}},"3":{"name":"(anonymous_11)","decl":{"start":{"line":98,"column":2},"end":{"line":98,"column":15}},"loc":{"start":{"line":98,"column":43},"end":{"line":101,"column":null}}},"4":{"name":"(anonymous_12)","decl":{"start":{"line":104,"column":2},"end":{"line":104,"column":12}},"loc":{"start":{"line":104,"column":12},"end":{"line":112,"column":null}}},"5":{"name":"(anonymous_13)","decl":{"start":{"line":141,"column":12},"end":{"line":141,"column":null}},"loc":{"start":{"line":141,"column":12},"end":{"line":146,"column":3}}},"6":{"name":"getClientIdentifier","decl":{"start":{"line":148,"column":16},"end":{"line":148,"column":36}},"loc":{"start":{"line":148,"column":52},"end":{"line":160,"column":null}}},"7":{"name":"enhancedRateLimit","decl":{"start":{"line":162,"column":16},"end":{"line":162,"column":null}},"loc":{"start":{"line":164,"column":54},"end":{"line":184,"column":null}}},"8":{"name":"createEnhancedRateLimitResponse","decl":{"start":{"line":186,"column":16},"end":{"line":186,"column":null}},"loc":{"start":{"line":187,"column":25},"end":{"line":214,"column":null}}}},"branchMap":{"0":{"loc":{"start":{"line":32,"column":4},"end":{"line":40,"column":null}},"type":"if","locations":[{"start":{"line":32,"column":4},"end":{"line":40,"column":null}}]},"1":{"loc":{"start":{"line":32,"column":8},"end":{"line":32,"column":71}},"type":"binary-expr","locations":[{"start":{"line":32,"column":8},"end":{"line":32,"column":27}},{"start":{"line":32,"column":27},"end":{"line":32,"column":44}},{"start":{"line":32,"column":48},"end":{"line":32,"column":71}}]},"2":{"loc":{"start":{"line":43,"column":4},"end":{"line":45,"column":null}},"type":"if","locations":[{"start":{"line":43,"column":4},"end":{"line":45,"column":null}}]},"3":{"loc":{"start":{"line":43,"column":8},"end":{"line":43,"column":72}},"type":"binary-expr","locations":[{"start":{"line":43,"column":8},"end":{"line":43,"column":27}},{"start":{"line":43,"column":27},"end":{"line":43,"column":44}},{"start":{"line":43,"column":48},"end":{"line":43,"column":72}}]},"4":{"loc":{"start":{"line":48,"column":4},"end":{"line":60,"column":null}},"type":"if","locations":[{"start":{"line":48,"column":4},"end":{"line":60,"column":null}}]},"5":{"loc":{"start":{"line":48,"column":8},"end":{"line":48,"column":41}},"type":"binary-expr","locations":[{"start":{"line":48,"column":8},"end":{"line":48,"column":19}},{"start":{"line":48,"column":19},"end":{"line":48,"column":41}}]},"6":{"loc":{"start":{"line":63,"column":4},"end":{"line":78,"column":null}},"type":"if","locations":[{"start":{"line":63,"column":4},"end":{"line":78,"column":null}}]},"7":{"loc":{"start":{"line":64,"column":32},"end":{"line":64,"column":80}},"type":"binary-expr","locations":[{"start":{"line":64,"column":32},"end":{"line":64,"column":57}},{"start":{"line":64,"column":61},"end":{"line":64,"column":80}}]},"8":{"loc":{"start":{"line":94,"column":4},"end":{"line":94,"column":null}},"type":"if","locations":[{"start":{"line":94,"column":4},"end":{"line":94,"column":null}}]},"9":{"loc":{"start":{"line":94,"column":8},"end":{"line":94,"column":33}},"type":"binary-expr","locations":[{"start":{"line":94,"column":8},"end":{"line":94,"column":19}},{"start":{"line":94,"column":19},"end":{"line":94,"column":33}}]},"10":{"loc":{"start":{"line":100,"column":11},"end":{"line":100,"column":65}},"type":"binary-expr","locations":[{"start":{"line":100,"column":11},"end":{"line":100,"column":32}},{"start":{"line":100,"column":32},"end":{"line":100,"column":65}}]},"11":{"loc":{"start":{"line":108,"column":6},"end":{"line":110,"column":null}},"type":"if","locations":[{"start":{"line":108,"column":6},"end":{"line":110,"column":null}}]},"12":{"loc":{"start":{"line":108,"column":10},"end":{"line":108,"column":100}},"type":"binary-expr","locations":[{"start":{"line":108,"column":10},"end":{"line":108,"column":32}},{"start":{"line":108,"column":37},"end":{"line":108,"column":52}},{"start":{"line":108,"column":56},"end":{"line":108,"column":74}},{"start":{"line":108,"column":78},"end":{"line":108,"column":100}}]},"13":{"loc":{"start":{"line":152,"column":13},"end":{"line":152,"column":null}},"type":"cond-expr","locations":[{"start":{"line":152,"column":25},"end":{"line":152,"column":58}},{"start":{"line":152,"column":58},"end":{"line":152,"column":null}}]},"14":{"loc":{"start":{"line":152,"column":58},"end":{"line":152,"column":null}},"type":"binary-expr","locations":[{"start":{"line":152,"column":58},"end":{"line":152,"column":68}},{"start":{"line":152,"column":68},"end":{"line":152,"column":null}}]},"15":{"loc":{"start":{"line":155,"column":20},"end":{"line":155,"column":null}},"type":"binary-expr","locations":[{"start":{"line":155,"column":20},"end":{"line":155,"column":53}},{"start":{"line":155,"column":53},"end":{"line":155,"column":null}}]},"16":{"loc":{"start":{"line":156,"column":24},"end":{"line":157,"column":null}},"type":"cond-expr","locations":[{"start":{"line":157,"column":4},"end":{"line":157,"column":60}},{"start":{"line":157,"column":60},"end":{"line":157,"column":null}}]},"17":{"loc":{"start":{"line":164,"column":2},"end":{"line":164,"column":54}},"type":"default-arg","locations":[{"start":{"line":164,"column":49},"end":{"line":164,"column":54}}]},"18":{"loc":{"start":{"line":169,"column":2},"end":{"line":181,"column":null}},"type":"switch","locations":[{"start":{"line":170,"column":4},"end":{"line":172,"column":null}},{"start":{"line":173,"column":4},"end":{"line":175,"column":null}},{"start":{"line":176,"column":4},"end":{"line":178,"column":null}},{"start":{"line":179,"column":4},"end":{"line":180,"column":null}}]},"19":{"loc":{"start":{"line":190,"column":25},"end":{"line":190,"column":null}},"type":"cond-expr","locations":[{"start":{"line":190,"column":45},"end":{"line":190,"column":89}},{"start":{"line":190,"column":89},"end":{"line":190,"column":null}}]},"20":{"loc":{"start":{"line":194,"column":13},"end":{"line":196,"column":null}},"type":"cond-expr","locations":[{"start":{"line":195,"column":6},"end":{"line":195,"column":null}},{"start":{"line":196,"column":6},"end":{"line":196,"column":null}}]},"21":{"loc":{"start":{"line":199,"column":16},"end":{"line":201,"column":null}},"type":"cond-expr","locations":[{"start":{"line":200,"column":6},"end":{"line":200,"column":null}},{"start":{"line":201,"column":6},"end":{"line":201,"column":null}}]},"22":{"loc":{"start":{"line":199,"column":16},"end":{"line":199,"column":51}},"type":"binary-expr","locations":[{"start":{"line":199,"column":16},"end":{"line":199,"column":30}},{"start":{"line":199,"column":34},"end":{"line":199,"column":51}}]}},"s":{"0":0,"1":1,"2":0,"3":0,"4":4,"5":3,"6":0,"7":1,"8":4,"9":4,"10":4,"11":4,"12":4,"13":0,"14":4,"15":0,"16":4,"17":3,"18":3,"19":1,"20":0,"21":0,"22":0,"23":1,"24":1,"25":1,"26":0,"27":0,"28":0,"29":0,"30":0,"31":0,"32":0,"33":0,"34":0,"35":0,"36":0,"37":1,"38":1,"39":1,"40":1,"41":1,"42":0,"43":0,"44":0,"45":0,"46":7,"47":7,"48":7,"49":7,"50":7,"51":7,"52":4,"53":4,"54":1,"55":1,"56":1,"57":1,"58":0,"59":0,"60":2,"61":4,"62":0,"63":0,"64":0,"65":0},"f":{"0":4,"1":4,"2":0,"3":0,"4":0,"5":0,"6":7,"7":4,"8":0},"b":{"0":[0],"1":[4,0,0],"2":[0],"3":[4,0,0],"4":[3],"5":[4,1],"6":[0],"7":[0,0],"8":[0],"9":[0,0],"10":[0,0],"11":[0],"12":[0,0,0,0],"13":[5,2],"14":[2,1],"15":[7,7],"16":[0,7],"17":[0],"18":[1,1,0,2],"19":[0,0],"20":[0,0],"21":[0,0],"22":[0,0]}}
,"/Users/asithalakmal/Documents/web/SmartHotel/lib/secrets.ts": {"path":"/Users/asithalakmal/Documents/web/SmartHotel/lib/secrets.ts","statementMap":{"0":{"start":{"line":140,"column":0},"end":{"line":140,"column":15}},"1":{"start":{"line":149,"column":22},"end":{"line":149,"column":null}},"2":{"start":{"line":143,"column":22},"end":{"line":143,"column":32}},"3":{"start":{"line":155,"column":22},"end":{"line":155,"column":null}},"4":{"start":{"line":10,"column":53},"end":{"line":56,"column":null}},"5":{"start":{"line":63,"column":4},"end":{"line":63,"column":null}},"6":{"start":{"line":63,"column":26},"end":{"line":63,"column":null}},"7":{"start":{"line":65,"column":4},"end":{"line":74,"column":null}},"8":{"start":{"line":67,"column":6},"end":{"line":67,"column":null}},"9":{"start":{"line":69,"column":6},"end":{"line":69,"column":null}},"10":{"start":{"line":70,"column":6},"end":{"line":70,"column":null}},"11":{"start":{"line":72,"column":6},"end":{"line":72,"column":null}},"12":{"start":{"line":73,"column":6},"end":{"line":73,"column":null}},"13":{"start":{"line":78,"column":4},"end":{"line":87,"column":null}},"14":{"start":{"line":79,"column":20},"end":{"line":79,"column":36}},"15":{"start":{"line":80,"column":6},"end":{"line":86,"column":null}},"16":{"start":{"line":81,"column":8},"end":{"line":81,"column":null}},"17":{"start":{"line":82,"column":13},"end":{"line":86,"column":null}},"18":{"start":{"line":83,"column":8},"end":{"line":83,"column":null}},"19":{"start":{"line":84,"column":13},"end":{"line":86,"column":null}},"20":{"start":{"line":85,"column":8},"end":{"line":85,"column":null}},"21":{"start":{"line":91,"column":4},"end":{"line":93,"column":null}},"22":{"start":{"line":92,"column":6},"end":{"line":92,"column":null}},"23":{"start":{"line":95,"column":18},"end":{"line":95,"column":null}},"24":{"start":{"line":96,"column":4},"end":{"line":98,"column":null}},"25":{"start":{"line":97,"column":6},"end":{"line":97,"column":null}},"26":{"start":{"line":100,"column":4},"end":{"line":100,"column":null}},"27":{"start":{"line":104,"column":4},"end":{"line":106,"column":null}},"28":{"start":{"line":105,"column":6},"end":{"line":105,"column":null}},"29":{"start":{"line":108,"column":4},"end":{"line":108,"column":null}},"30":{"start":{"line":113,"column":30},"end":{"line":113,"column":32}},"31":{"start":{"line":115,"column":4},"end":{"line":119,"column":null}},"32":{"start":{"line":116,"column":6},"end":{"line":118,"column":null}},"33":{"start":{"line":117,"column":8},"end":{"line":117,"column":null}},"34":{"start":{"line":121,"column":4},"end":{"line":124,"column":null}},"35":{"start":{"line":59,"column":10},"end":{"line":59,"column":null}},"36":{"start":{"line":60,"column":10},"end":{"line":60,"column":null}},"37":{"start":{"line":129,"column":23},"end":{"line":129,"column":null}},"38":{"start":{"line":132,"column":0},"end":{"line":138,"column":null}},"39":{"start":{"line":133,"column":2},"end":{"line":133,"column":null}},"40":{"start":{"line":135,"column":2},"end":{"line":137,"column":null}},"41":{"start":{"line":136,"column":4},"end":{"line":136,"column":null}},"42":{"start":{"line":140,"column":15},"end":{"line":140,"column":null}},"43":{"start":{"line":144,"column":2},"end":{"line":144,"column":null}},"44":{"start":{"line":145,"column":2},"end":{"line":145,"column":null}},"45":{"start":{"line":150,"column":2},"end":{"line":150,"column":null}},"46":{"start":{"line":151,"column":2},"end":{"line":151,"column":null}},"47":{"start":{"line":156,"column":2},"end":{"line":156,"column":null}},"48":{"start":{"line":157,"column":2},"end":{"line":157,"column":null}}},"fnMap":{"0":{"name":"(anonymous_5)","decl":{"start":{"line":62,"column":2},"end":{"line":62,"column":8}},"loc":{"start":{"line":62,"column":21},"end":{"line":75,"column":null}}},"1":{"name":"(anonymous_6)","decl":{"start":{"line":77,"column":2},"end":{"line":77,"column":16}},"loc":{"start":{"line":77,"column":38},"end":{"line":88,"column":null}}},"2":{"name":"(anonymous_7)","decl":{"start":{"line":90,"column":2},"end":{"line":90,"column":6}},"loc":{"start":{"line":90,"column":27},"end":{"line":101,"column":null}}},"3":{"name":"(anonymous_8)","decl":{"start":{"line":103,"column":2},"end":{"line":103,"column":35}},"loc":{"start":{"line":103,"column":35},"end":{"line":109,"column":null}}},"4":{"name":"(anonymous_9)","decl":{"start":{"line":112,"column":2},"end":{"line":112,"column":52}},"loc":{"start":{"line":112,"column":52},"end":{"line":125,"column":null}}},"5":{"name":"(anonymous_11)","decl":{"start":{"line":132,"column":34},"end":{"line":132,"column":null}},"loc":{"start":{"line":132,"column":34},"end":{"line":138,"column":null}}},"6":{"name":"getSecret","decl":{"start":{"line":143,"column":22},"end":{"line":143,"column":32}},"loc":{"start":{"line":143,"column":43},"end":{"line":146,"column":null}}},"7":{"name":"getAllSecrets","decl":{"start":{"line":149,"column":22},"end":{"line":149,"column":null}},"loc":{"start":{"line":149,"column":22},"end":{"line":152,"column":null}}},"8":{"name":"validateSecrets","decl":{"start":{"line":155,"column":22},"end":{"line":155,"column":null}},"loc":{"start":{"line":155,"column":22},"end":{"line":158,"column":null}}}},"branchMap":{"0":{"loc":{"start":{"line":63,"column":4},"end":{"line":63,"column":null}},"type":"if","locations":[{"start":{"line":63,"column":4},"end":{"line":63,"column":null}}]},"1":{"loc":{"start":{"line":80,"column":6},"end":{"line":86,"column":null}},"type":"if","locations":[{"start":{"line":80,"column":6},"end":{"line":86,"column":null}},{"start":{"line":82,"column":13},"end":{"line":86,"column":null}}]},"2":{"loc":{"start":{"line":82,"column":13},"end":{"line":86,"column":null}},"type":"if","locations":[{"start":{"line":82,"column":13},"end":{"line":86,"column":null}},{"start":{"line":84,"column":13},"end":{"line":86,"column":null}}]},"3":{"loc":{"start":{"line":84,"column":13},"end":{"line":86,"column":null}},"type":"if","locations":[{"start":{"line":84,"column":13},"end":{"line":86,"column":null}}]},"4":{"loc":{"start":{"line":91,"column":4},"end":{"line":93,"column":null}},"type":"if","locations":[{"start":{"line":91,"column":4},"end":{"line":93,"column":null}}]},"5":{"loc":{"start":{"line":96,"column":4},"end":{"line":98,"column":null}},"type":"if","locations":[{"start":{"line":96,"column":4},"end":{"line":98,"column":null}}]},"6":{"loc":{"start":{"line":96,"column":8},"end":{"line":96,"column":49}},"type":"binary-expr","locations":[{"start":{"line":96,"column":8},"end":{"line":96,"column":18}},{"start":{"line":96,"column":18},"end":{"line":96,"column":49}}]},"7":{"loc":{"start":{"line":100,"column":11},"end":{"line":100,"column":null}},"type":"binary-expr","locations":[{"start":{"line":100,"column":11},"end":{"line":100,"column":20}},{"start":{"line":100,"column":20},"end":{"line":100,"column":null}}]},"8":{"loc":{"start":{"line":104,"column":4},"end":{"line":106,"column":null}},"type":"if","locations":[{"start":{"line":104,"column":4},"end":{"line":106,"column":null}}]},"9":{"loc":{"start":{"line":116,"column":6},"end":{"line":118,"column":null}},"type":"if","locations":[{"start":{"line":116,"column":6},"end":{"line":118,"column":null}}]},"10":{"loc":{"start":{"line":116,"column":10},"end":{"line":116,"column":53}},"type":"binary-expr","locations":[{"start":{"line":116,"column":10},"end":{"line":116,"column":25}},{"start":{"line":116,"column":29},"end":{"line":116,"column":53}}]},"11":{"loc":{"start":{"line":135,"column":2},"end":{"line":137,"column":null}},"type":"if","locations":[{"start":{"line":135,"column":2},"end":{"line":137,"column":null}}]}},"s":{"0":0,"1":0,"2":0,"3":0,"4":0,"5":0,"6":0,"7":0,"8":0,"9":0,"10":0,"11":0,"12":0,"13":0,"14":0,"15":0,"16":0,"17":0,"18":0,"19":0,"20":0,"21":0,"22":0,"23":0,"24":0,"25":0,"26":0,"27":0,"28":0,"29":0,"30":0,"31":0,"32":0,"33":0,"34":0,"35":0,"36":0,"37":0,"38":0,"39":0,"40":0,"41":0,"42":0,"43":0,"44":0,"45":0,"46":0,"47":0,"48":0},"f":{"0":0,"1":0,"2":0,"3":0,"4":0,"5":0,"6":0,"7":0,"8":0},"b":{"0":[0],"1":[0,0],"2":[0,0],"3":[0],"4":[0],"5":[0],"6":[0,0],"7":[0,0],"8":[0],"9":[0],"10":[0,0],"11":[0]}}
,"/Users/asithalakmal/Documents/web/SmartHotel/lib/utils.ts": {"path":"/Users/asithalakmal/Documents/web/SmartHotel/lib/utils.ts","statementMap":{"0":{"start":{"line":4,"column":16},"end":{"line":4,"column":19}},"1":{"start":{"line":37,"column":16},"end":{"line":37,"column":null}},"2":{"start":{"line":15,"column":16},"end":{"line":15,"column":27}},"3":{"start":{"line":23,"column":16},"end":{"line":23,"column":31}},"4":{"start":{"line":8,"column":16},"end":{"line":8,"column":28}},"5":{"start":{"line":33,"column":16},"end":{"line":33,"column":null}},"6":{"start":{"line":1,"column":38},"end":{"line":1,"column":null}},"7":{"start":{"line":2,"column":24},"end":{"line":2,"column":null}},"8":{"start":{"line":5,"column":2},"end":{"line":5,"column":null}},"9":{"start":{"line":9,"column":2},"end":{"line":12,"column":null}},"10":{"start":{"line":16,"column":2},"end":{"line":20,"column":null}},"11":{"start":{"line":24,"column":2},"end":{"line":30,"column":null}},"12":{"start":{"line":34,"column":2},"end":{"line":34,"column":null}},"13":{"start":{"line":42,"column":2},"end":{"line":45,"column":null}},"14":{"start":{"line":43,"column":4},"end":{"line":43,"column":null}},"15":{"start":{"line":44,"column":4},"end":{"line":44,"column":null}},"16":{"start":{"line":44,"column":31},"end":{"line":44,"column":46}}},"fnMap":{"0":{"name":"cn","decl":{"start":{"line":4,"column":16},"end":{"line":4,"column":19}},"loc":{"start":{"line":4,"column":42},"end":{"line":6,"column":null}}},"1":{"name":"formatPrice","decl":{"start":{"line":8,"column":16},"end":{"line":8,"column":28}},"loc":{"start":{"line":8,"column":59},"end":{"line":13,"column":null}}},"2":{"name":"formatDate","decl":{"start":{"line":15,"column":16},"end":{"line":15,"column":27}},"loc":{"start":{"line":15,"column":46},"end":{"line":21,"column":null}}},"3":{"name":"formatDateTime","decl":{"start":{"line":23,"column":16},"end":{"line":23,"column":31}},"loc":{"start":{"line":23,"column":50},"end":{"line":31,"column":null}}},"4":{"name":"generateId","decl":{"start":{"line":33,"column":16},"end":{"line":33,"column":null}},"loc":{"start":{"line":33,"column":16},"end":{"line":35,"column":null}}},"5":{"name":"debounce","decl":{"start":{"line":37,"column":16},"end":{"line":37,"column":null}},"loc":{"start":{"line":39,"column":14},"end":{"line":46,"column":null}}},"6":{"name":"(anonymous_13)","decl":{"start":{"line":42,"column":9},"end":{"line":42,"column":10}},"loc":{"start":{"line":42,"column":13},"end":{"line":45,"column":null}}},"7":{"name":"(anonymous_14)","decl":{"start":{"line":44,"column":25},"end":{"line":44,"column":31}},"loc":{"start":{"line":44,"column":31},"end":{"line":44,"column":46}}}},"branchMap":{"0":{"loc":{"start":{"line":8,"column":43},"end":{"line":8,"column":59}},"type":"default-arg","locations":[{"start":{"line":8,"column":54},"end":{"line":8,"column":59}}]}},"s":{"0":0,"1":0,"2":0,"3":0,"4":0,"5":0,"6":0,"7":0,"8":0,"9":0,"10":0,"11":0,"12":0,"13":0,"14":0,"15":0,"16":0},"f":{"0":0,"1":0,"2":0,"3":0,"4":0,"5":0,"6":0,"7":0},"b":{"0":[0]}}
}
