TN:
SF:app/layout.tsx
FN:110,RootLayout
FNF:1
FNH:0
FNDA:0,RootLayout
DA:2,0
DA:3,0
DA:4,0
DA:5,0
DA:6,0
DA:7,0
DA:8,0
DA:10,0
DA:16,0
DA:22,0
DA:98,0
DA:110,0
LF:12
LH:0
BRDA:34,0,0,0
BRDA:34,0,1,0
BRDA:129,1,0,0
BRF:3
BRH:0
end_of_record
TN:
SF:app/page.tsx
FN:28,HomePage
FN:82,(anonymous_5)
FNF:2
FNH:0
FNDA:0,HomePage
FNDA:0,(anonymous_5)
DA:1,0
DA:3,0
DA:4,0
DA:23,0
DA:26,0
DA:28,0
DA:83,0
LF:7
LH:0
BRF:0
BRH:0
end_of_record
TN:
SF:app/about/page.tsx
FN:7,AboutPage
FN:62,(anonymous_5)
FN:133,(anonymous_6)
FN:141,(anonymous_7)
FNF:4
FNH:0
FNDA:0,AboutPage
FNDA:0,(anonymous_5)
FNDA:0,(anonymous_6)
FNDA:0,(anonymous_7)
DA:1,0
DA:2,0
DA:3,0
DA:5,0
DA:7,0
DA:63,0
DA:134,0
DA:142,0
LF:8
LH:0
BRF:0
BRH:0
end_of_record
TN:
SF:app/admin/layout.tsx
FN:8,AdminLayout
FNF:1
FNH:0
FNDA:0,AdminLayout
DA:3,0
DA:4,0
DA:6,0
DA:8,0
LF:4
LH:0
BRF:0
BRH:0
end_of_record
TN:
SF:app/admin/analytics/page.tsx
FN:9,AdminAnalyticsPage
FN:15,(anonymous_2)
FN:26,(anonymous_3)
FNF:3
FNH:0
FNDA:0,AdminAnalyticsPage
FNDA:0,(anonymous_2)
FNDA:0,(anonymous_3)
DA:3,0
DA:4,0
DA:5,0
DA:6,0
DA:7,0
DA:9,0
DA:10,0
DA:11,0
DA:12,0
DA:13,0
DA:15,0
DA:16,0
DA:18,0
DA:19,0
DA:20,0
DA:23,0
DA:26,0
DA:27,0
DA:28,0
DA:29,0
DA:30,0
DA:31,0
DA:33,0
DA:35,0
DA:39,0
DA:47,0
LF:26
LH:0
BRDA:16,0,0,0
BRDA:18,1,0,0
BRDA:18,2,0,0
BRDA:18,2,1,0
BRDA:18,2,2,0
BRDA:29,3,0,0
BRDA:39,4,0,0
BRDA:39,5,0,0
BRDA:39,5,1,0
BRDA:49,6,0,0
BRDA:49,6,1,0
BRDA:54,7,0,0
BRDA:54,7,1,0
BRDA:59,8,0,0
BRDA:59,8,1,0
BRDA:64,9,0,0
BRDA:64,9,1,0
BRDA:88,10,0,0
BRDA:96,11,0,0
BRDA:96,11,1,0
BRDA:97,12,0,0
BRDA:97,12,1,0
BRDA:110,13,0,0
BRDA:118,14,0,0
BRDA:118,14,1,0
BRDA:119,15,0,0
BRDA:119,15,1,0
BRDA:132,16,0,0
BRDA:140,17,0,0
BRDA:140,17,1,0
BRDA:141,18,0,0
BRDA:141,18,1,0
BRDA:154,19,0,0
BRDA:162,20,0,0
BRDA:162,20,1,0
BRDA:163,21,0,0
BRDA:163,21,1,0
BRF:37
BRH:0
end_of_record
TN:
SF:app/admin/bookings/page.tsx
FN:36,AdminBookingsPage
FN:45,(anonymous_3)
FN:56,(anonymous_4)
FN:70,(anonymous_5)
FN:88,(anonymous_6)
FN:98,(anonymous_7)
FN:113,(anonymous_8)
FN:128,(anonymous_9)
FN:129,(anonymous_10)
FN:130,(anonymous_11)
FN:131,(anonymous_12)
FN:133,(anonymous_13)
FN:134,(anonymous_14)
FN:215,(anonymous_15)
FN:222,(anonymous_16)
FN:235,(anonymous_17)
FN:277,(anonymous_18)
FN:315,(anonymous_19)
FN:323,(anonymous_20)
FN:331,(anonymous_21)
FNF:20
FNH:0
FNDA:0,AdminBookingsPage
FNDA:0,(anonymous_3)
FNDA:0,(anonymous_4)
FNDA:0,(anonymous_5)
FNDA:0,(anonymous_6)
FNDA:0,(anonymous_7)
FNDA:0,(anonymous_8)
FNDA:0,(anonymous_9)
FNDA:0,(anonymous_10)
FNDA:0,(anonymous_11)
FNDA:0,(anonymous_12)
FNDA:0,(anonymous_13)
FNDA:0,(anonymous_14)
FNDA:0,(anonymous_15)
FNDA:0,(anonymous_16)
FNDA:0,(anonymous_17)
FNDA:0,(anonymous_18)
FNDA:0,(anonymous_19)
FNDA:0,(anonymous_20)
FNDA:0,(anonymous_21)
DA:3,0
DA:4,0
DA:5,0
DA:6,0
DA:7,0
DA:8,0
DA:9,0
DA:10,0
DA:11,0
DA:36,0
DA:37,0
DA:38,0
DA:39,0
DA:40,0
DA:41,0
DA:42,0
DA:43,0
DA:45,0
DA:46,0
DA:48,0
DA:49,0
DA:50,0
DA:53,0
DA:56,0
DA:57,0
DA:58,0
DA:59,0
DA:60,0
DA:61,0
DA:63,0
DA:64,0
DA:66,0
DA:70,0
DA:71,0
DA:72,0
DA:78,0
DA:80,0
DA:81,0
DA:83,0
DA:84,0
DA:88,0
DA:89,0
DA:93,0
DA:94,0
DA:95,0
DA:98,0
DA:99,0
DA:101,0
DA:103,0
DA:105,0
DA:107,0
DA:109,0
DA:113,0
DA:114,0
DA:116,0
DA:118,0
DA:120,0
DA:122,0
DA:126,0
DA:128,0
DA:129,0
DA:130,0
DA:131,0
DA:133,0
DA:134,0
DA:137,0
DA:215,0
DA:222,0
DA:235,0
DA:278,0
DA:315,0
DA:323,0
DA:331,0
LF:73
LH:0
BRDA:46,0,0,0
BRDA:48,1,0,0
BRDA:48,2,0,0
BRDA:48,2,1,0
BRDA:48,2,2,0
BRDA:48,2,3,0
BRDA:59,3,0,0
BRDA:78,4,0,0
BRDA:89,5,0,0
BRDA:89,5,1,0
BRDA:89,5,2,0
BRDA:89,5,3,0
BRDA:93,6,0,0
BRDA:93,6,1,0
BRDA:94,7,0,0
BRDA:94,7,1,0
BRDA:95,8,0,0
BRDA:95,8,1,0
BRDA:95,8,2,0
BRDA:99,9,0,0
BRDA:99,9,1,0
BRDA:99,9,2,0
BRDA:99,9,3,0
BRDA:99,9,4,0
BRDA:114,10,0,0
BRDA:114,10,1,0
BRDA:114,10,2,0
BRDA:114,10,3,0
BRDA:137,11,0,0
BRDA:137,12,0,0
BRDA:137,12,1,0
BRDA:281,13,0,0
BRDA:281,13,1,0
BRDA:284,14,0,0
BRDA:284,14,1,0
BRDA:312,15,0,0
BRDA:320,16,0,0
BRDA:328,17,0,0
BRDA:344,18,0,0
BRDA:349,19,0,0
BRDA:349,19,1,0
BRDA:349,20,0,0
BRDA:349,20,1,0
BRDA:349,20,2,0
BRF:44
BRH:0
end_of_record
TN:
SF:app/admin/calendar/page.tsx
FN:26,AdminCalendarPage
FN:33,(anonymous_3)
FN:44,(anonymous_4)
FN:58,(anonymous_5)
FN:69,(anonymous_6)
FN:70,(anonymous_7)
FN:77,(anonymous_8)
FN:78,(anonymous_9)
FN:121,(anonymous_10)
FN:128,(anonymous_11)
FN:135,(anonymous_12)
FN:145,(anonymous_13)
FN:155,(anonymous_14)
FN:160,(anonymous_15)
FN:180,(anonymous_16)
FNF:15
FNH:0
FNDA:0,AdminCalendarPage
FNDA:0,(anonymous_3)
FNDA:0,(anonymous_4)
FNDA:0,(anonymous_5)
FNDA:0,(anonymous_6)
FNDA:0,(anonymous_7)
FNDA:0,(anonymous_8)
FNDA:0,(anonymous_9)
FNDA:0,(anonymous_10)
FNDA:0,(anonymous_11)
FNDA:0,(anonymous_12)
FNDA:0,(anonymous_13)
FNDA:0,(anonymous_14)
FNDA:0,(anonymous_15)
FNDA:0,(anonymous_16)
DA:3,0
DA:4,0
DA:5,0
DA:6,0
DA:7,0
DA:8,0
DA:10,0
DA:26,0
DA:27,0
DA:28,0
DA:29,0
DA:30,0
DA:31,0
DA:33,0
DA:34,0
DA:36,0
DA:37,0
DA:38,0
DA:41,0
DA:44,0
DA:45,0
DA:46,0
DA:47,0
DA:48,0
DA:49,0
DA:51,0
DA:52,0
DA:54,0
DA:58,0
DA:59,0
DA:60,0
DA:61,0
DA:62,0
DA:63,0
DA:64,0
DA:66,0
DA:69,0
DA:70,0
DA:71,0
DA:72,0
DA:73,0
DA:77,0
DA:78,0
DA:79,0
DA:80,0
DA:81,0
DA:83,0
DA:85,0
DA:89,0
DA:90,0
DA:91,0
DA:93,0
DA:121,0
DA:128,0
DA:135,0
DA:146,0
DA:156,0
DA:161,0
DA:162,0
DA:163,0
DA:164,0
DA:166,0
DA:181,0
LF:63
LH:0
BRDA:34,0,0,0
BRDA:36,1,0,0
BRDA:36,2,0,0
BRDA:36,2,1,0
BRDA:36,2,2,0
BRDA:36,2,3,0
BRDA:47,3,0,0
BRDA:73,4,0,0
BRDA:73,4,1,0
BRDA:80,5,0,0
BRDA:80,5,1,0
BRDA:93,6,0,0
BRDA:93,7,0,0
BRDA:93,7,1,0
BRDA:170,8,0,0
BRDA:170,8,1,0
BRDA:176,9,0,0
BRDA:176,9,1,0
BRDA:189,10,0,0
BRF:19
BRH:0
end_of_record
TN:
SF:app/admin/dashboard/page.tsx
FN:88,AdminDashboardContent
FN:95,(anonymous_6)
FN:106,(anonymous_7)
FN:124,(anonymous_8)
FN:131,(anonymous_9)
FN:135,(anonymous_10)
FN:146,(anonymous_11)
FN:257,(anonymous_12)
FN:285,(anonymous_13)
FN:313,(anonymous_14)
FN:344,(anonymous_15)
FN:374,(anonymous_16)
FN:381,(anonymous_17)
FN:389,(anonymous_18)
FN:403,AdminDashboardLoading
FN:414,AdminDashboard
FNF:16
FNH:0
FNDA:0,AdminDashboardContent
FNDA:0,(anonymous_6)
FNDA:0,(anonymous_7)
FNDA:0,(anonymous_8)
FNDA:0,(anonymous_9)
FNDA:0,(anonymous_10)
FNDA:0,(anonymous_11)
FNDA:0,(anonymous_12)
FNDA:0,(anonymous_13)
FNDA:0,(anonymous_14)
FNDA:0,(anonymous_15)
FNDA:0,(anonymous_16)
FNDA:0,(anonymous_17)
FNDA:0,(anonymous_18)
FNDA:0,AdminDashboardLoading
FNDA:0,AdminDashboard
DA:4,0
DA:5,0
DA:7,0
DA:8,0
DA:9,0
DA:24,0
DA:25,0
DA:26,0
DA:27,0
DA:28,0
DA:89,0
DA:90,0
DA:91,0
DA:92,0
DA:93,0
DA:95,0
DA:96,0
DA:98,0
DA:99,0
DA:100,0
DA:103,0
DA:106,0
DA:107,0
DA:108,0
DA:109,0
DA:110,0
DA:112,0
DA:113,0
DA:115,0
DA:118,0
DA:120,0
DA:124,0
DA:125,0
DA:131,0
DA:132,0
DA:135,0
DA:136,0
DA:137,0
DA:138,0
DA:139,0
DA:140,0
DA:141,0
DA:142,0
DA:146,0
DA:154,0
DA:165,0
DA:179,0
DA:258,0
DA:286,0
DA:314,0
DA:345,0
DA:374,0
DA:381,0
DA:389,0
DA:414,0
LF:55
LH:0
BRDA:96,0,0,0
BRDA:98,1,0,0
BRDA:98,2,0,0
BRDA:98,2,1,0
BRDA:112,3,0,0
BRDA:112,3,1,0
BRDA:136,4,0,0
BRDA:136,4,1,0
BRDA:136,4,2,0
BRDA:136,4,3,0
BRDA:136,4,4,0
BRDA:136,4,5,0
BRDA:148,5,0,0
BRDA:154,6,0,0
BRDA:165,7,0,0
BRDA:199,8,0,0
BRDA:199,8,1,0
BRDA:289,9,0,0
BRDA:289,9,1,0
BRDA:290,10,0,0
BRDA:290,10,1,0
BRDA:291,11,0,0
BRDA:291,11,1,0
BRF:23
BRH:0
end_of_record
TN:
SF:app/admin/dashboard/checkin-checkout/page.tsx
FN:32,CheckInCheckOutPage
FN:41,(anonymous_3)
FN:52,(anonymous_4)
FN:66,(anonymous_5)
FN:87,(anonymous_6)
FN:111,(anonymous_7)
FN:117,(anonymous_8)
FN:123,(anonymous_9)
FN:186,(anonymous_10)
FN:194,(anonymous_11)
FN:210,(anonymous_12)
FN:218,(anonymous_13)
FN:256,(anonymous_14)
FNF:13
FNH:0
FNDA:0,CheckInCheckOutPage
FNDA:0,(anonymous_3)
FNDA:0,(anonymous_4)
FNDA:0,(anonymous_5)
FNDA:0,(anonymous_6)
FNDA:0,(anonymous_7)
FNDA:0,(anonymous_8)
FNDA:0,(anonymous_9)
FNDA:0,(anonymous_10)
FNDA:0,(anonymous_11)
FNDA:0,(anonymous_12)
FNDA:0,(anonymous_13)
FNDA:0,(anonymous_14)
DA:3,0
DA:4,0
DA:5,0
DA:6,0
DA:7,0
DA:8,0
DA:9,0
DA:10,0
DA:11,0
DA:32,0
DA:33,0
DA:34,0
DA:35,0
DA:36,0
DA:37,0
DA:38,0
DA:39,0
DA:41,0
DA:42,0
DA:44,0
DA:45,0
DA:46,0
DA:49,0
DA:52,0
DA:53,0
DA:54,0
DA:55,0
DA:56,0
DA:57,0
DA:59,0
DA:60,0
DA:62,0
DA:66,0
DA:67,0
DA:68,0
DA:69,0
DA:75,0
DA:77,0
DA:78,0
DA:80,0
DA:81,0
DA:83,0
DA:87,0
DA:88,0
DA:89,0
DA:90,0
DA:96,0
DA:98,0
DA:99,0
DA:101,0
DA:102,0
DA:104,0
DA:108,0
DA:109,0
DA:111,0
DA:112,0
DA:113,0
DA:114,0
DA:117,0
DA:118,0
DA:119,0
DA:120,0
DA:123,0
DA:124,0
DA:125,0
DA:132,0
DA:186,0
DA:194,0
DA:210,0
DA:219,0
DA:256,0
LF:71
LH:0
BRDA:42,0,0,0
BRDA:44,1,0,0
BRDA:44,2,0,0
BRDA:44,2,1,0
BRDA:44,2,2,0
BRDA:44,2,3,0
BRDA:55,3,0,0
BRDA:75,4,0,0
BRDA:96,5,0,0
BRDA:114,6,0,0
BRDA:114,6,1,0
BRDA:120,7,0,0
BRDA:120,7,1,0
BRDA:123,8,0,0
BRDA:123,8,1,0
BRDA:126,9,0,0
BRDA:126,9,1,0
BRDA:126,9,2,0
BRDA:132,10,0,0
BRDA:132,11,0,0
BRDA:132,11,1,0
BRDA:185,12,0,0
BRDA:185,12,1,0
BRDA:193,13,0,0
BRDA:193,13,1,0
BRDA:232,14,0,0
BRDA:248,15,0,0
BRDA:256,16,0,0
BRDA:256,16,1,0
BRDA:260,17,0,0
BRDA:265,18,0,0
BRDA:282,19,0,0
BRDA:285,20,0,0
BRDA:290,21,0,0
BRDA:290,21,1,0
BRDA:293,22,0,0
BRDA:293,22,1,0
BRDA:295,23,0,0
BRDA:295,23,1,0
BRF:39
BRH:0
end_of_record
TN:
SF:app/admin/gallery/page.tsx
FN:21,AdminGalleryPage
FN:35,(anonymous_3)
FN:46,(anonymous_4)
FN:60,(anonymous_5)
FN:82,(anonymous_6)
FN:100,(anonymous_7)
FN:108,(anonymous_8)
FN:118,(anonymous_9)
FN:120,(anonymous_10)
FN:149,(anonymous_11)
FN:168,(anonymous_12)
FN:175,(anonymous_13)
FN:179,(anonymous_14)
FN:186,(anonymous_15)
FN:199,(anonymous_16)
FN:212,(anonymous_17)
FN:237,(anonymous_18)
FN:255,(anonymous_19)
FN:271,(anonymous_20)
FN:282,(anonymous_21)
FN:294,(anonymous_22)
FN:298,(anonymous_23)
FN:311,(anonymous_24)
FNF:23
FNH:0
FNDA:0,AdminGalleryPage
FNDA:0,(anonymous_3)
FNDA:0,(anonymous_4)
FNDA:0,(anonymous_5)
FNDA:0,(anonymous_6)
FNDA:0,(anonymous_7)
FNDA:0,(anonymous_8)
FNDA:0,(anonymous_9)
FNDA:0,(anonymous_10)
FNDA:0,(anonymous_11)
FNDA:0,(anonymous_12)
FNDA:0,(anonymous_13)
FNDA:0,(anonymous_14)
FNDA:0,(anonymous_15)
FNDA:0,(anonymous_16)
FNDA:0,(anonymous_17)
FNDA:0,(anonymous_18)
FNDA:0,(anonymous_19)
FNDA:0,(anonymous_20)
FNDA:0,(anonymous_21)
FNDA:0,(anonymous_22)
FNDA:0,(anonymous_23)
FNDA:0,(anonymous_24)
DA:3,0
DA:4,0
DA:5,0
DA:6,0
DA:7,0
DA:8,0
DA:9,0
DA:10,0
DA:11,0
DA:21,0
DA:22,0
DA:23,0
DA:24,0
DA:25,0
DA:26,0
DA:27,0
DA:28,0
DA:29,0
DA:35,0
DA:36,0
DA:38,0
DA:39,0
DA:40,0
DA:43,0
DA:46,0
DA:47,0
DA:48,0
DA:49,0
DA:50,0
DA:51,0
DA:53,0
DA:54,0
DA:56,0
DA:60,0
DA:61,0
DA:63,0
DA:64,0
DA:70,0
DA:72,0
DA:73,0
DA:74,0
DA:75,0
DA:77,0
DA:78,0
DA:82,0
DA:83,0
DA:85,0
DA:86,0
DA:90,0
DA:92,0
DA:93,0
DA:95,0
DA:96,0
DA:100,0
DA:101,0
DA:108,0
DA:109,0
DA:110,0
DA:111,0
DA:114,0
DA:116,0
DA:118,0
DA:120,0
DA:124,0
DA:150,0
DA:168,0
DA:175,0
DA:180,0
DA:187,0
DA:188,0
DA:200,0
DA:212,0
DA:237,0
DA:256,0
DA:257,0
DA:271,0
DA:282,0
DA:294,0
DA:299,0
DA:312,0
DA:313,0
LF:81
LH:0
BRDA:36,0,0,0
BRDA:38,1,0,0
BRDA:38,2,0,0
BRDA:38,2,1,0
BRDA:38,2,2,0
BRDA:49,3,0,0
BRDA:70,4,0,0
BRDA:83,5,0,0
BRDA:90,6,0,0
BRDA:110,7,0,0
BRDA:110,7,1,0
BRDA:111,8,0,0
BRDA:111,8,1,0
BRDA:124,9,0,0
BRDA:124,10,0,0
BRDA:124,10,1,0
BRDA:227,11,0,0
BRDA:232,12,0,0
BRDA:232,12,1,0
BRDA:232,13,0,0
BRDA:232,13,1,0
BRDA:236,14,0,0
BRDA:246,15,0,0
BRF:23
BRH:0
end_of_record
TN:
SF:app/admin/inventory/page.tsx
FN:23,AdminInventoryPage
FN:43,(anonymous_3)
FN:54,(anonymous_4)
FN:68,(anonymous_5)
FN:104,(anonymous_6)
FN:118,(anonymous_7)
FN:136,(anonymous_8)
FN:148,(anonymous_9)
FN:156,(anonymous_10)
FN:158,(anonymous_11)
FN:173,(anonymous_12)
FN:188,(anonymous_13)
FN:189,(anonymous_14)
FN:190,(anonymous_15)
FN:270,(anonymous_16)
FN:277,(anonymous_17)
FN:281,(anonymous_18)
FN:288,(anonymous_19)
FN:300,(anonymous_20)
FN:328,(anonymous_21)
FN:360,(anonymous_22)
FN:367,(anonymous_23)
FN:406,(anonymous_24)
FN:423,(anonymous_25)
FN:433,(anonymous_26)
FN:445,(anonymous_27)
FN:456,(anonymous_28)
FN:470,(anonymous_29)
FN:482,(anonymous_30)
FN:494,(anonymous_31)
FN:513,(anonymous_32)
FNF:31
FNH:0
FNDA:0,AdminInventoryPage
FNDA:0,(anonymous_3)
FNDA:0,(anonymous_4)
FNDA:0,(anonymous_5)
FNDA:0,(anonymous_6)
FNDA:0,(anonymous_7)
FNDA:0,(anonymous_8)
FNDA:0,(anonymous_9)
FNDA:0,(anonymous_10)
FNDA:0,(anonymous_11)
FNDA:0,(anonymous_12)
FNDA:0,(anonymous_13)
FNDA:0,(anonymous_14)
FNDA:0,(anonymous_15)
FNDA:0,(anonymous_16)
FNDA:0,(anonymous_17)
FNDA:0,(anonymous_18)
FNDA:0,(anonymous_19)
FNDA:0,(anonymous_20)
FNDA:0,(anonymous_21)
FNDA:0,(anonymous_22)
FNDA:0,(anonymous_23)
FNDA:0,(anonymous_24)
FNDA:0,(anonymous_25)
FNDA:0,(anonymous_26)
FNDA:0,(anonymous_27)
FNDA:0,(anonymous_28)
FNDA:0,(anonymous_29)
FNDA:0,(anonymous_30)
FNDA:0,(anonymous_31)
FNDA:0,(anonymous_32)
DA:3,0
DA:4,0
DA:5,0
DA:6,0
DA:7,0
DA:8,0
DA:9,0
DA:10,0
DA:23,0
DA:24,0
DA:25,0
DA:26,0
DA:27,0
DA:28,0
DA:29,0
DA:30,0
DA:31,0
DA:32,0
DA:33,0
DA:43,0
DA:44,0
DA:46,0
DA:47,0
DA:48,0
DA:51,0
DA:54,0
DA:55,0
DA:56,0
DA:57,0
DA:58,0
DA:59,0
DA:61,0
DA:62,0
DA:64,0
DA:68,0
DA:69,0
DA:71,0
DA:72,0
DA:82,0
DA:83,0
DA:85,0
DA:91,0
DA:93,0
DA:94,0
DA:95,0
DA:96,0
DA:97,0
DA:99,0
DA:100,0
DA:104,0
DA:105,0
DA:106,0
DA:115,0
DA:118,0
DA:119,0
DA:121,0
DA:122,0
DA:126,0
DA:128,0
DA:129,0
DA:131,0
DA:132,0
DA:136,0
DA:137,0
DA:148,0
DA:149,0
DA:151,0
DA:152,0
DA:153,0
DA:156,0
DA:158,0
DA:159,0
DA:161,0
DA:163,0
DA:165,0
DA:167,0
DA:169,0
DA:173,0
DA:174,0
DA:186,0
DA:188,0
DA:189,0
DA:190,0
DA:193,0
DA:270,0
DA:277,0
DA:282,0
DA:288,0
DA:301,0
DA:302,0
DA:303,0
DA:329,0
DA:360,0
DA:367,0
DA:407,0
DA:408,0
DA:409,0
DA:423,0
DA:433,0
DA:445,0
DA:456,0
DA:470,0
DA:482,0
DA:494,0
DA:514,0
DA:515,0
DA:516,0
LF:107
LH:0
BRDA:44,0,0,0
BRDA:46,1,0,0
BRDA:46,2,0,0
BRDA:46,2,1,0
BRDA:46,2,2,0
BRDA:57,3,0,0
BRDA:74,4,0,0
BRDA:74,4,1,0
BRDA:82,5,0,0
BRDA:82,5,1,0
BRDA:83,6,0,0
BRDA:83,6,1,0
BRDA:91,7,0,0
BRDA:91,8,0,0
BRDA:91,8,1,0
BRDA:93,9,0,0
BRDA:93,9,1,0
BRDA:100,10,0,0
BRDA:100,10,1,0
BRDA:108,11,0,0
BRDA:108,11,1,0
BRDA:119,12,0,0
BRDA:126,13,0,0
BRDA:149,14,0,0
BRDA:149,14,1,0
BRDA:151,15,0,0
BRDA:151,15,1,0
BRDA:152,16,0,0
BRDA:152,16,1,0
BRDA:153,17,0,0
BRDA:153,17,1,0
BRDA:153,17,2,0
BRDA:159,18,0,0
BRDA:159,18,1,0
BRDA:159,18,2,0
BRDA:159,18,3,0
BRDA:159,18,4,0
BRDA:193,19,0,0
BRDA:193,20,0,0
BRDA:193,20,1,0
BRDA:332,21,0,0
BRDA:380,22,0,0
BRDA:385,23,0,0
BRDA:385,23,1,0
BRDA:385,24,0,0
BRDA:385,24,1,0
BRDA:385,24,2,0
BRDA:395,25,0,0
BRDA:401,26,0,0
BRDA:401,26,1,0
BRDA:508,27,0,0
BRDA:508,27,1,0
BRF:52
BRH:0
end_of_record
TN:
SF:app/admin/menu/page.tsx
FN:23,AdminMenuPage
FN:42,(anonymous_3)
FN:53,(anonymous_4)
FN:67,(anonymous_5)
FN:102,(anonymous_6)
FN:115,(anonymous_7)
FN:133,(anonymous_8)
FN:151,(anonymous_9)
FN:162,(anonymous_10)
FN:179,(anonymous_11)
FN:180,(anonymous_12)
FN:182,(anonymous_13)
FN:263,(anonymous_14)
FN:270,(anonymous_15)
FN:274,(anonymous_16)
FN:281,(anonymous_17)
FN:291,(anonymous_18)
FN:305,(anonymous_19)
FN:344,(anonymous_20)
FN:352,(anonymous_21)
FN:359,(anonymous_22)
FN:394,(anonymous_23)
FN:411,(anonymous_24)
FN:421,(anonymous_25)
FN:433,(anonymous_26)
FN:445,(anonymous_27)
FN:449,(anonymous_28)
FN:461,(anonymous_29)
FN:472,(anonymous_30)
FN:488,(anonymous_31)
FNF:30
FNH:0
FNDA:0,AdminMenuPage
FNDA:0,(anonymous_3)
FNDA:0,(anonymous_4)
FNDA:0,(anonymous_5)
FNDA:0,(anonymous_6)
FNDA:0,(anonymous_7)
FNDA:0,(anonymous_8)
FNDA:0,(anonymous_9)
FNDA:0,(anonymous_10)
FNDA:0,(anonymous_11)
FNDA:0,(anonymous_12)
FNDA:0,(anonymous_13)
FNDA:0,(anonymous_14)
FNDA:0,(anonymous_15)
FNDA:0,(anonymous_16)
FNDA:0,(anonymous_17)
FNDA:0,(anonymous_18)
FNDA:0,(anonymous_19)
FNDA:0,(anonymous_20)
FNDA:0,(anonymous_21)
FNDA:0,(anonymous_22)
FNDA:0,(anonymous_23)
FNDA:0,(anonymous_24)
FNDA:0,(anonymous_25)
FNDA:0,(anonymous_26)
FNDA:0,(anonymous_27)
FNDA:0,(anonymous_28)
FNDA:0,(anonymous_29)
FNDA:0,(anonymous_30)
FNDA:0,(anonymous_31)
DA:3,0
DA:4,0
DA:5,0
DA:6,0
DA:7,0
DA:8,0
DA:9,0
DA:10,0
DA:23,0
DA:24,0
DA:25,0
DA:26,0
DA:27,0
DA:28,0
DA:29,0
DA:30,0
DA:31,0
DA:32,0
DA:33,0
DA:42,0
DA:43,0
DA:45,0
DA:46,0
DA:47,0
DA:50,0
DA:53,0
DA:54,0
DA:55,0
DA:56,0
DA:57,0
DA:58,0
DA:60,0
DA:61,0
DA:63,0
DA:67,0
DA:68,0
DA:70,0
DA:71,0
DA:80,0
DA:81,0
DA:83,0
DA:89,0
DA:91,0
DA:92,0
DA:93,0
DA:94,0
DA:95,0
DA:97,0
DA:98,0
DA:102,0
DA:103,0
DA:104,0
DA:112,0
DA:115,0
DA:116,0
DA:118,0
DA:119,0
DA:123,0
DA:125,0
DA:126,0
DA:128,0
DA:129,0
DA:133,0
DA:134,0
DA:135,0
DA:141,0
DA:143,0
DA:144,0
DA:146,0
DA:147,0
DA:151,0
DA:152,0
DA:162,0
DA:163,0
DA:165,0
DA:166,0
DA:169,0
DA:172,0
DA:177,0
DA:179,0
DA:180,0
DA:182,0
DA:186,0
DA:263,0
DA:270,0
DA:275,0
DA:281,0
DA:292,0
DA:293,0
DA:294,0
DA:306,0
DA:344,0
DA:352,0
DA:359,0
DA:395,0
DA:396,0
DA:397,0
DA:411,0
DA:421,0
DA:433,0
DA:445,0
DA:450,0
DA:461,0
DA:472,0
DA:489,0
DA:490,0
DA:491,0
LF:107
LH:0
BRDA:43,0,0,0
BRDA:45,1,0,0
BRDA:45,2,0,0
BRDA:45,2,1,0
BRDA:45,2,2,0
BRDA:56,3,0,0
BRDA:73,4,0,0
BRDA:73,4,1,0
BRDA:76,5,0,0
BRDA:76,5,1,0
BRDA:80,6,0,0
BRDA:80,6,1,0
BRDA:81,7,0,0
BRDA:81,7,1,0
BRDA:89,8,0,0
BRDA:89,9,0,0
BRDA:89,9,1,0
BRDA:91,10,0,0
BRDA:91,10,1,0
BRDA:98,11,0,0
BRDA:98,11,1,0
BRDA:106,12,0,0
BRDA:106,12,1,0
BRDA:109,13,0,0
BRDA:109,13,1,0
BRDA:116,14,0,0
BRDA:123,15,0,0
BRDA:141,16,0,0
BRDA:143,17,0,0
BRDA:143,17,1,0
BRDA:163,18,0,0
BRDA:163,18,1,0
BRDA:165,19,0,0
BRDA:165,19,1,0
BRDA:166,20,0,0
BRDA:166,20,1,0
BRDA:166,20,2,0
BRDA:166,20,3,0
BRDA:166,20,4,0
BRDA:169,21,0,0
BRDA:169,21,1,0
BRDA:169,21,2,0
BRDA:181,22,0,0
BRDA:181,22,1,0
BRDA:186,23,0,0
BRDA:186,24,0,0
BRDA:186,24,1,0
BRDA:313,25,0,0
BRDA:313,25,1,0
BRDA:314,26,0,0
BRDA:314,26,1,0
BRDA:321,27,0,0
BRDA:332,28,0,0
BRDA:347,29,0,0
BRDA:347,29,1,0
BRDA:370,30,0,0
BRDA:375,31,0,0
BRDA:375,31,1,0
BRDA:375,32,0,0
BRDA:375,32,1,0
BRDA:375,32,2,0
BRDA:383,33,0,0
BRDA:389,34,0,0
BRDA:389,34,1,0
BRDA:483,35,0,0
BRDA:483,35,1,0
BRF:66
BRH:0
end_of_record
TN:
SF:app/admin/orders/page.tsx
FN:32,AdminOrdersPage
FN:42,(anonymous_3)
FN:52,(anonymous_4)
FN:55,(anonymous_5)
FN:69,(anonymous_6)
FN:87,(anonymous_7)
FN:94,(anonymous_8)
FN:111,(anonymous_9)
FN:128,(anonymous_10)
FN:129,(anonymous_11)
FN:130,(anonymous_12)
FN:131,(anonymous_13)
FN:133,(anonymous_14)
FN:134,(anonymous_15)
FN:207,(anonymous_16)
FN:214,(anonymous_17)
FN:229,(anonymous_18)
FN:266,(anonymous_19)
FN:275,(anonymous_20)
FN:284,(anonymous_21)
FN:293,(anonymous_22)
FN:302,(anonymous_23)
FN:341,(anonymous_24)
FN:367,(anonymous_25)
FNF:24
FNH:0
FNDA:0,AdminOrdersPage
FNDA:0,(anonymous_3)
FNDA:0,(anonymous_4)
FNDA:0,(anonymous_5)
FNDA:0,(anonymous_6)
FNDA:0,(anonymous_7)
FNDA:0,(anonymous_8)
FNDA:0,(anonymous_9)
FNDA:0,(anonymous_10)
FNDA:0,(anonymous_11)
FNDA:0,(anonymous_12)
FNDA:0,(anonymous_13)
FNDA:0,(anonymous_14)
FNDA:0,(anonymous_15)
FNDA:0,(anonymous_16)
FNDA:0,(anonymous_17)
FNDA:0,(anonymous_18)
FNDA:0,(anonymous_19)
FNDA:0,(anonymous_20)
FNDA:0,(anonymous_21)
FNDA:0,(anonymous_22)
FNDA:0,(anonymous_23)
FNDA:0,(anonymous_24)
FNDA:0,(anonymous_25)
DA:3,0
DA:4,0
DA:5,0
DA:6,0
DA:7,0
DA:8,0
DA:9,0
DA:10,0
DA:32,0
DA:33,0
DA:34,0
DA:35,0
DA:36,0
DA:37,0
DA:38,0
DA:39,0
DA:40,0
DA:42,0
DA:43,0
DA:45,0
DA:46,0
DA:47,0
DA:50,0
DA:51,0
DA:52,0
DA:55,0
DA:56,0
DA:57,0
DA:58,0
DA:59,0
DA:60,0
DA:62,0
DA:63,0
DA:65,0
DA:69,0
DA:70,0
DA:71,0
DA:77,0
DA:79,0
DA:80,0
DA:82,0
DA:83,0
DA:87,0
DA:88,0
DA:90,0
DA:91,0
DA:94,0
DA:95,0
DA:97,0
DA:99,0
DA:101,0
DA:103,0
DA:105,0
DA:107,0
DA:111,0
DA:112,0
DA:126,0
DA:128,0
DA:129,0
DA:130,0
DA:131,0
DA:133,0
DA:134,0
DA:137,0
DA:207,0
DA:214,0
DA:230,0
DA:266,0
DA:275,0
DA:284,0
DA:293,0
DA:303,0
DA:304,0
DA:342,0
DA:343,0
DA:368,0
LF:76
LH:0
BRDA:43,0,0,0
BRDA:45,1,0,0
BRDA:45,2,0,0
BRDA:45,2,1,0
BRDA:45,2,2,0
BRDA:58,3,0,0
BRDA:77,4,0,0
BRDA:88,5,0,0
BRDA:88,5,1,0
BRDA:90,6,0,0
BRDA:90,6,1,0
BRDA:91,7,0,0
BRDA:91,7,1,0
BRDA:95,8,0,0
BRDA:95,8,1,0
BRDA:95,8,2,0
BRDA:95,8,3,0
BRDA:95,8,4,0
BRDA:95,8,5,0
BRDA:137,9,0,0
BRDA:137,10,0,0
BRDA:137,10,1,0
BRDA:255,11,0,0
BRDA:263,12,0,0
BRDA:272,13,0,0
BRDA:281,14,0,0
BRDA:290,15,0,0
BRDA:316,16,0,0
BRDA:321,17,0,0
BRDA:321,17,1,0
BRDA:321,18,0,0
BRDA:321,18,1,0
BRDA:329,19,0,0
BRDA:329,19,1,0
BRDA:372,20,0,0
BRDA:385,21,0,0
BRF:36
BRH:0
end_of_record
TN:
SF:app/admin/qr-codes/page.tsx
FN:11,AdminQRCodesPage
FN:35,(anonymous_3)
FN:64,(anonymous_4)
FN:76,(anonymous_5)
FN:107,(anonymous_6)
FN:119,(anonymous_7)
FN:133,(anonymous_8)
FNF:7
FNH:0
FNDA:0,AdminQRCodesPage
FNDA:0,(anonymous_3)
FNDA:0,(anonymous_4)
FNDA:0,(anonymous_5)
FNDA:0,(anonymous_6)
FNDA:0,(anonymous_7)
FNDA:0,(anonymous_8)
DA:3,0
DA:4,0
DA:5,0
DA:6,0
DA:7,0
DA:8,0
DA:9,0
DA:11,0
DA:12,0
DA:13,0
DA:14,0
DA:15,0
DA:16,0
DA:22,0
DA:30,0
DA:31,0
DA:32,0
DA:35,0
DA:36,0
DA:37,0
DA:38,0
DA:40,0
DA:41,0
DA:51,0
DA:53,0
DA:54,0
DA:55,0
DA:57,0
DA:58,0
DA:60,0
DA:64,0
DA:65,0
DA:67,0
DA:68,0
DA:69,0
DA:70,0
DA:71,0
DA:72,0
DA:73,0
DA:76,0
DA:77,0
DA:82,0
DA:107,0
DA:119,0
DA:133,0
LF:45
LH:0
BRDA:22,0,0,0
BRDA:30,1,0,0
BRDA:30,2,0,0
BRDA:30,2,1,0
BRDA:30,2,2,0
BRDA:30,2,3,0
BRDA:51,3,0,0
BRDA:65,4,0,0
BRDA:151,5,0,0
BRDA:181,6,0,0
BRF:10
BRH:0
end_of_record
TN:
SF:app/admin/rooms/page.tsx
FN:26,AdminRoomsPage
FN:48,(anonymous_3)
FN:59,(anonymous_4)
FN:73,(anonymous_5)
FN:77,(anonymous_6)
FN:114,(anonymous_7)
FN:130,(anonymous_8)
FN:148,(anonymous_9)
FN:162,(anonymous_10)
FN:170,(anonymous_11)
FN:211,(anonymous_12)
FN:218,(anonymous_13)
FN:230,(anonymous_14)
FN:242,(anonymous_15)
FN:274,(anonymous_16)
FN:290,(anonymous_17)
FN:306,(anonymous_18)
FN:319,(anonymous_19)
FN:349,(anonymous_20)
FN:366,(anonymous_21)
FN:375,(anonymous_22)
FN:398,(anonymous_23)
FN:418,(anonymous_24)
FN:438,(anonymous_25)
FN:450,(anonymous_26)
FN:471,(anonymous_27)
FN:486,(anonymous_28)
FN:502,(anonymous_29)
FN:515,(anonymous_30)
FN:528,(anonymous_31)
FN:545,(anonymous_32)
FN:558,(anonymous_33)
FN:572,(anonymous_34)
FNF:33
FNH:0
FNDA:0,AdminRoomsPage
FNDA:0,(anonymous_3)
FNDA:0,(anonymous_4)
FNDA:0,(anonymous_5)
FNDA:0,(anonymous_6)
FNDA:0,(anonymous_7)
FNDA:0,(anonymous_8)
FNDA:0,(anonymous_9)
FNDA:0,(anonymous_10)
FNDA:0,(anonymous_11)
FNDA:0,(anonymous_12)
FNDA:0,(anonymous_13)
FNDA:0,(anonymous_14)
FNDA:0,(anonymous_15)
FNDA:0,(anonymous_16)
FNDA:0,(anonymous_17)
FNDA:0,(anonymous_18)
FNDA:0,(anonymous_19)
FNDA:0,(anonymous_20)
FNDA:0,(anonymous_21)
FNDA:0,(anonymous_22)
FNDA:0,(anonymous_23)
FNDA:0,(anonymous_24)
FNDA:0,(anonymous_25)
FNDA:0,(anonymous_26)
FNDA:0,(anonymous_27)
FNDA:0,(anonymous_28)
FNDA:0,(anonymous_29)
FNDA:0,(anonymous_30)
FNDA:0,(anonymous_31)
FNDA:0,(anonymous_32)
FNDA:0,(anonymous_33)
FNDA:0,(anonymous_34)
DA:3,0
DA:4,0
DA:5,0
DA:6,0
DA:7,0
DA:8,0
DA:9,0
DA:10,0
DA:26,0
DA:27,0
DA:28,0
DA:29,0
DA:30,0
DA:31,0
DA:32,0
DA:33,0
DA:34,0
DA:35,0
DA:36,0
DA:48,0
DA:49,0
DA:51,0
DA:52,0
DA:53,0
DA:56,0
DA:59,0
DA:60,0
DA:61,0
DA:62,0
DA:63,0
DA:64,0
DA:66,0
DA:67,0
DA:69,0
DA:73,0
DA:74,0
DA:76,0
DA:77,0
DA:79,0
DA:92,0
DA:93,0
DA:95,0
DA:101,0
DA:103,0
DA:104,0
DA:105,0
DA:106,0
DA:107,0
DA:109,0
DA:110,0
DA:114,0
DA:115,0
DA:116,0
DA:127,0
DA:130,0
DA:131,0
DA:133,0
DA:134,0
DA:138,0
DA:140,0
DA:141,0
DA:143,0
DA:144,0
DA:148,0
DA:149,0
DA:162,0
DA:163,0
DA:165,0
DA:166,0
DA:167,0
DA:170,0
DA:171,0
DA:173,0
DA:175,0
DA:177,0
DA:179,0
DA:181,0
DA:185,0
DA:211,0
DA:218,0
DA:230,0
DA:243,0
DA:244,0
DA:245,0
DA:274,0
DA:290,0
DA:306,0
DA:320,0
DA:350,0
DA:366,0
DA:375,0
DA:398,0
DA:419,0
DA:420,0
DA:421,0
DA:438,0
DA:450,0
DA:471,0
DA:486,0
DA:502,0
DA:515,0
DA:528,0
DA:545,0
DA:558,0
DA:573,0
DA:574,0
DA:575,0
LF:107
LH:0
BRDA:49,0,0,0
BRDA:51,1,0,0
BRDA:51,2,0,0
BRDA:51,2,1,0
BRDA:51,2,2,0
BRDA:62,3,0,0
BRDA:84,4,0,0
BRDA:84,4,1,0
BRDA:88,5,0,0
BRDA:88,5,1,0
BRDA:89,6,0,0
BRDA:89,6,1,0
BRDA:92,7,0,0
BRDA:92,7,1,0
BRDA:93,8,0,0
BRDA:93,8,1,0
BRDA:101,9,0,0
BRDA:101,10,0,0
BRDA:101,10,1,0
BRDA:103,11,0,0
BRDA:103,11,1,0
BRDA:110,12,0,0
BRDA:110,12,1,0
BRDA:121,13,0,0
BRDA:121,13,1,0
BRDA:123,14,0,0
BRDA:123,14,1,0
BRDA:124,15,0,0
BRDA:124,15,1,0
BRDA:131,16,0,0
BRDA:138,17,0,0
BRDA:163,18,0,0
BRDA:163,18,1,0
BRDA:165,19,0,0
BRDA:165,19,1,0
BRDA:166,20,0,0
BRDA:166,20,1,0
BRDA:167,21,0,0
BRDA:167,21,1,0
BRDA:167,21,2,0
BRDA:171,22,0,0
BRDA:171,22,1,0
BRDA:171,22,2,0
BRDA:171,22,3,0
BRDA:171,22,4,0
BRDA:185,23,0,0
BRDA:185,24,0,0
BRDA:185,24,1,0
BRDA:343,25,0,0
BRDA:347,26,0,0
BRDA:354,27,0,0
BRDA:388,28,0,0
BRDA:393,29,0,0
BRDA:393,29,1,0
BRDA:393,30,0,0
BRDA:393,30,1,0
BRDA:393,30,2,0
BRDA:397,31,0,0
BRDA:407,32,0,0
BRDA:413,33,0,0
BRDA:413,33,1,0
BRDA:567,34,0,0
BRDA:567,34,1,0
BRF:63
BRH:0
end_of_record
TN:
SF:app/admin/staff/page.tsx
FN:25,AdminStaffPage
FN:47,(anonymous_3)
FN:58,(anonymous_4)
FN:72,(anonymous_5)
FN:110,(anonymous_6)
FN:126,(anonymous_7)
FN:144,(anonymous_8)
FN:158,(anonymous_9)
FN:170,(anonymous_10)
FN:174,(anonymous_11)
FN:175,(anonymous_12)
FN:256,(anonymous_13)
FN:263,(anonymous_14)
FN:267,(anonymous_15)
FN:274,(anonymous_16)
FN:284,(anonymous_17)
FN:327,(anonymous_18)
FN:360,(anonymous_19)
FN:367,(anonymous_20)
FN:406,(anonymous_21)
FN:424,(anonymous_22)
FN:435,(anonymous_23)
FN:448,(anonymous_24)
FN:459,(anonymous_25)
FN:472,(anonymous_26)
FN:482,(anonymous_27)
FN:504,(anonymous_28)
FN:515,(anonymous_29)
FN:529,(anonymous_30)
FN:545,(anonymous_31)
FNF:30
FNH:0
FNDA:0,AdminStaffPage
FNDA:0,(anonymous_3)
FNDA:0,(anonymous_4)
FNDA:0,(anonymous_5)
FNDA:0,(anonymous_6)
FNDA:0,(anonymous_7)
FNDA:0,(anonymous_8)
FNDA:0,(anonymous_9)
FNDA:0,(anonymous_10)
FNDA:0,(anonymous_11)
FNDA:0,(anonymous_12)
FNDA:0,(anonymous_13)
FNDA:0,(anonymous_14)
FNDA:0,(anonymous_15)
FNDA:0,(anonymous_16)
FNDA:0,(anonymous_17)
FNDA:0,(anonymous_18)
FNDA:0,(anonymous_19)
FNDA:0,(anonymous_20)
FNDA:0,(anonymous_21)
FNDA:0,(anonymous_22)
FNDA:0,(anonymous_23)
FNDA:0,(anonymous_24)
FNDA:0,(anonymous_25)
FNDA:0,(anonymous_26)
FNDA:0,(anonymous_27)
FNDA:0,(anonymous_28)
FNDA:0,(anonymous_29)
FNDA:0,(anonymous_30)
FNDA:0,(anonymous_31)
DA:3,0
DA:4,0
DA:5,0
DA:6,0
DA:7,0
DA:8,0
DA:9,0
DA:10,0
DA:25,0
DA:26,0
DA:27,0
DA:28,0
DA:29,0
DA:30,0
DA:31,0
DA:32,0
DA:33,0
DA:34,0
DA:35,0
DA:47,0
DA:48,0
DA:50,0
DA:51,0
DA:52,0
DA:55,0
DA:58,0
DA:59,0
DA:60,0
DA:61,0
DA:62,0
DA:63,0
DA:65,0
DA:66,0
DA:68,0
DA:72,0
DA:73,0
DA:75,0
DA:76,0
DA:88,0
DA:89,0
DA:91,0
DA:97,0
DA:99,0
DA:100,0
DA:101,0
DA:102,0
DA:103,0
DA:105,0
DA:106,0
DA:110,0
DA:111,0
DA:112,0
DA:123,0
DA:126,0
DA:127,0
DA:129,0
DA:130,0
DA:134,0
DA:136,0
DA:137,0
DA:139,0
DA:140,0
DA:144,0
DA:145,0
DA:158,0
DA:159,0
DA:163,0
DA:164,0
DA:167,0
DA:170,0
DA:172,0
DA:174,0
DA:175,0
DA:179,0
DA:256,0
DA:263,0
DA:268,0
DA:274,0
DA:285,0
DA:286,0
DA:287,0
DA:328,0
DA:360,0
DA:367,0
DA:407,0
DA:408,0
DA:409,0
DA:424,0
DA:435,0
DA:448,0
DA:459,0
DA:472,0
DA:482,0
DA:504,0
DA:515,0
DA:529,0
DA:546,0
DA:547,0
DA:548,0
LF:99
LH:0
BRDA:48,0,0,0
BRDA:50,1,0,0
BRDA:50,2,0,0
BRDA:50,2,1,0
BRDA:50,2,2,0
BRDA:61,3,0,0
BRDA:88,4,0,0
BRDA:88,4,1,0
BRDA:89,5,0,0
BRDA:89,5,1,0
BRDA:97,6,0,0
BRDA:97,7,0,0
BRDA:97,7,1,0
BRDA:99,8,0,0
BRDA:99,8,1,0
BRDA:106,9,0,0
BRDA:106,9,1,0
BRDA:127,10,0,0
BRDA:134,11,0,0
BRDA:159,12,0,0
BRDA:159,12,1,0
BRDA:159,12,2,0
BRDA:159,12,3,0
BRDA:163,13,0,0
BRDA:163,13,1,0
BRDA:164,14,0,0
BRDA:164,14,1,0
BRDA:164,14,2,0
BRDA:164,14,3,0
BRDA:164,14,4,0
BRDA:167,15,0,0
BRDA:167,15,1,0
BRDA:167,15,2,0
BRDA:179,16,0,0
BRDA:179,17,0,0
BRDA:179,17,1,0
BRDA:351,18,0,0
BRDA:351,18,1,0
BRDA:352,19,0,0
BRDA:352,19,1,0
BRDA:380,20,0,0
BRDA:385,21,0,0
BRDA:385,21,1,0
BRDA:385,22,0,0
BRDA:385,22,1,0
BRDA:385,22,2,0
BRDA:395,23,0,0
BRDA:401,24,0,0
BRDA:401,24,1,0
BRDA:540,25,0,0
BRDA:540,25,1,0
BRF:51
BRH:0
end_of_record
TN:
SF:app/admin/tasks/page.tsx
FN:29,AdminTasksPage
FN:51,(anonymous_3)
FN:63,(anonymous_4)
FN:77,(anonymous_5)
FN:82,(anonymous_6)
FN:88,(anonymous_7)
FN:125,(anonymous_8)
FN:139,(anonymous_9)
FN:157,(anonymous_10)
FN:175,(anonymous_11)
FN:187,(anonymous_12)
FN:196,(anonymous_13)
FN:209,(anonymous_14)
FN:224,(anonymous_15)
FN:225,(anonymous_16)
FN:226,(anonymous_17)
FN:227,(anonymous_18)
FN:294,(anonymous_19)
FN:301,(anonymous_20)
FN:313,(anonymous_21)
FN:325,(anonymous_22)
FN:338,(anonymous_23)
FN:352,(anonymous_24)
FN:395,(anonymous_25)
FN:404,(anonymous_26)
FN:413,(anonymous_27)
FN:420,(anonymous_28)
FN:455,(anonymous_29)
FN:472,(anonymous_30)
FN:482,(anonymous_31)
FN:493,(anonymous_32)
FN:509,(anonymous_33)
FN:526,(anonymous_34)
FN:541,(anonymous_35)
FN:545,(anonymous_36)
FN:559,(anonymous_37)
FN:572,(anonymous_38)
FNF:37
FNH:0
FNDA:0,AdminTasksPage
FNDA:0,(anonymous_3)
FNDA:0,(anonymous_4)
FNDA:0,(anonymous_5)
FNDA:0,(anonymous_6)
FNDA:0,(anonymous_7)
FNDA:0,(anonymous_8)
FNDA:0,(anonymous_9)
FNDA:0,(anonymous_10)
FNDA:0,(anonymous_11)
FNDA:0,(anonymous_12)
FNDA:0,(anonymous_13)
FNDA:0,(anonymous_14)
FNDA:0,(anonymous_15)
FNDA:0,(anonymous_16)
FNDA:0,(anonymous_17)
FNDA:0,(anonymous_18)
FNDA:0,(anonymous_19)
FNDA:0,(anonymous_20)
FNDA:0,(anonymous_21)
FNDA:0,(anonymous_22)
FNDA:0,(anonymous_23)
FNDA:0,(anonymous_24)
FNDA:0,(anonymous_25)
FNDA:0,(anonymous_26)
FNDA:0,(anonymous_27)
FNDA:0,(anonymous_28)
FNDA:0,(anonymous_29)
FNDA:0,(anonymous_30)
FNDA:0,(anonymous_31)
FNDA:0,(anonymous_32)
FNDA:0,(anonymous_33)
FNDA:0,(anonymous_34)
FNDA:0,(anonymous_35)
FNDA:0,(anonymous_36)
FNDA:0,(anonymous_37)
FNDA:0,(anonymous_38)
DA:3,0
DA:4,0
DA:5,0
DA:6,0
DA:7,0
DA:8,0
DA:9,0
DA:10,0
DA:29,0
DA:30,0
DA:31,0
DA:32,0
DA:33,0
DA:34,0
DA:35,0
DA:36,0
DA:37,0
DA:38,0
DA:39,0
DA:40,0
DA:41,0
DA:51,0
DA:52,0
DA:54,0
DA:55,0
DA:56,0
DA:59,0
DA:60,0
DA:63,0
DA:64,0
DA:65,0
DA:66,0
DA:67,0
DA:68,0
DA:70,0
DA:71,0
DA:73,0
DA:77,0
DA:78,0
DA:79,0
DA:80,0
DA:81,0
DA:82,0
DA:84,0
DA:88,0
DA:89,0
DA:91,0
DA:92,0
DA:103,0
DA:104,0
DA:106,0
DA:112,0
DA:114,0
DA:115,0
DA:116,0
DA:117,0
DA:118,0
DA:120,0
DA:121,0
DA:125,0
DA:126,0
DA:127,0
DA:136,0
DA:139,0
DA:140,0
DA:142,0
DA:143,0
DA:147,0
DA:149,0
DA:150,0
DA:152,0
DA:153,0
DA:157,0
DA:158,0
DA:159,0
DA:165,0
DA:167,0
DA:168,0
DA:170,0
DA:171,0
DA:175,0
DA:176,0
DA:187,0
DA:188,0
DA:190,0
DA:191,0
DA:192,0
DA:193,0
DA:196,0
DA:197,0
DA:199,0
DA:201,0
DA:203,0
DA:205,0
DA:209,0
DA:210,0
DA:212,0
DA:214,0
DA:216,0
DA:218,0
DA:222,0
DA:224,0
DA:225,0
DA:226,0
DA:227,0
DA:230,0
DA:294,0
DA:301,0
DA:313,0
DA:325,0
DA:339,0
DA:340,0
DA:341,0
DA:353,0
DA:395,0
DA:404,0
DA:413,0
DA:420,0
DA:456,0
DA:457,0
DA:458,0
DA:472,0
DA:482,0
DA:493,0
DA:509,0
DA:526,0
DA:541,0
DA:546,0
DA:559,0
DA:573,0
DA:574,0
DA:575,0
LF:132
LH:0
BRDA:52,0,0,0
BRDA:54,1,0,0
BRDA:66,2,0,0
BRDA:80,3,0,0
BRDA:94,4,0,0
BRDA:94,4,1,0
BRDA:98,5,0,0
BRDA:98,5,1,0
BRDA:99,6,0,0
BRDA:99,6,1,0
BRDA:103,7,0,0
BRDA:103,7,1,0
BRDA:104,8,0,0
BRDA:104,8,1,0
BRDA:112,9,0,0
BRDA:112,10,0,0
BRDA:112,10,1,0
BRDA:114,11,0,0
BRDA:114,11,1,0
BRDA:121,12,0,0
BRDA:121,12,1,0
BRDA:129,13,0,0
BRDA:129,13,1,0
BRDA:133,14,0,0
BRDA:133,14,1,0
BRDA:134,15,0,0
BRDA:134,15,1,0
BRDA:140,16,0,0
BRDA:147,17,0,0
BRDA:165,18,0,0
BRDA:188,19,0,0
BRDA:188,19,1,0
BRDA:190,20,0,0
BRDA:190,20,1,0
BRDA:191,21,0,0
BRDA:191,21,1,0
BRDA:192,22,0,0
BRDA:192,22,1,0
BRDA:193,23,0,0
BRDA:193,23,1,0
BRDA:193,23,2,0
BRDA:193,23,3,0
BRDA:197,24,0,0
BRDA:197,24,1,0
BRDA:197,24,2,0
BRDA:197,24,3,0
BRDA:210,25,0,0
BRDA:210,25,1,0
BRDA:210,25,2,0
BRDA:210,25,3,0
BRDA:227,26,0,0
BRDA:227,26,1,0
BRDA:230,27,0,0
BRDA:230,28,0,0
BRDA:230,28,1,0
BRDA:371,29,0,0
BRDA:377,30,0,0
BRDA:384,31,0,0
BRDA:391,32,0,0
BRDA:401,33,0,0
BRDA:431,34,0,0
BRDA:436,35,0,0
BRDA:436,35,1,0
BRDA:436,36,0,0
BRDA:436,36,1,0
BRDA:436,36,2,0
BRDA:436,36,3,0
BRDA:444,37,0,0
BRDA:450,38,0,0
BRDA:450,38,1,0
BRDA:567,39,0,0
BRDA:567,39,1,0
BRF:72
BRH:0
end_of_record
TN:
SF:app/api/analytics/route.ts
FN:21,GET
FN:78,(anonymous_5)
FN:80,(anonymous_6)
FN:84,(anonymous_7)
FN:87,(anonymous_8)
FN:91,(anonymous_9)
FN:94,(anonymous_10)
FN:98,(anonymous_11)
FN:102,(anonymous_12)
FN:107,(anonymous_13)
FN:108,(anonymous_14)
FN:109,(anonymous_15)
FN:112,(anonymous_16)
FN:113,(anonymous_17)
FN:116,(anonymous_18)
FN:117,(anonymous_19)
FN:118,(anonymous_20)
FN:119,(anonymous_21)
FN:131,(anonymous_22)
FN:143,(anonymous_23)
FN:144,(anonymous_24)
FN:149,(anonymous_25)
FN:150,(anonymous_26)
FN:165,(anonymous_27)
FN:166,(anonymous_28)
FN:171,(anonymous_29)
FN:172,(anonymous_30)
FNF:27
FNH:0
FNDA:0,GET
FNDA:0,(anonymous_5)
FNDA:0,(anonymous_6)
FNDA:0,(anonymous_7)
FNDA:0,(anonymous_8)
FNDA:0,(anonymous_9)
FNDA:0,(anonymous_10)
FNDA:0,(anonymous_11)
FNDA:0,(anonymous_12)
FNDA:0,(anonymous_13)
FNDA:0,(anonymous_14)
FNDA:0,(anonymous_15)
FNDA:0,(anonymous_16)
FNDA:0,(anonymous_17)
FNDA:0,(anonymous_18)
FNDA:0,(anonymous_19)
FNDA:0,(anonymous_20)
FNDA:0,(anonymous_21)
FNDA:0,(anonymous_22)
FNDA:0,(anonymous_23)
FNDA:0,(anonymous_24)
FNDA:0,(anonymous_25)
FNDA:0,(anonymous_26)
FNDA:0,(anonymous_27)
FNDA:0,(anonymous_28)
FNDA:0,(anonymous_29)
FNDA:0,(anonymous_30)
DA:1,0
DA:2,0
DA:3,0
DA:4,0
DA:17,0
DA:19,0
DA:21,0
DA:22,0
DA:23,0
DA:25,0
DA:26,0
DA:32,0
DA:33,0
DA:35,0
DA:39,0
DA:41,0
DA:42,0
DA:43,0
DA:45,0
DA:46,0
DA:47,0
DA:49,0
DA:50,0
DA:51,0
DA:53,0
DA:54,0
DA:58,0
DA:78,0
DA:79,0
DA:81,0
DA:82,0
DA:84,0
DA:86,0
DA:88,0
DA:89,0
DA:91,0
DA:93,0
DA:95,0
DA:96,0
DA:98,0
DA:101,0
DA:102,0
DA:103,0
DA:106,0
DA:107,0
DA:108,0
DA:109,0
DA:112,0
DA:113,0
DA:116,0
DA:117,0
DA:118,0
DA:119,0
DA:120,0
DA:122,0
DA:124,0
DA:131,0
DA:134,0
DA:143,0
DA:144,0
DA:145,0
DA:146,0
DA:149,0
DA:150,0
DA:151,0
DA:154,0
DA:162,0
DA:166,0
DA:167,0
DA:168,0
DA:171,0
DA:172,0
DA:173,0
DA:176,0
DA:179,0
DA:188,0
DA:189,0
DA:191,0
DA:221,0
DA:223,0
DA:224,0
LF:81
LH:0
BRDA:25,0,0,0
BRDA:25,1,0,0
BRDA:25,1,1,0
BRDA:33,2,0,0
BRDA:33,2,1,0
BRDA:39,3,0,0
BRDA:39,3,1,0
BRDA:39,3,2,0
BRDA:39,3,3,0
BRDA:82,4,0,0
BRDA:82,4,1,0
BRDA:89,5,0,0
BRDA:89,5,1,0
BRDA:96,6,0,0
BRDA:96,6,1,0
BRDA:103,7,0,0
BRDA:103,7,1,0
BRDA:120,8,0,0
BRDA:120,8,1,0
BRDA:122,9,0,0
BRDA:122,9,1,0
BRDA:146,10,0,0
BRDA:146,10,1,0
BRDA:151,11,0,0
BRDA:151,11,1,0
BRDA:168,12,0,0
BRDA:168,12,1,0
BRDA:173,13,0,0
BRDA:173,13,1,0
BRDA:176,14,0,0
BRDA:176,14,1,0
BRF:31
BRH:0
end_of_record
TN:
SF:app/api/analytics/dashboard/route.ts
FN:6,GET
FN:125,(anonymous_3)
FN:141,(anonymous_4)
FN:143,(anonymous_5)
FN:185,(anonymous_6)
FN:196,(anonymous_7)
FN:207,(anonymous_8)
FN:208,(anonymous_9)
FN:219,(anonymous_10)
FN:220,(anonymous_11)
FN:221,(anonymous_12)
FNF:11
FNH:0
FNDA:0,GET
FNDA:0,(anonymous_3)
FNDA:0,(anonymous_4)
FNDA:0,(anonymous_5)
FNDA:0,(anonymous_6)
FNDA:0,(anonymous_7)
FNDA:0,(anonymous_8)
FNDA:0,(anonymous_9)
FNDA:0,(anonymous_10)
FNDA:0,(anonymous_11)
FNDA:0,(anonymous_12)
DA:1,0
DA:2,0
DA:3,0
DA:4,0
DA:6,0
DA:7,0
DA:9,0
DA:10,0
DA:13,0
DA:14,0
DA:15,0
DA:16,0
DA:17,0
DA:34,0
DA:125,0
DA:126,0
DA:132,0
DA:133,0
DA:134,0
DA:137,0
DA:141,0
DA:142,0
DA:143,0
DA:144,0
DA:147,0
DA:156,0
DA:157,0
DA:166,0
DA:169,0
DA:185,0
DA:196,0
DA:208,0
DA:209,0
DA:219,0
DA:220,0
DA:221,0
DA:226,0
DA:227,0
DA:232,0
LF:39
LH:0
BRDA:9,0,0,0
BRDA:9,1,0,0
BRDA:9,1,1,0
BRDA:134,2,0,0
BRDA:134,2,1,0
BRDA:137,3,0,0
BRDA:137,3,1,0
BRDA:138,4,0,0
BRDA:138,4,1,0
BRDA:144,5,0,0
BRDA:144,5,1,0
BRDA:151,6,0,0
BRDA:151,6,1,0
BRDA:166,7,0,0
BRDA:166,7,1,0
BRDA:175,8,0,0
BRDA:175,8,1,0
BRDA:176,9,0,0
BRDA:176,9,1,0
BRDA:177,10,0,0
BRDA:177,10,1,0
BRDA:178,11,0,0
BRDA:178,11,1,0
BRDA:190,12,0,0
BRDA:190,12,1,0
BRDA:191,13,0,0
BRDA:191,13,1,0
BRDA:192,14,0,0
BRDA:192,14,1,0
BRDA:198,15,0,0
BRDA:198,15,1,0
BRDA:198,15,2,0
BRDA:211,16,0,0
BRDA:211,16,1,0
BRDA:212,17,0,0
BRDA:212,17,1,0
BRDA:214,18,0,0
BRDA:214,18,1,0
BRDA:219,19,0,0
BRDA:219,19,1,0
BRDA:220,20,0,0
BRDA:220,20,1,0
BRDA:221,21,0,0
BRDA:221,21,1,0
BRF:44
BRH:0
end_of_record
TN:
SF:app/api/analytics/export/route.ts
FN:8,GET
FNF:1
FNH:0
FNDA:0,GET
DA:1,0
DA:2,0
DA:3,0
DA:4,0
DA:6,0
DA:8,0
DA:9,0
DA:10,0
DA:12,0
DA:13,0
DA:19,0
DA:20,0
DA:21,0
DA:28,0
DA:30,0
DA:45,0
DA:51,0
DA:53,0
DA:77,0
DA:84,0
DA:90,0
DA:91,0
LF:22
LH:0
BRDA:12,0,0,0
BRDA:12,1,0,0
BRDA:12,1,1,0
BRDA:20,2,0,0
BRDA:20,2,1,0
BRDA:21,3,0,0
BRDA:21,3,1,0
BRDA:28,4,0,0
BRDA:28,4,1,0
BRDA:51,5,0,0
BRDA:51,5,1,0
BRF:11
BRH:0
end_of_record
TN:
SF:app/api/auth/[...nextauth]/route.ts
FNF:0
FNH:0
DA:1,0
DA:2,0
DA:4,0
DA:6,0
LF:4
LH:0
BRF:0
BRH:0
end_of_record
TN:
SF:app/api/auth/forgot-password/route.ts
FN:5,POST
FNF:1
FNH:0
FNDA:0,POST
DA:1,0
DA:2,0
DA:3,0
DA:5,0
DA:6,0
DA:7,0
DA:9,0
DA:10,0
DA:17,0
DA:22,0
DA:23,0
DA:30,0
DA:31,0
DA:37,0
DA:46,0
DA:47,0
DA:49,0
DA:57,0
DA:58,0
LF:19
LH:0
BRDA:9,0,0,0
BRDA:22,1,0,0
BRF:2
BRH:0
end_of_record
TN:
SF:app/api/auth/register/route.ts
FN:13,POST
FNF:1
FNH:0
FNDA:0,POST
DA:1,0
DA:2,0
DA:3,0
DA:4,0
DA:6,0
DA:13,0
DA:14,0
DA:15,0
DA:16,0
DA:19,0
DA:23,0
DA:24,0
DA:31,0
DA:34,0
DA:51,0
DA:59,0
DA:60,0
DA:66,0
DA:67,0
LF:19
LH:0
BRDA:23,0,0,0
BRDA:59,1,0,0
BRF:2
BRH:0
end_of_record
TN:
SF:app/api/auth/reset-password/route.ts
FN:5,POST
FNF:1
FNH:0
FNDA:0,POST
DA:1,0
DA:2,0
DA:3,0
DA:5,0
DA:6,0
DA:7,0
DA:9,0
DA:10,0
DA:17,0
DA:18,0
DA:25,0
DA:29,0
DA:30,0
DA:41,0
DA:44,0
DA:52,0
DA:57,0
DA:58,0
LF:18
LH:0
BRDA:9,0,0,0
BRDA:9,1,0,0
BRDA:9,1,1,0
BRDA:9,1,2,0
BRDA:17,2,0,0
BRDA:29,3,0,0
BRF:6
BRH:0
end_of_record
TN:
SF:app/api/auth/session/route.ts
FN:5,GET
FNF:1
FNH:0
FNDA:0,GET
DA:1,0
DA:2,0
DA:3,0
DA:5,0
DA:6,0
DA:7,0
DA:9,0
DA:10,0
DA:20,0
DA:35,0
DA:36,0
LF:11
LH:0
BRDA:9,0,0,0
BRF:1
BRH:0
end_of_record
TN:
SF:app/api/bookings/route.ts
FN:16,createRateLimitResponse
FN:37,GET
FN:99,POST
FNF:3
FNH:0
FNDA:0,createRateLimitResponse
FNDA:0,GET
FNDA:0,POST
DA:1,0
DA:2,0
DA:3,0
DA:4,0
DA:5,0
DA:6,0
DA:7,0
DA:8,0
DA:9,0
DA:11,0
DA:17,0
DA:23,0
DA:37,0
DA:39,0
DA:42,0
DA:43,0
DA:44,0
DA:47,0
DA:48,0
DA:49,0
DA:52,0
DA:53,0
DA:54,0
DA:55,0
DA:57,0
DA:60,0
DA:61,0
DA:65,0
DA:66,0
DA:67,0
DA:68,0
DA:71,0
DA:89,0
DA:91,0
DA:92,0
DA:99,0
DA:101,0
DA:104,0
DA:105,0
DA:106,0
DA:109,0
DA:111,0
DA:112,0
DA:113,0
DA:116,0
DA:120,0
DA:121,0
DA:127,0
DA:128,0
DA:135,0
DA:154,0
DA:155,0
DA:163,0
DA:165,0
DA:167,0
DA:168,0
DA:170,0
DA:174,0
DA:176,0
DA:187,0
DA:188,0
DA:194,0
DA:201,0
DA:202,0
DA:203,0
DA:204,0
DA:207,0
DA:210,0
DA:237,0
DA:238,0
DA:250,0
DA:251,0
DA:252,0
DA:264,0
DA:271,0
DA:272,0
DA:273,0
DA:275,0
DA:277,0
DA:292,0
DA:303,0
DA:308,0
DA:309,0
DA:328,0
DA:340,0
DA:341,0
DA:347,0
DA:348,0
LF:88
LH:0
BRDA:39,0,0,0
BRDA:39,0,1,0
BRDA:39,0,2,0
BRDA:43,1,0,0
BRDA:48,2,0,0
BRDA:60,3,0,0
BRDA:60,4,0,0
BRDA:60,4,1,0
BRDA:65,5,0,0
BRDA:65,5,1,0
BRDA:67,6,0,0
BRDA:101,7,0,0
BRDA:101,7,1,0
BRDA:101,7,2,0
BRDA:105,8,0,0
BRDA:120,9,0,0
BRDA:127,10,0,0
BRDA:154,11,0,0
BRDA:165,12,0,0
BRDA:165,12,1,0
BRDA:168,13,0,0
BRDA:168,13,1,0
BRDA:174,14,0,0
BRDA:178,15,0,0
BRDA:178,15,1,0
BRDA:220,16,0,0
BRDA:220,16,1,0
BRDA:251,17,0,0
BRDA:272,18,0,0
BRDA:272,18,1,0
BRDA:272,18,2,0
BRDA:273,19,0,0
BRDA:273,19,1,0
BRDA:275,20,0,0
BRDA:308,21,0,0
BRDA:332,22,0,0
BRDA:332,22,1,0
BRDA:340,23,0,0
BRF:38
BRH:0
end_of_record
TN:
SF:app/api/bookings/[id]/route.ts
FN:16,GET
FN:81,PATCH
FN:211,DELETE
FNF:3
FNH:0
FNDA:0,GET
FNDA:0,PATCH
FNDA:0,DELETE
DA:1,0
DA:2,0
DA:3,0
DA:4,0
DA:5,0
DA:6,0
DA:7,0
DA:9,0
DA:16,0
DA:20,0
DA:21,0
DA:22,0
DA:24,0
DA:25,0
DA:31,0
DA:56,0
DA:57,0
DA:64,0
DA:65,0
DA:71,0
DA:73,0
DA:74,0
DA:81,0
DA:85,0
DA:86,0
DA:87,0
DA:89,0
DA:90,0
DA:96,0
DA:97,0
DA:99,0
DA:113,0
DA:114,0
DA:120,0
DA:121,0
DA:124,0
DA:125,0
DA:126,0
DA:130,0
DA:131,0
DA:138,0
DA:162,0
DA:163,0
DA:164,0
DA:175,0
DA:180,0
DA:194,0
DA:196,0
DA:197,0
DA:203,0
DA:204,0
DA:211,0
DA:215,0
DA:216,0
DA:217,0
DA:219,0
DA:220,0
DA:226,0
DA:230,0
DA:231,0
DA:238,0
DA:239,0
DA:245,0
DA:249,0
DA:251,0
DA:252,0
LF:66
LH:0
BRDA:24,0,0,0
BRDA:56,1,0,0
BRDA:64,2,0,0
BRDA:64,3,0,0
BRDA:64,3,1,0
BRDA:89,4,0,0
BRDA:89,5,0,0
BRDA:89,5,1,0
BRDA:113,6,0,0
BRDA:124,7,0,0
BRDA:124,8,0,0
BRDA:124,8,1,0
BRDA:125,9,0,0
BRDA:125,9,1,0
BRDA:130,10,0,0
BRDA:130,11,0,0
BRDA:130,11,1,0
BRDA:163,12,0,0
BRDA:163,13,0,0
BRDA:163,13,1,0
BRDA:166,14,0,0
BRDA:166,14,1,0
BRDA:196,15,0,0
BRDA:219,16,0,0
BRDA:219,17,0,0
BRDA:219,17,1,0
BRDA:230,18,0,0
BRDA:238,19,0,0
BRF:28
BRH:0
end_of_record
TN:
SF:app/api/gallery/route.ts
FN:14,GET
FN:51,POST
FNF:2
FNH:0
FNDA:0,GET
FNDA:0,POST
DA:1,0
DA:2,0
DA:3,0
DA:4,0
DA:5,0
DA:6,0
DA:8,0
DA:14,0
DA:15,0
DA:16,0
DA:18,0
DA:19,0
DA:25,0
DA:26,0
DA:28,0
DA:30,0
DA:31,0
DA:34,0
DA:41,0
DA:43,0
DA:44,0
DA:51,0
DA:52,0
DA:53,0
DA:55,0
DA:56,0
DA:62,0
DA:63,0
DA:65,0
DA:74,0
DA:86,0
DA:88,0
DA:89,0
DA:95,0
DA:96,0
LF:35
LH:0
BRDA:18,0,0,0
BRDA:30,1,0,0
BRDA:30,2,0,0
BRDA:30,2,1,0
BRDA:55,3,0,0
BRDA:55,4,0,0
BRDA:55,4,1,0
BRDA:88,5,0,0
BRF:8
BRH:0
end_of_record
TN:
SF:app/api/gallery/[id]/route.ts
FN:14,GET
FN:50,PUT
FN:100,DELETE
FNF:3
FNH:0
FNDA:0,GET
FNDA:0,PUT
FNDA:0,DELETE
DA:1,0
DA:2,0
DA:3,0
DA:4,0
DA:5,0
DA:6,0
DA:8,0
DA:14,0
DA:18,0
DA:19,0
DA:20,0
DA:22,0
DA:23,0
DA:29,0
DA:33,0
DA:34,0
DA:40,0
DA:42,0
DA:43,0
DA:50,0
DA:54,0
DA:55,0
DA:56,0
DA:58,0
DA:59,0
DA:65,0
DA:66,0
DA:68,0
DA:74,0
DA:83,0
DA:85,0
DA:86,0
DA:92,0
DA:93,0
DA:100,0
DA:104,0
DA:105,0
DA:106,0
DA:108,0
DA:109,0
DA:115,0
DA:120,0
DA:129,0
DA:131,0
DA:132,0
LF:45
LH:0
BRDA:22,0,0,0
BRDA:33,1,0,0
BRDA:58,2,0,0
BRDA:58,3,0,0
BRDA:58,3,1,0
BRDA:85,4,0,0
BRDA:108,5,0,0
BRDA:108,6,0,0
BRDA:108,6,1,0
BRF:9
BRH:0
end_of_record
TN:
SF:app/api/health/live/route.ts
FN:7,GET
FNF:1
FNH:0
FNDA:0,GET
DA:1,0
DA:7,0
DA:8,0
DA:10,0
DA:18,0
DA:20,0
DA:21,0
LF:7
LH:0
BRDA:14,0,0,0
BRDA:14,0,1,0
BRDA:15,1,0,0
BRDA:15,1,1,0
BRF:4
BRH:0
end_of_record
TN:
SF:app/api/health/ready/route.ts
FN:8,GET
FN:68,(anonymous_3)
FNF:2
FNH:0
FNDA:0,GET
FNDA:0,(anonymous_3)
DA:1,0
DA:2,0
DA:8,0
DA:9,0
DA:16,0
DA:18,0
DA:20,0
DA:21,0
DA:22,0
DA:24,0
DA:28,0
DA:32,0
DA:34,0
DA:38,0
DA:39,0
DA:41,0
DA:42,0
DA:43,0
DA:44,0
DA:47,0
DA:50,0
DA:53,0
DA:57,0
DA:58,0
DA:60,0
DA:62,0
DA:65,0
DA:68,0
DA:70,0
DA:77,0
DA:82,0
DA:83,0
LF:32
LH:0
BRDA:24,0,0,0
BRDA:24,0,1,0
BRDA:34,1,0,0
BRDA:34,1,1,0
BRDA:39,2,0,0
BRDA:39,2,1,0
BRDA:39,3,0,0
BRDA:39,3,1,0
BRDA:58,4,0,0
BRDA:58,4,1,0
BRDA:58,5,0,0
BRDA:58,5,1,0
BRDA:65,6,0,0
BRDA:65,6,1,0
BRDA:71,7,0,0
BRDA:71,7,1,0
BRDA:74,8,0,0
BRDA:74,8,1,0
BRDA:78,9,0,0
BRDA:78,9,1,0
BRDA:89,10,0,0
BRDA:89,10,1,0
BRF:22
BRH:0
end_of_record
TN:
SF:app/api/inventory/route.ts
FN:18,GET
FN:60,POST
FNF:2
FNH:0
FNDA:0,GET
FNDA:0,POST
DA:1,0
DA:2,0
DA:3,0
DA:4,0
DA:5,0
DA:6,0
DA:8,0
DA:18,0
DA:19,0
DA:20,0
DA:22,0
DA:23,0
DA:29,0
DA:30,0
DA:31,0
DA:33,0
DA:35,0
DA:36,0
DA:39,0
DA:40,0
DA:43,0
DA:50,0
DA:52,0
DA:53,0
DA:60,0
DA:61,0
DA:62,0
DA:64,0
DA:65,0
DA:71,0
DA:72,0
DA:74,0
DA:87,0
DA:100,0
DA:102,0
DA:103,0
DA:109,0
DA:110,0
LF:38
LH:0
BRDA:22,0,0,0
BRDA:35,1,0,0
BRDA:35,2,0,0
BRDA:35,2,1,0
BRDA:39,3,0,0
BRDA:39,4,0,0
BRDA:39,4,1,0
BRDA:64,5,0,0
BRDA:64,6,0,0
BRDA:64,6,1,0
BRDA:102,7,0,0
BRF:11
BRH:0
end_of_record
TN:
SF:app/api/inventory/[id]/route.ts
FN:18,GET
FN:54,PUT
FN:104,DELETE
FNF:3
FNH:0
FNDA:0,GET
FNDA:0,PUT
FNDA:0,DELETE
DA:1,0
DA:2,0
DA:3,0
DA:4,0
DA:5,0
DA:6,0
DA:8,0
DA:18,0
DA:22,0
DA:23,0
DA:24,0
DA:26,0
DA:27,0
DA:33,0
DA:37,0
DA:38,0
DA:44,0
DA:46,0
DA:47,0
DA:54,0
DA:58,0
DA:59,0
DA:60,0
DA:62,0
DA:63,0
DA:69,0
DA:70,0
DA:72,0
DA:78,0
DA:87,0
DA:89,0
DA:90,0
DA:96,0
DA:97,0
DA:104,0
DA:108,0
DA:109,0
DA:110,0
DA:112,0
DA:113,0
DA:119,0
DA:124,0
DA:133,0
DA:135,0
DA:136,0
LF:45
LH:0
BRDA:26,0,0,0
BRDA:37,1,0,0
BRDA:62,2,0,0
BRDA:62,3,0,0
BRDA:62,3,1,0
BRDA:89,4,0,0
BRDA:112,5,0,0
BRDA:112,6,0,0
BRDA:112,6,1,0
BRF:9
BRH:0
end_of_record
TN:
SF:app/api/kitchen/orders/route.ts
FN:6,GET
FN:59,(anonymous_5)
FN:77,(anonymous_6)
FN:78,(anonymous_7)
FN:79,(anonymous_8)
FN:80,(anonymous_9)
FN:81,(anonymous_10)
FN:82,(anonymous_11)
FN:108,PUT
FNF:9
FNH:0
FNDA:0,GET
FNDA:0,(anonymous_5)
FNDA:0,(anonymous_6)
FNDA:0,(anonymous_7)
FNDA:0,(anonymous_8)
FNDA:0,(anonymous_9)
FNDA:0,(anonymous_10)
FNDA:0,(anonymous_11)
FNDA:0,PUT
DA:1,0
DA:2,0
DA:3,0
DA:4,0
DA:6,0
DA:7,0
DA:9,0
DA:10,0
DA:13,0
DA:14,0
DA:15,0
DA:16,0
DA:18,0
DA:20,0
DA:21,0
DA:24,0
DA:25,0
DA:26,0
DA:27,0
DA:28,0
DA:30,0
DA:36,0
DA:58,0
DA:60,0
DA:68,0
DA:76,0
DA:77,0
DA:78,0
DA:79,0
DA:80,0
DA:81,0
DA:82,0
DA:85,0
DA:98,0
DA:99,0
DA:104,0
DA:108,0
DA:109,0
DA:111,0
DA:112,0
DA:115,0
DA:116,0
DA:117,0
DA:119,0
DA:120,0
DA:127,0
DA:128,0
DA:129,0
DA:135,0
DA:139,0
DA:140,0
DA:150,0
DA:175,0
DA:184,0
DA:192,0
DA:195,0
DA:196,0
DA:201,0
LF:58
LH:0
BRDA:9,0,0,0
BRDA:9,1,0,0
BRDA:9,1,1,0
BRDA:20,2,0,0
BRDA:20,3,0,0
BRDA:20,3,1,0
BRDA:24,4,0,0
BRDA:70,5,0,0
BRDA:70,5,1,0
BRDA:111,6,0,0
BRDA:111,7,0,0
BRDA:111,7,1,0
BRDA:119,8,0,0
BRDA:119,9,0,0
BRDA:119,9,1,0
BRDA:128,10,0,0
BRDA:139,11,0,0
BRDA:186,12,0,0
BRDA:186,12,1,0
BRF:19
BRH:0
end_of_record
TN:
SF:app/api/notifications/route.ts
FN:6,GET
FN:56,POST
FN:97,PUT
FN:149,PATCH
FNF:4
FNH:0
FNDA:0,GET
FNDA:0,POST
FNDA:0,PUT
FNDA:0,PATCH
DA:1,0
DA:2,0
DA:3,0
DA:4,0
DA:6,0
DA:7,0
DA:9,0
DA:10,0
DA:13,0
DA:14,0
DA:15,0
DA:16,0
DA:18,0
DA:22,0
DA:23,0
DA:26,0
DA:33,0
DA:40,0
DA:46,0
DA:47,0
DA:52,0
DA:56,0
DA:57,0
DA:59,0
DA:60,0
DA:63,0
DA:64,0
DA:65,0
DA:67,0
DA:68,0
DA:74,0
DA:84,0
DA:87,0
DA:88,0
DA:93,0
DA:97,0
DA:98,0
DA:100,0
DA:101,0
DA:104,0
DA:105,0
DA:106,0
DA:108,0
DA:109,0
DA:116,0
DA:123,0
DA:124,0
DA:130,0
DA:135,0
DA:138,0
DA:139,0
DA:144,0
DA:149,0
DA:150,0
DA:152,0
DA:153,0
DA:156,0
DA:157,0
DA:167,0
DA:170,0
DA:171,0
DA:176,0
LF:62
LH:0
BRDA:9,0,0,0
BRDA:15,1,0,0
BRDA:15,1,1,0
BRDA:22,2,0,0
BRDA:59,3,0,0
BRDA:59,4,0,0
BRDA:59,4,1,0
BRDA:67,5,0,0
BRDA:67,6,0,0
BRDA:67,6,1,0
BRDA:67,6,2,0
BRDA:79,7,0,0
BRDA:79,7,1,0
BRDA:80,8,0,0
BRDA:80,8,1,0
BRDA:100,9,0,0
BRDA:108,10,0,0
BRDA:123,11,0,0
BRDA:152,12,0,0
BRF:19
BRH:0
end_of_record
TN:
SF:app/api/qr-codes/generate/route.ts
FN:4,POST
FN:63,GET
FNF:2
FNH:0
FNDA:0,POST
FNDA:0,GET
DA:1,0
DA:2,0
DA:4,0
DA:5,0
DA:6,0
DA:7,0
DA:9,0
DA:10,0
DA:17,0
DA:18,0
DA:20,0
DA:21,0
DA:25,0
DA:36,0
DA:43,0
DA:55,0
DA:56,0
DA:63,0
DA:64,0
DA:65,0
DA:66,0
DA:67,0
DA:68,0
DA:69,0
DA:71,0
DA:72,0
DA:78,0
DA:79,0
DA:80,0
DA:81,0
DA:84,0
DA:85,0
DA:89,0
DA:95,0
DA:103,0
DA:104,0
LF:36
LH:0
BRDA:7,0,0,0
BRDA:9,1,0,0
BRDA:9,2,0,0
BRDA:9,2,1,0
BRDA:9,2,2,0
BRDA:18,3,0,0
BRDA:18,4,0,0
BRDA:18,4,1,0
BRDA:18,4,2,0
BRDA:20,5,0,0
BRDA:20,5,1,0
BRDA:57,6,0,0
BRDA:57,6,1,0
BRDA:69,7,0,0
BRDA:69,7,1,0
BRDA:71,8,0,0
BRDA:71,9,0,0
BRDA:71,9,1,0
BRDA:71,9,2,0
BRDA:79,10,0,0
BRDA:79,11,0,0
BRDA:79,11,1,0
BRDA:79,11,2,0
BRDA:80,12,0,0
BRDA:80,12,1,0
BRDA:84,13,0,0
BRF:26
BRH:0
end_of_record
TN:
SF:app/api/restaurant/menu/route.ts
FN:8,GET
FN:61,POST
FNF:2
FNH:0
FNDA:0,GET
FNDA:0,POST
DA:1,0
DA:2,0
DA:3,0
DA:4,0
DA:8,0
DA:9,0
DA:10,0
DA:11,0
DA:12,0
DA:13,0
DA:14,0
DA:15,0
DA:17,0
DA:21,0
DA:22,0
DA:25,0
DA:26,0
DA:29,0
DA:30,0
DA:36,0
DA:37,0
DA:38,0
DA:39,0
DA:42,0
DA:50,0
DA:52,0
DA:53,0
DA:61,0
DA:62,0
DA:63,0
DA:65,0
DA:66,0
DA:72,0
DA:73,0
DA:75,0
DA:76,0
DA:82,0
DA:94,0
DA:96,0
DA:97,0
LF:40
LH:0
BRDA:21,0,0,0
BRDA:25,1,0,0
BRDA:29,2,0,0
BRDA:36,3,0,0
BRDA:36,4,0,0
BRDA:36,4,1,0
BRDA:38,5,0,0
BRDA:39,6,0,0
BRDA:65,7,0,0
BRDA:65,8,0,0
BRDA:65,8,1,0
BRDA:75,9,0,0
BRDA:75,10,0,0
BRDA:75,10,1,0
BRDA:75,10,2,0
BRDA:89,11,0,0
BRDA:89,11,1,0
BRDA:90,12,0,0
BRDA:90,12,1,0
BRF:19
BRH:0
end_of_record
TN:
SF:app/api/restaurant/menu/[id]/route.ts
FN:7,GET
FN:35,PUT
FN:84,DELETE
FN:126,PATCH
FNF:4
FNH:0
FNDA:0,GET
FNDA:0,PUT
FNDA:0,DELETE
FNDA:0,PATCH
DA:1,0
DA:2,0
DA:3,0
DA:4,0
DA:7,0
DA:11,0
DA:12,0
DA:13,0
DA:17,0
DA:18,0
DA:24,0
DA:26,0
DA:27,0
DA:35,0
DA:39,0
DA:40,0
DA:41,0
DA:43,0
DA:44,0
DA:50,0
DA:51,0
DA:53,0
DA:54,0
DA:60,0
DA:73,0
DA:75,0
DA:76,0
DA:84,0
DA:88,0
DA:89,0
DA:90,0
DA:92,0
DA:93,0
DA:100,0
DA:104,0
DA:105,0
DA:111,0
DA:115,0
DA:117,0
DA:118,0
DA:126,0
DA:130,0
DA:131,0
DA:132,0
DA:134,0
DA:135,0
DA:141,0
DA:143,0
DA:148,0
DA:150,0
DA:151,0
LF:51
LH:0
BRDA:17,0,0,0
BRDA:43,1,0,0
BRDA:43,2,0,0
BRDA:43,2,1,0
BRDA:53,3,0,0
BRDA:53,4,0,0
BRDA:53,4,1,0
BRDA:53,4,2,0
BRDA:68,5,0,0
BRDA:68,5,1,0
BRDA:92,6,0,0
BRDA:92,7,0,0
BRDA:92,7,1,0
BRDA:104,8,0,0
BRDA:134,9,0,0
BRDA:134,10,0,0
BRDA:134,10,1,0
BRF:17
BRH:0
end_of_record
TN:
SF:app/api/restaurant/orders/route.ts
FN:8,GET
FN:68,POST
FN:144,PATCH
FNF:3
FNH:0
FNDA:0,GET
FNDA:0,POST
FNDA:0,PATCH
DA:1,0
DA:2,0
DA:3,0
DA:4,0
DA:8,0
DA:9,0
DA:10,0
DA:12,0
DA:13,0
DA:19,0
DA:20,0
DA:21,0
DA:22,0
DA:24,0
DA:26,0
DA:27,0
DA:30,0
DA:31,0
DA:34,0
DA:35,0
DA:39,0
DA:40,0
DA:43,0
DA:57,0
DA:59,0
DA:60,0
DA:68,0
DA:69,0
DA:70,0
DA:71,0
DA:73,0
DA:74,0
DA:81,0
DA:82,0
DA:84,0
DA:85,0
DA:89,0
DA:90,0
DA:96,0
DA:97,0
DA:103,0
DA:104,0
DA:113,0
DA:133,0
DA:135,0
DA:136,0
DA:144,0
DA:145,0
DA:146,0
DA:148,0
DA:149,0
DA:155,0
DA:156,0
DA:158,0
DA:159,0
DA:165,0
DA:180,0
DA:182,0
DA:183,0
LF:59
LH:0
BRDA:12,0,0,0
BRDA:26,1,0,0
BRDA:30,2,0,0
BRDA:34,3,0,0
BRDA:39,4,0,0
BRDA:73,5,0,0
BRDA:73,6,0,0
BRDA:73,6,1,0
BRDA:73,6,2,0
BRDA:73,6,3,0
BRDA:89,7,0,0
BRDA:96,8,0,0
BRDA:148,9,0,0
BRDA:148,10,0,0
BRDA:148,10,1,0
BRDA:158,11,0,0
BRDA:158,12,0,0
BRDA:158,12,1,0
BRDA:169,13,0,0
BRDA:169,13,1,0
BRF:20
BRH:0
end_of_record
TN:
SF:app/api/restaurant/orders/[id]/route.ts
FN:6,GET
FN:49,PATCH
FNF:2
FNH:0
FNDA:0,GET
FNDA:0,PATCH
DA:1,0
DA:2,0
DA:3,0
DA:4,0
DA:6,0
DA:10,0
DA:11,0
DA:13,0
DA:32,0
DA:33,0
DA:39,0
DA:41,0
DA:42,0
DA:49,0
DA:53,0
DA:54,0
DA:56,0
DA:57,0
DA:63,0
DA:64,0
DA:66,0
DA:82,0
DA:84,0
DA:85,0
LF:24
LH:0
BRDA:32,0,0,0
BRDA:56,1,0,0
BRDA:56,2,0,0
BRDA:56,2,1,0
BRDA:70,3,0,0
BRDA:70,3,1,0
BRF:6
BRH:0
end_of_record
TN:
SF:app/api/rooms/route.ts
FN:19,GET
FN:58,POST
FNF:2
FNH:0
FNDA:0,GET
FNDA:0,POST
DA:1,0
DA:2,0
DA:3,0
DA:4,0
DA:5,0
DA:7,0
DA:19,0
DA:20,0
DA:21,0
DA:22,0
DA:23,0
DA:24,0
DA:25,0
DA:27,0
DA:29,0
DA:30,0
DA:33,0
DA:34,0
DA:35,0
DA:36,0
DA:39,0
DA:40,0
DA:43,0
DA:48,0
DA:50,0
DA:51,0
DA:58,0
DA:59,0
DA:60,0
DA:62,0
DA:63,0
DA:69,0
DA:70,0
DA:72,0
DA:76,0
DA:77,0
DA:83,0
DA:91,0
DA:93,0
DA:94,0
DA:100,0
DA:101,0
LF:42
LH:0
BRDA:29,0,0,0
BRDA:29,1,0,0
BRDA:29,1,1,0
BRDA:33,2,0,0
BRDA:33,3,0,0
BRDA:33,3,1,0
BRDA:35,4,0,0
BRDA:36,5,0,0
BRDA:39,6,0,0
BRDA:62,7,0,0
BRDA:62,8,0,0
BRDA:62,8,1,0
BRDA:76,9,0,0
BRDA:86,10,0,0
BRDA:86,10,1,0
BRDA:87,11,0,0
BRDA:87,11,1,0
BRDA:93,12,0,0
BRF:18
BRH:0
end_of_record
TN:
SF:app/api/rooms/[id]/route.ts
FN:20,GET
FN:57,PUT
FN:114,DELETE
FNF:3
FNH:0
FNDA:0,GET
FNDA:0,PUT
FNDA:0,DELETE
DA:1,0
DA:2,0
DA:3,0
DA:4,0
DA:5,0
DA:7,0
DA:20,0
DA:24,0
DA:25,0
DA:26,0
DA:40,0
DA:41,0
DA:47,0
DA:49,0
DA:50,0
DA:57,0
DA:61,0
DA:62,0
DA:63,0
DA:65,0
DA:66,0
DA:72,0
DA:73,0
DA:76,0
DA:77,0
DA:84,0
DA:85,0
DA:92,0
DA:97,0
DA:99,0
DA:100,0
DA:106,0
DA:107,0
DA:114,0
DA:118,0
DA:119,0
DA:120,0
DA:122,0
DA:123,0
DA:130,0
DA:139,0
DA:140,0
DA:146,0
DA:150,0
DA:152,0
DA:153,0
LF:46
LH:0
BRDA:40,0,0,0
BRDA:65,1,0,0
BRDA:65,2,0,0
BRDA:65,2,1,0
BRDA:76,3,0,0
BRDA:84,4,0,0
BRDA:99,5,0,0
BRDA:122,6,0,0
BRDA:122,7,0,0
BRDA:122,7,1,0
BRDA:139,8,0,0
BRF:11
BRH:0
end_of_record
TN:
SF:app/api/rooms/availability/route.ts
FN:6,GET
FN:101,(anonymous_2)
FN:104,(anonymous_3)
FN:107,(anonymous_4)
FN:113,(anonymous_5)
FN:122,(anonymous_6)
FNF:6
FNH:0
FNDA:0,GET
FNDA:0,(anonymous_2)
FNDA:0,(anonymous_3)
FNDA:0,(anonymous_4)
FNDA:0,(anonymous_5)
FNDA:0,(anonymous_6)
DA:1,0
DA:2,0
DA:4,0
DA:6,0
DA:7,0
DA:8,0
DA:9,0
DA:10,0
DA:11,0
DA:12,0
DA:14,0
DA:15,0
DA:21,0
DA:22,0
DA:25,0
DA:26,0
DA:32,0
DA:33,0
DA:40,0
DA:45,0
DA:46,0
DA:50,0
DA:51,0
DA:56,0
DA:65,0
DA:101,0
DA:104,0
DA:107,0
DA:108,0
DA:109,0
DA:112,0
DA:113,0
DA:116,0
DA:122,0
DA:126,0
DA:138,0
DA:139,0
DA:144,0
LF:38
LH:0
BRDA:14,0,0,0
BRDA:14,1,0,0
BRDA:14,1,1,0
BRDA:25,2,0,0
BRDA:32,3,0,0
BRDA:45,4,0,0
BRDA:45,5,0,0
BRDA:45,5,1,0
BRDA:50,6,0,0
BRDA:112,7,0,0
BRDA:112,7,1,0
BRDA:122,8,0,0
BRDA:122,8,1,0
BRDA:122,8,2,0
BRDA:131,9,0,0
BRDA:131,9,1,0
BRF:16
BRH:0
end_of_record
TN:
SF:app/api/rooms/check-availability/route.ts
FN:4,GET
FN:76,POST
FNF:2
FNH:0
FNDA:0,GET
FNDA:0,POST
DA:1,0
DA:2,0
DA:4,0
DA:5,0
DA:6,0
DA:7,0
DA:8,0
DA:9,0
DA:10,0
DA:12,0
DA:13,0
DA:19,0
DA:20,0
DA:23,0
DA:24,0
DA:30,0
DA:31,0
DA:38,0
DA:39,0
DA:45,0
DA:54,0
DA:60,0
DA:68,0
DA:69,0
DA:76,0
DA:77,0
DA:78,0
DA:80,0
DA:81,0
DA:87,0
DA:88,0
DA:90,0
DA:97,0
DA:104,0
DA:105,0
LF:35
LH:0
BRDA:12,0,0,0
BRDA:12,1,0,0
BRDA:12,1,1,0
BRDA:23,2,0,0
BRDA:30,3,0,0
BRDA:38,4,0,0
BRDA:57,5,0,0
BRDA:57,5,1,0
BRDA:63,6,0,0
BRDA:63,6,1,0
BRDA:80,7,0,0
BRDA:80,8,0,0
BRDA:80,8,1,0
BRDA:80,8,2,0
BRF:14
BRH:0
end_of_record
TN:
SF:app/api/staff/route.ts
FN:20,GET
FN:62,POST
FNF:2
FNH:0
FNDA:0,GET
FNDA:0,POST
DA:1,0
DA:2,0
DA:3,0
DA:4,0
DA:5,0
DA:6,0
DA:8,0
DA:20,0
DA:21,0
DA:22,0
DA:24,0
DA:25,0
DA:31,0
DA:32,0
DA:33,0
DA:35,0
DA:37,0
DA:38,0
DA:41,0
DA:42,0
DA:45,0
DA:52,0
DA:54,0
DA:55,0
DA:62,0
DA:63,0
DA:64,0
DA:66,0
DA:67,0
DA:73,0
DA:74,0
DA:77,0
DA:81,0
DA:82,0
DA:89,0
DA:93,0
DA:94,0
DA:100,0
DA:115,0
DA:129,0
DA:131,0
DA:132,0
DA:138,0
DA:139,0
LF:44
LH:0
BRDA:24,0,0,0
BRDA:37,1,0,0
BRDA:37,2,0,0
BRDA:37,2,1,0
BRDA:41,3,0,0
BRDA:66,4,0,0
BRDA:66,5,0,0
BRDA:66,5,1,0
BRDA:81,6,0,0
BRDA:93,7,0,0
BRDA:131,8,0,0
BRF:11
BRH:0
end_of_record
TN:
SF:app/api/tasks/route.ts
FN:17,GET
FN:80,POST
FNF:2
FNH:0
FNDA:0,GET
FNDA:0,POST
DA:1,0
DA:2,0
DA:3,0
DA:4,0
DA:5,0
DA:6,0
DA:8,0
DA:17,0
DA:18,0
DA:19,0
DA:21,0
DA:22,0
DA:28,0
DA:29,0
DA:30,0
DA:31,0
DA:33,0
DA:35,0
DA:36,0
DA:39,0
DA:40,0
DA:43,0
DA:44,0
DA:47,0
DA:70,0
DA:72,0
DA:73,0
DA:80,0
DA:81,0
DA:82,0
DA:84,0
DA:85,0
DA:91,0
DA:92,0
DA:94,0
DA:124,0
DA:138,0
DA:140,0
DA:141,0
DA:147,0
DA:148,0
LF:41
LH:0
BRDA:21,0,0,0
BRDA:35,1,0,0
BRDA:35,2,0,0
BRDA:35,2,1,0
BRDA:39,3,0,0
BRDA:39,4,0,0
BRDA:39,4,1,0
BRDA:43,5,0,0
BRDA:84,6,0,0
BRDA:84,7,0,0
BRDA:84,7,1,0
BRDA:100,8,0,0
BRDA:100,8,1,0
BRDA:101,9,0,0
BRDA:101,9,1,0
BRDA:140,10,0,0
BRF:16
BRH:0
end_of_record
TN:
SF:app/api/tasks/[id]/route.ts
FN:19,GET
FN:73,PUT
FN:160,PATCH
FN:247,DELETE
FNF:4
FNH:0
FNDA:0,GET
FNDA:0,PUT
FNDA:0,PATCH
FNDA:0,DELETE
DA:1,0
DA:2,0
DA:3,0
DA:4,0
DA:5,0
DA:6,0
DA:8,0
DA:19,0
DA:23,0
DA:24,0
DA:25,0
DA:27,0
DA:28,0
DA:34,0
DA:56,0
DA:57,0
DA:63,0
DA:65,0
DA:66,0
DA:73,0
DA:77,0
DA:78,0
DA:79,0
DA:81,0
DA:82,0
DA:88,0
DA:89,0
DA:91,0
DA:95,0
DA:96,0
DA:102,0
DA:129,0
DA:143,0
DA:145,0
DA:146,0
DA:152,0
DA:153,0
DA:160,0
DA:164,0
DA:165,0
DA:166,0
DA:168,0
DA:169,0
DA:175,0
DA:176,0
DA:178,0
DA:182,0
DA:183,0
DA:189,0
DA:216,0
DA:230,0
DA:232,0
DA:233,0
DA:239,0
DA:240,0
DA:247,0
DA:251,0
DA:252,0
DA:253,0
DA:255,0
DA:256,0
DA:262,0
DA:266,0
DA:267,0
DA:273,0
DA:278,0
DA:290,0
DA:292,0
DA:293,0
LF:69
LH:0
BRDA:27,0,0,0
BRDA:56,1,0,0
BRDA:81,2,0,0
BRDA:81,3,0,0
BRDA:81,3,1,0
BRDA:95,4,0,0
BRDA:106,5,0,0
BRDA:106,5,1,0
BRDA:107,6,0,0
BRDA:107,6,1,0
BRDA:108,7,0,0
BRDA:108,7,1,0
BRDA:145,8,0,0
BRDA:168,9,0,0
BRDA:168,10,0,0
BRDA:168,10,1,0
BRDA:182,11,0,0
BRDA:193,12,0,0
BRDA:193,12,1,0
BRDA:194,13,0,0
BRDA:194,13,1,0
BRDA:195,14,0,0
BRDA:195,14,1,0
BRDA:232,15,0,0
BRDA:255,16,0,0
BRDA:255,17,0,0
BRDA:255,17,1,0
BRDA:266,18,0,0
BRF:28
BRH:0
end_of_record
TN:
SF:app/api/test-db/route.ts
FN:6,GET
FN:11,(anonymous_2)
FN:12,(anonymous_3)
FNF:3
FNH:0
FNDA:0,GET
FNDA:0,(anonymous_2)
FNDA:0,(anonymous_3)
DA:1,0
DA:2,0
DA:4,0
DA:6,0
DA:7,0
DA:8,0
DA:11,0
DA:12,0
DA:15,0
DA:17,0
DA:20,0
DA:21,0
DA:22,0
DA:24,0
DA:26,0
DA:38,0
DA:40,0
DA:42,0
LF:18
LH:0
BRDA:45,0,0,0
BRDA:45,0,1,0
BRF:2
BRH:0
end_of_record
TN:
SF:app/api/test-minimal/route.ts
FN:3,GET
FNF:1
FNH:0
FNDA:0,GET
DA:1,0
DA:3,0
DA:4,0
LF:3
LH:0
BRF:0
BRH:0
end_of_record
TN:
SF:app/api/test-simple/route.ts
FN:3,GET
FNF:1
FNH:0
FNDA:0,GET
DA:1,0
DA:3,0
DA:4,0
LF:3
LH:0
BRF:0
BRH:0
end_of_record
TN:
SF:app/api/webhooks/stripe/route.ts
FN:15,POST
FN:98,handlePaymentSuccess
FN:157,handlePaymentFailure
FN:202,handlePaymentCanceled
FN:247,handlePaymentRefunded
FN:311,handleChargeDispute
FNF:6
FNH:0
FNDA:0,POST
FNDA:0,handlePaymentSuccess
FNDA:0,handlePaymentFailure
FNDA:0,handlePaymentCanceled
FNDA:0,handlePaymentRefunded
FNDA:0,handleChargeDispute
DA:1,0
DA:2,0
DA:3,0
DA:4,0
DA:6,0
DA:10,0
DA:13,0
DA:15,0
DA:16,0
DA:17,0
DA:18,0
DA:20,0
DA:21,0
DA:22,0
DA:30,0
DA:31,0
DA:33,0
DA:34,0
DA:41,0
DA:42,0
DA:43,0
DA:47,0
DA:50,0
DA:52,0
DA:53,0
DA:56,0
DA:57,0
DA:60,0
DA:61,0
DA:64,0
DA:65,0
DA:68,0
DA:69,0
DA:72,0
DA:75,0
DA:77,0
DA:80,0
DA:91,0
DA:99,0
DA:101,0
DA:102,0
DA:103,0
DA:106,0
DA:108,0
DA:122,0
DA:123,0
DA:130,0
DA:136,0
DA:151,0
DA:153,0
DA:158,0
DA:160,0
DA:161,0
DA:162,0
DA:165,0
DA:167,0
DA:180,0
DA:196,0
DA:198,0
DA:203,0
DA:205,0
DA:206,0
DA:207,0
DA:210,0
DA:212,0
DA:225,0
DA:241,0
DA:243,0
DA:248,0
DA:250,0
DA:251,0
DA:252,0
DA:255,0
DA:257,0
DA:266,0
DA:267,0
DA:268,0
DA:272,0
DA:281,0
DA:282,0
DA:289,0
DA:305,0
DA:307,0
DA:312,0
DA:314,0
DA:329,0
DA:331,0
DA:332,0
LF:88
LH:0
BRDA:20,0,0,0
BRDA:41,1,0,0
BRDA:50,2,0,0
BRDA:50,2,1,0
BRDA:50,2,2,0
BRDA:50,2,3,0
BRDA:50,2,4,0
BRDA:50,2,5,0
BRDA:87,3,0,0
BRDA:87,3,1,0
BRDA:101,4,0,0
BRDA:122,5,0,0
BRDA:160,6,0,0
BRDA:205,7,0,0
BRDA:250,8,0,0
BRDA:266,9,0,0
BRDA:281,10,0,0
BRF:17
BRH:0
end_of_record
TN:
SF:app/auth/forgot-password/page.tsx
FN:10,ForgotPasswordPage
FN:15,(anonymous_3)
FN:91,(anonymous_4)
FNF:3
FNH:0
FNDA:0,ForgotPasswordPage
FNDA:0,(anonymous_3)
FNDA:0,(anonymous_4)
DA:3,0
DA:4,0
DA:5,0
DA:6,0
DA:7,0
DA:8,0
DA:10,0
DA:11,0
DA:12,0
DA:13,0
DA:15,0
DA:16,0
DA:17,0
DA:19,0
DA:20,0
DA:26,0
DA:28,0
DA:29,0
DA:32,0
DA:33,0
DA:36,0
DA:37,0
DA:40,0
DA:41,0
DA:43,0
DA:47,0
DA:91,0
LF:27
LH:0
BRDA:28,0,0,0
BRDA:29,1,0,0
BRDA:29,1,1,0
BRDA:36,2,0,0
BRDA:41,3,0,0
BRDA:41,3,1,0
BRDA:47,4,0,0
BRDA:99,5,0,0
BRDA:99,5,1,0
BRF:9
BRH:0
end_of_record
TN:
SF:app/auth/reset-password/page.tsx
FN:11,ResetPasswordContent
FN:21,(anonymous_3)
FN:35,(anonymous_4)
FN:67,(anonymous_5)
FN:116,(anonymous_6)
FN:132,(anonymous_7)
FN:155,ResetPasswordPage
FNF:7
FNH:0
FNDA:0,ResetPasswordContent
FNDA:0,(anonymous_3)
FNDA:0,(anonymous_4)
FNDA:0,(anonymous_5)
FNDA:0,(anonymous_6)
FNDA:0,(anonymous_7)
FNDA:0,ResetPasswordPage
DA:3,0
DA:4,0
DA:5,0
DA:6,0
DA:7,0
DA:8,0
DA:9,0
DA:12,0
DA:13,0
DA:14,0
DA:15,0
DA:16,0
DA:17,0
DA:18,0
DA:19,0
DA:21,0
DA:22,0
DA:23,0
DA:25,0
DA:26,0
DA:27,0
DA:28,0
DA:31,0
DA:32,0
DA:35,0
DA:36,0
DA:38,0
DA:39,0
DA:40,0
DA:43,0
DA:44,0
DA:45,0
DA:48,0
DA:50,0
DA:51,0
DA:57,0
DA:59,0
DA:60,0
DA:63,0
DA:64,0
DA:67,0
DA:68,0
DA:71,0
DA:72,0
DA:74,0
DA:78,0
DA:116,0
DA:132,0
DA:155,0
LF:49
LH:0
BRDA:25,0,0,0
BRDA:25,1,0,0
BRDA:25,1,1,0
BRDA:38,2,0,0
BRDA:43,3,0,0
BRDA:59,4,0,0
BRDA:60,5,0,0
BRDA:60,5,1,0
BRDA:72,6,0,0
BRDA:72,6,1,0
BRDA:78,7,0,0
BRDA:141,8,0,0
BRDA:141,8,1,0
BRF:13
BRH:0
end_of_record
TN:
SF:app/auth/signin/page.tsx
FN:11,SignInPage
FN:18,(anonymous_3)
FN:82,(anonymous_4)
FN:100,(anonymous_5)
FN:107,(anonymous_6)
FNF:5
FNH:0
FNDA:0,SignInPage
FNDA:0,(anonymous_3)
FNDA:0,(anonymous_4)
FNDA:0,(anonymous_5)
FNDA:0,(anonymous_6)
DA:2,0
DA:3,0
DA:4,0
DA:5,0
DA:6,0
DA:7,0
DA:8,0
DA:9,0
DA:11,0
DA:12,0
DA:13,0
DA:14,0
DA:15,0
DA:16,0
DA:18,0
DA:19,0
DA:20,0
DA:22,0
DA:23,0
DA:29,0
DA:30,0
DA:32,0
DA:33,0
DA:34,0
DA:36,0
DA:38,0
DA:41,0
DA:43,0
DA:82,0
DA:100,0
DA:107,0
LF:31
LH:0
BRDA:29,0,0,0
BRDA:29,0,1,0
BRDA:33,1,0,0
BRDA:33,1,1,0
BRDA:96,2,0,0
BRDA:96,2,1,0
BRDA:110,3,0,0
BRDA:123,4,0,0
BRDA:123,4,1,0
BRF:9
BRH:0
end_of_record
TN:
SF:app/auth/signup/page.tsx
FN:10,SignUpPage
FN:24,(anonymous_3)
FN:25,(anonymous_4)
FN:28,(anonymous_5)
FN:109,(anonymous_6)
FN:126,(anonymous_7)
FN:141,(anonymous_8)
FN:156,(anonymous_9)
FN:173,(anonymous_10)
FN:180,(anonymous_11)
FN:202,(anonymous_12)
FN:209,(anonymous_13)
FNF:12
FNH:0
FNDA:0,SignUpPage
FNDA:0,(anonymous_3)
FNDA:0,(anonymous_4)
FNDA:0,(anonymous_5)
FNDA:0,(anonymous_6)
FNDA:0,(anonymous_7)
FNDA:0,(anonymous_8)
FNDA:0,(anonymous_9)
FNDA:0,(anonymous_10)
FNDA:0,(anonymous_11)
FNDA:0,(anonymous_12)
FNDA:0,(anonymous_13)
DA:2,0
DA:3,0
DA:4,0
DA:5,0
DA:6,0
DA:7,0
DA:8,0
DA:10,0
DA:11,0
DA:19,0
DA:20,0
DA:21,0
DA:22,0
DA:24,0
DA:25,0
DA:28,0
DA:29,0
DA:30,0
DA:33,0
DA:34,0
DA:35,0
DA:36,0
DA:39,0
DA:40,0
DA:41,0
DA:42,0
DA:45,0
DA:46,0
DA:60,0
DA:62,0
DA:63,0
DA:64,0
DA:66,0
DA:69,0
DA:71,0
DA:109,0
DA:126,0
DA:141,0
DA:156,0
DA:173,0
DA:180,0
DA:202,0
DA:209,0
LF:43
LH:0
BRDA:33,0,0,0
BRDA:39,1,0,0
BRDA:62,2,0,0
BRDA:62,2,1,0
BRDA:66,3,0,0
BRDA:66,3,1,0
BRDA:170,4,0,0
BRDA:170,4,1,0
BRDA:183,5,0,0
BRDA:199,6,0,0
BRDA:199,6,1,0
BRDA:212,7,0,0
BRDA:225,8,0,0
BRDA:225,8,1,0
BRF:14
BRH:0
end_of_record
TN:
SF:app/booking/page.tsx
FN:30,BookingPageContent
FN:60,(anonymous_3)
FN:70,(anonymous_4)
FN:73,(anonymous_5)
FN:78,(anonymous_6)
FN:111,(anonymous_7)
FN:162,(anonymous_8)
FN:178,(anonymous_9)
FN:196,(anonymous_10)
FN:230,(anonymous_11)
FN:230,(anonymous_12)
FN:242,(anonymous_13)
FN:242,(anonymous_14)
FN:253,(anonymous_15)
FN:253,(anonymous_16)
FN:256,(anonymous_17)
FN:267,(anonymous_18)
FN:267,(anonymous_19)
FN:305,(anonymous_20)
FN:348,(anonymous_21)
FN:361,(anonymous_22)
FN:380,(anonymous_23)
FN:404,(anonymous_24)
FN:404,(anonymous_25)
FN:416,(anonymous_26)
FN:416,(anonymous_27)
FN:428,(anonymous_28)
FN:428,(anonymous_29)
FN:443,(anonymous_30)
FN:443,(anonymous_31)
FN:460,(anonymous_32)
FN:460,(anonymous_33)
FN:470,(anonymous_34)
FN:470,(anonymous_35)
FN:551,(anonymous_36)
FN:554,(anonymous_37)
FN:565,BookingPage
FNF:37
FNH:0
FNDA:0,BookingPageContent
FNDA:0,(anonymous_3)
FNDA:0,(anonymous_4)
FNDA:0,(anonymous_5)
FNDA:0,(anonymous_6)
FNDA:0,(anonymous_7)
FNDA:0,(anonymous_8)
FNDA:0,(anonymous_9)
FNDA:0,(anonymous_10)
FNDA:0,(anonymous_11)
FNDA:0,(anonymous_12)
FNDA:0,(anonymous_13)
FNDA:0,(anonymous_14)
FNDA:0,(anonymous_15)
FNDA:0,(anonymous_16)
FNDA:0,(anonymous_17)
FNDA:0,(anonymous_18)
FNDA:0,(anonymous_19)
FNDA:0,(anonymous_20)
FNDA:0,(anonymous_21)
FNDA:0,(anonymous_22)
FNDA:0,(anonymous_23)
FNDA:0,(anonymous_24)
FNDA:0,(anonymous_25)
FNDA:0,(anonymous_26)
FNDA:0,(anonymous_27)
FNDA:0,(anonymous_28)
FNDA:0,(anonymous_29)
FNDA:0,(anonymous_30)
FNDA:0,(anonymous_31)
FNDA:0,(anonymous_32)
FNDA:0,(anonymous_33)
FNDA:0,(anonymous_34)
FNDA:0,(anonymous_35)
FNDA:0,(anonymous_36)
FNDA:0,(anonymous_37)
FNDA:0,BookingPage
DA:3,0
DA:4,0
DA:5,0
DA:23,0
DA:24,0
DA:25,0
DA:26,0
DA:28,0
DA:31,0
DA:32,0
DA:33,0
DA:35,0
DA:36,0
DA:37,0
DA:44,0
DA:45,0
DA:46,0
DA:55,0
DA:56,0
DA:57,0
DA:60,0
DA:61,0
DA:62,0
DA:63,0
DA:64,0
DA:65,0
DA:66,0
DA:70,0
DA:71,0
DA:72,0
DA:73,0
DA:78,0
DA:79,0
DA:80,0
DA:81,0
DA:84,0
DA:85,0
DA:86,0
DA:93,0
DA:94,0
DA:96,0
DA:97,0
DA:98,0
DA:99,0
DA:101,0
DA:104,0
DA:106,0
DA:111,0
DA:112,0
DA:113,0
DA:114,0
DA:117,0
DA:118,0
DA:119,0
DA:122,0
DA:123,0
DA:124,0
DA:139,0
DA:147,0
DA:149,0
DA:150,0
DA:151,0
DA:153,0
DA:156,0
DA:158,0
DA:162,0
DA:163,0
DA:164,0
DA:165,0
DA:166,0
DA:167,0
DA:178,0
DA:197,0
DA:230,0
DA:242,0
DA:253,0
DA:257,0
DA:267,0
DA:306,0
DA:349,0
DA:362,0
DA:363,0
DA:380,0
DA:404,0
DA:416,0
DA:428,0
DA:443,0
DA:460,0
DA:470,0
DA:551,0
DA:554,0
DA:565,0
LF:92
LH:0
BRDA:61,0,0,0
BRDA:61,1,0,0
BRDA:61,1,1,0
BRDA:71,2,0,0
BRDA:71,3,0,0
BRDA:71,3,1,0
BRDA:79,4,0,0
BRDA:79,5,0,0
BRDA:79,5,1,0
BRDA:96,6,0,0
BRDA:96,6,1,0
BRDA:101,7,0,0
BRDA:101,7,1,0
BRDA:112,8,0,0
BRDA:117,9,0,0
BRDA:117,10,0,0
BRDA:117,10,1,0
BRDA:117,10,2,0
BRDA:132,11,0,0
BRDA:132,11,1,0
BRDA:149,12,0,0
BRDA:149,12,1,0
BRDA:153,13,0,0
BRDA:153,13,1,0
BRDA:163,14,0,0
BRDA:163,14,1,0
BRDA:163,14,2,0
BRDA:163,14,3,0
BRDA:199,15,0,0
BRDA:199,15,1,0
BRDA:204,16,0,0
BRDA:204,16,1,0
BRDA:208,17,0,0
BRDA:210,18,0,0
BRDA:210,18,1,0
BRDA:219,19,0,0
BRDA:243,20,0,0
BRDA:243,20,1,0
BRDA:257,21,0,0
BRDA:257,21,1,0
BRDA:279,22,0,0
BRDA:279,22,1,0
BRDA:279,22,2,0
BRDA:282,23,0,0
BRDA:282,23,1,0
BRDA:295,24,0,0
BRDA:300,25,0,0
BRDA:300,25,1,0
BRDA:300,26,0,0
BRDA:300,26,1,0
BRDA:337,27,0,0
BRDA:337,27,1,0
BRDA:353,28,0,0
BRDA:374,29,0,0
BRDA:389,30,0,0
BRDA:389,30,1,0
BRDA:395,31,0,0
BRDA:520,32,0,0
BRDA:520,32,1,0
BRDA:520,32,2,0
BRDA:520,32,3,0
BRDA:523,33,0,0
BRDA:523,33,1,0
BRDA:543,34,0,0
BRF:64
BRH:0
end_of_record
TN:
SF:app/booking-flow/page.tsx
FN:5,BookingFlowPage
FNF:1
FNH:0
FNDA:0,BookingFlowPage
DA:3,0
DA:5,0
DA:6,0
LF:3
LH:0
BRF:0
BRH:0
end_of_record
TN:
SF:app/contact/page.tsx
FN:9,ContactPage
FN:17,(anonymous_2)
FN:25,(anonymous_3)
FN:26,(anonymous_4)
FN:58,(anonymous_5)
FN:68,(anonymous_6)
FN:80,(anonymous_7)
FN:90,(anonymous_8)
FNF:8
FNH:0
FNDA:0,ContactPage
FNDA:0,(anonymous_2)
FNDA:0,(anonymous_3)
FNDA:0,(anonymous_4)
FNDA:0,(anonymous_5)
FNDA:0,(anonymous_6)
FNDA:0,(anonymous_7)
FNDA:0,(anonymous_8)
DA:3,0
DA:4,0
DA:5,0
DA:6,0
DA:7,0
DA:9,0
DA:10,0
DA:17,0
DA:18,0
DA:20,0
DA:22,0
DA:25,0
DA:26,0
DA:58,0
DA:68,0
DA:80,0
DA:90,0
LF:17
LH:0
BRF:0
BRH:0
end_of_record
TN:
SF:app/cookies/page.tsx
FN:6,CookiePolicyPage
FNF:1
FNH:0
FNDA:0,CookiePolicyPage
DA:1,0
DA:2,0
DA:4,0
DA:6,0
LF:4
LH:0
BRF:0
BRH:0
end_of_record
TN:
SF:app/dashboard/page.tsx
FN:5,DashboardPage
FN:6,(anonymous_2)
FNF:2
FNH:0
FNDA:0,DashboardPage
FNDA:0,(anonymous_2)
DA:3,0
DA:5,0
DA:6,0
DA:7,0
DA:9,0
DA:11,0
DA:12,0
DA:14,0
DA:15,0
DA:17,0
DA:18,0
DA:20,0
DA:21,0
DA:23,0
LF:14
LH:0
BRDA:9,0,0,0
BRDA:9,0,1,0
BRDA:9,0,2,0
BRDA:9,0,3,0
BRDA:9,0,4,0
BRF:5
BRH:0
end_of_record
TN:
SF:app/dashboard/bookings/page.tsx
FN:5,BookingAnalyticsPage
FN:6,(anonymous_2)
FN:23,(anonymous_3)
FNF:3
FNH:0
FNDA:0,BookingAnalyticsPage
FNDA:0,(anonymous_2)
FNDA:0,(anonymous_3)
DA:3,0
DA:5,0
DA:6,0
DA:7,0
DA:10,0
DA:13,0
DA:16,0
DA:19,0
DA:23,0
DA:24,0
DA:26,0
LF:11
LH:0
BRDA:10,0,0,0
BRDA:10,0,1,0
BRDA:10,0,2,0
BRF:3
BRH:0
end_of_record
TN:
SF:app/dashboard/orders/page.tsx
FN:5,LiveOrderFeedPage
FN:6,(anonymous_2)
FN:12,(anonymous_3)
FNF:3
FNH:0
FNDA:0,LiveOrderFeedPage
FNDA:0,(anonymous_2)
FNDA:0,(anonymous_3)
DA:3,0
DA:5,0
DA:6,0
DA:7,0
DA:9,0
DA:12,0
DA:13,0
LF:7
LH:0
BRF:0
BRH:0
end_of_record
TN:
SF:app/dashboard/revenue/page.tsx
FN:5,RevenueAnalyticsPage
FN:6,(anonymous_2)
FNF:2
FNH:0
FNDA:0,RevenueAnalyticsPage
FNDA:0,(anonymous_2)
DA:3,0
DA:5,0
DA:6,0
DA:7,0
DA:10,0
DA:13,0
DA:16,0
DA:19,0
LF:8
LH:0
BRDA:10,0,0,0
BRDA:10,0,1,0
BRDA:10,0,2,0
BRF:3
BRH:0
end_of_record
TN:
SF:app/dashboard/tasks/page.tsx
FN:5,StaffTaskPanelPage
FN:6,(anonymous_2)
FN:12,(anonymous_3)
FN:18,(anonymous_4)
FNF:4
FNH:0
FNDA:0,StaffTaskPanelPage
FNDA:0,(anonymous_2)
FNDA:0,(anonymous_3)
FNDA:0,(anonymous_4)
DA:3,0
DA:5,0
DA:6,0
DA:7,0
DA:9,0
DA:12,0
DA:13,0
DA:18,0
DA:19,0
DA:21,0
LF:10
LH:0
BRF:0
BRH:0
end_of_record
TN:
SF:app/facilities/page.tsx
FN:71,FacilitiesPage
FN:101,(anonymous_5)
FN:111,(anonymous_6)
FN:125,(anonymous_7)
FNF:4
FNH:0
FNDA:0,FacilitiesPage
FNDA:0,(anonymous_5)
FNDA:0,(anonymous_6)
FNDA:0,(anonymous_7)
DA:1,0
DA:2,0
DA:14,0
DA:16,0
DA:18,0
DA:20,0
DA:71,0
DA:102,0
DA:103,0
DA:112,0
DA:126,0
LF:11
LH:0
BRF:0
BRH:0
end_of_record
TN:
SF:app/gallery/page.tsx
FN:10,GalleryPage
FN:16,(anonymous_3)
FN:48,(anonymous_4)
FN:53,(anonymous_5)
FN:67,(anonymous_6)
FN:71,(anonymous_7)
FN:115,(anonymous_8)
FNF:7
FNH:0
FNDA:0,GalleryPage
FNDA:0,(anonymous_3)
FNDA:0,(anonymous_4)
FNDA:0,(anonymous_5)
FNDA:0,(anonymous_6)
FNDA:0,(anonymous_7)
FNDA:0,(anonymous_8)
DA:3,0
DA:4,0
DA:5,0
DA:6,0
DA:7,0
DA:10,0
DA:11,0
DA:12,0
DA:14,0
DA:16,0
DA:18,0
DA:49,0
DA:53,0
DA:68,0
DA:71,0
DA:115,0
DA:137,0
LF:17
LH:0
BRDA:14,0,0,0
BRDA:14,0,1,0
BRDA:51,1,0,0
BRDA:51,1,1,0
BRDA:93,2,0,0
BRDA:108,3,0,0
BRF:6
BRH:0
end_of_record
TN:
SF:app/kitchen/layout.tsx
FN:3,KitchenLayout
FNF:1
FNH:0
FNDA:0,KitchenLayout
DA:1,0
DA:3,0
LF:2
LH:0
BRF:0
BRH:0
end_of_record
TN:
SF:app/kitchen/dashboard/page.tsx
FN:74,KitchenDashboardContent
FN:81,(anonymous_5)
FN:93,(anonymous_6)
FN:96,(anonymous_7)
FN:113,(anonymous_8)
FN:141,(anonymous_9)
FN:153,(anonymous_10)
FN:165,(anonymous_11)
FN:172,(anonymous_12)
FN:173,(anonymous_13)
FN:280,(anonymous_14)
FN:288,(anonymous_15)
FN:296,(anonymous_16)
FN:323,(anonymous_17)
FN:334,(anonymous_18)
FN:342,(anonymous_19)
FN:369,(anonymous_20)
FN:380,(anonymous_21)
FN:388,(anonymous_22)
FN:415,(anonymous_23)
FN:423,(anonymous_24)
FN:431,(anonymous_25)
FN:454,KitchenDashboard
FNF:23
FNH:0
FNDA:0,KitchenDashboardContent
FNDA:0,(anonymous_5)
FNDA:0,(anonymous_6)
FNDA:0,(anonymous_7)
FNDA:0,(anonymous_8)
FNDA:0,(anonymous_9)
FNDA:0,(anonymous_10)
FNDA:0,(anonymous_11)
FNDA:0,(anonymous_12)
FNDA:0,(anonymous_13)
FNDA:0,(anonymous_14)
FNDA:0,(anonymous_15)
FNDA:0,(anonymous_16)
FNDA:0,(anonymous_17)
FNDA:0,(anonymous_18)
FNDA:0,(anonymous_19)
FNDA:0,(anonymous_20)
FNDA:0,(anonymous_21)
FNDA:0,(anonymous_22)
FNDA:0,(anonymous_23)
FNDA:0,(anonymous_24)
FNDA:0,(anonymous_25)
FNDA:0,KitchenDashboard
DA:4,0
DA:6,0
DA:7,0
DA:8,0
DA:20,0
DA:21,0
DA:22,0
DA:23,0
DA:24,0
DA:75,0
DA:76,0
DA:77,0
DA:78,0
DA:79,0
DA:81,0
DA:82,0
DA:84,0
DA:85,0
DA:86,0
DA:89,0
DA:92,0
DA:93,0
DA:96,0
DA:97,0
DA:98,0
DA:99,0
DA:101,0
DA:102,0
DA:104,0
DA:107,0
DA:109,0
DA:113,0
DA:114,0
DA:115,0
DA:116,0
DA:127,0
DA:128,0
DA:129,0
DA:131,0
DA:132,0
DA:135,0
DA:137,0
DA:141,0
DA:142,0
DA:143,0
DA:144,0
DA:145,0
DA:146,0
DA:147,0
DA:148,0
DA:149,0
DA:153,0
DA:154,0
DA:155,0
DA:156,0
DA:157,0
DA:158,0
DA:159,0
DA:160,0
DA:161,0
DA:165,0
DA:166,0
DA:172,0
DA:173,0
DA:174,0
DA:177,0
DA:188,0
DA:202,0
DA:281,0
DA:289,0
DA:296,0
DA:324,0
DA:335,0
DA:342,0
DA:370,0
DA:381,0
DA:388,0
DA:416,0
DA:424,0
DA:431,0
DA:454,0
LF:81
LH:0
BRDA:82,0,0,0
BRDA:84,1,0,0
BRDA:84,2,0,0
BRDA:84,2,1,0
BRDA:101,3,0,0
BRDA:101,3,1,0
BRDA:127,4,0,0
BRDA:127,4,1,0
BRDA:132,5,0,0
BRDA:132,5,1,0
BRDA:142,6,0,0
BRDA:142,6,1,0
BRDA:142,6,2,0
BRDA:142,6,3,0
BRDA:142,6,4,0
BRDA:142,6,5,0
BRDA:142,6,6,0
BRDA:154,7,0,0
BRDA:154,7,1,0
BRDA:154,7,2,0
BRDA:154,7,3,0
BRDA:154,7,4,0
BRDA:154,7,5,0
BRDA:154,7,6,0
BRDA:173,8,0,0
BRDA:173,8,1,0
BRDA:177,9,0,0
BRDA:188,10,0,0
BRDA:300,11,0,0
BRDA:300,11,1,0
BRDA:308,12,0,0
BRDA:346,13,0,0
BRDA:346,13,1,0
BRDA:354,14,0,0
BRDA:392,15,0,0
BRDA:392,15,1,0
BRDA:400,16,0,0
BRDA:435,17,0,0
BRDA:435,17,1,0
BRDA:443,18,0,0
BRF:40
BRH:0
end_of_record
TN:
SF:app/my-bookings/page.tsx
FN:36,MyBookingsPage
FN:45,(anonymous_3)
FN:56,(anonymous_4)
FN:72,(anonymous_5)
FN:102,(anonymous_6)
FN:117,(anonymous_7)
FN:132,(anonymous_8)
FN:170,(anonymous_9)
FN:177,(anonymous_10)
FN:245,(anonymous_11)
FN:258,(anonymous_12)
FN:287,(anonymous_13)
FN:334,(anonymous_14)
FNF:13
FNH:0
FNDA:0,MyBookingsPage
FNDA:0,(anonymous_3)
FNDA:0,(anonymous_4)
FNDA:0,(anonymous_5)
FNDA:0,(anonymous_6)
FNDA:0,(anonymous_7)
FNDA:0,(anonymous_8)
FNDA:0,(anonymous_9)
FNDA:0,(anonymous_10)
FNDA:0,(anonymous_11)
FNDA:0,(anonymous_12)
FNDA:0,(anonymous_13)
FNDA:0,(anonymous_14)
DA:3,0
DA:4,0
DA:5,0
DA:6,0
DA:7,0
DA:8,0
DA:9,0
DA:11,0
DA:12,0
DA:36,0
DA:37,0
DA:38,0
DA:39,0
DA:40,0
DA:41,0
DA:42,0
DA:43,0
DA:45,0
DA:46,0
DA:48,0
DA:49,0
DA:50,0
DA:53,0
DA:56,0
DA:57,0
DA:58,0
DA:59,0
DA:60,0
DA:62,0
DA:63,0
DA:65,0
DA:66,0
DA:68,0
DA:72,0
DA:73,0
DA:74,0
DA:77,0
DA:79,0
DA:80,0
DA:88,0
DA:89,0
DA:92,0
DA:93,0
DA:95,0
DA:96,0
DA:98,0
DA:102,0
DA:103,0
DA:105,0
DA:107,0
DA:109,0
DA:111,0
DA:113,0
DA:117,0
DA:118,0
DA:120,0
DA:122,0
DA:124,0
DA:126,0
DA:128,0
DA:132,0
DA:133,0
DA:137,0
DA:145,0
DA:146,0
DA:170,0
DA:178,0
DA:246,0
DA:247,0
DA:258,0
DA:287,0
DA:334,0
LF:72
LH:0
BRDA:37,0,0,0
BRDA:37,0,1,0
BRDA:46,1,0,0
BRDA:48,2,0,0
BRDA:59,3,0,0
BRDA:73,4,0,0
BRDA:88,5,0,0
BRDA:103,6,0,0
BRDA:103,6,1,0
BRDA:103,6,2,0
BRDA:103,6,3,0
BRDA:103,6,4,0
BRDA:118,7,0,0
BRDA:118,7,1,0
BRDA:118,7,2,0
BRDA:118,7,3,0
BRDA:118,7,4,0
BRDA:133,8,0,0
BRDA:133,8,1,0
BRDA:137,9,0,0
BRDA:137,10,0,0
BRDA:137,10,1,0
BRDA:145,11,0,0
BRDA:163,12,0,0
BRDA:254,13,0,0
BRDA:262,14,0,0
BRDA:279,15,0,0
BRDA:279,15,1,0
BRDA:306,16,0,0
BRDA:306,16,1,0
BRDA:314,17,0,0
BRF:31
BRH:0
end_of_record
TN:
SF:app/order/page.tsx
FN:5,OrderPage
FN:14,(anonymous_2)
FN:19,(anonymous_3)
FNF:3
FNH:0
FNDA:0,OrderPage
FNDA:0,(anonymous_2)
FNDA:0,(anonymous_3)
DA:3,0
DA:5,0
DA:7,0
DA:8,0
DA:14,0
DA:15,0
DA:19,0
DA:20,0
LF:8
LH:0
BRF:0
BRH:0
end_of_record
TN:
SF:app/order/tracking/[id]/page.tsx
FN:9,OrderTrackingPage
FN:11,(anonymous_2)
FN:16,(anonymous_3)
FNF:3
FNH:0
FNDA:0,OrderTrackingPage
FNDA:0,(anonymous_2)
FNDA:0,(anonymous_3)
DA:1,0
DA:9,0
DA:10,0
DA:11,0
DA:13,0
DA:16,0
DA:18,0
LF:7
LH:0
BRF:0
BRH:0
end_of_record
TN:
SF:app/privacy/page.tsx
FN:5,PrivacyPage
FNF:1
FNH:0
FNDA:0,PrivacyPage
DA:1,0
DA:3,0
DA:5,0
LF:3
LH:0
BRF:0
BRH:0
end_of_record
TN:
SF:app/rooms/page.tsx
FN:15,RoomsPage
FN:20,(anonymous_5)
FN:54,(anonymous_6)
FN:64,(anonymous_7)
FN:83,(anonymous_8)
FN:111,(anonymous_9)
FN:150,(anonymous_10)
FNF:7
FNH:0
FNDA:0,RoomsPage
FNDA:0,(anonymous_5)
FNDA:0,(anonymous_6)
FNDA:0,(anonymous_7)
FNDA:0,(anonymous_8)
FNDA:0,(anonymous_9)
FNDA:0,(anonymous_10)
DA:4,0
DA:6,0
DA:7,0
DA:8,0
DA:9,0
DA:10,0
DA:11,0
DA:12,0
DA:15,0
DA:16,0
DA:17,0
DA:18,0
DA:20,0
DA:21,0
DA:23,0
DA:24,0
DA:26,0
DA:54,0
DA:64,0
DA:83,0
DA:112,0
DA:151,0
DA:196,0
LF:23
LH:0
BRDA:21,0,0,0
BRDA:21,0,1,0
BRDA:23,1,0,0
BRDA:23,1,1,0
BRDA:24,2,0,0
BRDA:24,2,1,0
BRDA:26,3,0,0
BRDA:26,3,1,0
BRDA:26,3,2,0
BRDA:97,4,0,0
BRDA:97,4,1,0
BRDA:155,5,0,0
BRDA:179,6,0,0
BRF:13
BRH:0
end_of_record
TN:
SF:app/terms/page.tsx
FN:5,TermsPage
FNF:1
FNH:0
FNDA:0,TermsPage
DA:1,0
DA:3,0
DA:5,0
LF:3
LH:0
BRF:0
BRH:0
end_of_record
TN:
SF:components/client-scripts.tsx
FN:5,ClientScripts
FN:6,(anonymous_2)
FN:9,(anonymous_3)
FN:11,(anonymous_4)
FN:15,(anonymous_5)
FN:18,(anonymous_6)
FN:30,(anonymous_7)
FN:44,(anonymous_8)
FN:54,(anonymous_9)
FN:55,(anonymous_10)
FN:68,(anonymous_11)
FNF:11
FNH:0
FNDA:0,ClientScripts
FNDA:0,(anonymous_2)
FNDA:0,(anonymous_3)
FNDA:0,(anonymous_4)
FNDA:0,(anonymous_5)
FNDA:0,(anonymous_6)
FNDA:0,(anonymous_7)
FNDA:0,(anonymous_8)
FNDA:0,(anonymous_9)
FNDA:0,(anonymous_10)
FNDA:0,(anonymous_11)
DA:3,0
DA:5,0
DA:6,0
DA:8,0
DA:9,0
DA:10,0
DA:12,0
DA:15,0
DA:16,0
DA:17,0
DA:18,0
DA:19,0
DA:21,0
DA:22,0
DA:23,0
DA:31,0
DA:37,0
DA:39,0
DA:44,0
DA:45,0
DA:46,0
DA:47,0
DA:48,0
DA:49,0
DA:53,0
DA:54,0
DA:55,0
DA:56,0
DA:57,0
DA:58,0
DA:59,0
DA:60,0
DA:61,0
DA:68,0
DA:69,0
DA:75,0
LF:36
LH:0
BRDA:8,0,0,0
BRDA:17,1,0,0
BRDA:19,2,0,0
BRDA:19,3,0,0
BRDA:19,3,1,0
BRDA:21,4,0,0
BRDA:37,5,0,0
BRDA:53,6,0,0
BRDA:56,7,0,0
BRDA:58,8,0,0
BRF:10
BRH:0
end_of_record
TN:
SF:components/enhanced-hero-section.tsx
FN:9,EnhancedHeroSection
FN:44,(anonymous_3)
FN:45,(anonymous_4)
FN:46,(anonymous_5)
FN:49,(anonymous_6)
FN:52,(anonymous_7)
FN:53,(anonymous_8)
FN:56,(anonymous_9)
FN:57,(anonymous_10)
FN:60,(anonymous_11)
FN:150,(anonymous_12)
FN:150,(anonymous_13)
FN:163,(anonymous_14)
FN:163,(anonymous_15)
FN:176,(anonymous_16)
FN:176,(anonymous_17)
FN:179,(anonymous_18)
FN:226,(anonymous_19)
FN:229,(anonymous_20)
FNF:19
FNH:0
FNDA:0,EnhancedHeroSection
FNDA:0,(anonymous_3)
FNDA:0,(anonymous_4)
FNDA:0,(anonymous_5)
FNDA:0,(anonymous_6)
FNDA:0,(anonymous_7)
FNDA:0,(anonymous_8)
FNDA:0,(anonymous_9)
FNDA:0,(anonymous_10)
FNDA:0,(anonymous_11)
FNDA:0,(anonymous_12)
FNDA:0,(anonymous_13)
FNDA:0,(anonymous_14)
FNDA:0,(anonymous_15)
FNDA:0,(anonymous_16)
FNDA:0,(anonymous_17)
FNDA:0,(anonymous_18)
FNDA:0,(anonymous_19)
FNDA:0,(anonymous_20)
DA:3,0
DA:4,0
DA:5,0
DA:6,0
DA:7,0
DA:9,0
DA:10,0
DA:11,0
DA:17,0
DA:44,0
DA:45,0
DA:46,0
DA:49,0
DA:52,0
DA:53,0
DA:56,0
DA:57,0
DA:60,0
DA:61,0
DA:66,0
DA:69,0
DA:150,0
DA:163,0
DA:176,0
DA:180,0
DA:227,0
DA:229,0
LF:27
LH:0
BRDA:181,0,0,0
BRDA:181,0,1,0
BRDA:190,1,0,0
BRDA:190,1,1,0
BRDA:231,2,0,0
BRDA:231,2,1,0
BRF:6
BRH:0
end_of_record
TN:
SF:components/error-boundary.tsx
FN:16,(anonymous_2)
FN:29,(anonymous_3)
FN:21,(anonymous_4)
FN:25,(anonymous_5)
FN:33,(anonymous_6)
FN:43,DefaultErrorFallback
FNF:6
FNH:0
FNDA:0,(anonymous_2)
FNDA:0,(anonymous_3)
FNDA:0,(anonymous_4)
FNDA:0,(anonymous_5)
FNDA:0,(anonymous_6)
FNDA:0,DefaultErrorFallback
DA:3,0
DA:17,0
DA:18,0
DA:22,0
DA:26,0
DA:30,0
DA:34,0
DA:35,0
DA:39,0
DA:82,0
LF:10
LH:0
BRDA:34,0,0,0
BRDA:35,1,0,0
BRDA:35,1,1,0
BRDA:57,2,0,0
BRDA:64,3,0,0
BRDA:64,3,1,0
BRF:6
BRH:0
end_of_record
TN:
SF:components/hero-section.tsx
FN:39,HeroSection
FN:44,(anonymous_3)
FN:48,(anonymous_4)
FN:51,(anonymous_5)
FN:52,(anonymous_6)
FN:55,(anonymous_7)
FN:58,(anonymous_8)
FN:59,(anonymous_9)
FN:62,(anonymous_10)
FN:63,(anonymous_11)
FN:66,(anonymous_12)
FN:70,(anonymous_13)
FN:77,(anonymous_14)
FN:194,(anonymous_15)
FN:197,(anonymous_16)
FNF:15
FNH:0
FNDA:0,HeroSection
FNDA:0,(anonymous_3)
FNDA:0,(anonymous_4)
FNDA:0,(anonymous_5)
FNDA:0,(anonymous_6)
FNDA:0,(anonymous_7)
FNDA:0,(anonymous_8)
FNDA:0,(anonymous_9)
FNDA:0,(anonymous_10)
FNDA:0,(anonymous_11)
FNDA:0,(anonymous_12)
FNDA:0,(anonymous_13)
FNDA:0,(anonymous_14)
FNDA:0,(anonymous_15)
FNDA:0,(anonymous_16)
DA:3,0
DA:4,0
DA:5,0
DA:6,0
DA:7,0
DA:9,0
DA:39,0
DA:40,0
DA:41,0
DA:42,0
DA:44,0
DA:45,0
DA:48,0
DA:49,0
DA:51,0
DA:52,0
DA:55,0
DA:58,0
DA:59,0
DA:62,0
DA:63,0
DA:66,0
DA:67,0
DA:70,0
DA:71,0
DA:78,0
DA:195,0
DA:197,0
LF:28
LH:0
BRDA:49,0,0,0
BRDA:81,1,0,0
BRDA:81,1,1,0
BRDA:84,2,0,0
BRDA:84,2,1,0
BRDA:107,3,0,0
BRDA:107,3,1,0
BRDA:107,4,0,0
BRDA:107,4,1,0
BRDA:123,5,0,0
BRDA:123,5,1,0
BRDA:123,6,0,0
BRDA:123,6,1,0
BRDA:139,7,0,0
BRDA:139,7,1,0
BRDA:139,8,0,0
BRDA:139,8,1,0
BRDA:155,9,0,0
BRDA:155,9,1,0
BRDA:155,10,0,0
BRDA:155,10,1,0
BRDA:199,11,0,0
BRDA:199,11,1,0
BRDA:215,12,0,0
BRDA:257,13,0,0
BRDA:257,13,1,0
BRDA:260,14,0,0
BRDA:260,14,1,0
BRF:28
BRH:0
end_of_record
TN:
SF:components/hero-video-background.tsx
FN:13,HeroVideoBackground
FN:27,(anonymous_2)
FN:31,(anonymous_3)
FN:35,(anonymous_4)
FN:36,(anonymous_5)
FN:39,(anonymous_6)
FN:45,(anonymous_7)
FN:46,(anonymous_8)
FN:58,(anonymous_9)
FNF:9
FNH:0
FNDA:0,HeroVideoBackground
FNDA:0,(anonymous_2)
FNDA:0,(anonymous_3)
FNDA:0,(anonymous_4)
FNDA:0,(anonymous_5)
FNDA:0,(anonymous_6)
FNDA:0,(anonymous_7)
FNDA:0,(anonymous_8)
FNDA:0,(anonymous_9)
DA:3,0
DA:4,0
DA:13,0
DA:19,0
DA:20,0
DA:21,0
DA:22,0
DA:25,0
DA:27,0
DA:28,0
DA:31,0
DA:32,0
DA:35,0
DA:36,0
DA:37,0
DA:39,0
DA:45,0
DA:46,0
DA:58,0
LF:19
LH:0
BRDA:17,0,0,0
BRDA:25,1,0,0
BRDA:25,1,1,0
BRDA:51,2,0,0
BRDA:50,3,0,0
BRDA:50,3,1,0
BRDA:82,4,0,0
BRDA:82,4,1,0
BRDA:87,5,0,0
BRDA:87,5,1,0
BRDA:89,6,0,0
BRDA:94,7,0,0
BRDA:94,7,1,0
BRDA:96,8,0,0
BRF:14
BRH:0
end_of_record
TN:
SF:components/hotel-footer.tsx
FN:4,HotelFooter
FNF:1
FNH:0
FNDA:0,HotelFooter
DA:1,0
DA:2,0
DA:4,0
LF:3
LH:0
BRF:0
BRH:0
end_of_record
TN:
SF:components/hotel-navigation.tsx
FN:8,HotelNavigation
FN:60,(anonymous_3)
FN:79,(anonymous_4)
FN:92,(anonymous_5)
FN:97,(anonymous_6)
FN:105,(anonymous_7)
FNF:6
FNH:0
FNDA:0,HotelNavigation
FNDA:0,(anonymous_3)
FNDA:0,(anonymous_4)
FNDA:0,(anonymous_5)
FNDA:0,(anonymous_6)
FNDA:0,(anonymous_7)
DA:3,0
DA:4,0
DA:5,0
DA:6,0
DA:8,0
DA:9,0
DA:11,0
DA:61,0
DA:79,0
DA:93,0
DA:97,0
DA:105,0
LF:12
LH:0
BRDA:81,0,0,0
BRDA:81,0,1,0
BRDA:84,1,0,0
BRDA:89,2,0,0
BRF:4
BRH:0
end_of_record
TN:
SF:components/navigation.tsx
FN:10,Navigation
FN:36,(anonymous_3)
FN:53,(anonymous_4)
FN:72,(anonymous_5)
FN:93,(anonymous_6)
FN:108,(anonymous_7)
FN:113,(anonymous_8)
FN:134,(anonymous_9)
FNF:8
FNH:0
FNDA:0,Navigation
FNDA:0,(anonymous_3)
FNDA:0,(anonymous_4)
FNDA:0,(anonymous_5)
FNDA:0,(anonymous_6)
FNDA:0,(anonymous_7)
FNDA:0,(anonymous_8)
FNDA:0,(anonymous_9)
DA:3,0
DA:4,0
DA:5,0
DA:6,0
DA:7,0
DA:8,0
DA:10,0
DA:11,0
DA:12,0
DA:13,0
DA:15,0
DA:37,0
DA:53,0
DA:72,0
DA:93,0
DA:109,0
DA:113,0
DA:134,0
LF:18
LH:0
BRDA:13,0,0,0
BRDA:13,0,1,0
BRDA:53,1,0,0
BRDA:53,1,1,0
BRDA:63,2,0,0
BRDA:67,3,0,0
BRDA:96,4,0,0
BRDA:105,5,0,0
BRDA:119,6,0,0
BRDA:126,7,0,0
BRF:10
BRH:0
end_of_record
TN:
SF:components/notification-bell.tsx
FN:20,NotificationBell
FN:27,(anonymous_3)
FN:32,(anonymous_4)
FN:36,(anonymous_5)
FN:52,(anonymous_6)
FN:66,(anonymous_7)
FN:67,(anonymous_8)
FN:73,(anonymous_9)
FN:80,(anonymous_10)
FN:88,(anonymous_11)
FN:89,(anonymous_12)
FN:101,(anonymous_13)
FN:119,(anonymous_14)
FN:137,(anonymous_15)
FN:155,(anonymous_16)
FN:178,(anonymous_17)
FN:194,(anonymous_18)
FN:200,(anonymous_19)
FN:236,(anonymous_20)
FNF:19
FNH:0
FNDA:0,NotificationBell
FNDA:0,(anonymous_3)
FNDA:0,(anonymous_4)
FNDA:0,(anonymous_5)
FNDA:0,(anonymous_6)
FNDA:0,(anonymous_7)
FNDA:0,(anonymous_8)
FNDA:0,(anonymous_9)
FNDA:0,(anonymous_10)
FNDA:0,(anonymous_11)
FNDA:0,(anonymous_12)
FNDA:0,(anonymous_13)
FNDA:0,(anonymous_14)
FNDA:0,(anonymous_15)
FNDA:0,(anonymous_16)
FNDA:0,(anonymous_17)
FNDA:0,(anonymous_18)
FNDA:0,(anonymous_19)
FNDA:0,(anonymous_20)
DA:3,0
DA:4,0
DA:5,0
DA:6,0
DA:7,0
DA:8,0
DA:20,0
DA:21,0
DA:22,0
DA:23,0
DA:24,0
DA:25,0
DA:27,0
DA:28,0
DA:29,0
DA:31,0
DA:32,0
DA:36,0
DA:37,0
DA:39,0
DA:40,0
DA:41,0
DA:43,0
DA:44,0
DA:45,0
DA:48,0
DA:52,0
DA:53,0
DA:54,0
DA:65,0
DA:66,0
DA:67,0
DA:68,0
DA:73,0
DA:76,0
DA:80,0
DA:81,0
DA:82,0
DA:83,0
DA:87,0
DA:88,0
DA:89,0
DA:91,0
DA:92,0
DA:95,0
DA:97,0
DA:101,0
DA:102,0
DA:119,0
DA:120,0
DA:121,0
DA:122,0
DA:124,0
DA:125,0
DA:126,0
DA:127,0
DA:130,0
DA:137,0
DA:155,0
DA:178,0
DA:195,0
DA:200,0
DA:237,0
DA:239,0
LF:64
LH:0
BRDA:28,0,0,0
BRDA:37,1,0,0
BRDA:43,2,0,0
BRDA:65,3,0,0
BRDA:68,4,0,0
BRDA:68,4,1,0
BRDA:87,5,0,0
BRDA:102,6,0,0
BRDA:102,6,1,0
BRDA:102,6,2,0
BRDA:124,7,0,0
BRDA:125,8,0,0
BRDA:126,9,0,0
BRDA:130,10,0,0
BRDA:141,11,0,0
BRDA:145,12,0,0
BRDA:145,12,1,0
BRDA:150,13,0,0
BRDA:164,14,0,0
BRDA:188,15,0,0
BRDA:198,16,0,0
BRDA:198,16,1,0
BRDA:209,17,0,0
BRDA:209,17,1,0
BRDA:213,18,0,0
BRDA:231,19,0,0
BRF:26
BRH:0
end_of_record
TN:
SF:components/protected-route.tsx
FN:13,ProtectedRoute
FN:21,(anonymous_2)
FNF:2
FNH:0
FNDA:0,ProtectedRoute
FNDA:0,(anonymous_2)
DA:2,0
DA:3,0
DA:4,0
DA:5,0
DA:13,0
DA:18,0
DA:19,0
DA:21,0
DA:22,0
DA:24,0
DA:25,0
DA:26,0
DA:29,0
[...]
BRDA:51,7,2,0
BRDA:51,7,3,0
BRDA:63,8,0,0
BRDA:63,9,0,0
BRDA:63,9,1,0
BRDA:78,10,0,0
BRDA:78,11,0,0
BRDA:78,11,1,0
BRDA:85,12,0,0
BRDA:85,13,0,0
BRDA:85,13,1,0
BRDA:99,14,0,0
BRDA:99,15,0,0
BRDA:99,15,1,0
BRDA:108,16,0,0
BRDA:113,17,0,0
BRDA:120,18,0,0
BRDA:127,19,0,0
BRDA:133,20,0,0
BRDA:138,21,0,0
BRDA:156,22,0,0
BRDA:156,23,0,0
BRDA:156,23,1,0
BRDA:161,24,0,0
BRDA:161,24,1,0
BRDA:168,25,0,0
BRDA:168,26,0,0
BRDA:168,26,1,0
BRDA:183,27,0,0
BRDA:183,27,1,0
BRDA:193,28,0,0
BRDA:193,28,1,0
BRDA:207,29,0,0
BRDA:223,30,0,0
BRDA:236,31,0,0
BRDA:236,32,0,0
BRDA:236,32,1,0
BRDA:242,33,0,0
BRDA:242,33,1,0
BRDA:242,34,0,0
BRDA:242,34,1,0
BRDA:244,35,0,0
BRDA:244,35,1,0
BRDA:244,36,0,0
BRDA:244,36,1,0
BRDA:246,37,0,0
BRDA:246,37,1,0
BRDA:246,38,0,0
BRDA:246,38,1,0
BRDA:261,39,0,0
BRDA:261,39,1,0
BRF:65
BRH:0
end_of_record
TN:
SF:lib/db.ts
FNF:0
FNH:0
DA:1,0
DA:3,0
DA:7,0
DA:9,0
DA:11,0
LF:5
LH:0
BRDA:7,0,0,0
BRDA:7,0,1,0
BRDA:9,1,0,0
BRF:3
BRH:0
end_of_record
TN:
SF:lib/design-tokens.ts
FNF:0
FNH:0
DA:2,0
DA:149,0
DA:192,0
LF:3
LH:0
BRF:0
BRH:0
end_of_record
TN:
SF:lib/email-templates.ts
FN:16,getBookingConfirmationEmail
FN:100,getWelcomeEmail
FN:153,getCheckInReminderEmail
FN:204,getCheckOutReminderEmail
FN:256,getNewsletterEmail
FN:277,(anonymous_12)
FN:304,getAdminBookingAlertEmail
FNF:7
FNH:0
FNDA:0,getBookingConfirmationEmail
FNDA:0,getWelcomeEmail
FNDA:0,getCheckInReminderEmail
FNDA:0,getCheckOutReminderEmail
FNDA:0,getNewsletterEmail
FNDA:0,(anonymous_12)
FNDA:0,getAdminBookingAlertEmail
DA:1,0
DA:16,0
DA:27,0
DA:29,0
DA:31,0
DA:97,0
DA:100,0
DA:101,0
DA:103,0
DA:150,0
DA:153,0
DA:154,0
DA:156,0
DA:201,0
DA:204,0
DA:205,0
DA:207,0
DA:253,0
DA:256,0
DA:257,0
DA:259,0
DA:277,0
DA:301,0
DA:304,0
DA:305,0
DA:307,0
DA:359,0
LF:27
LH:0
BRF:0
BRH:0
end_of_record
TN:
SF:lib/email.ts
FN:16,(anonymous_8)
FN:103,(anonymous_9)
FN:164,(anonymous_10)
FN:215,sendBookingConfirmation
FN:245,sendAdminBookingAlert
FN:271,sendBookingReminder
FN:296,sendBookingStatusUpdate
FN:358,testEmailConfiguration
FNF:8
FNH:0
FNDA:0,(anonymous_8)
FNDA:0,(anonymous_9)
FNDA:0,(anonymous_10)
FNDA:0,sendBookingConfirmation
FNDA:0,sendAdminBookingAlert
FNDA:0,sendBookingReminder
FNDA:0,sendBookingStatusUpdate
FNDA:0,testEmailConfiguration
DA:1,0
DA:4,0
DA:15,0
DA:16,0
DA:103,0
DA:164,0
DA:215,0
DA:228,0
DA:229,0
DA:231,0
DA:238,0
DA:240,0
DA:241,0
DA:245,0
DA:254,0
DA:255,0
DA:257,0
DA:264,0
DA:266,0
DA:267,0
DA:271,0
DA:278,0
DA:279,0
DA:281,0
DA:288,0
DA:290,0
DA:291,0
DA:296,0
DA:305,0
DA:306,0
DA:343,0
DA:350,0
DA:352,0
DA:353,0
DA:358,0
DA:359,0
DA:360,0
DA:361,0
DA:362,0
DA:364,0
DA:365,0
LF:41
LH:0
BRDA:5,0,0,0
BRDA:5,0,1,0
BRDA:6,1,0,0
BRDA:6,1,1,0
BRDA:70,2,0,0
BRDA:70,2,1,0
BRDA:259,3,0,0
BRDA:259,3,1,0
BRF:8
BRH:0
end_of_record
TN:
SF:lib/environment-validator.ts
FN:10,(anonymous_7)
FN:27,(anonymous_8)
FN:47,(anonymous_9)
FN:64,(anonymous_10)
FN:91,(anonymous_11)
FN:134,(anonymous_12)
FN:145,testDatabaseConnection
FN:158,testStripeConnection
FN:173,testEmailConnection
FN:194,validateEnvironment
FN:202,(anonymous_18)
FN:208,(anonymous_19)
FNF:12
FNH:0
FNDA:0,(anonymous_7)
FNDA:0,(anonymous_8)
FNDA:0,(anonymous_9)
FNDA:0,(anonymous_10)
FNDA:0,(anonymous_11)
FNDA:0,(anonymous_12)
FNDA:0,testDatabaseConnection
FNDA:0,testStripeConnection
FNDA:0,testEmailConnection
FNDA:0,validateEnvironment
FNDA:0,(anonymous_18)
FNDA:0,(anonymous_19)
DA:1,0
DA:2,0
DA:3,0
DA:6,0
DA:7,0
DA:8,0
DA:11,0
DA:12,0
DA:14,0
DA:15,0
DA:16,0
DA:17,0
DA:18,0
DA:20,0
DA:28,0
DA:29,0
DA:30,0
DA:31,0
DA:34,0
DA:35,0
DA:39,0
DA:40,0
DA:43,0
DA:48,0
DA:49,0
DA:51,0
DA:52,0
DA:53,0
DA:54,0
DA:57,0
DA:58,0
DA:59,0
DA:60,0
DA:65,0
DA:66,0
DA:68,0
DA:69,0
DA:70,0
DA:71,0
DA:74,0
DA:75,0
DA:76,0
DA:77,0
DA:81,0
DA:82,0
DA:83,0
DA:86,0
DA:92,0
DA:93,0
DA:94,0
DA:95,0
DA:97,0
DA:98,0
DA:101,0
DA:102,0
DA:103,0
DA:104,0
DA:107,0
DA:108,0
DA:111,0
DA:112,0
DA:116,0
DA:117,0
DA:118,0
DA:129,0
DA:135,0
DA:136,0
DA:137,0
DA:138,0
DA:139,0
DA:145,0
DA:146,0
DA:147,0
DA:148,0
DA:149,0
DA:150,0
DA:152,0
DA:153,0
DA:158,0
DA:159,0
DA:160,0
DA:161,0
DA:163,0
DA:164,0
DA:165,0
DA:167,0
DA:168,0
DA:173,0
DA:174,0
DA:175,0
DA:185,0
DA:186,0
DA:188,0
DA:189,0
DA:194,0
DA:195,0
DA:197,0
DA:198,0
DA:200,0
DA:201,0
DA:202,0
DA:203,0
DA:206,0
DA:207,0
DA:208,0
DA:211,0
DA:214,0
DA:216,0
DA:217,0
DA:218,0
DA:220,0
DA:221,0
DA:222,0
DA:224,0
DA:225,0
DA:228,0
LF:116
LH:0
BRDA:29,0,0,0
BRDA:34,1,0,0
BRDA:34,2,0,0
BRDA:34,2,1,0
BRDA:51,3,0,0
BRDA:51,3,1,0
BRDA:53,4,0,0
BRDA:57,5,0,0
BRDA:57,5,1,0
BRDA:59,6,0,0
BRDA:68,7,0,0
BRDA:68,7,1,0
BRDA:70,8,0,0
BRDA:74,9,0,0
BRDA:74,9,1,0
BRDA:76,10,0,0
BRDA:81,11,0,0
BRDA:81,12,0,0
BRDA:81,12,1,0
BRDA:97,13,0,0
BRDA:101,14,0,0
BRDA:101,14,1,0
BRDA:103,15,0,0
BRDA:107,16,0,0
BRDA:111,17,0,0
BRDA:116,18,0,0
BRDA:116,19,0,0
BRDA:116,19,1,0
BRDA:116,19,2,0
BRDA:116,19,3,0
BRDA:136,20,0,0
BRDA:136,20,1,0
BRDA:138,21,0,0
BRDA:161,22,0,0
BRDA:200,23,0,0
BRDA:206,24,0,0
BRDA:220,25,0,0
BRDA:220,25,1,0
BRDA:221,26,0,0
BRDA:221,26,1,0
BRDA:222,27,0,0
BRDA:222,27,1,0
BRDA:224,28,0,0
BRDA:224,29,0,0
BRDA:224,29,1,0
BRDA:224,29,2,0
BRF:46
BRH:0
end_of_record
TN:
SF:lib/hotel-data.ts
FNF:0
FNH:0
DA:2,0
DA:299,0
LF:2
LH:0
BRF:0
BRH:0
end_of_record
TN:
SF:lib/ordering-api.ts
FN:43,getMenuItems
FN:64,getMenuItem
FN:80,createFoodOrder
FN:104,getOrder
FN:120,updateOrderStatus
FN:144,getKitchenOrders
FN:165,calculateOrderTotal
FN:170,(anonymous_21)
FN:178,validateOrderData
FN:190,(anonymous_23)
FN:201,formatOrderForDisplay
FN:206,(anonymous_25)
FN:224,(anonymous_26)
FN:234,(anonymous_27)
FN:236,(anonymous_28)
FN:250,(anonymous_29)
FN:258,(anonymous_30)
FN:266,generateRoomQRCode
FN:276,parseQRCodeData
FN:295,(anonymous_34)
FN:301,(anonymous_35)
FN:309,(anonymous_36)
FNF:22
FNH:0
FNDA:0,getMenuItems
FNDA:0,getMenuItem
FNDA:0,createFoodOrder
FNDA:0,getOrder
FNDA:0,updateOrderStatus
FNDA:0,getKitchenOrders
FNDA:0,calculateOrderTotal
FNDA:0,(anonymous_21)
FNDA:0,validateOrderData
FNDA:0,(anonymous_23)
FNDA:0,formatOrderForDisplay
FNDA:0,(anonymous_25)
FNDA:0,(anonymous_26)
FNDA:0,(anonymous_27)
FNDA:0,(anonymous_28)
FNDA:0,(anonymous_29)
FNDA:0,(anonymous_30)
FNDA:0,generateRoomQRCode
FNDA:0,parseQRCodeData
FNDA:0,(anonymous_34)
FNDA:0,(anonymous_35)
FNDA:0,(anonymous_36)
DA:43,0
DA:44,0
DA:45,0
DA:46,0
DA:47,0
DA:50,0
DA:52,0
DA:53,0
DA:56,0
DA:58,0
DA:59,0
DA:64,0
DA:65,0
DA:66,0
DA:68,0
DA:69,0
DA:72,0
DA:74,0
DA:75,0
DA:80,0
DA:81,0
DA:82,0
DA:90,0
DA:92,0
DA:93,0
DA:96,0
DA:98,0
DA:99,0
DA:104,0
DA:105,0
DA:106,0
DA:108,0
DA:109,0
DA:112,0
DA:114,0
DA:115,0
DA:120,0
DA:121,0
DA:122,0
DA:130,0
DA:132,0
DA:133,0
DA:136,0
DA:138,0
DA:139,0
DA:144,0
DA:145,0
DA:146,0
DA:147,0
DA:148,0
DA:151,0
DA:153,0
DA:154,0
DA:157,0
DA:159,0
DA:160,0
DA:165,0
DA:170,0
DA:171,0
DA:172,0
DA:174,0
DA:178,0
DA:179,0
DA:181,0
DA:182,0
DA:183,0
DA:184,0
DA:185,0
DA:186,0
DA:189,0
DA:190,0
DA:191,0
DA:192,0
DA:193,0
DA:197,0
DA:201,0
DA:202,0
DA:206,0
DA:220,0
DA:221,0
DA:222,0
DA:225,0
DA:231,0
DA:236,0
DA:237,0
DA:239,0
DA:240,0
DA:242,0
DA:243,0
DA:245,0
DA:251,0
DA:252,0
DA:253,0
DA:255,0
DA:259,0
DA:260,0
DA:266,0
DA:267,0
DA:268,0
DA:273,0
DA:276,0
DA:277,0
DA:278,0
DA:279,0
DA:280,0
DA:282,0
DA:284,0
DA:289,0
DA:294,0
DA:296,0
DA:297,0
DA:302,0
DA:303,0
DA:304,0
DA:306,0
DA:310,0
DA:311,0
LF:117
LH:0
BRDA:46,0,0,0
BRDA:46,1,0,0
BRDA:46,1,1,0
BRDA:52,2,0,0
BRDA:68,3,0,0
BRDA:92,4,0,0
BRDA:93,5,0,0
BRDA:93,5,1,0
BRDA:108,6,0,0
BRDA:132,7,0,0
BRDA:133,8,0,0
BRDA:133,8,1,0
BRDA:147,9,0,0
BRDA:147,10,0,0
BRDA:147,10,1,0
BRDA:153,11,0,0
BRDA:167,12,0,0
BRDA:168,13,0,0
BRDA:181,14,0,0
BRDA:182,15,0,0
BRDA:183,16,0,0
BRDA:184,17,0,0
BRDA:185,18,0,0
BRDA:185,19,0,0
BRDA:185,19,1,0
BRDA:186,20,0,0
BRDA:189,21,0,0
BRDA:191,22,0,0
BRDA:192,23,0,0
BRDA:192,24,0,0
BRDA:192,24,1,0
BRDA:193,25,0,0
BRDA:193,26,0,0
BRDA:193,26,1,0
BRDA:209,27,0,0
BRDA:209,27,1,0
BRDA:237,28,0,0
BRDA:251,29,0,0
BRDA:259,30,0,0
BRDA:259,31,0,0
BRDA:259,31,1,0
BRDA:267,32,0,0
BRDA:267,32,1,0
BRDA:270,33,0,0
BRDA:270,33,1,0
BRDA:282,34,0,0
BRDA:286,35,0,0
BRDA:286,35,1,0
BRDA:296,36,0,0
BRDA:302,37,0,0
BRDA:304,38,0,0
BRDA:304,38,1,0
BRDA:310,39,0,0
BRF:53
BRH:0
end_of_record
TN:
SF:lib/performance.tsx
FN:7,withLazyLoading
FN:16,(anonymous_20)
FN:16,(anonymous_21)
FN:16,(anonymous_22)
FN:26,(anonymous_25)
FN:26,(anonymous_26)
FN:26,(anonymous_27)
FN:38,(anonymous_30)
FN:38,(anonymous_31)
FN:38,(anonymous_32)
FN:50,(anonymous_35)
FN:50,(anonymous_36)
FN:50,(anonymous_37)
FN:57,(anonymous_40)
FN:67,(anonymous_41)
FN:67,(anonymous_42)
FN:67,(anonymous_43)
FN:74,(anonymous_46)
FN:86,(anonymous_47)
FN:89,(anonymous_48)
FN:90,(anonymous_49)
FN:102,(anonymous_50)
FN:106,(anonymous_51)
FN:110,(anonymous_52)
FN:113,(anonymous_53)
FN:126,(anonymous_54)
FN:138,(anonymous_55)
FN:146,(anonymous_56)
FN:158,(anonymous_57)
FN:168,(anonymous_58)
FN:175,(anonymous_59)
FN:181,(anonymous_60)
FN:183,(anonymous_61)
FN:188,(anonymous_62)
FN:194,(anonymous_63)
FN:198,(anonymous_64)
FN:207,(anonymous_65)
FN:214,(anonymous_66)
FN:232,(anonymous_67)
FN:236,(anonymous_68)
FN:247,(anonymous_69)
FN:255,(anonymous_70)
FN:267,(anonymous_71)
FN:272,(anonymous_72)
FN:284,(anonymous_73)
FN:308,(anonymous_74)
FN:318,(anonymous_75)
FN:329,(anonymous_76)
FN:343,(anonymous_77)
FN:353,(anonymous_78)
FN:363,(anonymous_79)
FN:374,(anonymous_80)
FN:387,(anonymous_81)
FN:394,(anonymous_82)
FNF:54
FNH:0
FNDA:0,withLazyLoading
FNDA:0,(anonymous_20)
FNDA:0,(anonymous_21)
FNDA:0,(anonymous_22)
FNDA:0,(anonymous_25)
FNDA:0,(anonymous_26)
FNDA:0,(anonymous_27)
FNDA:0,(anonymous_30)
FNDA:0,(anonymous_31)
FNDA:0,(anonymous_32)
FNDA:0,(anonymous_35)
FNDA:0,(anonymous_36)
FNDA:0,(anonymous_37)
FNDA:0,(anonymous_40)
FNDA:0,(anonymous_41)
FNDA:0,(anonymous_42)
FNDA:0,(anonymous_43)
FNDA:0,(anonymous_46)
FNDA:0,(anonymous_47)
FNDA:0,(anonymous_48)
FNDA:0,(anonymous_49)
FNDA:0,(anonymous_50)
FNDA:0,(anonymous_51)
FNDA:0,(anonymous_52)
FNDA:0,(anonymous_53)
FNDA:0,(anonymous_54)
FNDA:0,(anonymous_55)
FNDA:0,(anonymous_56)
FNDA:0,(anonymous_57)
FNDA:0,(anonymous_58)
FNDA:0,(anonymous_59)
FNDA:0,(anonymous_60)
FNDA:0,(anonymous_61)
FNDA:0,(anonymous_62)
FNDA:0,(anonymous_63)
FNDA:0,(anonymous_64)
FNDA:0,(anonymous_65)
FNDA:0,(anonymous_66)
FNDA:0,(anonymous_67)
FNDA:0,(anonymous_68)
FNDA:0,(anonymous_69)
FNDA:0,(anonymous_70)
FNDA:0,(anonymous_71)
FNDA:0,(anonymous_72)
FNDA:0,(anonymous_73)
FNDA:0,(anonymous_74)
FNDA:0,(anonymous_75)
FNDA:0,(anonymous_76)
FNDA:0,(anonymous_77)
FNDA:0,(anonymous_78)
FNDA:0,(anonymous_79)
FNDA:0,(anonymous_80)
FNDA:0,(anonymous_81)
FNDA:0,(anonymous_82)
DA:3,0
DA:4,0
DA:7,0
DA:11,0
DA:15,0
DA:16,0
DA:25,0
DA:26,0
DA:37,0
DA:38,0
DA:49,0
DA:50,0
DA:58,0
DA:66,0
DA:67,0
DA:75,0
DA:84,0
DA:87,0
DA:89,0
DA:90,0
DA:91,0
DA:92,0
DA:93,0
DA:94,0
DA:95,0
DA:96,0
DA:102,0
DA:103,0
DA:106,0
DA:111,0
DA:113,0
DA:114,0
DA:115,0
DA:116,0
DA:117,0
DA:118,0
DA:124,0
DA:127,0
DA:129,0
DA:130,0
DA:131,0
DA:133,0
DA:139,0
DA:141,0
DA:142,0
DA:144,0
DA:146,0
DA:159,0
DA:166,0
DA:169,0
DA:170,0
DA:171,0
DA:179,0
DA:181,0
DA:182,0
DA:183,0
DA:194,0
DA:195,0
DA:196,0
DA:197,0
DA:198,0
DA:205,0
DA:208,0
DA:210,0
DA:215,0
DA:217,0
DA:218,0
DA:225,0
DA:233,0
DA:236,0
DA:237,0
DA:243,0
DA:248,0
DA:256,0
DA:257,0
DA:259,0
DA:260,0
DA:261,0
DA:264,0
DA:268,0
DA:273,0
DA:275,0
DA:281,0
DA:285,0
DA:287,0
DA:288,0
DA:289,0
DA:291,0
DA:292,0
DA:293,0
DA:294,0
DA:297,0
DA:299,0
DA:300,0
DA:306,0
DA:309,0
DA:310,0
DA:311,0
DA:313,0
DA:314,0
DA:319,0
DA:321,0
DA:331,0
DA:333,0
DA:335,0
DA:341,0
DA:344,0
DA:346,0
DA:347,0
DA:348,0
DA:349,0
DA:354,0
DA:356,0
DA:357,0
DA:358,0
DA:359,0
DA:364,0
DA:366,0
DA:367,0
DA:368,0
DA:369,0
DA:374,0
DA:375,0
DA:378,0
DA:381,0
DA:382,0
DA:385,0
DA:387,0
DA:388,0
DA:389,0
DA:390,0
DA:394,0
DA:395,0
DA:396,0
DA:397,0
DA:398,0
DA:401,0
LF:137
LH:0
BRDA:87,0,0,0
BRDA:91,1,0,0
BRDA:93,2,0,0
BRDA:111,3,0,0
BRDA:127,4,0,0
BRDA:139,5,0,0
BRDA:146,6,0,0
BRDA:146,6,1,0
BRDA:159,7,0,0
BRDA:159,7,1,0
BRDA:182,8,0,0
BRDA:195,9,0,0
BRDA:208,10,0,0
BRDA:217,11,0,0
BRDA:247,12,0,0
BRDA:257,13,0,0
BRDA:259,14,0,0
BRDA:272,15,0,0
BRDA:273,16,0,0
BRDA:285,17,0,0
BRDA:289,18,0,0
BRDA:292,19,0,0
BRDA:319,20,0,0
BRDA:319,21,0,0
BRDA:319,21,1,0
BRDA:331,22,0,0
BRDA:331,22,1,0
BRDA:344,23,0,0
BRDA:354,24,0,0
BRDA:364,25,0,0
BRDA:375,26,0,0
BRDA:385,27,0,0
BRDA:397,28,0,0
BRF:33
BRH:0
end_of_record
TN:
SF:lib/price-calculation.ts
FN:24,calculateBookingPrice
FN:41,calculateTotalPrice
FN:51,applyDiscount
FN:70,calculateTax
FN:77,calculateNights
FN:91,getSeasonalMultiplier
FN:117,getLoyaltyDiscount
FN:135,getEarlyBookingDiscount
FN:154,getGroupDiscount
FN:169,getExtendedStayDiscount
FNF:10
FNH:0
FNDA:0,calculateBookingPrice
FNDA:0,calculateTotalPrice
FNDA:0,applyDiscount
FNDA:0,calculateTax
FNDA:0,calculateNights
FNDA:0,getSeasonalMultiplier
FNDA:0,getLoyaltyDiscount
FNDA:0,getEarlyBookingDiscount
FNDA:0,getGroupDiscount
FNDA:0,getExtendedStayDiscount
DA:24,0
DA:25,0
DA:26,0
DA:28,0
DA:29,0
DA:32,0
DA:33,0
DA:41,0
DA:42,0
DA:43,0
DA:51,0
DA:52,0
DA:53,0
DA:54,0
DA:56,0
DA:57,0
DA:58,0
DA:59,0
DA:63,0
DA:70,0
DA:71,0
DA:77,0
DA:78,0
DA:79,0
DA:81,0
DA:82,0
DA:85,0
DA:91,0
DA:92,0
DA:93,0
DA:96,0
DA:97,0
DA:101,0
DA:102,0
DA:106,0
DA:107,0
DA:111,0
DA:117,0
DA:118,0
DA:120,0
DA:122,0
DA:124,0
DA:126,0
DA:128,0
DA:135,0
DA:136,0
DA:137,0
DA:138,0
DA:140,0
DA:141,0
DA:142,0
DA:143,0
DA:144,0
DA:145,0
DA:148,0
DA:154,0
DA:155,0
DA:156,0
DA:157,0
DA:158,0
DA:159,0
DA:160,0
DA:163,0
DA:169,0
DA:170,0
DA:171,0
DA:172,0
DA:173,0
DA:174,0
DA:175,0
DA:178,0
LF:71
LH:0
BRDA:28,0,0,0
BRDA:52,1,0,0
BRDA:52,1,1,0
BRDA:53,2,0,0
BRDA:53,3,0,0
BRDA:53,3,1,0
BRDA:57,4,0,0
BRDA:57,4,1,0
BRDA:58,5,0,0
BRDA:81,6,0,0
BRDA:96,7,0,0
BRDA:96,8,0,0
BRDA:96,8,1,0
BRDA:101,9,0,0
BRDA:106,10,0,0
BRDA:106,11,0,0
BRDA:106,11,1,0
BRDA:106,11,2,0
BRDA:106,11,3,0
BRDA:118,12,0,0
BRDA:118,12,1,0
BRDA:118,12,2,0
BRDA:118,12,3,0
BRDA:118,12,4,0
BRDA:140,13,0,0
BRDA:140,13,1,0
BRDA:142,14,0,0
BRDA:142,14,1,0
BRDA:144,15,0,0
BRDA:155,16,0,0
BRDA:155,16,1,0
BRDA:157,17,0,0
BRDA:157,17,1,0
BRDA:159,18,0,0
BRDA:170,19,0,0
BRDA:170,19,1,0
BRDA:172,20,0,0
BRDA:172,20,1,0
BRDA:174,21,0,0
BRF:39
BRH:0
end_of_record
TN:
SF:lib/qr.ts
FN:25,generateQRToken
FN:43,verifyQRToken
FN:62,generateOrderingURL
FN:74,generateQRData
FNF:4
FNH:0
FNDA:0,generateQRToken
FNDA:0,verifyQRToken
FNDA:0,generateOrderingURL
FNDA:0,generateQRData
DA:1,0
DA:3,0
DA:25,0
DA:26,0
DA:28,0
DA:37,0
DA:43,0
DA:44,0
DA:45,0
DA:48,0
DA:49,0
DA:52,0
DA:54,0
DA:55,0
DA:62,0
DA:64,0
DA:68,0
DA:74,0
DA:75,0
DA:76,0
LF:20
LH:0
BRDA:3,0,0,0
BRDA:3,0,1,0
BRDA:48,1,0,0
BRDA:48,2,0,0
BRDA:48,2,1,0
BRDA:48,2,2,0
BRDA:64,3,0,0
BRDA:64,3,1,0
BRDA:66,4,0,0
BRDA:66,4,1,0
BRDA:68,5,0,0
BRDA:68,5,1,0
BRDA:75,6,0,0
BRDA:75,6,1,0
BRDA:76,7,0,0
BRDA:76,7,1,0
BRDA:76,8,0,0
BRDA:76,8,1,0
BRF:18
BRH:0
end_of_record
TN:
SF:lib/rate-limit-enhanced.ts
FN:25,(anonymous_8)
FN:27,(anonymous_9)
FN:92,(anonymous_10)
FN:98,(anonymous_11)
FN:104,(anonymous_12)
FN:141,(anonymous_13)
FN:148,getClientIdentifier
FN:162,enhancedRateLimit
FN:186,createEnhancedRateLimitResponse
FNF:9
FNH:0
FNDA:0,(anonymous_8)
FNDA:0,(anonymous_9)
FNDA:0,(anonymous_10)
FNDA:0,(anonymous_11)
FNDA:0,(anonymous_12)
FNDA:0,(anonymous_13)
FNDA:0,getClientIdentifier
FNDA:0,enhancedRateLimit
FNDA:0,createEnhancedRateLimitResponse
DA:1,0
DA:18,0
DA:25,0
DA:28,0
DA:29,0
DA:32,0
DA:33,0
DA:43,0
DA:44,0
DA:48,0
DA:49,0
DA:54,0
DA:63,0
DA:64,0
DA:65,0
DA:71,0
DA:81,0
DA:82,0
DA:84,0
DA:93,0
DA:94,0
DA:95,0
DA:99,0
DA:100,0
DA:105,0
DA:106,0
DA:107,0
DA:108,0
DA:109,0
DA:116,0
DA:122,0
DA:128,0
DA:134,0
DA:141,0
DA:142,0
DA:143,0
DA:144,0
DA:145,0
DA:148,0
DA:150,0
DA:151,0
DA:152,0
DA:155,0
DA:156,0
DA:159,0
DA:162,0
DA:166,0
DA:169,0
DA:171,0
DA:172,0
DA:174,0
DA:175,0
DA:177,0
DA:178,0
DA:180,0
DA:183,0
DA:186,0
DA:189,0
DA:190,0
DA:192,0
DA:204,0
DA:217,0
LF:62
LH:0
BRDA:32,0,0,0
BRDA:32,1,0,0
BRDA:32,1,1,0
BRDA:32,1,2,0
BRDA:43,2,0,0
BRDA:43,3,0,0
BRDA:43,3,1,0
BRDA:43,3,2,0
BRDA:48,4,0,0
BRDA:48,5,0,0
BRDA:48,5,1,0
BRDA:63,6,0,0
BRDA:64,7,0,0
BRDA:64,7,1,0
BRDA:94,8,0,0
BRDA:94,9,0,0
BRDA:94,9,1,0
BRDA:100,10,0,0
BRDA:100,10,1,0
BRDA:108,11,0,0
BRDA:108,12,0,0
BRDA:108,12,1,0
BRDA:108,12,2,0
BRDA:108,12,3,0
BRDA:152,13,0,0
BRDA:152,13,1,0
BRDA:152,14,0,0
BRDA:152,14,1,0
BRDA:155,15,0,0
BRDA:155,15,1,0
BRDA:156,16,0,0
BRDA:156,16,1,0
BRDA:164,17,0,0
BRDA:169,18,0,0
BRDA:169,18,1,0
BRDA:169,18,2,0
BRDA:169,18,3,0
BRDA:190,19,0,0
BRDA:190,19,1,0
BRDA:194,20,0,0
BRDA:194,20,1,0
BRDA:199,21,0,0
BRDA:199,21,1,0
BRDA:199,22,0,0
BRDA:199,22,1,0
BRF:45
BRH:0
end_of_record
TN:
SF:lib/secrets.ts
FN:62,(anonymous_5)
FN:77,(anonymous_6)
FN:90,(anonymous_7)
FN:103,(anonymous_8)
FN:112,(anonymous_9)
FN:132,(anonymous_11)
FN:143,getSecret
FN:149,getAllSecrets
FN:155,validateSecrets
FNF:9
FNH:0
FNDA:0,(anonymous_5)
FNDA:0,(anonymous_6)
FNDA:0,(anonymous_7)
FNDA:0,(anonymous_8)
FNDA:0,(anonymous_9)
FNDA:0,(anonymous_11)
FNDA:0,getSecret
FNDA:0,getAllSecrets
FNDA:0,validateSecrets
DA:10,0
DA:59,0
DA:60,0
DA:63,0
DA:65,0
DA:67,0
DA:69,0
DA:70,0
DA:72,0
DA:73,0
DA:78,0
DA:79,0
DA:80,0
DA:81,0
DA:82,0
DA:83,0
DA:84,0
DA:85,0
DA:91,0
DA:92,0
DA:95,0
DA:96,0
DA:97,0
DA:100,0
DA:104,0
DA:105,0
DA:108,0
DA:113,0
DA:115,0
DA:116,0
DA:117,0
DA:121,0
DA:129,0
DA:132,0
DA:133,0
DA:135,0
DA:136,0
DA:140,0
DA:143,0
DA:144,0
DA:145,0
DA:149,0
DA:150,0
DA:151,0
DA:155,0
DA:156,0
DA:157,0
LF:47
LH:0
BRDA:63,0,0,0
BRDA:80,1,0,0
BRDA:80,1,1,0
BRDA:82,2,0,0
BRDA:82,2,1,0
BRDA:84,3,0,0
BRDA:91,4,0,0
BRDA:96,5,0,0
BRDA:96,6,0,0
BRDA:96,6,1,0
BRDA:100,7,0,0
BRDA:100,7,1,0
BRDA:104,8,0,0
BRDA:116,9,0,0
BRDA:116,10,0,0
BRDA:116,10,1,0
BRDA:135,11,0,0
BRF:17
BRH:0
end_of_record
TN:
SF:lib/socket.ts
FN:82,initSocketIO
FN:88,(anonymous_6)
FN:92,(anonymous_7)
FN:97,(anonymous_8)
FN:103,(anonymous_9)
FN:108,(anonymous_10)
FN:114,(anonymous_11)
FN:123,(anonymous_12)
FN:128,(anonymous_13)
FN:133,(anonymous_14)
FN:145,(anonymous_15)
FN:150,(anonymous_16)
FN:155,(anonymous_17)
FN:160,(anonymous_18)
FN:166,(anonymous_19)
FN:171,(anonymous_20)
FN:176,(anonymous_21)
FN:181,(anonymous_22)
FN:186,(anonymous_23)
FN:192,(anonymous_24)
FN:197,(anonymous_25)
FN:201,(anonymous_26)
FN:207,useSocket
FN:211,(anonymous_28)
FN:219,(anonymous_29)
FN:224,(anonymous_30)
FN:231,(anonymous_31)
FNF:27
FNH:0
FNDA:0,initSocketIO
FNDA:0,(anonymous_6)
FNDA:0,(anonymous_7)
FNDA:0,(anonymous_8)
FNDA:0,(anonymous_9)
FNDA:0,(anonymous_10)
FNDA:0,(anonymous_11)
FNDA:0,(anonymous_12)
FNDA:0,(anonymous_13)
FNDA:0,(anonymous_14)
FNDA:0,(anonymous_15)
FNDA:0,(anonymous_16)
FNDA:0,(anonymous_17)
FNDA:0,(anonymous_18)
FNDA:0,(anonymous_19)
FNDA:0,(anonymous_20)
FNDA:0,(anonymous_21)
FNDA:0,(anonymous_22)
FNDA:0,(anonymous_23)
FNDA:0,(anonymous_24)
FNDA:0,(anonymous_25)
FNDA:0,(anonymous_26)
FNDA:0,useSocket
FNDA:0,(anonymous_28)
FNDA:0,(anonymous_29)
FNDA:0,(anonymous_30)
FNDA:0,(anonymous_31)
DA:3,0
DA:4,0
DA:70,0
DA:82,0
DA:83,0
DA:88,0
DA:89,0
DA:92,0
DA:93,0
DA:94,0
DA:97,0
DA:98,0
DA:99,0
DA:103,0
DA:104,0
DA:105,0
DA:108,0
DA:109,0
DA:110,0
DA:114,0
DA:116,0
DA:123,0
DA:124,0
DA:125,0
DA:128,0
DA:129,0
DA:130,0
DA:133,0
DA:134,0
DA:138,0
DA:142,0
DA:146,0
DA:151,0
DA:152,0
DA:156,0
DA:157,0
DA:161,0
DA:162,0
DA:167,0
DA:168,0
DA:172,0
DA:177,0
DA:178,0
DA:182,0
DA:183,0
DA:187,0
DA:188,0
DA:193,0
DA:198,0
DA:202,0
DA:207,0
DA:208,0
DA:209,0
DA:211,0
DA:212,0
DA:214,0
DA:215,0
DA:219,0
DA:220,0
DA:221,0
DA:224,0
DA:225,0
DA:226,0
DA:229,0
DA:231,0
DA:232,0
DA:236,0
LF:67
LH:0
BRDA:72,0,0,0
BRDA:72,0,1,0
BRDA:117,1,0,0
BRDA:117,1,1,0
BRDA:118,2,0,0
BRDA:118,2,1,0
BRDA:212,3,0,0
BRDA:215,4,0,0
BRDA:215,4,1,0
BRF:9
BRH:0
end_of_record
TN:
SF:lib/utils.ts
FN:4,cn
FN:8,formatPrice
FN:15,formatDate
FN:23,formatDateTime
FN:33,generateId
FN:37,debounce
FN:42,(anonymous_13)
FN:44,(anonymous_14)
FNF:8
FNH:0
FNDA:0,cn
FNDA:0,formatPrice
FNDA:0,formatDate
FNDA:0,formatDateTime
FNDA:0,generateId
FNDA:0,debounce
FNDA:0,(anonymous_13)
FNDA:0,(anonymous_14)
DA:1,0
DA:2,0
DA:4,0
DA:5,0
DA:8,0
DA:9,0
DA:15,0
DA:16,0
DA:23,0
DA:24,0
DA:33,0
DA:34,0
DA:37,0
DA:42,0
DA:43,0
DA:44,0
LF:16
LH:0
BRDA:8,0,0,0
BRF:1
BRH:0
end_of_record
