TN:
SF:app/layout.tsx
FN:100,RootLayout
FNF:1
FNH:0
FNDA:0,RootLayout
DA:2,0
DA:3,0
DA:4,0
DA:5,0
DA:6,0
DA:7,0
DA:8,0
DA:11,0
DA:13,0
DA:15,0
DA:91,0
DA:100,0
LF:12
LH:0
BRF:0
BRH:0
end_of_record
TN:
SF:app/page.tsx
FN:13,HomePage
FN:104,(anonymous_5)
FN:151,(anonymous_6)
FNF:3
FNH:0
FNDA:0,HomePage
FNDA:0,(anonymous_5)
FNDA:0,(anonymous_6)
DA:1,0
DA:2,0
DA:3,0
DA:4,0
DA:5,0
DA:6,0
DA:7,0
DA:8,0
DA:11,0
DA:13,0
DA:105,0
DA:152,0
DA:182,0
DA:212,0
LF:14
LH:0
BRF:0
BRH:0
end_of_record
TN:
SF:app/admin/layout.tsx
FN:57,AdminLayout
FN:67,(anonymous_3)
FN:77,(anonymous_4)
FN:86,(anonymous_5)
FN:96,(anonymous_6)
FN:102,(anonymous_7)
FN:114,(anonymous_8)
FN:149,(anonymous_9)
FN:156,(anonymous_10)
FN:201,(anonymous_11)
FNF:10
FNH:0
FNDA:0,AdminLayout
FNDA:0,(anonymous_3)
FNDA:0,(anonymous_4)
FNDA:0,(anonymous_5)
FNDA:0,(anonymous_6)
FNDA:0,(anonymous_7)
FNDA:0,(anonymous_8)
FNDA:0,(anonymous_9)
FNDA:0,(anonymous_10)
FNDA:0,(anonymous_11)
DA:3,0
DA:4,0
DA:5,0
DA:6,0
DA:29,0
DA:30,0
DA:31,0
DA:32,0
DA:33,0
DA:35,0
DA:57,0
DA:62,0
DA:63,0
DA:64,0
DA:65,0
DA:67,0
DA:68,0
DA:69,0
DA:70,0
DA:72,0
DA:77,0
DA:78,0
DA:86,0
DA:96,0
DA:103,0
DA:104,0
DA:114,0
DA:149,0
DA:157,0
DA:158,0
DA:201,0
LF:31
LH:0
BRDA:78,0,0,0
BRDA:78,0,1,0
BRDA:85,1,0,0
BRDA:85,1,1,0
BRDA:110,2,0,0
BRDA:110,2,1,0
BRDA:138,3,0,0
BRDA:138,3,1,0
BRDA:144,4,0,0
BRDA:152,5,0,0
BRDA:164,6,0,0
BRDA:164,6,1,0
BRDA:168,7,0,0
BRDA:168,7,1,0
BRDA:170,8,0,0
BRDA:170,8,1,0
BRDA:171,9,0,0
BRDA:171,9,1,0
BRDA:181,10,0,0
BRDA:181,10,1,0
BRDA:184,11,0,0
BRDA:184,11,1,0
BRDA:186,12,0,0
BRDA:186,12,1,0
BRDA:187,13,0,0
BRDA:187,13,1,0
BRDA:194,14,0,0
BRDA:194,14,1,0
BRDA:213,15,0,0
BRDA:213,15,1,0
BRDA:217,16,0,0
BRDA:217,16,1,0
BRF:32
BRH:0
end_of_record
TN:
SF:app/admin/page.tsx
FN:25,AdminDashboard
FN:39,(anonymous_4)
FN:159,(anonymous_5)
FNF:3
FNH:0
FNDA:0,AdminDashboard
FNDA:0,(anonymous_4)
FNDA:0,(anonymous_5)
DA:4,0
DA:6,0
DA:19,0
DA:20,0
DA:21,0
DA:22,0
DA:23,0
DA:25,0
DA:26,0
DA:39,0
DA:160,0
DA:268,0
DA:278,0
DA:285,0
LF:14
LH:0
BRDA:173,0,0,0
BRDA:173,0,1,0
BRF:2
BRH:0
end_of_record
TN:
SF:app/admin/analytics/page.tsx
FN:85,AnalyticsPage
FN:92,(anonymous_3)
FN:96,(anonymous_4)
FN:115,(anonymous_5)
FN:158,(anonymous_6)
FN:158,(anonymous_7)
FN:186,(anonymous_8)
FN:194,(anonymous_9)
FN:194,(anonymous_10)
FN:199,(anonymous_11)
FN:203,(anonymous_12)
FN:279,(anonymous_13)
FN:283,(anonymous_14)
FN:284,(anonymous_15)
FN:311,(anonymous_16)
FN:316,(anonymous_17)
FN:320,(anonymous_18)
FN:345,(anonymous_19)
FN:390,(anonymous_20)
FNF:19
FNH:0
FNDA:0,AnalyticsPage
FNDA:0,(anonymous_3)
FNDA:0,(anonymous_4)
FNDA:0,(anonymous_5)
FNDA:0,(anonymous_6)
FNDA:0,(anonymous_7)
FNDA:0,(anonymous_8)
FNDA:0,(anonymous_9)
FNDA:0,(anonymous_10)
FNDA:0,(anonymous_11)
FNDA:0,(anonymous_12)
FNDA:0,(anonymous_13)
FNDA:0,(anonymous_14)
FNDA:0,(anonymous_15)
FNDA:0,(anonymous_16)
FNDA:0,(anonymous_17)
FNDA:0,(anonymous_18)
FNDA:0,(anonymous_19)
FNDA:0,(anonymous_20)
DA:3,0
DA:4,0
DA:15,0
DA:16,0
DA:17,0
DA:18,0
DA:32,0
DA:33,0
DA:34,0
DA:85,0
DA:86,0
DA:87,0
DA:88,0
DA:89,0
DA:90,0
DA:92,0
DA:93,0
DA:96,0
DA:97,0
DA:98,0
DA:99,0
DA:101,0
DA:102,0
DA:103,0
DA:105,0
DA:108,0
DA:109,0
DA:111,0
DA:115,0
DA:116,0
DA:117,0
DA:119,0
DA:120,0
DA:121,0
DA:122,0
DA:123,0
DA:124,0
DA:125,0
DA:126,0
DA:127,0
DA:128,0
DA:129,0
DA:131,0
DA:134,0
DA:135,0
DA:139,0
DA:141,0
DA:149,0
DA:158,0
DA:186,0
DA:194,0
DA:199,0
DA:203,0
DA:279,0
DA:283,0
DA:284,0
DA:311,0
DA:317,0
DA:320,0
DA:346,0
DA:390,0
LF:61
LH:0
BRDA:101,0,0,0
BRDA:101,0,1,0
BRDA:119,1,0,0
BRDA:119,1,1,0
BRDA:124,2,0,0
BRDA:124,2,1,0
BRDA:141,3,0,0
BRDA:149,4,0,0
BRDA:235,5,0,0
BRDA:235,5,1,0
BRDA:391,6,0,0
BRDA:391,6,1,0
BRF:12
BRH:0
end_of_record
TN:
SF:app/admin/bookings/page.tsx
FN:34,BookingsPage
FN:44,(anonymous_3)
FN:48,(anonymous_4)
FN:64,(anonymous_5)
FN:86,(anonymous_6)
FN:106,(anonymous_7)
FN:117,(anonymous_8)
FN:127,(anonymous_9)
FN:143,(anonymous_10)
FN:176,(anonymous_11)
FN:185,(anonymous_12)
FN:200,(anonymous_13)
FN:213,(anonymous_14)
FN:230,(anonymous_15)
FN:302,(anonymous_16)
FN:311,(anonymous_17)
FN:320,(anonymous_18)
FN:329,(anonymous_19)
FN:338,(anonymous_20)
FN:348,(anonymous_21)
FN:376,(anonymous_22)
FNF:21
FNH:0
FNDA:0,BookingsPage
FNDA:0,(anonymous_3)
FNDA:0,(anonymous_4)
FNDA:0,(anonymous_5)
FNDA:0,(anonymous_6)
FNDA:0,(anonymous_7)
FNDA:0,(anonymous_8)
FNDA:0,(anonymous_9)
FNDA:0,(anonymous_10)
FNDA:0,(anonymous_11)
FNDA:0,(anonymous_12)
FNDA:0,(anonymous_13)
FNDA:0,(anonymous_14)
FNDA:0,(anonymous_15)
FNDA:0,(anonymous_16)
FNDA:0,(anonymous_17)
FNDA:0,(anonymous_18)
FNDA:0,(anonymous_19)
FNDA:0,(anonymous_20)
FNDA:0,(anonymous_21)
FNDA:0,(anonymous_22)
DA:3,0
DA:4,0
DA:5,0
DA:6,0
DA:7,0
DA:8,0
DA:9,0
DA:10,0
DA:34,0
DA:35,0
DA:36,0
DA:37,0
DA:38,0
DA:39,0
DA:40,0
DA:42,0
DA:44,0
DA:45,0
DA:48,0
DA:49,0
DA:50,0
DA:51,0
DA:52,0
DA:53,0
DA:55,0
DA:58,0
DA:60,0
DA:64,0
DA:65,0
DA:66,0
DA:74,0
DA:75,0
DA:76,0
DA:78,0
DA:79,0
DA:82,0
DA:86,0
DA:87,0
DA:89,0
DA:90,0
DA:94,0
DA:95,0
DA:96,0
DA:98,0
DA:99,0
DA:102,0
DA:106,0
DA:107,0
DA:108,0
DA:109,0
DA:110,0
DA:111,0
DA:112,0
DA:113,0
DA:117,0
DA:118,0
DA:119,0
DA:120,0
DA:121,0
DA:122,0
DA:123,0
DA:127,0
DA:128,0
DA:131,0
DA:132,0
DA:133,0
DA:136,0
DA:144,0
DA:176,0
DA:185,0
DA:200,0
DA:214,0
DA:215,0
DA:216,0
DA:231,0
DA:302,0
DA:311,0
DA:320,0
DA:329,0
DA:338,0
DA:348,0
DA:376,0
LF:82
LH:0
BRDA:51,0,0,0
BRDA:51,0,1,0
BRDA:74,1,0,0
BRDA:74,1,1,0
BRDA:79,2,0,0
BRDA:79,2,1,0
BRDA:87,3,0,0
BRDA:94,4,0,0
BRDA:94,4,1,0
BRDA:99,5,0,0
BRDA:99,5,1,0
BRDA:107,6,0,0
BRDA:107,6,1,0
BRDA:107,6,2,0
BRDA:107,6,3,0
BRDA:107,6,4,0
BRDA:107,6,5,0
BRDA:118,7,0,0
BRDA:118,7,1,0
BRDA:118,7,2,0
BRDA:118,7,3,0
BRDA:118,7,4,0
BRDA:128,8,0,0
BRDA:128,8,1,0
BRDA:128,8,2,0
BRDA:131,9,0,0
BRDA:131,9,1,0
BRDA:132,10,0,0
BRDA:132,10,1,0
BRDA:133,11,0,0
BRDA:133,11,1,0
BRDA:133,11,2,0
BRDA:136,12,0,0
BRDA:276,13,0,0
BRDA:276,13,1,0
BRDA:307,14,0,0
BRDA:316,15,0,0
BRDA:325,16,0,0
BRDA:334,17,0,0
BRDA:344,18,0,0
BRDA:361,19,0,0
BRDA:368,20,0,0
BRDA:418,21,0,0
BRF:43
BRH:0
end_of_record
TN:
SF:app/admin/calendar/page.tsx
FN:36,CalendarPage
FN:45,(anonymous_3)
FN:49,(anonymous_4)
FN:73,(anonymous_5)
FN:79,(anonymous_6)
FN:80,(anonymous_7)
FN:89,(anonymous_8)
FN:92,(anonymous_9)
FN:105,(anonymous_10)
FN:115,(anonymous_11)
FN:125,(anonymous_12)
FN:135,(anonymous_13)
FN:139,(anonymous_14)
FN:143,(anonymous_15)
FN:146,(anonymous_16)
FN:153,(anonymous_17)
FN:156,(anonymous_18)
FN:186,(anonymous_19)
FN:198,(anonymous_20)
FN:220,(anonymous_21)
FN:229,(anonymous_22)
FN:235,(anonymous_23)
FN:243,(anonymous_24)
FN:298,(anonymous_25)
FN:331,(anonymous_26)
FN:337,(anonymous_27)
FN:343,(anonymous_28)
FNF:27
FNH:0
FNDA:0,CalendarPage
FNDA:0,(anonymous_3)
FNDA:0,(anonymous_4)
FNDA:0,(anonymous_5)
FNDA:0,(anonymous_6)
FNDA:0,(anonymous_7)
FNDA:0,(anonymous_8)
FNDA:0,(anonymous_9)
FNDA:0,(anonymous_10)
FNDA:0,(anonymous_11)
FNDA:0,(anonymous_12)
FNDA:0,(anonymous_13)
FNDA:0,(anonymous_14)
FNDA:0,(anonymous_15)
FNDA:0,(anonymous_16)
FNDA:0,(anonymous_17)
FNDA:0,(anonymous_18)
FNDA:0,(anonymous_19)
FNDA:0,(anonymous_20)
FNDA:0,(anonymous_21)
FNDA:0,(anonymous_22)
FNDA:0,(anonymous_23)
FNDA:0,(anonymous_24)
FNDA:0,(anonymous_25)
FNDA:0,(anonymous_26)
FNDA:0,(anonymous_27)
FNDA:0,(anonymous_28)
DA:3,0
DA:4,0
DA:5,0
DA:6,0
DA:7,0
DA:8,0
DA:9,0
DA:10,0
DA:36,0
DA:37,0
DA:38,0
DA:39,0
DA:40,0
DA:41,0
DA:42,0
DA:43,0
DA:45,0
DA:46,0
DA:49,0
DA:50,0
DA:51,0
DA:56,0
DA:57,0
DA:58,0
DA:61,0
DA:62,0
DA:63,0
DA:66,0
DA:67,0
DA:69,0
DA:73,0
DA:74,0
DA:75,0
DA:76,0
DA:79,0
DA:80,0
DA:81,0
DA:82,0
DA:83,0
DA:89,0
DA:90,0
DA:92,0
DA:93,0
DA:96,0
DA:97,0
DA:98,0
DA:99,0
DA:102,0
DA:105,0
DA:106,0
DA:107,0
DA:108,0
DA:109,0
DA:110,0
DA:111,0
DA:115,0
DA:116,0
DA:125,0
DA:126,0
DA:127,0
DA:128,0
DA:129,0
DA:130,0
DA:131,0
DA:135,0
DA:136,0
DA:139,0
DA:140,0
DA:143,0
DA:144,0
DA:146,0
DA:147,0
DA:148,0
DA:149,0
DA:153,0
DA:154,0
DA:156,0
DA:159,0
DA:186,0
DA:198,0
DA:221,0
DA:230,0
DA:236,0
DA:237,0
DA:239,0
DA:243,0
DA:299,0
DA:331,0
DA:337,0
DA:343,0
LF:90
LH:0
BRDA:56,0,0,0
BRDA:61,1,0,0
BRDA:83,2,0,0
BRDA:83,2,1,0
BRDA:83,2,2,0
BRDA:90,3,0,0
BRDA:96,4,0,0
BRDA:97,5,0,0
BRDA:98,6,0,0
BRDA:106,7,0,0
BRDA:106,7,1,0
BRDA:106,7,2,0
BRDA:106,7,3,0
BRDA:106,7,4,0
BRDA:126,8,0,0
BRDA:126,8,1,0
BRDA:126,8,2,0
BRDA:126,8,3,0
BRDA:126,8,4,0
BRDA:144,9,0,0
BRDA:149,10,0,0
BRDA:149,10,1,0
BRDA:154,11,0,0
BRDA:159,12,0,0
BRDA:289,13,0,0
BRDA:309,14,0,0
BRF:26
BRH:0
end_of_record
TN:
SF:app/admin/dashboard/checkin-checkout/page.tsx
FN:38,CheckInCheckOutPage
FN:45,(anonymous_3)
FN:49,(anonymous_4)
FN:71,(anonymous_5)
FN:98,(anonymous_6)
FN:99,(anonymous_7)
FN:107,(anonymous_8)
FN:108,(anonymous_9)
FN:116,(anonymous_10)
FN:117,(anonymous_11)
FN:120,(anonymous_12)
FN:127,(anonymous_13)
FN:143,(anonymous_14)
FN:185,(anonymous_15)
FN:202,(anonymous_16)
FN:229,(anonymous_17)
FN:278,(anonymous_18)
FN:317,(anonymous_19)
FN:361,(anonymous_20)
FN:400,(anonymous_21)
FN:448,(anonymous_22)
FNF:21
FNH:0
FNDA:0,CheckInCheckOutPage
FNDA:0,(anonymous_3)
FNDA:0,(anonymous_4)
FNDA:0,(anonymous_5)
FNDA:0,(anonymous_6)
FNDA:0,(anonymous_7)
FNDA:0,(anonymous_8)
FNDA:0,(anonymous_9)
FNDA:0,(anonymous_10)
FNDA:0,(anonymous_11)
FNDA:0,(anonymous_12)
FNDA:0,(anonymous_13)
FNDA:0,(anonymous_14)
FNDA:0,(anonymous_15)
FNDA:0,(anonymous_16)
FNDA:0,(anonymous_17)
FNDA:0,(anonymous_18)
FNDA:0,(anonymous_19)
FNDA:0,(anonymous_20)
FNDA:0,(anonymous_21)
FNDA:0,(anonymous_22)
DA:3,0
DA:4,0
DA:5,0
DA:6,0
DA:7,0
DA:8,0
DA:9,0
DA:10,0
DA:38,0
DA:39,0
DA:40,0
DA:41,0
DA:42,0
DA:43,0
DA:45,0
DA:46,0
DA:49,0
DA:50,0
DA:51,0
DA:52,0
DA:53,0
DA:55,0
DA:57,0
DA:58,0
DA:59,0
DA:61,0
DA:64,0
DA:65,0
DA:67,0
DA:71,0
DA:72,0
DA:73,0
DA:75,0
DA:83,0
DA:84,0
DA:85,0
DA:87,0
DA:88,0
DA:91,0
DA:92,0
DA:94,0
DA:98,0
DA:99,0
DA:100,0
DA:101,0
DA:102,0
DA:103,0
DA:107,0
DA:108,0
DA:109,0
DA:110,0
DA:111,0
DA:112,0
DA:116,0
DA:117,0
DA:120,0
DA:121,0
DA:122,0
DA:123,0
DA:124,0
DA:127,0
DA:128,0
DA:143,0
DA:144,0
DA:158,0
DA:185,0
DA:202,0
DA:230,0
DA:278,0
DA:318,0
DA:361,0
DA:401,0
DA:448,0
LF:73
LH:0
BRDA:57,0,0,0
BRDA:57,0,1,0
BRDA:83,1,0,0
BRDA:83,1,1,0
BRDA:88,2,0,0
BRDA:88,2,1,0
BRDA:103,3,0,0
BRDA:103,3,1,0
BRDA:112,4,0,0
BRDA:112,4,1,0
BRDA:121,5,0,0
BRDA:122,6,0,0
BRDA:123,7,0,0
BRDA:137,8,0,0
BRDA:137,8,1,0
BRDA:152,9,0,0
BRDA:152,9,1,0
BRDA:158,10,0,0
BRDA:223,11,0,0
BRDA:246,12,0,0
BRDA:246,12,1,0
BRDA:252,13,0,0
BRDA:260,14,0,0
BRDA:266,15,0,0
BRDA:283,16,0,0
BRDA:311,17,0,0
BRDA:334,18,0,0
BRDA:334,18,1,0
BRDA:340,19,0,0
BRDA:348,20,0,0
BRDA:366,21,0,0
BRDA:394,22,0,0
BRDA:417,23,0,0
BRDA:417,23,1,0
BRDA:423,24,0,0
BRDA:435,25,0,0
BRDA:453,26,0,0
BRF:37
BRH:0
end_of_record
TN:
SF:app/admin/hotels/page.tsx
FN:28,HotelsPage
FN:46,(anonymous_3)
FN:50,(anonymous_4)
FN:111,(anonymous_5)
FN:130,(anonymous_6)
FN:142,(anonymous_7)
FN:155,(anonymous_8)
FN:177,(anonymous_9)
FN:196,(anonymous_10)
FN:221,(anonymous_11)
FN:232,(anonymous_12)
FN:243,(anonymous_13)
FN:252,(anonymous_14)
FN:313,(anonymous_15)
FN:322,(anonymous_16)
FN:347,(anonymous_17)
FN:357,(anonymous_18)
FN:370,(anonymous_19)
FN:380,(anonymous_20)
FN:391,(anonymous_21)
FN:403,(anonymous_22)
FN:413,(anonymous_23)
FN:424,(anonymous_24)
FN:437,(anonymous_25)
FNF:24
FNH:0
FNDA:0,HotelsPage
FNDA:0,(anonymous_3)
FNDA:0,(anonymous_4)
FNDA:0,(anonymous_5)
FNDA:0,(anonymous_6)
FNDA:0,(anonymous_7)
FNDA:0,(anonymous_8)
FNDA:0,(anonymous_9)
FNDA:0,(anonymous_10)
FNDA:0,(anonymous_11)
FNDA:0,(anonymous_12)
FNDA:0,(anonymous_13)
FNDA:0,(anonymous_14)
FNDA:0,(anonymous_15)
FNDA:0,(anonymous_16)
FNDA:0,(anonymous_17)
FNDA:0,(anonymous_18)
FNDA:0,(anonymous_19)
FNDA:0,(anonymous_20)
FNDA:0,(anonymous_21)
FNDA:0,(anonymous_22)
FNDA:0,(anonymous_23)
FNDA:0,(anonymous_24)
FNDA:0,(anonymous_25)
DA:3,0
DA:4,0
DA:5,0
DA:6,0
DA:7,0
DA:8,0
DA:9,0
DA:28,0
DA:29,0
DA:30,0
DA:31,0
DA:32,0
DA:33,0
DA:44,0
DA:46,0
DA:47,0
DA:50,0
DA:51,0
DA:53,0
DA:103,0
DA:105,0
DA:107,0
DA:111,0
DA:112,0
DA:114,0
DA:116,0
DA:117,0
DA:119,0
DA:121,0
DA:122,0
DA:123,0
DA:124,0
DA:126,0
DA:130,0
DA:131,0
DA:133,0
DA:135,0
DA:136,0
DA:138,0
DA:142,0
DA:143,0
DA:155,0
DA:156,0
DA:157,0
DA:167,0
DA:170,0
DA:178,0
DA:196,0
DA:221,0
DA:232,0
DA:243,0
DA:253,0
DA:313,0
DA:322,0
DA:347,0
DA:357,0
DA:370,0
DA:380,0
DA:391,0
DA:403,0
DA:413,0
DA:424,0
DA:438,0
DA:439,0
DA:440,0
LF:65
LH:0
BRDA:116,0,0,0
BRDA:116,0,1,0
BRDA:131,1,0,0
BRDA:164,2,0,0
BRDA:164,2,1,0
BRDA:165,3,0,0
BRDA:165,3,1,0
BRDA:170,4,0,0
BRDA:265,5,0,0
BRDA:265,5,1,0
BRDA:266,6,0,0
BRDA:266,6,1,0
BRDA:302,7,0,0
BRDA:334,8,0,0
BRDA:338,9,0,0
BRDA:338,9,1,0
BRDA:432,10,0,0
BRDA:432,10,1,0
BRF:18
BRH:0
end_of_record
TN:
SF:app/admin/menu/page.tsx
FN:16,MenuManagementPage
FN:35,(anonymous_2)
FN:39,(anonymous_3)
FN:63,(anonymous_4)
FN:76,(anonymous_5)
FN:81,(anonymous_6)
FN:95,(anonymous_7)
FN:137,(anonymous_8)
FN:160,(anonymous_9)
FN:206,(anonymous_10)
FN:211,(anonymous_11)
FN:217,(anonymous_12)
FN:236,(anonymous_13)
FN:248,(anonymous_14)
FN:281,(anonymous_15)
FN:288,(anonymous_16)
FN:295,(anonymous_17)
FN:322,(anonymous_18)
FN:332,(anonymous_19)
FN:346,(anonymous_20)
FN:353,(anonymous_21)
FN:358,(anonymous_22)
FN:376,(anonymous_23)
FN:386,(anonymous_24)
FN:396,(anonymous_25)
FN:406,(anonymous_26)
FNF:26
FNH:0
FNDA:0,MenuManagementPage
FNDA:0,(anonymous_2)
FNDA:0,(anonymous_3)
FNDA:0,(anonymous_4)
FNDA:0,(anonymous_5)
FNDA:0,(anonymous_6)
FNDA:0,(anonymous_7)
FNDA:0,(anonymous_8)
FNDA:0,(anonymous_9)
FNDA:0,(anonymous_10)
FNDA:0,(anonymous_11)
FNDA:0,(anonymous_12)
FNDA:0,(anonymous_13)
FNDA:0,(anonymous_14)
FNDA:0,(anonymous_15)
FNDA:0,(anonymous_16)
FNDA:0,(anonymous_17)
FNDA:0,(anonymous_18)
FNDA:0,(anonymous_19)
FNDA:0,(anonymous_20)
FNDA:0,(anonymous_21)
FNDA:0,(anonymous_22)
FNDA:0,(anonymous_23)
FNDA:0,(anonymous_24)
FNDA:0,(anonymous_25)
FNDA:0,(anonymous_26)
DA:3,0
DA:5,0
DA:6,0
DA:7,0
DA:8,0
DA:9,0
DA:10,0
DA:11,0
DA:12,0
DA:13,0
DA:14,0
DA:16,0
DA:17,0
DA:18,0
DA:19,0
DA:20,0
DA:21,0
DA:22,0
DA:23,0
DA:33,0
DA:35,0
DA:36,0
DA:39,0
DA:40,0
DA:41,0
DA:42,0
DA:43,0
DA:44,0
DA:46,0
DA:47,0
DA:50,0
DA:51,0
DA:52,0
DA:53,0
DA:56,0
DA:57,0
DA:59,0
DA:63,0
DA:64,0
DA:73,0
DA:76,0
DA:77,0
DA:78,0
DA:81,0
DA:82,0
DA:83,0
DA:92,0
DA:95,0
DA:96,0
DA:98,0
DA:99,0
DA:100,0
DA:103,0
DA:104,0
DA:108,0
DA:110,0
DA:122,0
DA:123,0
DA:124,0
DA:125,0
DA:126,0
DA:128,0
DA:129,0
DA:132,0
DA:133,0
DA:137,0
DA:138,0
DA:139,0
DA:142,0
DA:143,0
DA:147,0
DA:148,0
DA:149,0
DA:151,0
DA:152,0
DA:155,0
DA:156,0
DA:160,0
DA:161,0
DA:162,0
DA:172,0
DA:173,0
DA:174,0
DA:176,0
DA:177,0
DA:180,0
DA:181,0
DA:206,0
DA:211,0
DA:218,0
DA:237,0
DA:249,0
DA:281,0
DA:288,0
DA:295,0
DA:322,0
DA:332,0
DA:346,0
DA:353,0
DA:359,0
DA:376,0
DA:386,0
DA:396,0
DA:406,0
LF:104
LH:0
BRDA:43,0,0,0
BRDA:46,1,0,0
BRDA:51,2,0,0
BRDA:85,3,0,0
BRDA:85,3,1,0
BRDA:88,4,0,0
BRDA:88,4,1,0
BRDA:89,5,0,0
BRDA:89,5,1,0
BRDA:98,6,0,0
BRDA:98,7,0,0
BRDA:98,7,1,0
BRDA:98,7,2,0
BRDA:104,8,0,0
BRDA:104,8,1,0
BRDA:108,9,0,0
BRDA:108,9,1,0
BRDA:118,10,0,0
BRDA:118,10,1,0
BRDA:122,11,0,0
BRDA:122,11,1,0
BRDA:123,12,0,0
BRDA:123,12,1,0
BRDA:129,13,0,0
BRDA:129,13,1,0
BRDA:138,14,0,0
BRDA:147,15,0,0
BRDA:147,15,1,0
BRDA:152,16,0,0
BRDA:152,16,1,0
BRDA:172,17,0,0
BRDA:172,17,1,0
BRDA:173,18,0,0
BRDA:173,18,1,0
BRDA:177,19,0,0
BRDA:177,19,1,0
BRDA:235,20,0,0
BRDA:251,21,0,0
BRDA:259,22,0,0
BRDA:259,22,1,0
BRDA:260,23,0,0
BRDA:260,23,1,0
BRDA:264,24,0,0
BRDA:270,25,0,0
BRDA:283,26,0,0
BRDA:283,26,1,0
BRDA:312,27,0,0
BRDA:312,27,1,0
BRDA:411,28,0,0
BRDA:411,28,1,0
BRF:50
BRH:0
end_of_record
TN:
SF:app/admin/orders/page.tsx
FN:12,OrdersManagementPage
FN:18,(anonymous_2)
FN:22,(anonymous_3)
FN:43,(anonymous_4)
FN:58,(anonymous_5)
FN:69,(anonymous_6)
FN:88,(anonymous_7)
FN:95,(anonymous_8)
FN:102,(anonymous_9)
FN:112,(anonymous_10)
FN:121,(anonymous_11)
FN:130,(anonymous_12)
FN:140,(anonymous_13)
FN:143,(anonymous_14)
FN:144,(anonymous_15)
FN:145,(anonymous_16)
FN:146,(anonymous_17)
FN:147,(anonymous_18)
FN:162,(anonymous_19)
FN:162,(anonymous_20)
FN:212,(anonymous_21)
FN:233,(anonymous_22)
FN:251,(anonymous_23)
FN:287,(anonymous_24)
FNF:24
FNH:0
FNDA:0,OrdersManagementPage
FNDA:0,(anonymous_2)
FNDA:0,(anonymous_3)
FNDA:0,(anonymous_4)
FNDA:0,(anonymous_5)
FNDA:0,(anonymous_6)
FNDA:0,(anonymous_7)
FNDA:0,(anonymous_8)
FNDA:0,(anonymous_9)
FNDA:0,(anonymous_10)
FNDA:0,(anonymous_11)
FNDA:0,(anonymous_12)
FNDA:0,(anonymous_13)
FNDA:0,(anonymous_14)
FNDA:0,(anonymous_15)
FNDA:0,(anonymous_16)
FNDA:0,(anonymous_17)
FNDA:0,(anonymous_18)
FNDA:0,(anonymous_19)
FNDA:0,(anonymous_20)
FNDA:0,(anonymous_21)
FNDA:0,(anonymous_22)
FNDA:0,(anonymous_23)
FNDA:0,(anonymous_24)
DA:3,0
DA:5,0
DA:6,0
DA:7,0
DA:8,0
DA:9,0
DA:10,0
DA:12,0
DA:13,0
DA:14,0
DA:15,0
DA:16,0
DA:18,0
DA:19,0
DA:22,0
DA:23,0
DA:24,0
DA:25,0
DA:26,0
DA:27,0
DA:30,0
DA:31,0
DA:32,0
DA:33,0
DA:36,0
DA:37,0
DA:39,0
DA:43,0
DA:44,0
DA:45,0
DA:56,0
DA:57,0
DA:58,0
DA:60,0
DA:61,0
DA:64,0
DA:65,0
DA:69,0
DA:70,0
DA:72,0
DA:74,0
DA:76,0
DA:78,0
DA:80,0
DA:82,0
DA:84,0
DA:88,0
DA:89,0
DA:95,0
DA:102,0
DA:112,0
DA:121,0
DA:130,0
DA:136,0
DA:140,0
DA:141,0
DA:143,0
DA:144,0
DA:145,0
DA:146,0
DA:147,0
DA:150,0
DA:153,0
DA:162,0
DA:212,0
DA:234,0
DA:252,0
DA:288,0
LF:68
LH:0
BRDA:26,0,0,0
BRDA:31,1,0,0
BRDA:56,2,0,0
BRDA:56,2,1,0
BRDA:61,3,0,0
BRDA:61,3,1,0
BRDA:70,4,0,0
BRDA:70,4,1,0
BRDA:70,4,2,0
BRDA:70,4,3,0
BRDA:70,4,4,0
BRDA:70,4,5,0
BRDA:70,4,6,0
BRDA:89,5,0,0
BRDA:232,6,0,0
BRDA:244,7,0,0
BRDA:244,7,1,0
BRDA:291,8,0,0
BRDA:302,9,0,0
BRF:19
BRH:0
end_of_record
TN:
SF:app/admin/qr-codes/page.tsx
FN:35,QRCodesPage
FN:46,(anonymous_3)
FN:50,(anonymous_4)
FN:129,(anonymous_5)
FN:140,(anonymous_6)
FN:149,(anonymous_7)
FN:161,(anonymous_8)
FN:170,(anonymous_9)
FN:179,(anonymous_10)
FN:195,(anonymous_11)
FN:214,(anonymous_12)
FN:232,(anonymous_13)
FN:241,(anonymous_14)
FN:254,(anonymous_15)
FN:266,(anonymous_16)
FN:283,(anonymous_17)
FN:334,(anonymous_18)
FN:343,(anonymous_19)
FN:352,(anonymous_20)
FN:407,(anonymous_21)
FN:426,(anonymous_22)
FNF:21
FNH:0
FNDA:0,QRCodesPage
FNDA:0,(anonymous_3)
FNDA:0,(anonymous_4)
FNDA:0,(anonymous_5)
FNDA:0,(anonymous_6)
FNDA:0,(anonymous_7)
FNDA:0,(anonymous_8)
FNDA:0,(anonymous_9)
FNDA:0,(anonymous_10)
FNDA:0,(anonymous_11)
FNDA:0,(anonymous_12)
FNDA:0,(anonymous_13)
FNDA:0,(anonymous_14)
FNDA:0,(anonymous_15)
FNDA:0,(anonymous_16)
FNDA:0,(anonymous_17)
FNDA:0,(anonymous_18)
FNDA:0,(anonymous_19)
FNDA:0,(anonymous_20)
FNDA:0,(anonymous_21)
FNDA:0,(anonymous_22)
DA:3,0
DA:4,0
DA:5,0
DA:6,0
DA:7,0
DA:8,0
DA:9,0
DA:10,0
DA:35,0
DA:36,0
DA:37,0
DA:38,0
DA:39,0
DA:40,0
DA:41,0
DA:42,0
DA:44,0
DA:46,0
DA:47,0
DA:50,0
DA:51,0
DA:53,0
DA:121,0
DA:123,0
DA:125,0
DA:129,0
DA:130,0
DA:132,0
DA:133,0
DA:134,0
DA:136,0
DA:140,0
DA:141,0
DA:143,0
DA:145,0
DA:149,0
DA:150,0
DA:152,0
DA:154,0
DA:155,0
DA:157,0
DA:161,0
DA:162,0
DA:163,0
DA:164,0
DA:165,0
DA:166,0
DA:170,0
DA:171,0
DA:172,0
DA:173,0
DA:174,0
DA:175,0
DA:179,0
DA:180,0
DA:183,0
DA:184,0
DA:185,0
DA:188,0
DA:196,0
DA:214,0
DA:232,0
DA:241,0
DA:254,0
DA:267,0
DA:268,0
DA:269,0
DA:284,0
DA:334,0
DA:343,0
DA:352,0
DA:407,0
DA:426,0
LF:73
LH:0
BRDA:150,0,0,0
BRDA:162,1,0,0
BRDA:162,1,1,0
BRDA:162,1,2,0
BRDA:162,1,3,0
BRDA:171,2,0,0
BRDA:171,2,1,0
BRDA:171,2,2,0
BRDA:171,2,3,0
BRDA:180,3,0,0
BRDA:180,3,1,0
BRDA:180,3,2,0
BRDA:183,4,0,0
BRDA:183,4,1,0
BRDA:184,5,0,0
BRDA:184,5,1,0
BRDA:185,6,0,0
BRDA:185,6,1,0
BRDA:185,6,2,0
BRDA:188,7,0,0
BRDA:363,8,0,0
BRDA:371,9,0,0
BRDA:418,10,0,0
BRF:23
BRH:0
end_of_record
TN:
SF:app/admin/qr-generator/page.tsx
FN:12,QRGeneratorPage
FN:18,(anonymous_2)
FN:39,(anonymous_3)
FN:53,(anonymous_4)
FN:81,(anonymous_5)
FN:90,(anonymous_6)
FN:101,(anonymous_7)
FNF:7
FNH:0
FNDA:0,QRGeneratorPage
FNDA:0,(anonymous_2)
FNDA:0,(anonymous_3)
FNDA:0,(anonymous_4)
FNDA:0,(anonymous_5)
FNDA:0,(anonymous_6)
FNDA:0,(anonymous_7)
DA:3,0
DA:4,0
DA:5,0
DA:6,0
DA:7,0
DA:9,0
DA:10,0
DA:12,0
DA:13,0
DA:14,0
DA:15,0
DA:16,0
DA:18,0
DA:19,0
DA:20,0
DA:21,0
DA:24,0
DA:25,0
DA:30,0
DA:31,0
DA:34,0
DA:35,0
DA:36,0
DA:39,0
DA:40,0
DA:41,0
DA:42,0
DA:45,0
DA:46,0
DA:47,0
DA:49,0
DA:53,0
DA:54,0
DA:55,0
DA:81,0
DA:90,0
DA:101,0
LF:37
LH:0
BRDA:19,0,0,0
BRDA:19,1,0,0
BRDA:19,1,1,0
BRDA:24,2,0,0
BRDA:24,2,1,0
BRDA:30,3,0,0
BRDA:40,4,0,0
BRDA:54,5,0,0
BRDA:110,6,0,0
BRF:9
BRH:0
end_of_record
TN:
SF:app/admin/rooms/page.tsx
FN:23,RoomsPage
FN:34,(anonymous_3)
FN:38,(anonymous_4)
FN:54,(anonymous_5)
FN:74,(anonymous_6)
FN:98,(anonymous_7)
FN:113,(anonymous_8)
FN:132,(anonymous_9)
FN:150,(anonymous_10)
FN:159,(anonymous_11)
FN:173,(anonymous_12)
FN:185,(anonymous_13)
FN:202,(anonymous_14)
FN:237,(anonymous_15)
FN:246,(anonymous_16)
FN:254,(anonymous_17)
FN:278,(anonymous_18)
FN:293,(anonymous_19)
FNF:18
FNH:0
FNDA:0,RoomsPage
FNDA:0,(anonymous_3)
FNDA:0,(anonymous_4)
FNDA:0,(anonymous_5)
FNDA:0,(anonymous_6)
FNDA:0,(anonymous_7)
FNDA:0,(anonymous_8)
FNDA:0,(anonymous_9)
FNDA:0,(anonymous_10)
FNDA:0,(anonymous_11)
FNDA:0,(anonymous_12)
FNDA:0,(anonymous_13)
FNDA:0,(anonymous_14)
FNDA:0,(anonymous_15)
FNDA:0,(anonymous_16)
FNDA:0,(anonymous_17)
FNDA:0,(anonymous_18)
FNDA:0,(anonymous_19)
DA:3,0
DA:4,0
DA:5,0
DA:6,0
DA:7,0
DA:8,0
DA:9,0
DA:23,0
DA:24,0
DA:25,0
DA:26,0
DA:27,0
DA:28,0
DA:29,0
DA:30,0
DA:32,0
DA:34,0
DA:35,0
DA:38,0
DA:39,0
DA:40,0
DA:41,0
DA:42,0
DA:43,0
DA:45,0
DA:48,0
DA:50,0
DA:54,0
DA:55,0
DA:57,0
DA:58,0
DA:62,0
DA:63,0
DA:64,0
DA:66,0
DA:67,0
DA:70,0
DA:74,0
DA:75,0
DA:76,0
DA:86,0
DA:87,0
DA:88,0
DA:90,0
DA:91,0
DA:94,0
DA:98,0
DA:99,0
DA:101,0
DA:102,0
DA:103,0
DA:106,0
DA:114,0
DA:132,0
DA:150,0
DA:159,0
DA:173,0
DA:186,0
DA:187,0
DA:188,0
DA:203,0
DA:237,0
DA:246,0
DA:254,0
DA:278,0
DA:293,0
LF:66
LH:0
BRDA:41,0,0,0
BRDA:41,0,1,0
BRDA:55,1,0,0
BRDA:62,2,0,0
BRDA:62,2,1,0
BRDA:67,3,0,0
BRDA:67,3,1,0
BRDA:82,4,0,0
BRDA:82,4,1,0
BRDA:86,5,0,0
BRDA:86,5,1,0
BRDA:91,6,0,0
BRDA:91,6,1,0
BRDA:99,7,0,0
BRDA:99,7,1,0
BRDA:101,8,0,0
BRDA:101,8,1,0
BRDA:102,9,0,0
BRDA:102,9,1,0
BRDA:103,10,0,0
BRDA:103,10,1,0
BRDA:103,10,2,0
BRDA:106,11,0,0
BRDA:210,12,0,0
BRDA:210,12,1,0
BRDA:211,13,0,0
BRDA:211,13,1,0
BRDA:249,14,0,0
BRDA:249,14,1,0
BRDA:265,15,0,0
BRDA:272,16,0,0
BRDA:287,17,0,0
BRF:32
BRH:0
end_of_record
TN:
SF:app/admin/tasks/page.tsx
FN:45,TasksPage
FN:66,(anonymous_3)
FN:70,(anonymous_4)
FN:95,(anonymous_5)
FN:126,(anonymous_6)
FN:147,(anonymous_7)
FN:173,(anonymous_8)
FN:184,(anonymous_9)
FN:197,(anonymous_10)
FN:198,(anonymous_11)
FN:206,(anonymous_12)
FN:216,(anonymous_13)
FN:225,(anonymous_14)
FN:258,(anonymous_15)
FN:273,(anonymous_16)
FN:287,(anonymous_17)
FN:302,(anonymous_18)
FN:314,(anonymous_19)
FN:330,(anonymous_20)
FN:345,(anonymous_21)
FN:352,(anonymous_22)
FN:406,(anonymous_23)
FN:415,(anonymous_24)
FN:425,(anonymous_25)
FN:448,(anonymous_26)
FN:471,(anonymous_27)
FN:481,(anonymous_28)
FN:491,(anonymous_29)
FN:506,(anonymous_30)
FN:519,(anonymous_31)
FN:523,(anonymous_32)
FN:536,(anonymous_33)
FN:548,(anonymous_34)
FNF:33
FNH:0
FNDA:0,TasksPage
FNDA:0,(anonymous_3)
FNDA:0,(anonymous_4)
FNDA:0,(anonymous_5)
FNDA:0,(anonymous_6)
FNDA:0,(anonymous_7)
FNDA:0,(anonymous_8)
FNDA:0,(anonymous_9)
FNDA:0,(anonymous_10)
FNDA:0,(anonymous_11)
FNDA:0,(anonymous_12)
FNDA:0,(anonymous_13)
FNDA:0,(anonymous_14)
FNDA:0,(anonymous_15)
FNDA:0,(anonymous_16)
FNDA:0,(anonymous_17)
FNDA:0,(anonymous_18)
FNDA:0,(anonymous_19)
FNDA:0,(anonymous_20)
FNDA:0,(anonymous_21)
FNDA:0,(anonymous_22)
FNDA:0,(anonymous_23)
FNDA:0,(anonymous_24)
FNDA:0,(anonymous_25)
FNDA:0,(anonymous_26)
FNDA:0,(anonymous_27)
FNDA:0,(anonymous_28)
FNDA:0,(anonymous_29)
FNDA:0,(anonymous_30)
FNDA:0,(anonymous_31)
FNDA:0,(anonymous_32)
FNDA:0,(anonymous_33)
FNDA:0,(anonymous_34)
DA:3,0
DA:4,0
DA:5,0
DA:6,0
DA:7,0
DA:8,0
DA:9,0
DA:10,0
DA:45,0
DA:46,0
DA:47,0
DA:48,0
DA:49,0
DA:50,0
DA:51,0
DA:52,0
DA:53,0
DA:54,0
DA:57,0
DA:66,0
DA:67,0
DA:70,0
DA:71,0
DA:72,0
DA:73,0
DA:78,0
DA:79,0
DA:80,0
DA:83,0
DA:84,0
DA:85,0
DA:88,0
DA:89,0
DA:91,0
DA:95,0
DA:96,0
DA:98,0
DA:99,0
DA:100,0
DA:102,0
DA:110,0
DA:111,0
DA:112,0
DA:113,0
DA:114,0
DA:115,0
DA:117,0
DA:118,0
DA:121,0
DA:122,0
DA:126,0
DA:127,0
DA:129,0
DA:130,0
DA:134,0
DA:135,0
DA:136,0
DA:138,0
DA:139,0
DA:142,0
DA:143,0
DA:147,0
DA:148,0
DA:149,0
DA:160,0
DA:161,0
DA:162,0
DA:164,0
DA:165,0
DA:168,0
DA:169,0
DA:173,0
DA:174,0
DA:184,0
DA:185,0
DA:186,0
DA:194,0
DA:197,0
DA:198,0
DA:199,0
DA:200,0
DA:201,0
DA:202,0
DA:206,0
DA:207,0
DA:213,0
DA:216,0
DA:217,0
DA:222,0
DA:225,0
DA:226,0
DA:233,0
DA:236,0
DA:258,0
DA:273,0
DA:287,0
DA:302,0
DA:315,0
DA:316,0
DA:317,0
DA:331,0
DA:345,0
DA:352,0
DA:406,0
DA:415,0
DA:425,0
DA:448,0
DA:471,0
DA:481,0
DA:491,0
DA:506,0
DA:519,0
DA:524,0
DA:536,0
DA:549,0
DA:550,0
DA:551,0
LF:117
LH:0
BRDA:78,0,0,0
BRDA:83,1,0,0
BRDA:99,2,0,0
BRDA:99,2,1,0
BRDA:100,3,0,0
BRDA:100,3,1,0
BRDA:110,4,0,0
BRDA:110,4,1,0
BRDA:111,5,0,0
BRDA:111,5,1,0
BRDA:118,6,0,0
BRDA:118,6,1,0
BRDA:127,7,0,0
BRDA:134,8,0,0
BRDA:134,8,1,0
BRDA:139,9,0,0
BRDA:139,9,1,0
BRDA:156,10,0,0
BRDA:156,10,1,0
BRDA:160,11,0,0
BRDA:160,11,1,0
BRDA:165,12,0,0
BRDA:165,12,1,0
BRDA:188,13,0,0
BRDA:188,13,1,0
BRDA:191,14,0,0
BRDA:191,14,1,0
BRDA:192,15,0,0
BRDA:192,15,1,0
BRDA:199,16,0,0
BRDA:199,16,1,0
BRDA:200,17,0,0
BRDA:200,17,1,0
BRDA:201,18,0,0
BRDA:201,18,1,0
BRDA:202,19,0,0
BRDA:202,19,1,0
BRDA:202,19,2,0
BRDA:213,20,0,0
BRDA:213,20,1,0
BRDA:222,21,0,0
BRDA:222,21,1,0
BRDA:233,22,0,0
BRDA:233,22,1,0
BRDA:236,23,0,0
BRDA:360,24,0,0
BRDA:374,25,0,0
BRDA:374,25,1,0
BRDA:381,26,0,0
BRDA:393,27,0,0
BRDA:403,28,0,0
BRDA:412,29,0,0
BRDA:421,30,0,0
BRDA:421,30,1,0
BRDA:436,31,0,0
BRDA:442,32,0,0
BRDA:442,32,1,0
BRDA:442,33,0,0
BRDA:442,33,1,0
BRDA:442,33,2,0
BRDA:447,34,0,0
BRDA:447,34,1,0
BRDA:447,34,2,0
BRDA:458,35,0,0
BRDA:462,36,0,0
BRDA:462,36,1,0
BRDA:543,37,0,0
BRDA:543,37,1,0
BRF:68
BRH:0
end_of_record
TN:
SF:app/api/analytics/route.ts
FN:21,GET
FN:78,(anonymous_5)
FN:80,(anonymous_6)
FN:84,(anonymous_7)
FN:87,(anonymous_8)
FN:91,(anonymous_9)
FN:94,(anonymous_10)
FN:98,(anonymous_11)
FN:102,(anonymous_12)
FN:107,(anonymous_13)
FN:108,(anonymous_14)
FN:109,(anonymous_15)
FN:112,(anonymous_16)
FN:113,(anonymous_17)
FN:116,(anonymous_18)
FN:117,(anonymous_19)
FN:118,(anonymous_20)
FN:119,(anonymous_21)
FN:131,(anonymous_22)
FN:143,(anonymous_23)
FN:144,(anonymous_24)
FN:149,(anonymous_25)
FN:150,(anonymous_26)
FN:165,(anonymous_27)
FN:166,(anonymous_28)
FN:171,(anonymous_29)
FN:172,(anonymous_30)
FNF:27
FNH:0
FNDA:0,GET
FNDA:0,(anonymous_5)
FNDA:0,(anonymous_6)
FNDA:0,(anonymous_7)
FNDA:0,(anonymous_8)
FNDA:0,(anonymous_9)
FNDA:0,(anonymous_10)
FNDA:0,(anonymous_11)
FNDA:0,(anonymous_12)
FNDA:0,(anonymous_13)
FNDA:0,(anonymous_14)
FNDA:0,(anonymous_15)
FNDA:0,(anonymous_16)
FNDA:0,(anonymous_17)
FNDA:0,(anonymous_18)
FNDA:0,(anonymous_19)
FNDA:0,(anonymous_20)
FNDA:0,(anonymous_21)
FNDA:0,(anonymous_22)
FNDA:0,(anonymous_23)
FNDA:0,(anonymous_24)
FNDA:0,(anonymous_25)
FNDA:0,(anonymous_26)
FNDA:0,(anonymous_27)
FNDA:0,(anonymous_28)
FNDA:0,(anonymous_29)
FNDA:0,(anonymous_30)
DA:1,0
DA:2,0
DA:3,0
DA:4,0
DA:17,0
DA:19,0
DA:21,0
DA:22,0
DA:23,0
DA:25,0
DA:26,0
DA:32,0
DA:33,0
DA:35,0
DA:39,0
DA:41,0
DA:42,0
DA:43,0
DA:45,0
DA:46,0
DA:47,0
DA:49,0
DA:50,0
DA:51,0
DA:53,0
DA:54,0
DA:58,0
DA:78,0
DA:79,0
DA:81,0
DA:82,0
DA:84,0
DA:86,0
DA:88,0
DA:89,0
DA:91,0
DA:93,0
DA:95,0
DA:96,0
DA:98,0
DA:101,0
DA:102,0
DA:103,0
DA:106,0
DA:107,0
DA:108,0
DA:109,0
DA:112,0
DA:113,0
DA:116,0
DA:117,0
DA:118,0
DA:119,0
DA:120,0
DA:122,0
DA:124,0
DA:131,0
DA:134,0
DA:143,0
DA:144,0
DA:145,0
DA:146,0
DA:149,0
DA:150,0
DA:151,0
DA:154,0
DA:162,0
DA:166,0
DA:167,0
DA:168,0
DA:171,0
DA:172,0
DA:173,0
DA:176,0
DA:179,0
DA:188,0
DA:189,0
DA:191,0
DA:221,0
DA:223,0
DA:224,0
LF:81
LH:0
BRDA:25,0,0,0
BRDA:25,1,0,0
BRDA:25,1,1,0
BRDA:33,2,0,0
BRDA:33,2,1,0
BRDA:39,3,0,0
BRDA:39,3,1,0
BRDA:39,3,2,0
BRDA:39,3,3,0
BRDA:82,4,0,0
BRDA:82,4,1,0
BRDA:89,5,0,0
BRDA:89,5,1,0
BRDA:96,6,0,0
BRDA:96,6,1,0
BRDA:103,7,0,0
BRDA:103,7,1,0
BRDA:120,8,0,0
BRDA:120,8,1,0
BRDA:122,9,0,0
BRDA:122,9,1,0
BRDA:146,10,0,0
BRDA:146,10,1,0
BRDA:151,11,0,0
BRDA:151,11,1,0
BRDA:168,12,0,0
BRDA:168,12,1,0
BRDA:173,13,0,0
BRDA:173,13,1,0
BRDA:176,14,0,0
BRDA:176,14,1,0
BRF:31
BRH:0
end_of_record
TN:
SF:app/api/analytics/export/route.ts
FN:8,GET
FNF:1
FNH:0
FNDA:0,GET
DA:1,0
DA:2,0
DA:3,0
DA:4,0
DA:6,0
DA:8,0
DA:9,0
DA:10,0
DA:12,0
DA:13,0
DA:19,0
DA:20,0
DA:21,0
DA:28,0
DA:30,0
DA:45,0
DA:51,0
DA:53,0
DA:77,0
DA:84,0
DA:90,0
DA:91,0
LF:22
LH:0
BRDA:12,0,0,0
BRDA:12,1,0,0
BRDA:12,1,1,0
BRDA:20,2,0,0
BRDA:20,2,1,0
BRDA:21,3,0,0
BRDA:21,3,1,0
BRDA:28,4,0,0
BRDA:28,4,1,0
BRDA:51,5,0,0
BRDA:51,5,1,0
BRF:11
BRH:0
end_of_record
TN:
SF:app/api/auth/[...nextauth]/route.ts
FNF:0
FNH:0
DA:1,0
DA:2,0
DA:4,0
DA:6,0
LF:4
LH:0
BRF:0
BRH:0
end_of_record
TN:
SF:app/api/auth/register/route.ts
FN:13,POST
FNF:1
FNH:0
FNDA:0,POST
DA:1,0
DA:2,0
DA:3,0
DA:4,0
DA:6,0
DA:13,0
DA:14,0
DA:15,0
DA:16,0
DA:19,0
DA:23,0
DA:24,0
DA:31,0
DA:34,0
DA:51,0
DA:59,0
DA:60,0
DA:66,0
DA:67,0
LF:19
LH:0
BRDA:23,0,0,0
BRDA:59,1,0,0
BRF:2
BRH:0
end_of_record
TN:
SF:app/api/bookings/route.ts
FN:16,createRateLimitResponse
FN:32,GET
FN:94,POST
FNF:3
FNH:0
FNDA:0,createRateLimitResponse
FNDA:0,GET
FNDA:0,POST
DA:1,0
DA:2,0
DA:3,0
DA:4,0
DA:5,0
DA:6,0
DA:7,0
DA:8,0
DA:9,0
DA:11,0
DA:17,0
DA:23,0
DA:32,0
DA:34,0
DA:37,0
DA:38,0
DA:39,0
DA:42,0
DA:43,0
DA:44,0
DA:47,0
DA:48,0
DA:49,0
DA:50,0
DA:52,0
DA:55,0
DA:56,0
DA:60,0
DA:61,0
DA:62,0
DA:63,0
DA:66,0
DA:84,0
DA:86,0
DA:87,0
DA:94,0
DA:96,0
DA:99,0
DA:100,0
DA:101,0
DA:104,0
DA:105,0
DA:106,0
DA:109,0
DA:110,0
DA:111,0
DA:114,0
DA:118,0
DA:119,0
DA:125,0
DA:126,0
DA:133,0
DA:152,0
DA:153,0
DA:160,0
DA:161,0
DA:162,0
DA:163,0
DA:166,0
DA:191,0
DA:192,0
DA:204,0
DA:205,0
DA:206,0
DA:218,0
DA:225,0
DA:227,0
DA:241,0
DA:250,0
DA:255,0
DA:272,0
DA:284,0
DA:285,0
DA:291,0
DA:292,0
LF:75
LH:0
BRDA:34,0,0,0
BRDA:34,0,1,0
BRDA:34,0,2,0
BRDA:38,1,0,0
BRDA:43,2,0,0
BRDA:55,3,0,0
BRDA:55,4,0,0
BRDA:55,4,1,0
BRDA:60,5,0,0
BRDA:60,5,1,0
BRDA:62,6,0,0
BRDA:96,7,0,0
BRDA:96,7,1,0
BRDA:96,7,2,0
BRDA:100,8,0,0
BRDA:105,9,0,0
BRDA:118,10,0,0
BRDA:125,11,0,0
BRDA:152,12,0,0
BRDA:176,13,0,0
BRDA:176,13,1,0
BRDA:205,14,0,0
BRDA:228,15,0,0
BRDA:228,15,1,0
BRDA:243,16,0,0
BRDA:243,16,1,0
BRDA:276,17,0,0
BRDA:276,17,1,0
BRDA:284,18,0,0
BRF:29
BRH:0
end_of_record
TN:
SF:app/api/bookings/[id]/route.ts
FN:16,GET
FN:81,PATCH
FN:210,DELETE
FNF:3
FNH:0
FNDA:0,GET
FNDA:0,PATCH
FNDA:0,DELETE
DA:1,0
DA:2,0
DA:3,0
DA:4,0
DA:5,0
DA:6,0
DA:7,0
DA:9,0
DA:16,0
DA:20,0
DA:21,0
DA:22,0
DA:24,0
DA:25,0
DA:31,0
DA:56,0
DA:57,0
DA:64,0
DA:65,0
DA:71,0
DA:73,0
DA:74,0
DA:81,0
DA:85,0
DA:86,0
DA:87,0
DA:89,0
DA:90,0
DA:96,0
DA:97,0
DA:99,0
DA:113,0
DA:114,0
DA:120,0
DA:121,0
DA:124,0
DA:125,0
DA:126,0
DA:130,0
DA:131,0
DA:138,0
DA:162,0
DA:163,0
DA:164,0
DA:174,0
DA:179,0
DA:193,0
DA:195,0
DA:196,0
DA:202,0
DA:203,0
DA:210,0
DA:214,0
DA:215,0
DA:216,0
DA:218,0
DA:219,0
DA:225,0
DA:229,0
DA:230,0
DA:237,0
DA:238,0
DA:244,0
DA:248,0
DA:250,0
DA:251,0
LF:66
LH:0
BRDA:24,0,0,0
BRDA:56,1,0,0
BRDA:64,2,0,0
BRDA:64,3,0,0
BRDA:64,3,1,0
BRDA:89,4,0,0
BRDA:89,5,0,0
BRDA:89,5,1,0
BRDA:113,6,0,0
BRDA:124,7,0,0
BRDA:124,8,0,0
BRDA:124,8,1,0
BRDA:125,9,0,0
BRDA:125,9,1,0
BRDA:130,10,0,0
BRDA:130,11,0,0
BRDA:130,11,1,0
BRDA:163,12,0,0
BRDA:163,13,0,0
BRDA:163,13,1,0
BRDA:166,14,0,0
BRDA:166,14,1,0
BRDA:195,15,0,0
BRDA:218,16,0,0
BRDA:218,17,0,0
BRDA:218,17,1,0
BRDA:229,18,0,0
BRDA:237,19,0,0
BRF:28
BRH:0
end_of_record
TN:
SF:app/api/health/live/route.ts
FN:7,GET
FNF:1
FNH:0
FNDA:0,GET
DA:1,0
DA:7,0
DA:8,0
DA:10,0
DA:18,0
DA:20,0
DA:21,0
LF:7
LH:0
BRDA:14,0,0,0
BRDA:14,0,1,0
BRDA:15,1,0,0
BRDA:15,1,1,0
BRF:4
BRH:0
end_of_record
TN:
SF:app/api/health/ready/route.ts
FN:8,GET
FN:62,(anonymous_3)
FNF:2
FNH:0
FNDA:0,GET
FNDA:0,(anonymous_3)
DA:1,0
DA:2,0
DA:8,0
DA:9,0
DA:16,0
DA:18,0
DA:20,0
DA:21,0
DA:22,0
DA:24,0
DA:28,0
DA:32,0
DA:34,0
DA:38,0
DA:39,0
DA:40,0
DA:41,0
DA:42,0
DA:44,0
DA:47,0
DA:51,0
DA:52,0
DA:54,0
DA:56,0
DA:59,0
DA:62,0
DA:64,0
DA:71,0
DA:76,0
DA:77,0
LF:30
LH:0
BRDA:24,0,0,0
BRDA:24,0,1,0
BRDA:34,1,0,0
BRDA:34,1,1,0
BRDA:39,2,0,0
BRDA:39,2,1,0
BRDA:47,3,0,0
BRDA:47,3,1,0
BRDA:52,4,0,0
BRDA:52,4,1,0
BRDA:52,5,0,0
BRDA:52,5,1,0
BRDA:59,6,0,0
BRDA:59,6,1,0
BRDA:65,7,0,0
BRDA:65,7,1,0
BRDA:68,8,0,0
BRDA:68,8,1,0
BRDA:72,9,0,0
BRDA:72,9,1,0
BRDA:83,10,0,0
BRDA:83,10,1,0
BRF:22
BRH:0
end_of_record
TN:
SF:app/api/restaurant/menu/route.ts
FN:8,GET
FN:61,POST
FNF:2
FNH:0
FNDA:0,GET
FNDA:0,POST
DA:1,0
DA:2,0
DA:3,0
DA:4,0
DA:8,0
DA:9,0
DA:10,0
DA:11,0
DA:12,0
DA:13,0
DA:14,0
DA:15,0
DA:17,0
DA:21,0
DA:22,0
DA:25,0
DA:26,0
DA:29,0
DA:30,0
DA:36,0
DA:37,0
DA:38,0
DA:39,0
DA:42,0
DA:50,0
DA:52,0
DA:53,0
DA:61,0
DA:62,0
DA:63,0
DA:65,0
DA:66,0
DA:72,0
DA:73,0
DA:75,0
DA:76,0
DA:82,0
DA:94,0
DA:96,0
DA:97,0
LF:40
LH:0
BRDA:21,0,0,0
BRDA:25,1,0,0
BRDA:29,2,0,0
BRDA:36,3,0,0
BRDA:36,4,0,0
BRDA:36,4,1,0
BRDA:38,5,0,0
BRDA:39,6,0,0
BRDA:65,7,0,0
BRDA:65,8,0,0
BRDA:65,8,1,0
BRDA:75,9,0,0
BRDA:75,10,0,0
BRDA:75,10,1,0
BRDA:75,10,2,0
BRDA:89,11,0,0
BRDA:89,11,1,0
BRDA:90,12,0,0
BRDA:90,12,1,0
BRF:19
BRH:0
end_of_record
TN:
SF:app/api/restaurant/menu/[id]/route.ts
FN:7,GET
FN:35,PUT
FN:84,DELETE
FN:126,PATCH
FNF:4
FNH:0
FNDA:0,GET
FNDA:0,PUT
FNDA:0,DELETE
FNDA:0,PATCH
DA:1,0
DA:2,0
DA:3,0
DA:4,0
DA:7,0
DA:11,0
DA:12,0
DA:13,0
DA:17,0
DA:18,0
DA:24,0
DA:26,0
DA:27,0
DA:35,0
DA:39,0
DA:40,0
DA:41,0
DA:43,0
DA:44,0
DA:50,0
DA:51,0
DA:53,0
DA:54,0
DA:60,0
DA:73,0
DA:75,0
DA:76,0
DA:84,0
DA:88,0
DA:89,0
DA:90,0
DA:92,0
DA:93,0
DA:100,0
DA:104,0
DA:105,0
DA:111,0
DA:115,0
DA:117,0
DA:118,0
DA:126,0
DA:130,0
DA:131,0
DA:132,0
DA:134,0
DA:135,0
DA:141,0
DA:143,0
DA:148,0
DA:150,0
DA:151,0
LF:51
LH:0
BRDA:17,0,0,0
BRDA:43,1,0,0
BRDA:43,2,0,0
BRDA:43,2,1,0
BRDA:53,3,0,0
BRDA:53,4,0,0
BRDA:53,4,1,0
BRDA:53,4,2,0
BRDA:68,5,0,0
BRDA:68,5,1,0
BRDA:92,6,0,0
BRDA:92,7,0,0
BRDA:92,7,1,0
BRDA:104,8,0,0
BRDA:134,9,0,0
BRDA:134,10,0,0
BRDA:134,10,1,0
BRF:17
BRH:0
end_of_record
TN:
SF:app/api/restaurant/orders/route.ts
FN:8,GET
FN:68,POST
FN:144,PATCH
FNF:3
FNH:0
FNDA:0,GET
FNDA:0,POST
FNDA:0,PATCH
DA:1,0
DA:2,0
DA:3,0
DA:4,0
DA:8,0
DA:9,0
DA:10,0
DA:12,0
DA:13,0
DA:19,0
DA:20,0
DA:21,0
DA:22,0
DA:24,0
DA:26,0
DA:27,0
DA:30,0
DA:31,0
DA:34,0
DA:35,0
DA:39,0
DA:40,0
DA:43,0
DA:57,0
DA:59,0
DA:60,0
DA:68,0
DA:69,0
DA:70,0
DA:71,0
DA:73,0
DA:74,0
DA:81,0
DA:82,0
DA:84,0
DA:85,0
DA:89,0
DA:90,0
DA:96,0
DA:97,0
DA:103,0
DA:104,0
DA:113,0
DA:133,0
DA:135,0
DA:136,0
DA:144,0
DA:145,0
DA:146,0
DA:148,0
DA:149,0
DA:155,0
DA:156,0
DA:158,0
DA:159,0
DA:165,0
DA:180,0
DA:182,0
DA:183,0
LF:59
LH:0
BRDA:12,0,0,0
BRDA:26,1,0,0
BRDA:30,2,0,0
BRDA:34,3,0,0
BRDA:39,4,0,0
BRDA:73,5,0,0
BRDA:73,6,0,0
BRDA:73,6,1,0
BRDA:73,6,2,0
BRDA:73,6,3,0
BRDA:89,7,0,0
BRDA:96,8,0,0
BRDA:148,9,0,0
BRDA:148,10,0,0
BRDA:148,10,1,0
BRDA:158,11,0,0
BRDA:158,12,0,0
BRDA:158,12,1,0
BRDA:169,13,0,0
BRDA:169,13,1,0
BRF:20
BRH:0
end_of_record
TN:
SF:app/api/rooms/route.ts
FN:19,GET
FN:58,POST
FNF:2
FNH:0
FNDA:0,GET
FNDA:0,POST
DA:1,0
DA:2,0
DA:3,0
DA:4,0
DA:5,0
DA:7,0
DA:19,0
DA:20,0
DA:21,0
DA:22,0
DA:23,0
DA:24,0
DA:25,0
DA:27,0
DA:29,0
DA:30,0
DA:33,0
DA:34,0
DA:35,0
DA:36,0
DA:39,0
DA:40,0
DA:43,0
DA:48,0
DA:50,0
DA:51,0
DA:58,0
DA:59,0
DA:60,0
DA:62,0
DA:63,0
DA:69,0
DA:70,0
DA:72,0
DA:76,0
DA:77,0
DA:83,0
DA:91,0
DA:93,0
DA:94,0
DA:100,0
DA:101,0
LF:42
LH:0
BRDA:29,0,0,0
BRDA:29,1,0,0
BRDA:29,1,1,0
BRDA:33,2,0,0
BRDA:33,3,0,0
BRDA:33,3,1,0
BRDA:35,4,0,0
BRDA:36,5,0,0
BRDA:39,6,0,0
BRDA:62,7,0,0
BRDA:62,8,0,0
BRDA:62,8,1,0
BRDA:76,9,0,0
BRDA:86,10,0,0
BRDA:86,10,1,0
BRDA:87,11,0,0
BRDA:87,11,1,0
BRDA:93,12,0,0
BRF:18
BRH:0
end_of_record
TN:
SF:app/api/rooms/[id]/route.ts
FN:20,GET
FN:57,PUT
FN:114,DELETE
FNF:3
FNH:0
FNDA:0,GET
FNDA:0,PUT
FNDA:0,DELETE
DA:1,0
DA:2,0
DA:3,0
DA:4,0
DA:5,0
DA:7,0
DA:20,0
DA:24,0
DA:25,0
DA:26,0
DA:40,0
DA:41,0
DA:47,0
DA:49,0
DA:50,0
DA:57,0
DA:61,0
DA:62,0
DA:63,0
DA:65,0
DA:66,0
DA:72,0
DA:73,0
DA:76,0
DA:77,0
DA:84,0
DA:85,0
DA:92,0
DA:97,0
DA:99,0
DA:100,0
DA:106,0
DA:107,0
DA:114,0
DA:118,0
DA:119,0
DA:120,0
DA:122,0
DA:123,0
DA:130,0
DA:139,0
DA:140,0
DA:146,0
DA:150,0
DA:152,0
DA:153,0
LF:46
LH:0
BRDA:40,0,0,0
BRDA:65,1,0,0
BRDA:65,2,0,0
BRDA:65,2,1,0
BRDA:76,3,0,0
BRDA:84,4,0,0
BRDA:99,5,0,0
BRDA:122,6,0,0
BRDA:122,7,0,0
BRDA:122,7,1,0
BRDA:139,8,0,0
BRF:11
BRH:0
end_of_record
TN:
SF:app/api/staff/route.ts
FN:20,GET
FN:62,POST
FNF:2
FNH:0
FNDA:0,GET
FNDA:0,POST
DA:1,0
DA:2,0
DA:3,0
DA:4,0
DA:5,0
DA:6,0
DA:8,0
DA:20,0
DA:21,0
DA:22,0
DA:24,0
DA:25,0
DA:31,0
DA:32,0
DA:33,0
DA:35,0
DA:37,0
DA:38,0
DA:41,0
DA:42,0
DA:45,0
DA:52,0
DA:54,0
DA:55,0
DA:62,0
DA:63,0
DA:64,0
DA:66,0
DA:67,0
DA:73,0
DA:74,0
DA:77,0
DA:81,0
DA:82,0
DA:89,0
DA:93,0
DA:94,0
DA:100,0
DA:115,0
DA:129,0
DA:131,0
DA:132,0
DA:138,0
DA:139,0
LF:44
LH:0
BRDA:24,0,0,0
BRDA:37,1,0,0
BRDA:37,2,0,0
BRDA:37,2,1,0
BRDA:41,3,0,0
BRDA:66,4,0,0
BRDA:66,5,0,0
BRDA:66,5,1,0
BRDA:81,6,0,0
BRDA:93,7,0,0
BRDA:131,8,0,0
BRF:11
BRH:0
end_of_record
TN:
SF:app/api/tasks/route.ts
FN:17,GET
FN:80,POST
FNF:2
FNH:0
FNDA:0,GET
FNDA:0,POST
DA:1,0
DA:2,0
DA:3,0
DA:4,0
DA:5,0
DA:6,0
DA:8,0
DA:17,0
DA:18,0
DA:19,0
DA:21,0
DA:22,0
DA:28,0
DA:29,0
DA:30,0
DA:31,0
DA:33,0
DA:35,0
DA:36,0
DA:39,0
DA:40,0
DA:43,0
DA:44,0
DA:47,0
DA:70,0
DA:72,0
DA:73,0
DA:80,0
DA:81,0
DA:82,0
DA:84,0
DA:85,0
DA:91,0
DA:92,0
DA:94,0
DA:124,0
DA:138,0
DA:140,0
DA:141,0
DA:147,0
DA:148,0
LF:41
LH:0
BRDA:21,0,0,0
BRDA:35,1,0,0
BRDA:35,2,0,0
BRDA:35,2,1,0
BRDA:39,3,0,0
BRDA:39,4,0,0
BRDA:39,4,1,0
BRDA:43,5,0,0
BRDA:84,6,0,0
BRDA:84,7,0,0
BRDA:84,7,1,0
BRDA:100,8,0,0
BRDA:100,8,1,0
BRDA:101,9,0,0
BRDA:101,9,1,0
BRDA:140,10,0,0
BRF:16
BRH:0
end_of_record
TN:
SF:app/api/tasks/[id]/route.ts
FN:19,GET
FN:73,PUT
FN:160,PATCH
FN:247,DELETE
FNF:4
FNH:0
FNDA:0,GET
FNDA:0,PUT
FNDA:0,PATCH
FNDA:0,DELETE
DA:1,0
DA:2,0
DA:3,0
DA:4,0
DA:5,0
DA:6,0
DA:8,0
DA:19,0
DA:23,0
DA:24,0
DA:25,0
DA:27,0
DA:28,0
DA:34,0
DA:56,0
DA:57,0
DA:63,0
DA:65,0
DA:66,0
DA:73,0
DA:77,0
DA:78,0
DA:79,0
DA:81,0
DA:82,0
DA:88,0
DA:89,0
DA:91,0
DA:95,0
DA:96,0
DA:102,0
DA:129,0
DA:143,0
DA:145,0
DA:146,0
DA:152,0
DA:153,0
DA:160,0
DA:164,0
DA:165,0
DA:166,0
DA:168,0
DA:169,0
DA:175,0
DA:176,0
DA:178,0
DA:182,0
DA:183,0
DA:189,0
DA:216,0
DA:230,0
DA:232,0
DA:233,0
DA:239,0
DA:240,0
DA:247,0
DA:251,0
DA:252,0
DA:253,0
DA:255,0
DA:256,0
DA:262,0
DA:266,0
DA:267,0
DA:273,0
DA:278,0
DA:290,0
DA:292,0
DA:293,0
LF:69
LH:0
BRDA:27,0,0,0
BRDA:56,1,0,0
BRDA:81,2,0,0
BRDA:81,3,0,0
BRDA:81,3,1,0
BRDA:95,4,0,0
BRDA:106,5,0,0
BRDA:106,5,1,0
BRDA:107,6,0,0
BRDA:107,6,1,0
BRDA:108,7,0,0
BRDA:108,7,1,0
BRDA:145,8,0,0
BRDA:168,9,0,0
BRDA:168,10,0,0
BRDA:168,10,1,0
BRDA:182,11,0,0
BRDA:193,12,0,0
BRDA:193,12,1,0
BRDA:194,13,0,0
BRDA:194,13,1,0
BRDA:195,14,0,0
BRDA:195,14,1,0
BRDA:232,15,0,0
BRDA:255,16,0,0
BRDA:255,17,0,0
BRDA:255,17,1,0
BRDA:266,18,0,0
BRF:28
BRH:0
end_of_record
TN:
SF:app/api/webhooks/stripe/route.ts
FN:15,POST
FN:98,handlePaymentSuccess
FN:157,handlePaymentFailure
FN:202,handlePaymentCanceled
FN:247,handlePaymentRefunded
FN:311,handleChargeDispute
FNF:6
FNH:0
FNDA:0,POST
FNDA:0,handlePaymentSuccess
FNDA:0,handlePaymentFailure
FNDA:0,handlePaymentCanceled
FNDA:0,handlePaymentRefunded
FNDA:0,handleChargeDispute
DA:1,0
DA:2,0
DA:3,0
DA:4,0
DA:6,0
DA:10,0
DA:13,0
DA:15,0
DA:16,0
DA:17,0
DA:18,0
DA:20,0
DA:21,0
DA:22,0
DA:30,0
DA:31,0
DA:33,0
DA:34,0
DA:41,0
DA:42,0
DA:43,0
DA:47,0
DA:50,0
DA:52,0
DA:53,0
DA:56,0
DA:57,0
DA:60,0
DA:61,0
DA:64,0
DA:65,0
DA:68,0
DA:69,0
DA:72,0
DA:75,0
DA:77,0
DA:80,0
DA:91,0
DA:99,0
DA:101,0
DA:102,0
DA:103,0
DA:106,0
DA:108,0
DA:122,0
DA:123,0
DA:130,0
DA:136,0
DA:151,0
DA:153,0
DA:158,0
DA:160,0
DA:161,0
DA:162,0
DA:165,0
DA:167,0
DA:180,0
DA:196,0
DA:198,0
DA:203,0
DA:205,0
DA:206,0
DA:207,0
DA:210,0
DA:212,0
DA:225,0
DA:241,0
DA:243,0
DA:248,0
DA:250,0
DA:251,0
DA:252,0
DA:255,0
DA:257,0
DA:266,0
DA:267,0
DA:268,0
DA:272,0
DA:281,0
DA:282,0
DA:289,0
DA:305,0
DA:307,0
DA:312,0
DA:314,0
DA:329,0
DA:331,0
DA:332,0
LF:88
LH:0
BRDA:20,0,0,0
BRDA:41,1,0,0
BRDA:50,2,0,0
BRDA:50,2,1,0
BRDA:50,2,2,0
BRDA:50,2,3,0
BRDA:50,2,4,0
BRDA:50,2,5,0
BRDA:87,3,0,0
BRDA:87,3,1,0
BRDA:101,4,0,0
BRDA:122,5,0,0
BRDA:160,6,0,0
BRDA:205,7,0,0
BRDA:250,8,0,0
BRDA:266,9,0,0
BRDA:281,10,0,0
BRF:17
BRH:0
end_of_record
TN:
SF:app/auth/signin/page.tsx
FN:11,SignInPage
FN:18,(anonymous_3)
FN:82,(anonymous_4)
FN:100,(anonymous_5)
FN:107,(anonymous_6)
FNF:5
FNH:0
FNDA:0,SignInPage
FNDA:0,(anonymous_3)
FNDA:0,(anonymous_4)
FNDA:0,(anonymous_5)
FNDA:0,(anonymous_6)
DA:2,0
DA:3,0
DA:4,0
DA:5,0
DA:6,0
DA:7,0
DA:8,0
DA:9,0
DA:11,0
DA:12,0
DA:13,0
DA:14,0
DA:15,0
DA:16,0
DA:18,0
DA:19,0
DA:20,0
DA:22,0
DA:23,0
DA:29,0
DA:30,0
DA:32,0
DA:33,0
DA:34,0
DA:36,0
DA:38,0
DA:41,0
DA:43,0
DA:82,0
DA:100,0
DA:107,0
LF:31
LH:0
BRDA:29,0,0,0
BRDA:29,0,1,0
BRDA:33,1,0,0
BRDA:33,1,1,0
BRDA:96,2,0,0
BRDA:96,2,1,0
BRDA:110,3,0,0
BRDA:123,4,0,0
BRDA:123,4,1,0
BRF:9
BRH:0
end_of_record
TN:
SF:app/auth/signup/page.tsx
FN:10,SignUpPage
FN:24,(anonymous_3)
FN:25,(anonymous_4)
FN:28,(anonymous_5)
FN:109,(anonymous_6)
FN:126,(anonymous_7)
FN:141,(anonymous_8)
FN:156,(anonymous_9)
FN:173,(anonymous_10)
FN:180,(anonymous_11)
FN:202,(anonymous_12)
FN:209,(anonymous_13)
FNF:12
FNH:0
FNDA:0,SignUpPage
FNDA:0,(anonymous_3)
FNDA:0,(anonymous_4)
FNDA:0,(anonymous_5)
FNDA:0,(anonymous_6)
FNDA:0,(anonymous_7)
FNDA:0,(anonymous_8)
FNDA:0,(anonymous_9)
FNDA:0,(anonymous_10)
FNDA:0,(anonymous_11)
FNDA:0,(anonymous_12)
FNDA:0,(anonymous_13)
DA:2,0
DA:3,0
DA:4,0
DA:5,0
DA:6,0
DA:7,0
DA:8,0
DA:10,0
DA:11,0
DA:19,0
DA:20,0
DA:21,0
DA:22,0
DA:24,0
DA:25,0
DA:28,0
DA:29,0
DA:30,0
DA:33,0
DA:34,0
DA:35,0
DA:36,0
DA:39,0
DA:40,0
DA:41,0
DA:42,0
DA:45,0
DA:46,0
DA:60,0
DA:62,0
DA:63,0
DA:64,0
DA:66,0
DA:69,0
DA:71,0
DA:109,0
DA:126,0
DA:141,0
DA:156,0
DA:173,0
DA:180,0
DA:202,0
DA:209,0
LF:43
LH:0
BRDA:33,0,0,0
BRDA:39,1,0,0
BRDA:62,2,0,0
BRDA:62,2,1,0
BRDA:66,3,0,0
BRDA:66,3,1,0
BRDA:170,4,0,0
BRDA:170,4,1,0
BRDA:183,5,0,0
BRDA:199,6,0,0
BRDA:199,6,1,0
BRDA:212,7,0,0
BRDA:225,8,0,0
BRDA:225,8,1,0
BRF:14
BRH:0
end_of_record
TN:
SF:app/booking/page.tsx
FN:17,BookingPage
FN:73,(anonymous_8)
FN:83,(anonymous_9)
FN:85,(anonymous_10)
FN:90,(anonymous_11)
FN:108,(anonymous_12)
FN:109,(anonymous_13)
FN:115,(anonymous_14)
FN:147,(anonymous_15)
FN:173,(anonymous_16)
FN:214,(anonymous_17)
FN:253,(anonymous_18)
FN:264,(anonymous_19)
FN:276,(anonymous_20)
FN:279,(anonymous_21)
FN:290,(anonymous_22)
FN:295,(anonymous_23)
FN:315,(anonymous_24)
FN:337,(anonymous_25)
FN:348,(anonymous_26)
FN:364,(anonymous_27)
FN:372,(anonymous_28)
FNF:22
FNH:0
FNDA:0,BookingPage
FNDA:0,(anonymous_8)
FNDA:0,(anonymous_9)
FNDA:0,(anonymous_10)
FNDA:0,(anonymous_11)
FNDA:0,(anonymous_12)
FNDA:0,(anonymous_13)
FNDA:0,(anonymous_14)
FNDA:0,(anonymous_15)
FNDA:0,(anonymous_16)
FNDA:0,(anonymous_17)
FNDA:0,(anonymous_18)
FNDA:0,(anonymous_19)
FNDA:0,(anonymous_20)
FNDA:0,(anonymous_21)
FNDA:0,(anonymous_22)
FNDA:0,(anonymous_23)
FNDA:0,(anonymous_24)
FNDA:0,(anonymous_25)
FNDA:0,(anonymous_26)
FNDA:0,(anonymous_27)
FNDA:0,(anonymous_28)
DA:4,0
DA:6,0
DA:7,0
DA:8,0
DA:9,0
DA:10,0
DA:11,0
DA:13,0
DA:14,0
DA:15,0
DA:17,0
DA:18,0
DA:19,0
DA:20,0
DA:21,0
DA:23,0
DA:24,0
DA:25,0
DA:34,0
DA:35,0
DA:36,0
DA:37,0
DA:38,0
DA:41,0
DA:73,0
DA:74,0
DA:76,0
DA:77,0
DA:78,0
DA:79,0
DA:83,0
DA:84,0
DA:85,0
DA:86,0
DA:90,0
DA:91,0
DA:92,0
DA:93,0
DA:94,0
DA:95,0
DA:96,0
DA:98,0
DA:99,0
DA:100,0
DA:101,0
DA:102,0
DA:103,0
DA:108,0
DA:109,0
DA:115,0
DA:116,0
DA:118,0
DA:119,0
DA:120,0
DA:124,0
DA:126,0
DA:127,0
DA:139,0
DA:141,0
DA:142,0
DA:145,0
DA:147,0
DA:148,0
DA:150,0
DA:151,0
DA:155,0
DA:156,0
DA:161,0
DA:162,0
DA:166,0
DA:167,0
DA:169,0
DA:173,0
DA:174,0
DA:176,0
DA:180,0
DA:182,0
DA:186,0
DA:194,0
DA:215,0
DA:253,0
DA:264,0
DA:276,0
DA:280,0
DA:290,0
DA:296,0
DA:315,0
DA:337,0
DA:348,0
DA:364,0
DA:372,0
LF:91
LH:0
BRDA:29,0,0,0
BRDA:29,0,1,0
BRDA:74,1,0,0
BRDA:76,2,0,0
BRDA:84,3,0,0
BRDA:91,4,0,0
BRDA:91,5,0,0
BRDA:91,5,1,0
BRDA:98,6,0,0
BRDA:98,7,0,0
BRDA:98,7,1,0
BRDA:118,8,0,0
BRDA:141,9,0,0
BRDA:142,10,0,0
BRDA:142,10,1,0
BRDA:145,11,0,0
BRDA:145,11,1,0
BRDA:145,12,0,0
BRDA:145,12,1,0
BRDA:150,13,0,0
BRDA:155,14,0,0
BRDA:167,15,0,0
BRDA:167,15,1,0
BRDA:174,16,0,0
BRDA:174,16,1,0
BRDA:174,16,2,0
BRDA:176,17,0,0
BRDA:176,17,1,0
BRDA:176,17,2,0
BRDA:176,17,3,0
BRDA:186,18,0,0
BRDA:194,19,0,0
BRDA:217,20,0,0
BRDA:217,20,1,0
BRDA:220,21,0,0
BRDA:225,22,0,0
BRDA:227,23,0,0
BRDA:227,23,1,0
BRDA:243,24,0,0
BRDA:265,25,0,0
BRDA:265,25,1,0
BRDA:280,26,0,0
BRDA:280,26,1,0
BRDA:285,27,0,0
BRDA:307,28,0,0
BRDA:324,29,0,0
BRDA:360,30,0,0
BRDA:371,31,0,0
BRDA:371,31,1,0
BRDA:372,32,0,0
BRDA:372,32,1,0
BRDA:373,33,0,0
BRDA:373,33,1,0
BRDA:377,34,0,0
BRDA:379,35,0,0
BRDA:383,36,0,0
BRDA:383,36,1,0
BRDA:383,37,0,0
BRDA:383,37,1,0
BRDA:395,38,0,0
BRDA:410,39,0,0
BRDA:410,39,1,0
BRDA:414,40,0,0
BRDA:414,40,1,0
BRDA:451,41,0,0
BRDA:455,42,0,0
BRDA:455,42,1,0
BRF:67
BRH:0
end_of_record
TN:
SF:app/contact/page.tsx
FN:9,ContactPage
FN:17,(anonymous_3)
FN:25,(anonymous_4)
FN:26,(anonymous_5)
FN:59,(anonymous_6)
FN:69,(anonymous_7)
FN:81,(anonymous_8)
FN:91,(anonymous_9)
FNF:8
FNH:0
FNDA:0,ContactPage
FNDA:0,(anonymous_3)
FNDA:0,(anonymous_4)
FNDA:0,(anonymous_5)
FNDA:0,(anonymous_6)
FNDA:0,(anonymous_7)
FNDA:0,(anonymous_8)
FNDA:0,(anonymous_9)
DA:3,0
DA:4,0
DA:5,0
DA:6,0
DA:7,0
DA:9,0
DA:10,0
DA:17,0
DA:18,0
DA:20,0
DA:22,0
DA:25,0
DA:26,0
DA:59,0
DA:69,0
DA:81,0
DA:91,0
LF:17
LH:0
BRF:0
BRH:0
end_of_record
TN:
SF:app/gallery/page.tsx
FN:10,GalleryPage
FN:16,(anonymous_3)
FN:49,(anonymous_4)
FN:54,(anonymous_5)
FN:68,(anonymous_6)
FN:72,(anonymous_7)
FN:116,(anonymous_8)
FNF:7
FNH:0
FNDA:0,GalleryPage
FNDA:0,(anonymous_3)
FNDA:0,(anonymous_4)
FNDA:0,(anonymous_5)
FNDA:0,(anonymous_6)
FNDA:0,(anonymous_7)
FNDA:0,(anonymous_8)
DA:3,0
DA:4,0
DA:5,0
DA:6,0
DA:7,0
DA:8,0
DA:10,0
DA:11,0
DA:12,0
DA:14,0
DA:16,0
DA:18,0
DA:50,0
DA:54,0
DA:69,0
DA:72,0
DA:116,0
DA:138,0
LF:18
LH:0
BRDA:14,0,0,0
BRDA:14,0,1,0
BRDA:52,1,0,0
BRDA:52,1,1,0
BRDA:94,2,0,0
BRDA:109,3,0,0
BRF:6
BRH:0
end_of_record
TN:
SF:app/my-bookings/page.tsx
FN:36,MyBookingsPage
FN:45,(anonymous_3)
FN:56,(anonymous_4)
FN:72,(anonymous_5)
FN:102,(anonymous_6)
FN:117,(anonymous_7)
FN:132,(anonymous_8)
FN:171,(anonymous_9)
FN:178,(anonymous_10)
FN:246,(anonymous_11)
FN:259,(anonymous_12)
FN:288,(anonymous_13)
FN:335,(anonymous_14)
FNF:13
FNH:0
FNDA:0,MyBookingsPage
FNDA:0,(anonymous_3)
FNDA:0,(anonymous_4)
FNDA:0,(anonymous_5)
FNDA:0,(anonymous_6)
FNDA:0,(anonymous_7)
FNDA:0,(anonymous_8)
FNDA:0,(anonymous_9)
FNDA:0,(anonymous_10)
FNDA:0,(anonymous_11)
FNDA:0,(anonymous_12)
FNDA:0,(anonymous_13)
FNDA:0,(anonymous_14)
DA:3,0
DA:4,0
DA:5,0
DA:6,0
DA:7,0
DA:8,0
DA:9,0
DA:10,0
DA:11,0
DA:12,0
DA:36,0
DA:37,0
DA:38,0
DA:39,0
DA:40,0
DA:41,0
DA:42,0
DA:43,0
DA:45,0
DA:46,0
DA:48,0
DA:49,0
DA:50,0
DA:53,0
DA:56,0
DA:57,0
DA:58,0
DA:59,0
DA:60,0
DA:62,0
DA:63,0
DA:65,0
DA:66,0
DA:68,0
DA:72,0
DA:73,0
DA:74,0
DA:77,0
DA:79,0
DA:80,0
DA:88,0
DA:89,0
DA:92,0
DA:93,0
DA:95,0
DA:96,0
DA:98,0
DA:102,0
DA:103,0
DA:105,0
DA:107,0
DA:109,0
DA:111,0
DA:113,0
DA:117,0
DA:118,0
DA:120,0
DA:122,0
DA:124,0
DA:126,0
DA:128,0
DA:132,0
DA:133,0
DA:137,0
DA:145,0
DA:146,0
DA:171,0
DA:179,0
DA:247,0
DA:248,0
DA:259,0
DA:288,0
DA:335,0
LF:73
LH:0
BRDA:46,0,0,0
BRDA:48,1,0,0
BRDA:59,2,0,0
BRDA:73,3,0,0
BRDA:88,4,0,0
BRDA:103,5,0,0
BRDA:103,5,1,0
BRDA:103,5,2,0
BRDA:103,5,3,0
BRDA:103,5,4,0
BRDA:118,6,0,0
BRDA:118,6,1,0
BRDA:118,6,2,0
BRDA:118,6,3,0
BRDA:118,6,4,0
BRDA:133,7,0,0
BRDA:133,7,1,0
BRDA:137,8,0,0
BRDA:137,9,0,0
BRDA:137,9,1,0
BRDA:145,10,0,0
BRDA:164,11,0,0
BRDA:255,12,0,0
BRDA:263,13,0,0
BRDA:280,14,0,0
BRDA:280,14,1,0
BRDA:307,15,0,0
BRDA:307,15,1,0
BRDA:315,16,0,0
BRF:29
BRH:0
end_of_record
TN:
SF:app/order/page.tsx
FN:13,OrderPage
FN:23,(anonymous_2)
FN:37,(anonymous_3)
FN:38,(anonymous_4)
FN:64,(anonymous_5)
FN:65,(anonymous_6)
FN:66,(anonymous_7)
FN:69,(anonymous_8)
FN:81,(anonymous_9)
FN:82,(anonymous_10)
FN:82,(anonymous_11)
FN:85,(anonymous_12)
FN:91,(anonymous_13)
FN:92,(anonymous_14)
FN:100,(anonymous_15)
FN:101,(anonymous_16)
FN:102,(anonymous_17)
FN:110,(anonymous_18)
FN:111,(anonymous_19)
FN:114,(anonymous_20)
FN:124,(anonymous_21)
FN:187,(anonymous_22)
FN:208,(anonymous_23)
FN:213,(anonymous_24)
FN:218,(anonymous_25)
FN:229,(anonymous_26)
FN:241,(anonymous_27)
FN:270,(anonymous_28)
FN:300,(anonymous_29)
FN:307,(anonymous_30)
FN:326,(anonymous_31)
FN:334,(anonymous_32)
FN:343,(anonymous_33)
FNF:33
FNH:0
FNDA:0,OrderPage
FNDA:0,(anonymous_2)
FNDA:0,(anonymous_3)
FNDA:0,(anonymous_4)
FNDA:0,(anonymous_5)
FNDA:0,(anonymous_6)
FNDA:0,(anonymous_7)
FNDA:0,(anonymous_8)
FNDA:0,(anonymous_9)
FNDA:0,(anonymous_10)
FNDA:0,(anonymous_11)
FNDA:0,(anonymous_12)
FNDA:0,(anonymous_13)
FNDA:0,(anonymous_14)
FNDA:0,(anonymous_15)
FNDA:0,(anonymous_16)
FNDA:0,(anonymous_17)
FNDA:0,(anonymous_18)
FNDA:0,(anonymous_19)
FNDA:0,(anonymous_20)
FNDA:0,(anonymous_21)
FNDA:0,(anonymous_22)
FNDA:0,(anonymous_23)
FNDA:0,(anonymous_24)
FNDA:0,(anonymous_25)
FNDA:0,(anonymous_26)
FNDA:0,(anonymous_27)
FNDA:0,(anonymous_28)
FNDA:0,(anonymous_29)
FNDA:0,(anonymous_30)
FNDA:0,(anonymous_31)
FNDA:0,(anonymous_32)
FNDA:0,(anonymous_33)
DA:3,0
DA:4,0
DA:6,0
DA:7,0
DA:8,0
DA:9,0
DA:10,0
DA:11,0
DA:13,0
DA:14,0
DA:15,0
DA:16,0
DA:17,0
DA:18,0
DA:19,0
DA:20,0
DA:23,0
DA:24,0
DA:25,0
DA:26,0
DA:28,0
DA:29,0
DA:30,0
DA:32,0
DA:37,0
DA:38,0
DA:39,0
DA:40,0
DA:41,0
DA:42,0
DA:44,0
DA:45,0
DA:48,0
DA:49,0
DA:50,0
DA:51,0
DA:54,0
DA:55,0
DA:57,0
DA:61,0
DA:64,0
DA:65,0
DA:66,0
DA:68,0
DA:69,0
DA:70,0
DA:75,0
DA:78,0
DA:81,0
DA:82,0
DA:85,0
DA:86,0
DA:87,0
DA:88,0
DA:91,0
DA:92,0
DA:93,0
DA:100,0
DA:101,0
DA:102,0
DA:103,0
DA:110,0
DA:111,0
DA:114,0
DA:115,0
DA:116,0
DA:117,0
DA:120,0
DA:121,0
DA:124,0
DA:131,0
DA:139,0
DA:140,0
DA:141,0
DA:144,0
DA:145,0
DA:148,0
DA:149,0
DA:153,0
DA:155,0
DA:187,0
DA:208,0
DA:214,0
DA:218,0
DA:230,0
DA:242,0
DA:270,0
DA:301,0
DA:307,0
DA:326,0
DA:334,0
DA:343,0
LF:92
LH:0
BRDA:28,0,0,0
BRDA:28,0,1,0
BRDA:28,1,0,0
BRDA:28,1,1,0
BRDA:30,2,0,0
BRDA:41,3,0,0
BRDA:44,4,0,0
BRDA:49,5,0,0
BRDA:68,6,0,0
BRDA:68,6,1,0
BRDA:70,7,0,0
BRDA:70,7,1,0
BRDA:86,8,0,0
BRDA:93,9,0,0
BRDA:93,9,1,0
BRDA:103,10,0,0
BRDA:103,10,1,0
BRDA:115,11,0,0
BRDA:115,12,0,0
BRDA:115,12,1,0
BRDA:139,13,0,0
BRDA:139,13,1,0
BRDA:145,14,0,0
BRDA:145,14,1,0
BRDA:155,15,0,0
BRDA:185,16,0,0
BRDA:216,17,0,0
BRDA:216,17,1,0
BRDA:220,18,0,0
BRDA:220,18,1,0
BRDA:228,19,0,0
BRDA:244,20,0,0
BRDA:251,21,0,0
BRDA:251,21,1,0
BRDA:252,22,0,0
BRDA:252,22,1,0
BRDA:255,23,0,0
BRDA:261,24,0,0
BRDA:294,25,0,0
BRF:39
BRH:0
end_of_record
TN:
SF:app/rooms/page.tsx
FN:15,RoomsPage
FN:20,(anonymous_5)
FN:55,(anonymous_6)
FN:65,(anonymous_7)
FN:84,(anonymous_8)
FN:112,(anonymous_9)
FN:151,(anonymous_10)
FNF:7
FNH:0
FNDA:0,RoomsPage
FNDA:0,(anonymous_5)
FNDA:0,(anonymous_6)
FNDA:0,(anonymous_7)
FNDA:0,(anonymous_8)
FNDA:0,(anonymous_9)
FNDA:0,(anonymous_10)
DA:4,0
DA:6,0
DA:7,0
DA:8,0
DA:9,0
DA:10,0
DA:11,0
DA:12,0
DA:13,0
DA:15,0
DA:16,0
DA:17,0
DA:18,0
DA:20,0
DA:21,0
DA:23,0
DA:24,0
DA:26,0
DA:55,0
DA:65,0
DA:84,0
DA:113,0
DA:152,0
DA:197,0
LF:24
LH:0
BRDA:21,0,0,0
BRDA:21,0,1,0
BRDA:23,1,0,0
BRDA:23,1,1,0
BRDA:24,2,0,0
BRDA:24,2,1,0
BRDA:26,3,0,0
BRDA:26,3,1,0
BRDA:26,3,2,0
BRDA:98,4,0,0
BRDA:98,4,1,0
BRDA:156,5,0,0
BRDA:180,6,0,0
BRF:13
BRH:0
end_of_record
TN:
SF:components/hero-section.tsx
FN:39,HeroSection
FN:44,(anonymous_3)
FN:48,(anonymous_4)
FN:51,(anonymous_5)
FN:52,(anonymous_6)
FN:55,(anonymous_7)
FN:58,(anonymous_8)
FN:59,(anonymous_9)
FN:62,(anonymous_10)
FN:63,(anonymous_11)
FN:66,(anonymous_12)
FN:70,(anonymous_13)
FN:77,(anonymous_14)
FN:194,(anonymous_15)
FN:197,(anonymous_16)
FNF:15
FNH:0
FNDA:0,HeroSection
FNDA:0,(anonymous_3)
FNDA:0,(anonymous_4)
FNDA:0,(anonymous_5)
FNDA:0,(anonymous_6)
FNDA:0,(anonymous_7)
FNDA:0,(anonymous_8)
FNDA:0,(anonymous_9)
FNDA:0,(anonymous_10)
FNDA:0,(anonymous_11)
FNDA:0,(anonymous_12)
FNDA:0,(anonymous_13)
FNDA:0,(anonymous_14)
FNDA:0,(anonymous_15)
FNDA:0,(anonymous_16)
DA:3,0
DA:4,0
DA:5,0
DA:6,0
DA:7,0
DA:9,0
DA:39,0
DA:40,0
DA:41,0
DA:42,0
DA:44,0
DA:45,0
DA:48,0
DA:49,0
DA:51,0
DA:52,0
DA:55,0
DA:58,0
DA:59,0
DA:62,0
DA:63,0
DA:66,0
DA:67,0
DA:70,0
DA:71,0
DA:78,0
DA:195,0
DA:197,0
LF:28
LH:0
BRDA:49,0,0,0
BRDA:81,1,0,0
BRDA:81,1,1,0
BRDA:84,2,0,0
BRDA:84,2,1,0
BRDA:107,3,0,0
BRDA:107,3,1,0
BRDA:107,4,0,0
BRDA:107,4,1,0
BRDA:123,5,0,0
BRDA:123,5,1,0
BRDA:123,6,0,0
BRDA:123,6,1,0
BRDA:139,7,0,0
BRDA:139,7,1,0
BRDA:139,8,0,0
BRDA:139,8,1,0
BRDA:155,9,0,0
BRDA:155,9,1,0
BRDA:155,10,0,0
BRDA:155,10,1,0
BRDA:199,11,0,0
BRDA:199,11,1,0
BRDA:215,12,0,0
BRDA:257,13,0,0
BRDA:257,13,1,0
BRDA:260,14,0,0
BRDA:260,14,1,0
BRF:28
BRH:0
end_of_record
TN:
SF:components/navigation.tsx
FN:10,Navigation
FN:36,(anonymous_3)
FN:53,(anonymous_4)
FN:72,(anonymous_5)
FN:93,(anonymous_6)
FN:108,(anonymous_7)
FN:113,(anonymous_8)
FN:134,(anonymous_9)
FNF:8
FNH:0
FNDA:0,Navigation
FNDA:0,(anonymous_3)
FNDA:0,(anonymous_4)
FNDA:0,(anonymous_5)
FNDA:0,(anonymous_6)
FNDA:0,(anonymous_7)
FNDA:0,(anonymous_8)
FNDA:0,(anonymous_9)
DA:3,0
DA:4,0
DA:5,0
DA:6,0
DA:7,0
DA:8,0
DA:10,0
DA:11,0
DA:12,0
DA:13,0
DA:15,0
DA:37,0
DA:53,0
DA:72,0
DA:93,0
DA:109,0
DA:113,0
DA:134,0
LF:18
LH:0
BRDA:53,0,0,0
BRDA:53,0,1,0
BRDA:63,1,0,0
BRDA:67,2,0,0
BRDA:96,3,0,0
BRDA:105,4,0,0
BRDA:119,5,0,0
BRDA:126,6,0,0
BRF:8
BRH:0
end_of_record
TN:
SF:components/protected-route.tsx
FN:13,ProtectedRoute
FN:21,(anonymous_2)
FNF:2
FNH:0
FNDA:0,ProtectedRoute
FNDA:0,(anonymous_2)
DA:2,0
DA:3,0
DA:4,0
DA:5,0
DA:13,0
DA:18,0
DA:19,0
DA:21,0
DA:22,0
DA:24,0
DA:25,0
DA:26,0
DA:29,0
DA:30,0
DA:31,0
DA:35,0
DA:46,0
DA:47,0
LF:18
LH:0
BRDA:15,0,0,0
BRDA:16,1,0,0
BRDA:22,2,0,0
BRDA:24,3,0,0
BRDA:29,4,0,0
BRDA:29,5,0,0
BRDA:29,5,1,0
BRDA:35,6,0,0
BRDA:46,7,0,0
BRDA:46,8,0,0
BRDA:46,8,1,0
BRDA:46,8,2,0
BRF:12
BRH:0
end_of_record
TN:
SF:components/pwa-install-prompt.tsx
FN:8,PWAInstallPrompt
FN:13,(anonymous_2)
FN:21,(anonymous_3)
FN:28,(anonymous_4)
FN:37,(anonymous_5)
FN:43,(anonymous_6)
FN:59,(anonymous_7)
FNF:7
FNH:0
FNDA:0,PWAInstallPrompt
FNDA:0,(anonymous_2)
FNDA:0,(anonymous_3)
FNDA:0,(anonymous_4)
FNDA:0,(anonymous_5)
FNDA:0,(anonymous_6)
FNDA:0,(anonymous_7)
DA:3,0
DA:4,0
DA:5,0
DA:6,0
DA:8,0
DA:9,0
DA:10,0
DA:11,0
DA:13,0
DA:15,0
DA:16,0
DA:17,0
DA:21,0
DA:22,0
DA:23,0
DA:24,0
DA:28,0
DA:29,0
DA:30,0
DA:31,0
DA:34,0
DA:35,0
DA:37,0
DA:38,0
DA:39,0
DA:43,0
DA:44,0
DA:46,0
DA:47,0
DA:49,0
DA:50,0
DA:52,0
DA:55,0
DA:56,0
DA:59,0
DA:60,0
DA:61,0
DA:64,0
DA:65,0
LF:39
LH:0
BRDA:15,0,0,0
BRDA:44,1,0,0
BRDA:49,2,0,0
BRDA:49,2,1,0
BRDA:64,3,0,0
BRDA:64,4,0,0
BRDA:64,4,1,0
BRF:7
BRH:0
end_of_record
TN:
SF:components/sticky-header.tsx
FN:18,StickyHeader
FN:43,(anonymous_3)
FN:44,(anonymous_4)
FN:49,(anonymous_5)
FN:88,(anonymous_6)
FN:114,(anonymous_7)
FN:155,(anonymous_8)
FN:188,(anonymous_9)
FN:217,(anonymous_10)
FN:230,(anonymous_11)
FN:248,(anonymous_12)
FNF:11
FNH:0
FNDA:0,StickyHeader
FNDA:0,(anonymous_3)
FNDA:0,(anonymous_4)
FNDA:0,(anonymous_5)
FNDA:0,(anonymous_6)
FNDA:0,(anonymous_7)
FNDA:0,(anonymous_8)
FNDA:0,(anonymous_9)
FNDA:0,(anonymous_10)
FNDA:0,(anonymous_11)
FNDA:0,(anonymous_12)
DA:3,0
DA:4,0
DA:5,0
DA:6,0
DA:7,0
DA:8,0
DA:9,0
DA:11,0
DA:18,0
DA:19,0
DA:20,0
DA:21,0
DA:22,0
DA:23,0
DA:25,0
DA:31,0
DA:37,0
DA:43,0
DA:44,0
DA:45,0
DA:48,0
DA:49,0
DA:89,0
DA:114,0
DA:155,0
DA:188,0
DA:218,0
DA:230,0
DA:248,0
LF:29
LH:0
BRDA:63,0,0,0
BRDA:63,0,1,0
BRDA:79,1,0,0
BRDA:79,1,1,0
BRDA:80,2,0,0
BRDA:80,2,1,0
BRDA:97,3,0,0
BRDA:97,3,1,0
BRDA:114,4,0,0
BRDA:114,4,1,0
BRDA:116,5,0,0
BRDA:116,5,1,0
BRDA:122,6,0,0
BRDA:130,7,0,0
BRDA:135,8,0,0
BRDA:135,8,1,0
BRDA:140,9,0,0
BRDA:145,10,0,0
BRDA:145,10,1,0
BRDA:156,11,0,0
BRDA:156,11,1,0
BRDA:168,12,0,0
BRDA:168,12,1,0
BRDA:176,13,0,0
BRDA:176,13,1,0
BRDA:190,14,0,0
BRDA:190,14,1,0
BRDA:196,15,0,0
BRDA:196,16,0,0
BRDA:196,16,1,0
BRDA:198,17,0,0
BRDA:198,17,1,0
BRDA:209,18,0,0
BRDA:209,18,1,0
BRDA:216,19,0,0
BRDA:216,19,1,0
BRDA:226,20,0,0
BRDA:226,20,1,0
BRDA:239,21,0,0
BRDA:243,22,0,0
BRF:40
BRH:0
end_of_record
TN:
SF:components/theme-provider.tsx
FN:7,ThemeProvider
FNF:1
FNH:0
FNDA:0,ThemeProvider
DA:3,0
DA:4,0
DA:7,0
LF:3
LH:0
BRF:0
BRH:0
end_of_record
TN:
SF:components/ui/badge.tsx
FN:29,Badge
FNF:1
FNH:0
FNDA:0,Badge
DA:1,0
DA:2,0
DA:3,0
DA:5,0
DA:35,0
LF:5
LH:0
BRF:0
BRH:0
end_of_record
TN:
SF:components/ui/button.tsx
FN:41,(anonymous_6)
FNF:1
FNH:0
FNDA:0,(anonymous_6)
DA:1,0
DA:2,0
DA:3,0
DA:5,0
DA:40,0
DA:51,0
DA:53,0
LF:7
LH:0
BRDA:41,0,0,0
BRF:1
BRH:0
end_of_record
TN:
SF:components/ui/card.tsx
FNF:0
FNH:0
DA:1,0
DA:2,0
DA:17,0
DA:29,0
DA:44,0
DA:56,0
DA:64,0
DA:76,0
DA:78,0
LF:9
LH:0
BRF:0
BRH:0
end_of_record
TN:
SF:components/ui/dialog.tsx
FN:20,(anonymous_10)
FN:25,(anonymous_11)
FNF:2
FNH:0
FNDA:0,(anonymous_10)
FNDA:0,(anonymous_11)
DA:1,0
DA:2,0
DA:20,0
DA:21,0
DA:25,0
DA:47,0
DA:58,0
DA:69,0
DA:80,0
DA:96,0
DA:99,0
DA:100,0
DA:101,0
DA:102,0
DA:103,0
DA:104,0
LF:16
LH:0
BRDA:21,0,0,0
BRF:1
BRH:0
end_of_record
TN:
SF:components/ui/input.tsx
FN:8,(anonymous_4)
FNF:1
FNH:0
FNDA:0,(anonymous_4)
DA:1,0
DA:2,0
DA:7,0
DA:22,0
DA:24,0
LF:5
LH:0
BRF:0
BRH:0
end_of_record
TN:
SF:components/ui/label.tsx
FNF:0
FNH:0
DA:1,0
DA:2,0
DA:19,0
DA:21,0
LF:4
LH:0
BRF:0
BRH:0
end_of_record
TN:
SF:components/ui/select.tsx
FN:27,(anonymous_9)
FN:28,(anonymous_10)
FNF:2
FNH:0
FNDA:0,(anonymous_9)
FNDA:0,(anonymous_10)
DA:1,0
DA:2,0
DA:26,0
DA:28,0
DA:29,0
DA:30,0
DA:32,0
DA:33,0
DA:52,0
DA:68,0
DA:84,0
DA:101,0
DA:114,0
DA:117,0
DA:118,0
DA:119,0
DA:120,0
DA:121,0
LF:18
LH:0
BRDA:29,0,0,0
BRDA:32,1,0,0
BRDA:110,2,0,0
BRDA:110,2,1,0
BRF:4
BRH:0
end_of_record
TN:
SF:components/ui/textarea.tsx
FN:8,(anonymous_4)
FNF:1
FNH:0
FNDA:0,(anonymous_4)
DA:1,0
DA:2,0
DA:7,0
DA:21,0
DA:23,0
LF:5
LH:0
BRF:0
BRH:0
end_of_record
TN:
SF:lib/audit.ts
FN:14,createAuditLog
FN:33,getClientInfo
FN:96,logAction
FNF:3
FNH:0
FNDA:0,createAuditLog
FNDA:0,getClientInfo
FNDA:0,logAction
DA:2,0
DA:14,0
DA:15,0
DA:16,0
DA:28,0
DA:33,0
DA:34,0
DA:35,0
DA:36,0
DA:37,0
DA:39,0
DA:43,0
DA:96,0
DA:104,0
DA:106,0
LF:15
LH:0
BRDA:18,0,0,0
BRDA:18,0,1,0
BRDA:21,1,0,0
BRDA:21,1,1,0
BRDA:22,2,0,0
BRDA:22,2,1,0
BRDA:23,3,0,0
BRDA:23,3,1,0
BRDA:24,4,0,0
BRDA:24,4,1,0
BRDA:36,5,0,0
BRDA:36,5,1,0
BRDA:36,6,0,0
BRDA:36,6,1,0
BRDA:37,7,0,0
BRDA:37,7,1,0
BRF:16
BRH:0
end_of_record
TN:
SF:lib/auth.ts
FN:18,(anonymous_2)
FN:94,(anonymous_3)
FN:115,(anonymous_4)
FN:123,(anonymous_5)
FNF:4
FNH:0
FNDA:0,(anonymous_2)
FNDA:0,(anonymous_3)
FNDA:0,(anonymous_4)
FNDA:0,(anonymous_5)
DA:2,0
DA:3,0
DA:4,0
DA:5,0
DA:6,0
DA:9,0
DA:19,0
DA:20,0
DA:23,0
DA:24,0
DA:28,0
DA:30,0
DA:38,0
DA:41,0
DA:43,0
DA:45,0
DA:53,0
DA:57,0
DA:62,0
DA:71,0
DA:79,0
DA:80,0
DA:95,0
DA:96,0
DA:97,0
DA:98,0
DA:99,0
DA:103,0
DA:105,0
DA:113,0
DA:116,0
DA:117,0
DA:118,0
DA:119,0
DA:121,0
DA:125,0
LF:36
LH:0
BRDA:19,0,0,0
BRDA:19,1,0,0
BRDA:19,1,1,0
BRDA:28,2,0,0
BRDA:43,3,0,0
BRDA:57,4,0,0
BRDA:57,5,0,0
BRDA:57,5,1,0
BRDA:95,6,0,0
BRDA:103,7,0,0
BRDA:103,8,0,0
BRDA:103,8,1,0
BRDA:103,8,2,0
BRDA:116,9,0,0
BRF:14
BRH:0
end_of_record
TN:
SF:lib/db.ts
FNF:0
FNH:0
DA:1,0
DA:3,0
DA:7,0
DA:9,0
DA:11,0
LF:5
LH:0
BRDA:7,0,0,0
BRDA:7,0,1,0
BRDA:9,1,0,0
BRF:3
BRH:0
end_of_record
TN:
SF:lib/email.ts
FN:39,initializeEmail
FN:59,verifyEmailConfig
FN:74,sendEmail
FN:97,generateBookingConfirmationEmail
FN:200,generateAdminAlertEmail
FN:278,generateBookingStatusUpdateEmail
FN:339,sendBookingConfirmation
FN:344,sendAdminBookingAlert
FN:355,sendBookingStatusUpdate
FNF:9
FNH:0
FNDA:0,initializeEmail
FNDA:0,verifyEmailConfig
FNDA:0,sendEmail
FNDA:0,generateBookingConfirmationEmail
FNDA:0,generateAdminAlertEmail
FNDA:0,generateBookingStatusUpdateEmail
FNDA:0,sendBookingConfirmation
FNDA:0,sendAdminBookingAlert
FNDA:0,sendBookingStatusUpdate
DA:1,0
DA:2,0
DA:37,0
DA:39,0
DA:40,0
DA:41,0
DA:42,0
DA:45,0
DA:55,0
DA:59,0
DA:60,0
DA:61,0
DA:64,0
DA:65,0
DA:66,0
DA:68,0
DA:69,0
DA:75,0
DA:76,0
DA:77,0
DA:80,0
DA:81,0
DA:88,0
DA:89,0
DA:91,0
DA:92,0
DA:98,0
DA:99,0
DA:100,0
DA:102,0
DA:201,0
DA:202,0
DA:204,0
DA:285,0
DA:286,0
DA:288,0
DA:339,0
DA:340,0
DA:341,0
DA:344,0
DA:345,0
DA:346,0
DA:347,0
DA:348,0
DA:351,0
DA:352,0
DA:355,0
DA:363,0
DA:364,0
DA:368,0
LF:50
LH:0
BRDA:40,0,0,0
BRDA:40,1,0,0
BRDA:40,1,1,0
BRDA:40,1,2,0
BRDA:47,2,0,0
BRDA:47,2,1,0
BRDA:60,3,0,0
BRDA:75,4,0,0
BRDA:154,5,0,0
BRDA:154,5,1,0
BRDA:166,6,0,0
BRDA:166,6,1,0
BRDA:286,7,0,0
BRDA:286,7,1,0
BRDA:286,8,0,0
BRDA:286,8,1,0
BRDA:345,9,0,0
BRDA:345,9,1,0
BRDA:346,10,0,0
BRF:19
BRH:0
end_of_record
TN:
SF:lib/qr.ts
FN:25,generateQRToken
FN:43,verifyQRToken
FN:62,generateOrderingURL
FN:69,generateQRData
FNF:4
FNH:0
FNDA:0,generateQRToken
FNDA:0,verifyQRToken
FNDA:0,generateOrderingURL
FNDA:0,generateQRData
DA:1,0
DA:3,0
DA:25,0
DA:26,0
DA:28,0
DA:37,0
DA:43,0
DA:44,0
DA:45,0
DA:48,0
DA:49,0
DA:52,0
DA:54,0
DA:55,0
DA:62,0
DA:63,0
DA:69,0
DA:70,0
DA:71,0
LF:19
LH:0
BRDA:3,0,0,0
BRDA:3,0,1,0
BRDA:48,1,0,0
BRDA:48,2,0,0
BRDA:48,2,1,0
BRDA:48,2,2,0
BRDA:62,3,0,0
BRDA:62,4,0,0
BRDA:62,4,1,0
BRDA:70,5,0,0
BRDA:70,5,1,0
BRDA:71,6,0,0
BRDA:71,6,1,0
BRDA:71,7,0,0
BRDA:71,7,1,0
BRF:15
BRH:0
end_of_record
TN:
SF:lib/rate-limit-enhanced.ts
FN:25,(anonymous_8)
FN:27,(anonymous_9)
FN:92,(anonymous_10)
FN:98,(anonymous_11)
FN:104,(anonymous_12)
FN:141,(anonymous_13)
FN:148,getClientIdentifier
FN:162,enhancedRateLimit
FN:186,createEnhancedRateLimitResponse
FNF:9
FNH:0
FNDA:0,(anonymous_8)
FNDA:0,(anonymous_9)
FNDA:0,(anonymous_10)
FNDA:0,(anonymous_11)
FNDA:0,(anonymous_12)
FNDA:0,(anonymous_13)
FNDA:0,getClientIdentifier
FNDA:0,enhancedRateLimit
FNDA:0,createEnhancedRateLimitResponse
DA:1,0
DA:18,0
DA:25,0
DA:28,0
DA:29,0
DA:32,0
DA:33,0
DA:43,0
DA:44,0
DA:48,0
DA:49,0
DA:54,0
DA:63,0
DA:64,0
DA:65,0
DA:71,0
DA:81,0
DA:82,0
DA:84,0
DA:93,0
DA:94,0
DA:95,0
DA:99,0
DA:100,0
DA:105,0
DA:106,0
DA:107,0
DA:108,0
DA:109,0
DA:116,0
DA:122,0
DA:128,0
DA:134,0
DA:141,0
DA:142,0
DA:143,0
DA:144,0
DA:145,0
DA:148,0
DA:150,0
DA:151,0
DA:152,0
DA:155,0
DA:156,0
DA:159,0
DA:162,0
DA:166,0
DA:169,0
DA:171,0
DA:172,0
DA:174,0
DA:175,0
DA:177,0
DA:178,0
DA:180,0
DA:183,0
DA:186,0
DA:189,0
DA:190,0
DA:192,0
DA:204,0
DA:217,0
LF:62
LH:0
BRDA:32,0,0,0
BRDA:32,1,0,0
BRDA:32,1,1,0
BRDA:32,1,2,0
BRDA:43,2,0,0
BRDA:43,3,0,0
BRDA:43,3,1,0
BRDA:43,3,2,0
BRDA:48,4,0,0
BRDA:48,5,0,0
BRDA:48,5,1,0
BRDA:63,6,0,0
BRDA:64,7,0,0
BRDA:64,7,1,0
BRDA:94,8,0,0
BRDA:94,9,0,0
BRDA:94,9,1,0
BRDA:100,10,0,0
BRDA:100,10,1,0
BRDA:108,11,0,0
BRDA:108,12,0,0
BRDA:108,12,1,0
BRDA:108,12,2,0
BRDA:108,12,3,0
BRDA:152,13,0,0
BRDA:152,13,1,0
BRDA:152,14,0,0
BRDA:152,14,1,0
BRDA:155,15,0,0
BRDA:155,15,1,0
BRDA:156,16,0,0
BRDA:156,16,1,0
BRDA:164,17,0,0
BRDA:169,18,0,0
BRDA:169,18,1,0
BRDA:169,18,2,0
BRDA:169,18,3,0
BRDA:190,19,0,0
BRDA:190,19,1,0
BRDA:194,20,0,0
BRDA:194,20,1,0
BRDA:199,21,0,0
BRDA:199,21,1,0
BRDA:199,22,0,0
BRDA:199,22,1,0
BRF:45
BRH:0
end_of_record
TN:
SF:lib/secrets.ts
FN:62,(anonymous_5)
FN:77,(anonymous_6)
FN:90,(anonymous_7)
FN:103,(anonymous_8)
FN:112,(anonymous_9)
FN:132,(anonymous_11)
FN:143,getSecret
FN:149,getAllSecrets
FN:155,validateSecrets
FNF:9
FNH:0
FNDA:0,(anonymous_5)
FNDA:0,(anonymous_6)
FNDA:0,(anonymous_7)
FNDA:0,(anonymous_8)
FNDA:0,(anonymous_9)
FNDA:0,(anonymous_11)
FNDA:0,getSecret
FNDA:0,getAllSecrets
FNDA:0,validateSecrets
DA:10,0
DA:59,0
DA:60,0
DA:63,0
DA:65,0
DA:67,0
DA:69,0
DA:70,0
DA:72,0
DA:73,0
DA:78,0
DA:79,0
DA:80,0
DA:81,0
DA:82,0
DA:83,0
DA:84,0
DA:85,0
DA:91,0
DA:92,0
DA:95,0
DA:96,0
DA:97,0
DA:100,0
DA:104,0
DA:105,0
DA:108,0
DA:113,0
DA:115,0
DA:116,0
DA:117,0
DA:121,0
DA:129,0
DA:132,0
DA:133,0
DA:135,0
DA:136,0
DA:140,0
DA:143,0
DA:144,0
DA:145,0
DA:149,0
DA:150,0
DA:151,0
DA:155,0
DA:156,0
DA:157,0
LF:47
LH:0
BRDA:63,0,0,0
BRDA:80,1,0,0
BRDA:80,1,1,0
BRDA:82,2,0,0
BRDA:82,2,1,0
BRDA:84,3,0,0
BRDA:91,4,0,0
BRDA:96,5,0,0
BRDA:96,6,0,0
BRDA:96,6,1,0
BRDA:100,7,0,0
BRDA:100,7,1,0
BRDA:104,8,0,0
BRDA:116,9,0,0
BRDA:116,10,0,0
BRDA:116,10,1,0
BRDA:135,11,0,0
BRF:17
BRH:0
end_of_record
TN:
SF:lib/utils.ts
FN:4,cn
FN:8,formatPrice
FN:15,formatDate
FN:23,formatDateTime
FN:33,generateId
FN:37,debounce
FN:42,(anonymous_13)
FN:44,(anonymous_14)
FNF:8
FNH:0
FNDA:0,cn
FNDA:0,formatPrice
FNDA:0,formatDate
FNDA:0,formatDateTime
FNDA:0,generateId
FNDA:0,debounce
FNDA:0,(anonymous_13)
FNDA:0,(anonymous_14)
DA:1,0
DA:2,0
DA:4,0
DA:5,0
DA:8,0
DA:9,0
DA:15,0
DA:16,0
DA:23,0
DA:24,0
DA:33,0
DA:34,0
DA:37,0
DA:42,0
DA:43,0
DA:44,0
LF:16
LH:0
BRDA:8,0,0,0
BRF:1
BRH:0
end_of_record
